<?xml version="1.0" encoding="UTF-8"?>
<!-- Generated by org.testng.reporters.JUnitReportReporter -->
<testsuite hostname="Manikandan" failures="2" tests="9" name="com.vinsguru.tests.vendorportal.VendorPortalTest" time="32.068" errors="0" timestamp="2025-07-12T21:35:22 IST" skipped="2">
  <testcase classname="com.vinsguru.tests.vendorportal.VendorPortalTest" name="dashboardTest" time="4.829">
    <failure message="expected [0] but found [99]" type="java.lang.AssertionError">
      <![CDATA[java.lang.AssertionError: expected [0] but found [99]
at org.testng.Assert.fail(Assert.java:111)
at org.testng.Assert.failNotEquals(Assert.java:1590)
at org.testng.Assert.assertEqualsImpl(Assert.java:150)
at org.testng.Assert.assertEquals(Assert.java:132)
at org.testng.Assert.assertEquals(Assert.java:1431)
at org.testng.Assert.assertEquals(Assert.java:1395)
at org.testng.Assert.assertEquals(Assert.java:1441)
at com.vinsguru.tests.vendorportal.VendorPortalTest.dashboardTest(VendorPortalTest.java:50)
at java.base/jdk.internal.reflect.DirectMethodHandleAccessor.invoke(DirectMethodHandleAccessor.java:103)
at java.base/java.lang.reflect.Method.invoke(Method.java:580)
at org.testng.internal.invokers.MethodInvocationHelper.invokeMethod(MethodInvocationHelper.java:141)
at org.testng.internal.invokers.TestInvoker.invokeMethod(TestInvoker.java:687)
at org.testng.internal.invokers.TestInvoker.invokeTestMethod(TestInvoker.java:230)
at org.testng.internal.invokers.MethodRunner.runInSequence(MethodRunner.java:63)
at org.testng.internal.invokers.TestInvoker$MethodInvocationAgent.invoke(TestInvoker.java:995)
at org.testng.internal.invokers.TestInvoker.invokeTestMethods(TestInvoker.java:203)
at org.testng.internal.invokers.TestMethodWorker.invokeTestMethods(TestMethodWorker.java:154)
at org.testng.internal.invokers.TestMethodWorker.run(TestMethodWorker.java:134)
at java.base/java.util.ArrayList.forEach(ArrayList.java:1596)
at org.testng.TestRunner.privateRun(TestRunner.java:741)
at org.testng.TestRunner.run(TestRunner.java:616)
at org.testng.SuiteRunner.runTest(SuiteRunner.java:421)
at org.testng.SuiteRunner$SuiteWorker.run(SuiteRunner.java:463)
at org.testng.internal.thread.ThreadUtil.lambda$execute$0(ThreadUtil.java:64)
at java.base/java.util.concurrent.FutureTask.run(FutureTask.java:317)
at java.base/java.util.concurrent.ThreadPoolExecutor.runWorker(ThreadPoolExecutor.java:1144)
at java.base/java.util.concurrent.ThreadPoolExecutor$Worker.run(ThreadPoolExecutor.java:642)
at java.base/java.lang.Thread.run(Thread.java:1583)
]]>
    </failure>
    <system-out>
      <![CDATA[<img width=700px src='data:image/png;base64,iVBORw0KGgoAAAANSUhEUgAAA6kAAAN/CAIAAACz2gnWAAAAAXNSR0IArs4c6QAAIABJREFUeJzs3X18U/XdP/73Sc5JmqRJeptSKC2lYAsWsAUFLoQhXCLihO0Cb7iGzhv2VTY3h9vcdPv+1Otyujkv2eYNc95eiF/QgRugKKDIrEhx0AqUm0JLaelt2rRN2iRNzknO74/c9OSuTUvv83o+fMRPPzk559Ny8vm8887nfA6z8mdVBBDOrucnDXcTAAAAAHrhcrmi31g2mC0BAAAAABhBEPsCAAAAQKxA7AsAAAAAsQKxLwAAAADECsS+AAAAABArEPsCAAAAwFizadOmsPWIfQEAAABgTPEEvmHDX8S+AAAAADB2SEPe0PAXsS8AAAAAjBGhwW5QDWJfAAAAABgLIs3xldazQ9geAAAAAIDBsnHjxl63Qd4XAAAAAGIFYl8AAAAAiBWIfQEAAAAgViD2BQAAAIBYgdgXAAAAYPSpbTAPdxNGJcS+AAAAABArRtYaZ5pE5VVZioxE1qClNiNf18bXGnljm5sf7oYBAAAAwMgnCMKXX35ZVVXV0dGh1WonT568YMEClu2OeEdC7CubkKteOid+bl5chirc8xbHZ5+37/yXva5r6NsGAAAAAN3cbndXV5fT6RQEQRAEImJZlmVZpVKpVCplsuGcU9DQ0LBv3762tjbPj+3t7SUlJZcuXbr55psNBoOncnhjX1n2nMQNK7S5uh630imXrkpbusxZfMS8/aC1ChEwAAAAwJDr6upqb28XRTGonud5nuftdjsRMQyTkJAQFxc3LC28dOmSP/D1a21traysHP7Yl9PGLV+dsj4/6gaoFPOWpM6bo/tkd8vr3/CYBQEAAAAwNHieb21tdbvdvW4pimJbW5tMJktOTpbONBga5eXlYeurq6vnz5/vKQ9P7KsZr/3JPcnzkvr+Sp1y+br0CeONz+/vahcGo2kAAAAA0M1isVit1j69xO12Nzc3x8fHa7XaQWtXGBaLJWy9yWTyl4dhTkZCTuJjG/oV+HrJZixJe3yFKmFAWwUAAAAAQdra2voa+Pp1dna2tLQMdIt64nK5wtY7nU5/eajzvlyq9uHv6WeEvaatD5jcRcnra5r+hMkPAAAAMUCoKLe8tVm4VOluD57N6ceo1GxmdvyddyuvWzC0rQvg+Ppw5/tbhUuVot3W3TZNPJuZrb1rvWLW7GFsW1+ZTCZp1NgPPM+3tLSkpKQMXKOulDz33346dEdjuRvvTFk5YUCSzbKsSWzDGVuVLYptoV/WLkNuHQAAhp+rtqbl4fWu+lqxq8cL3gXebWru+uen3OQp7MSsoWufhON4cduTj7pbjCQEZud4p7vFaP/sE8X0GfL0CQNyLEunQ6cdxEvKOjo6PJevhSopObVz597a2oZj/zphMrWlpaVyHBdpP263WxAElepKE5898F9+V1xcHGmbYZnvy0yYk3R3nnzA9qdT371MXfae1YiJvwAAAGOX9R/vB4eSPer827vK+YsGs0URWf/+Xm8bbFcUXDtUzek/nuc7OztD661W2++efenYsRMKBed08p5HrTZ+/Q/+c9myb0Xam2dNNIVCMcitjsoQxr5a5fJFqvi+vKKtunP3EXudwBjGxxXmqwsNwQnjxHz98iL7lprerzoEAACAUcbV1XCpxSSq02oueWs0U1T3PKxZVCCnC11v/8Hy8Zng1baIiEi4fClc9VBw1dV4S4aF2o33KRMVpEiSayosv/qZvco5vG3rk9bW1rD1v//dy8eOnSAip5P3P3Z0dG564a9d9q6Vq27qYYfjxo0bzCZHa8iudWMm5OoWGvrwgqbSll9vbvngmPXoN5179rY89UL9M0dCPvNxirnXKvHFPAAAwNjjcjitXaK7yyn4v3l3tvKf/qn1vpVtf+tUrFjBacK/ULT189qsK+cyt3tLxqKOx+5tefABy5FG98Uv+FrvrFl3f68bG0oOhyPscmYlJaf+9a9vIr1q8+YtRmPEK9tEUYw0g2KIDVXel2ULr1Ulhn3K4iypFyfkKNOkE0WMlj/v7KwTZNlXa2+9VmVghfPfWE+1upzEBaXLM3I12Vp7aUf/WsXdtC5tfS6V7DI+X+zsjqzjFNcv0S3NibtqPBtP7qb6rtJvOnYfsdcJ3S9cckfahnymfH/zs593+c9iLjX+4XuT58Y597zbtKXSTSTLX2H4+UK2an/Ln4q6F2XjUuN//oPkQrJvfq35YHPYj6wAAACxy+2w1te2tdo9QyQvOJzeGIFvFcpbiRRu3iG2VbudRKRgVz0ZT2+276oYtOYIHY2tl1sc0UyxTBHFgLRi9lLNfIXzr5/1ZcrG8Gtvbw9b//Heg6GVWSlJDkFobLcQUfGR4z2kfi0Wy6DO+o3SEMW+XKKycDwTWt9WZvr11o46gTSZ+ic2JOb6wt+manstcUu+l/ZwgbeFM/LiV4fddZKy0CAr7ejXtAcVNyOTVXCUm8MlHnMaBSJiDFcn/vxOXW73P40sLUu9PEu9ZE7nn7aavvSEqio2P4tVcJSdxWpYsvreDQqdItvAKEhx1Xg5V+nmWZnBoEjkZIm3GB4Wmp4vclh9m2UkMQpS5CYxiH0BAACk3I7OS1VtnZEizYybE37367jEDudb77oTCtTfWarIm8rRfXpDqX3XLqfxihYlCM/paG6NKvANkaT8zu1s0z/ajoefPzAyud3uSPewOH/+YpyC+3bh1V28EMfK0xP14xJ086ZOUrDy2za91dhu6ezsKavt2fPw3vR46GJfTZJyQphA311V1uW5Us1qdJS3Ua5vUkRafuLDWiY/L5rmsdnjWa7S2Z8PVCG751I196/2BL5CyRfm3cfsdcTNvSHp7gJOMSF+wxq+7i1zVRcRhYnjAwVtICtclXJ/R9Pmb0bXBz8AAIAhJnQYzREDX804lis1r7veUviTxIfuUxb/zPbaaeeqJ7XcVvOOM4PVIrk8TkGdPa4wERaTe7NmNjlfGmVJ354XNVs2a9pv/iNMZve57628++Wt8dpeLuxyOp3Ddbtjv6EJvRlNIhtuTo4sO1eRyBIRJWSp86VTIlSKwrzg6Q2Rdm4wyAfoukEmI19bqCMisfyj5ud3d5TWC8Z6+573jK+fcxFRfI52eVa/16nglq5OvTVnmD/rAAAAjGi802KL/F1u4lT1Q28Z/v5x6i8Xil+872xyEhE5nSI/COleP3ncuMzkVFWvaS8iIqY7+RXPLfp3+eV/WE+NpqSvZ7JvpKemZk9ccc20sE/NzJrw2gNrs8an9bzzK1wteEAMVd5XJQsbniYWpD6dpClrZfLzVWkRF4brhUIrl0486D9Wnp3DKYiIdxSVO7uz9oJQ+o2jM08dT/IJBjlX7vJ/fovPT3ntd70v1+ystuzpUK/OV37/juT210xHr7ilAAAAY5Mo8iF35nLrk6iuioiotsjys5sD71rrFD5+Mmh2qtzQSwTWN07r5Tq72pCSYWmva+MjT1WU68YlyfV6d7ORiIg6na/d2xy6kWFErHXQA0GIGFHdccfKeULEBPiMrAnVUyb3vPOREPsOfxoyLUu9tKC3wNfOl5d17txh/MVva/7zz+aLgd8dcAMWwDMajiEisrvbAq5EFJ0dLqtnAy3TnxyzIBTtMu2uEylJs2FdQoE2qs+OAAAAscYtut0h0aUwflKfdsJOnjqQbSJRsNkbqk3tCt3kTG182KiDVaZmJSUKlq5xvTSVG+C2DTw+8j1zp06/yhV5jV65XqfTafu98yEzRHlfXuj7FV2862JNV1mZ7eg5e3mz2/+n4og3CjRZEivz9oG6XExss7uJ5KSSJ6qIum+ayChUcg0Rkch3iNIPLJ1lLRu3dvpvrqHJSXpugy4j3K6dHfbtO9uyf5A0Y4Lu4ZXhbzYNAAAQ40SnMzSzalt0i+r4P2VtEdfPkmLiVNp7HhyEprk7m0xdmvgJWSnalrZGs8vfTKU+YUKy3NLUUm0V5ctuSzp/inGEX8yL0cRr71o/CG0bSAzD+G+TFsqSlpZ4+XL4p0bG8r29GprYV2xrdVmJosiYumuru8oq7SVl9pKaSFPDReKJJFfOWTtcAzDhgYgEV12l4MyXKzjFwlzFwXrvsgzEsgVz4uKJiITy+v5PWLfWdGzepXziTk2abuBubgcAADB2uLusYRKDolJl+unvVcWfMryTVauT4tmI35/K5eqlN8tSB3TOg4Rg7ayucqaMT56itdY1Wu2kSB6XkEjWukvtnlnKLkOG6dGX0iq/UlHIrGW5XH3TrbLE5EFq20BhWbaHmQldiYldZnOcxRJU71IonJoI6y0H7nwg2nhFhqgF1jaHkdckhp/YILbVOcoqbcWn7WXVfHuvUawnKdvNbax39W/ySIIhLltHROTsclsFIhJrz3WW3aAs1DG5t6T+nFq3feOwJqmWLtTfmicjos7KjoPVV3IPObHum9bNWdzj80fGTf0AAABGErfd2tQaPsUkxqlti1eS57vY7FSDevgmbbqdLbXGzoSECTkZGnKYmtor253S4MCtTZTfdk+8YrTOb+w59iWitkmTkisrFVYriSIx3l9TjG7lMo7r79VdA2eo5jy0OsqMlDshqJb/bJdp+7EuYx+ytkzi+LgJ0r8bz5f0ORfLZM8zPL3Gd4Nlnj9a5r2yjW/u3Pwe9/N1ulwVW3iLofAWyYtarW/s6KjyNrXXWRYRNhBcpR+ZthnSvo8FHwAAAKRcXY117Z29pphEZ2Ntmyo7WTusQVRXe3tlhBtAjHYKhcJms/W8jT0xUWG1+gNfImK7uvj2Di6hl/m+SqVygJrZf0MVgXXxJZUhAWqHo+h0nwJfIpbNvyZOunacs95W1trn+b6+jzPu2krr/77dtKXcPwFXNJa3/vqFxj99YSs3upxEZBcuVto++ajlFy+2dN+Hwi6UG11EYl01L51u4Wx1VLUS8fz5ehdPRILbaBScRMY6ST67y7Fnh+mTOpHswsUO3NgCAADAI+oxcagHT4bpUw63b1uPONGEp0K4bf7r+Q8/P9TLKssjIfZlVv6samiOpMlMfHqDfnLApzR3yY6GZ4r7cMlfQk7SbwMuJnMVb294/tjoWjR61Nj1fN+uqwUAABiL+nBPYyKZJiUxc5x6CLLStQ3mjHT9YOy5qakp0q3diKitzXrwwDcP5QWkeE83dv73/koiSkrUFFwzqeCaSRMmJIW+Nj09fTAa7HJ5k5ibNm2KtM3GjRs9haGbcWyt7/ykUvvDPGmmWVa4LHFhZXOU9/XltKq1K7UBqyjUWfeUIfAFAAAYc1y2yxWmNs8Yz6qycpL13HDlU1ntOMP00bGGwcDQ6XTtEWZ0HP264h+7j+VMTCIKiH0vtninSbS2WT/7/PRnn582pOoKCyYVXDPJYPAG6Hr9oETqfTWEV9sJ/Jf7zUtzEnOlH4V06g3rkp1bTV/2Fv5y2ri161KXT5Ce9/xn+y3lfb/HIAAAAIx0clVqqqqj3i4QE5+i1Q5b4BuLVCqV2WwOWumss7Nr+/tHTp+pJSJ9XHAAebapM6jG2Gz5eP/JT/afUKvjFi3Mu+nGmWq1evDb3rshXWnCWtPx+n7Vb2+Jk65yoJgQ/4sN7OSdLdtOR8zgJuToNtyRNC8wd37xi9YtkV8CAAAAoxkTl5QyPczX5jAUEhMTW1u778Z88lTNe387YrN5L5g6f6nlcAJ7VapaF8dearV/dt50vNYSOi2aISJibDbHJ/tO3HTj7CH9BSIb4lXW3OeLWp5PMvw8aJEvXdzqeyfMPde5u8jyZTnvv5kwF8fl5qkWXhN/fb4iPnBHzjrzG/vtY/MCSwAAAIBhpVQq4+Liurq6urr4/7f98KmygPtZtHQ4XiyqDnhBSOArWQCNpk/LSE9PGew2R2nIVxgWhKO7jM/wqY8vUgaucctk5Gl/mKf9IYmdFld7l8jFydN04ZehcNZ1PP92exlmOwAAAAAMjsTExJaWlhf+uLfmcktQTlcUxaCaHqakKJXsbx6/c/Da2VfDscqsIJTubnp0h7U2/HwFJl7HZhi4SIFvW1nrrzebjrZhdTAAAACAQZSSksLIGIZhghaWYyg4FA7zYoaISCaTvfaXn8iiu/PF0Biupriript/+kLT/5Y62qJ/Ec8X7Wr86VbLeWR8AQAAAAbf735774QJSSGxbVBF6IQHkSGaODHlnbcfUSiG/z7GUsPZGr7Z/sG79g92cgXX6lbO1xQaIgTivOtiTVdZma3oG9t53AwCAAAAYKjIZMz/PLe++Ovy1/76sdXuvdZNDIx2meAKYhjmP9cuWvnteUPc2miMgEi8iy8tMpUWmTSJiquylNmZytwJXCIrWluF2pquksqusj7fshgAAAAABsy863Kvm3PVzr9/uWPnEaLgyb7SyFcuk/3Hd+Z+97sLR9I0hwAjIPb1sbY5S9ucpd90DHdDAAAAACCATMbctnrhbasXnjl7uaam8UJF/eVaU0NDmyiSQiFXq+OumTXpxqUFWVlpw93SXoyg2BcAAAAARrjp0yZOnzZx+U3D3Y7+Gqn5aAAAAACAgYbYFwAAAABiBWJfAAAAgNEnI10/3E0YlRD7AgAAAECsQOwLAAAAALECsS8AAAAAxArEvgAAAAAQKxD7AgAAAECsQOwLAAAAALECsS8AAAAAxArEvgAAAAAQKxD7AgAAAECsQOwLAAAAALECsS8AAAAAxArEvgAAAAAQKxD7AgAAAECsQOwLAAAAALECsS8AAAAAxAq2ry8Yn9Lnl8AIUd8i9Gl7s8UqiiSKIsOQKIpE/kdvgcjz6P+RfP8PqAwirWeYvv8aAAAAMHpIwwEmwsAvrfcXJZWM50dPhed/DMOIorcyXhMXfXv6HMj2NX6CUc1zdomiyDDSR+9Z6DmbA09jabyLwBYAACDWSeOEyLFvmG080a0k2KWwgW9fIYkLEUkjXVEUiRgi0XeWeWJcxpfH9VYGnoPh876IiQEAAGJTpFA1JIb1pthCo17Ps9LAt6/xL2Jf6Ikk/PWfap5ZENIIOCAN7HthD/sczBYDAADAaONP8fp/JPLk1Cg0E8wwTOhT0UPsCxEFznPofvScaZIIOOBFUe98wNsLAAAAI1SEi4D8pDGFKIl1A6JeSeDLSOc/9KkliH0hIs8ZFi7G7TUCJn/ojBkOAAAAEDlADRNmBF76FhT1homJ+wSxL0QkDXylqV//85Ith6uNAAAAMKqFuWDNF3sE/OS/1F6a7vXPCY4eYl/ogWd1MwobB0s2C7rizRsK95ASBgAAAPALDHZJcilb9/yHCEtA9HBtfXiIfSEiyQVt4QPfsEGw/6meZzsgKgYAAIgdPc9MCFmwLHzIG5Lu7U+WDbEv9CJ0pbPQtG5oitc32df705C3GgAAAEaQCDFqwLQG6eaRQl5flCz2L/BF7As9CUr0Bt7VoqfAFxMeAAAAIArB0W3w093BRvcsCGnUi7wvDLwIUx0CpvlKTzxPuheBLwAAAPRVwLwHUXp7C3/I2/+o1wOxL0Tkj3rDliVBsDQO9n9PEdUhxL4uTAIAAACjSpRBqiciCLyJsSdICAh5w86F6BPEvtCLSFFvyIczMeT0C7r0LfzuB6PNAAAAMEJECgECw9agKCI43g0Nc5H3hcHQfUNjaQQcGgT3cAr6ouQhajEAAACMEtI8WsRAIdLqv95dYH1fGFDS5R2IYaIKeYNSvJj4CwAAAFHqIWwICnm9d8VgRKzvCwOue1JvaBDs3UIS7yLYBQAAgCsXLr9GkpC3z3e18Ijp2FcmI5VSFqdgOJZh5QzHMkTECyIviIJL7HKK9i63O4avxQqa5xAaBPsnM/Q84QEAAAAgkp6zZv5QImzIi2vdoiKXkT5erlHJFFyYv5dSwSgV3fUOp2jrcps7XS730LZyxAid5xA4IZ0JyfuGeS0AAABAr6RJs8DVHq405PWLrdhXLqMErVyvkTOyaF+iVDBKhTwhXm62uto7YjcCDl3VwV8MdylbxBkRAAAAAB4hIWzwag89btxPsRL79iPqlWJ8LzdbXW0dLndsRMCB9yUOfkr6Y8hmQSfrYLQOAAAARruesmNRBrtY5yEMhihJx+ri+xX2SvcjowStXMYwLe1CjGQyw0146GmzSJD6BQAAAKkrzONifd+IZDJKT+bilAOWe9TFyxQc12DiYyT76xFhwkN/Xg4AAADQDwMSTlxpKnTkS08ZyMDXI07JpCdzA7vPUYQJMdwtAgAAgLFmkOKNMZ73TUmQxykGJTKLUzIpCfKWdtdg7HzUQfgLAAAAo8JYzvtqNTJ9vHzw9q+Pl2s1Y/kPiIgWAAAARri+hitjNnSTyyg1YdCz2qkJrHzM/gkp6OuG4W4LAAAAAF1hfDJmA7dEnXwIojWGoQTtIKaWRxTM8QUAAIBhMYBByNic78vKSa8ZopBUHy+PzXteRH/mYYEzAAAACDUsqbSxGfsm6Vgaqj8mw1CiDhe99cRzZvM1n7+46YMyS/CzrEqrT0nLnDy94LqZhXlp6qFrF19z4JUXdjSlr/rBj1dkR3Hcvm4/Qtkqd73w0qGW9JWPPHRD5uj9NQAAAPplbMa+ysFZ2yESlVJGhNi3F7bGC5UhgS8RCfYO0+UO0+WK0n/uflM3afGaO9YsyBiSkMzeUF5nEez8xVaesgdh+xHKZqprsAh2utDC35A53I0BAAAYYmMw9uVYRsENaeyr4BiOZfhYudfblVFNe+C3P5yr9/3IW1oamhoam2pOHT/0VYXJcunQm78/VXrHIw9cnx67CygPMl7yCAAAEGPG4LVuGlV/fym5PGe6ZtF0ZWLfpwr3/6AxjtOlZE6dcd31t9z/8DO/37A6X0tEptL3/rLjgm24mwYAAABjzxiM2Pp5Mwu5PCdXNUUnU+m4Kal9/rMMcaZ5TOJSpt/y0MN35auI6PKhnZ/XIDMJAAAAA2wMxr5yed/DUG/gyxARb3FWNPd51QZ2DP4hhwOXdv2dN+eyRELdoQMXzMPdHAAAABhjxuB83z7fbCIg8HWUljvb+n7dWn8CbgiHS599Y8GB8n91mMpLamzTZ0iuerPVHN974Oi5i00tLa0WgVhVUnrmhJyC61csnp4SPDmYbzl19MDhk5WXa2saOwRiVclJmbnzVqxYMCM93HV0vKWy9PMDh06eqzRaBFaVnJYzedqCVTfODbsxEfG8ueborp2fl1QaLQKpkidk5k5bvPiGuTm6MBvbaksOf/l16aXKmjqTnVidITNn6nX/dv31hWEu6Yv2d+Sbvnz1lS3ndMs2bliTKZw7vHvXgTOVjR36a+/55f2zvVuaq44ePnTo6ws1lzvsxOrGTSq8ceWqBRlR/TMAAACMUWMw9mVlfQlD5bIsSca3f4EvEbGIfQeMKj0vjf1Xh2CqKm+wzcjxxId8zYHXXth+1rtQBKtKTmZtptbL5a2Xy0+VlH/vlw/Mk1wbZ6vcu/n3Oy8Jnt3pkvS8xWQyln+1u/yrzwvue/jBBWkBobKt9sCru/eWthKxuuQknbnVYqorM9WVlV0yP/rDZZkh19zxllM7/rzl00sCEatL0vEWi6mu/Ku68q+Ofn3XDx9cnBEQozYU/2XTu6Wm7mabTcaLpcaLpYcPFPzHj++TrjLWl9+Rt1ysaRXslsrykzt2frC33O79Vex2z0wRW82Xb2x6r9S3L12yjloqDr3zwtHDi9cWYDIJAADErjEY+4rU77V9sVDDSMDpx6XpqcJEHQ0mgXI8lZaG8ksW1rBg7Z2rrpua4o0XbQ1ff/Diq0cbS3fvOjX9wUJvzpWvObpt1yWBkq67756112XrPfEib6n8eu+2HSVmc3DkZy//dC9p81f/5P4VU/VERLz51O4XXjp02V6xa/fJuQ/N1gdtf273m2XCuGv/4+611+fpOSLiW87seOm1A5c7Sre9t3/yT27xh8u2CztefbfURKSadON961YVelYvttUc2vrCO6dMpR/8ZVfGb9ZO9UW/ffgdfYTKve+V27nJ1/774sXzCnPS1J4j22o/f2dnqYWItPmr1919ozdnbD534C8v7X6zZgy+6wEAAKI0BqepCq6+hLAud3W5vcIiEhGnUxbkKvqxyEOfDwo94tQqb7KX98epyXMfeu7NV//v/Yv9QSERqdOvu3lVgYqo49zXl3yTg/mW8pIagdjJi1f5A18i4nQ5C+78zabnfrMiIySRy05e/cMfewNfIuL0M25cc10SEdkrj1eGTjoWhOR/u+eXD96Q59s7lzJ9zUN3FKiIhEsH9p71vcJWuXf7gctE7KQ7H92wttB/2w515uJ1D/67gYgaD+0+2tCP31HSFrtu8Y9++ZsHV12f5wt8iVrK9u69KBCpCu57+McruidL6PNufPC+ucmC0Pu/AQAAwBg1BmNfV1/DUJer8orD3z4fFKLA9b7Ery5lnJaIbBYL3+9v8pPnrlkcFBDrMgsmqIjI1mG2heyXnbJixcygZDCXMnvVikkskaXcFy6bLx362khEyQtWXh98/zR13opV1+mIhNrDZU29Nbyn35HNvXHFjOTAOkvl1xV2Ipq4YNV1aUF/Qv2Mm1flq3o5IAAAwNg1BmNfoc+LNHjD30ve8FfRjzXO+nNQiIC32W1ERKxaFSFK421ms6mhpqry3IUas0BEgs3uCwu5lNyZmSwJFz9+Y8fxmtDINQSbkhFyqRxx+mQ9EQl8mNA3c3pe6AuIS5k8SU9EltqLLTwR8ea6GhMRafMKwt2oWT8hP1NFJDSUN4Vfybin37FbyuQJ+qC22EwXG+xENC5/Zpj7g3C6zNy0sAcEAACIBWNw5p+T71cK1uUqL7cLuaosOV/R1udItp8HhTB4c2OTmYjY5InSEJO31JQePXT4eMm5OkuPX9pzmQvuXnPhhe1nL3769pOfEqszZGZm5OTPvK5gWk5KmCiUU6uiSDBLttcnqcNtz+nTUlgyCXazjSfieJvJRkSkG6cPG8Gr9MkqIjtvtth48k9KjvJ39FMHR75EfIfZRkSsPtxJip5ZAAAgAElEQVQvS8TpU7QqIntUuwcAABhrxmDsa7W7k/X9mrTrclWe6azs70H79ToIZW841yQQUcqETH9gxzd9/tL/vFNmJ1JNzC8snJg0Tp+s1qvUKs789c53vmoN3IM688Yf/nFB07nS4sNfnz1VVnexzHixrOTAdkoOXlqhPyLHyYFTErjeImqeiKg7xO3b7xhFOzkWt4UGAAAIMgZjX14Qnbw4lDdac/IiLyDvO0BaLhwu6yCi5Mkz/UGq+dyBXWV2IsONv3h4bZ50rQO+5nKEeRHqtLwFq/IWrCKyNZw7e6r0+KFDpxqDl1boD5tNkqmVNsXWahOISKVXc0TEqZPULJFgN9n4cAGz3WyxE5FKr1P7FmHo8+8YFqfVq4ksgtlsD3dg3mzuQNIXAABi1hic70tEtq4hzcIi6TtgeNPRXbtL7UTshMU3+iNU3ny51kJEyVMLMoMW+bI3XOw1IapOz5u9bO29j9w9jSVqLD1eE36CbbSEmrOVIQulEfENpRcaiUiXMTmFIyJOn5GpJ6LWc6XhZvS2XCqttBNRymTPbOAr/B0l1MmT01VE1FB6oSVMM1srS2v7sDcAAICxZWzGvmarWxyqPKwokrkTse9A4E0l215546tWIpq4ePUNkptKqPUqlohsrebAKNJWefTAqT4mMXuditAr+9ldu84GRb98w9Fdh+qISJc7O8ezBoR6woICAxE1Ht79ZXC4bTl3YK8nxL8u37sUw8D9jrqc66aoiISLB3Z8HbSIBN9yau+ucqxxBgAAsWtsxr6CILZ39Ov+bH3X3uFyuTHh4YrYGs58vuOtpx998qV/GgUiXf4dD66RTkvg9JNn57BE9rPb3jlwzhd12mq+fOPV3ReD9sXX7n/u0fse+O8XdwTkd/mWs3v3nhWIdJOnhr8GLHosa/rqtSde2nWqwebd96kDLz73XpmdiJ20YsU03/Jn6pwbV1ynI7JXbP/tn984XOVpOG+u+vKNV1741EhEExevvN4b4vfld+xNSv6NKyazRB2lb/7PC9t8i13wpnMHtv7+5RILOwZnOgEAAERpzI6C7R0ufbxcNsixvdtNQxZkjxH2s68+8uNXIz6tmvitOx5cOztocS4ufe7atWdeeOeUpWz3c4/sVukMerW9pbFD0E1bsdi+/9NLkkymSq9TkWAs/fjt0o/f1iUb9GqOeHtLY6udiMYtuH+NZGnevp7+LBGRasbKtbqjW/756abffEoqrY7v8K3JoC1Ye4c0XU0ps9c+UGt+6dNye93hN184/Car03EWi9278Z0/uP/GbH8c3pffsTfq7BvuWn1x03ulFnv5p28/+SmpdFre0iEQsZMX33dd07btZ+24Dg4AAGLSmI193SI1twtpSYP7Cza3Ccj5Rkk9bmo6e+piaASn0ianpGVOnl5QMG1GXkboNWRERMRlLr73qXFfbtv+8deX7XZLK6efVHjzigULCnNsB04dumSbOMG77hiXPPfBX6YXHth7+GxlZZ3JZLSYiIhUyZMKChasWjVPssiDKj0njf1XU05umPV31SlTM3WHGrmM7rUmvNvXZuZOnXvj9TMWHN218/OSSqMn8FVNnrvmzpU35ARN1SV93qpHfjv9yx27d3x1yU6CxUK6cZMyJ09ZcOONc4PXm4j6dyQiLmlypuqQSZU5Thf2D6bOvP7HT074fMd7O76qsxPZLXbduCmFN65YtWCquuHzQ+zZmvQrzn8DAACMQszKn1UNdxsGUZJOnqjr13pnUWizuFotYznp+/4zE4e7CQAAAAC9YH2x3qZNmyJts3HjRk9hbM739Wu1uLocg5KYtXWJYzvwBQAAABh7xnjsS0SNJkEY6MV3BRc1mXq/WS4AAAAAjChjP/Z1ucWaRt4ycMuQWazumgYnpvkCAAAAjDpj9lo3KZGouV1w8LLUBJau5HZvIjW3CxYrVvMFAAAAGJViIvb1sFjdti5nok6uVcmZPua7RZE6bK42i0vAFF8AAACAUSuGYl/PPN3mNler2ZWoles0UUXAbjdZrK72DpcL2V4AAACAUS62Yl8Pl5tazK4Ws0upYOJVsjiFTCYjmYzkDENELlF0u8ntJrvD3Wl3O3lM7AUAAAAYI2Ix9vVzOEWH00WEeQwAAAAAMSGmY18YmUQRuXaAEYFhruTq4KGDTgNghBgVnQZiXxhOGLEARrKw79DhHdvQaQCMZCOw0wiF2BeGFMYtgNEu6F082KMaOg2A0W6IO41eIfaFoYDRC2Cs8r+7B3Y8Q6cBMFYNUqcRPcS+MIiufPTC+AcwxPo9Gg3IeIZOA2DUGd5Oox8Q+8LA68fYg+EKYISI9GaMfnDqx3iGTgNg9BqWTuNKIPaFARblgIRxC2B06ceMPVEUo9ysHw0AgBFu8DqNK4TYFwZMNCNTn0YvDHUAw6JPAWvPG3s2i7QNOg2AsWHIOo0BwUpDbJHIfyjUoz56vY43V75BZCNr5RSAEa+f4Wav8WsPXUfoYIZOA2D0GBGdxgBipfuVHgH1qI9SzyNQD89Gforpcf5Q8G6iaSQAhBXpXejrCkTJlmLIs0G76mWs8n+0RqcBMHoNS6cxsGSh7ZP+VqhHfc96HqXCPiv6SOoYUSTPf55NiESGobD/AcAAivxGEz1jmOS9GZC17fkNHulw/XsWnQbAyDH0ncaA/wqs7zeRZAElPQXqUd+DSGdkpJM7sILxfeAjz6AV5c4BYAj4OwHpPAX/h2SGYXw/hv/uMlI6p+f63irRaQCMXIPUaQxG9jdwvi/KKEd9hkUf+IZkazznd8DQhQu9AYZLD99Fhm4m6SoodDwLHczCzvGNVB+hBp0GwMgyZJ1Gr/X9EzjfF2WUryDwjWYAi2b0wlgFMJR6eMeFjVBDx7MeBjN/TdBRPCMZOg2A0WhoOo3Qgw5U+Mv6OyA84jHoMdJJ0/fAN3gACx0Foz9QoIH8EgQgZvTyzpJ+ERRaH248Cx7MgjoQt9sd2qWEVqLTABiphrrTCBuHDFT4y/ragUc8Bj+GFU3gG2kA63n0Cp3b5/+uM4j082HP5zcA9CBsoMgwjCgGv7nCDmDSH4MGM2nmxlMOO8/BX4lOA2BUGJpOw3eswQp/kffFYx/yvn0KfD3vhNABrOdA2VtivO+isFkffL0JMOAkb3npW5iCZiz0MJ55BjPJ5Whh3uwhkW7oWxudBsDoMEidxhCEv6w00PFE7pIy6mO6Pho9BL6hI1C4wYwJvZClh9VOMKsPYMCFxqNBT0kvUvFnd4IGMP+A5HsXRxzJgg4hCYjRaQCMDkPcaVx5ojcI8r54jDbv29tVKd0jkyj2lLkJ3Mz7aS9o6Op5uMJgBjAgehjAgjI3vo1F3xDFhA5gIbkc7wul/UnQ15q+mQ8UNlWMTgNgpBnsTsM//6Hn8PcKA2LWn/PzBj2SLCDqY7w+6Dzr+UzqIfCNNID5v+kIewhJjifsgQDgSkUYP8SwY1jgV5Zi0GAWblQLmMkX+eO0v9Ng0GkAjHCD2ml43uA9dBpRtCQqyPviMeJjr2+AkHKvgW+YASxkP/6EkPf//mc9ew4a/ACg36RZmcjEoDFMMmKJ0o/Q4XI5ASNZ9x4DJ+yi0wAYLQa10+gh/L2SSDcUKwl3iCRl1KO+p/O6L4Gv/2vNSAOYf/SSzAoKM1xF//0mAPRKOjiFPhV2lpN0DAsazKSJn3AjWfAkPyJiGJm005A+hU4DYAQa4k4jdMbUQIW/yPviMeJj98kbxZgRFPiGy9yEHcD8j56XB9VHPK40b9S/Ux8gVvUnBJS+F6WBrKQg/eQsSnsS6dzfwH0GdBr+5X7RaQCMMEPRaUjjYN/c314P0c9o2Jv3JenhUUbZdyKGHUvCJn09F6CEJF2Cx7CQAaz7i9HQoUv6bWbYo3sq+nHeA4A0ERv0jPSHoGHJUxc6mAWNYdKj+L4kDZr54K3s4UskdBoAI8rgdRqhV7Z5rgHodeZD/8Jf5H3xGPExyrdBpAxNaOBrbOPVcTLR7e7Ld48YpQAGVdi3mNjbBuQZyVi5TC5nFJwssANxS7sRf4fgeUo62yG00wh6qs7eoWdUoqtPExbQaQAMqsHoNMSgTkPyY+/XvfUV64tOGEmkgjLKTKShJmwaWHpOhg18LzUIr++2VDcKM6fEPfGDcax8AM9hABg2guC2d/FWm1PBMSwrC+1G/I9Bka50Ml/YTuNMV/P/rT94rqtlgS5zS94aBYNeA2AsCNtphE29SSf++g1IHCzzz0T2BNcooxxl3lcy24ECQ97gMazLKf75b+bqRoGIVizQIfAFGDNYVqaNV+p1Kt4liqL0sjYmpE8g38wH/3XiETsNm5vfWPvJua4WIvp+WgECX4Axo0+dhm/mwwBfqyrzHQyPeAx9DDt/l0JrIiWDPfX/+Ke1uc3lqb8qUzmApy8AjASqODZOwTmcLt8la5FWZvBM0g29HJb8nYbb7Saizc3/qnVaPPUF8eOH43cCgEEk7TSCZkD59RBg9PBjNLx5X/8jScqoj/n6iIKSvkGnqefyTP+Ppyqd/m10Gllfz1EAGPlUKs7tlk7bJU9GJySLwwRNAg7baRy21vj3nMiphvU3A4BB0Wun4TEYqV+Z9Msm8l5JK835oT5263s9z0IHNs9rgy7Qrm8R/C/hWKwuBDAGcazc5XaHpHWZoP7Br4dOQxTFKke7f89KTHgAGIs8nUZIfje404gm6u1rWCzrvkuHJ7RGGWVJucdzK3xqOOQrThJcfTonAWD08eVsSDpRzzOBIWArpjuL4+ffzN9pOEX0GgBjXNhOI2wUG9ppXGEOWNa9C2lwjTLKkU+sSJ/DgvI3/hRO309LABitpG9/z4gVaY6vrx6dBkBMC9tphN1moDoHz+RLRpLEQxllabkXYYc06ZcX0ewEAMYGTyzbQ5/Q87VuROg0AGJLNJ3GgB/UE/tK9y6ZA4p61PuEnHzBsXG4/I3/MxwAxISg260FZnG6O42gSklAjE4DILZIO40eUr8DO+2hO+8reRRDalAfs/XBpJ/DesvfBJcBYAwLmq7gL7t9l7MECZ3pG1oGgLEt7Hs/bOp3ANPA3XlfPOIx3GP0gr6z8JQxhgHEGjEoi0MU6bM0Og0A6FOnMTBkkm6GQRllaZmiJvlys9fJEgAwZoV9+0tnNUifQqcBANF3GgNIJglwRJRRlpYpou55e2FPTemoBgCxJty4xfjDXP/YJv2AjU4DIJb1EOz6K0On/Pabd77vSMgyojwiy0Q9zrzpfk3AsnyMfzBDCgcgpkje+Iwk2BVDexL/tkTkXwoNnQZArJH2A/6acNfTR7zKqK+8831HQpYR5RFZ7p1/kAv5fOYt9mVnADCK+UeicF8NMYEjFjoNAIi20xhYMu9iNN5j+OsZ1KOe+gWZGwDoUz+ATgMAhrIfYD2BtmciluRjt4h61FNvpFmcwJyNKDmPe90NAIwRoQuB+3uSHr+sRKcBEKMk3/x4wghG+pT/OoEo77cVJV/eF494DHmMIPwZGGG8wneXALEm9F3PRPgsLUbYGABiSph3fdigYqAud5N583wMib7JFkGPqI/Z+qh5T8Rw8/YAIEaFnb0XVECnAQB+PXYaA6k778tEyP+hPmbrPaK5W5v0fI30FACMef4vKD0/ut1uSYcQ9IG6u2MJursbOg2A2BH0fpdGEaFPhZb7N0dKxjAkipJsH8oo+8phRbMKvf/cxdw9gJgS9r0fNGJFGsDQaQDEoF7f+4Nx7xuZJ9DpzvahjLKvHKWQa1b89X3YCQCMaoERrfQZJnQbdBoAINVrpzGwZP4Zn96gB2WUfWUAAACAMUYmiiLTne1DGeXuMgAAAMAYIyOGkWT7usuoRz0AAADAGCMjUZRk+7rLqEd99CJdmInkMUCsCdsDhF7Fgk4DADyi7DQGkMyT8/Nl+4IfUR/L9T2L8npMXLINEDvCxrih5R4WTESnARBTeu40eq7sN5n3lnH+bF/gI+pjuT5KkbbEAAYQmyK99/19BToNAJDqtdMYWDIiSbYPZZQDyn2DcQsAQvXQM6DTAIBQg90zyIgk2T6UUQ4oh2J6/RAm+gzKCQsAo4GkH+ip02AYz+dtdBoAsS7KfsDTaVzhsWQkyfahjHJAGQaM2HSus7jOPdzNiIa79lxniXFUNBVg7HJbS5rPljiHuxnBhIrWskNWYbibAXBFWP+yrgzDiIGPqI/x+uhOIYaGbD003rF7c+MbNf7DyebeMf7xa1kiInvXzrdbihITHlsdn8YRETmNHc9sNpV2eBtpyFQtX5a0Oo9tK2v+9Ufi2h+kLkxiiIharX9625KxOu1WlfX5tzomrBn3/Ux+5+vNxZkpT9wSF09E5C4/aNxcH//EuvhEos66ji17LaXVvLGLSUhVzl2UsHZOXCIntlVatnzUcbRGcMZx+dfo7r5FO1klaXmr9Y332mhFXKHK9vzmdm7FuF8UsL7nXKd2NP65WfvEel0GR511HVt2W45W8+0kz86KW3JDwvI8TkHuU7sa/2yMf+IeXQZHRNR5zvTUfrptMfP2Fktd4B8p4ZqUp66x/3E/3bk+dZ7O93d7vaXk6tTHF7Hluxo3t2qfWKdN46izuvWpt7vy16V9P0dORJ2Vpt9sdy65JzXjm/Y/dYjP3aP1/CUBBpSnYxmiTqPLXvaz0x/vdvkPnv7M1XfepWGJiJw1L1d8vI9b9HLOtIky78Y/Ov3xfu/G8hx19rqJy9YnaIymPXfV0iNX3XyTiiUicpx95PyJnKzv3M9V/Oz8NxnZax5TW14v//s+7a2vZ47XExEJp2t2POaY9XrONINMuGw6/Lv6c0fslmZROT1+yrr0Bbcl6ePc1tPNh5+tP1fsdOgU6TelLdo4LtMg6265sf2fj1S33j9taqEifGtJMEY4aHZl9fbHHPmvXzVnioyIyNy+f/1leiR3WQF/7EcVFfMnr1mvZYmIhJpnyw/Upqx5OU1PROS2Hqr++5O28c9OWTJf6f37Hane8aTjmten5HsPSkKt6fBjLuH9q66ZKGktwGAa+Dm/MiKGRNGX5/OGPp4y6mO+foSxu6o6KOHqxMfWpz29Pu3pDWkbrvFEkGLtN+27jWQtM++p8Y1ydt5oZ65amPLEesNjd+iustu37DKfsovWVsHYbNv8nuUiT0TktAu1rUKtXSQ7X9sm1FncZHfVtgrnP2/Zcs6T2xCtRt7Y6rLy5Gzt+PPrpn3lroQ8/YY7EpdMEMu+MJe0ic46yzOvtR0l5erVyeuv5ayVlj3npHkRsbaso4Tn5ubIyc4b24Qv95tP2b3POes6txzjjRbeKpDT2PH8ZtO+SnfGnMSfrIqfYLe98XrTlkoXkbu9VTCWt/1pf1enp0kdQp2Rd4zTP/7jtKfXG+6/Wk6s8j++Z3h6Q9oTK1Rsq1DbKrR3id1/t1ahzuhyevbTxluJiCjeoM7X8nt2tJVYRLLYtuzoNCZpCg1sdr6CqjuOGkfgGQDQR7ypwq38Vvq3389d837uml3Tbr3NE/iScNl0dGsXWcxfvWHp8m9c65bPG/ft93PXvD5pdqG76ndVh0sEweIwV3ade6zqmwqBiKhLsF52mCoFIt5U4WitdbjIba10WIob9mxq9by3HM0OU2WXxUJkNO2/q+Lr3Q7l/LQbXsqcVcg0bG08VykIl5v33nWpzKKZ9cykG++PZ0uajx6ySzoNt/mIsaJZOXW+KnJrIx3U7TA6LJXmLx67XGMmIiKLw1zpMBtFcvCtlQ5TJe87kMtaazdfdjg8e+yylr3cZibH2ReajN5juB1Ge2ul3WTp/h4obnqSgTrL9tmR+oVRjCUKkwVEGeUrvrpysPLBmiRlYV6cQlpld3x2hM9YmLy8vnXLF/ZbM+N9CUsmMTOuMI8liks02o4eE9p5SvS0rbr9z3sVT69SKcIfhLg498H3TLkbDEsN/jqx9puOkg75ku+lbyhgFUR0re77RETUVuYwEnfTquTVWTIi7fJVgfviXeXlPGnjs1UMeULe5s7t/9LmLlIoeOHofvN5wbf/so6yLnbJPeMezmeJaOnVSs2LxoNf2FfnxBERsUxVUcsbWeMezpd798zKM7JUGeRWlMs4lTw3Rz1DR0RibZR/SlXc2jsSzm9u27xTvpw6D3bFbbhXm8GR06A0CF1Ha4TlE7hIfx+A3vSjAxmUTkNJ8onx2fMT4gJqBePWFmNGyop1jv2bGisu6/x5TdagzpyfoCGamNFVta/Z2uwiHZGS5NT5xSOXDe9kZyojtF0pd/zt0t7pqu/e7v/Ox20+1FRRKZ/0P9O+e7uGJaJV6d8iIqKuElurhct7ZNK3FiuI0q75UdDehNZimyNVa0j1pXjDtzbsQb3tYc80ffy7+DufTdZH93eyFjeW1aoXvKC/8EjjseJxKxZHePPr4iZmuL86ZDGv0yTHhd8EoH+GbnFvmTfnF5gF9JVRH+P1I5BYV9R4288vrfr5pVW/athdJxJRW2XHlx3cknxVwXwVV2P50j9XVXBXHWt7fZfp9e3NfyriNZmaq1RERAqt6u7V8fQv0+ZSPsJsOlnGtUl3j3e+sb293OKvdBvrXbw2bmEOq+D5z16r8bchMVNTqOU/eK3xDx9ZiiqdbXzQ3ly1HaJCx3nzTXHy/Fy2qqj9aKvYWWPeViOfm8tquvevXJjpmw6hU8wYL7PWd9XaiYjRZOkfXig/urPlk2gysl2Ozc9Vr/L8of7LeLAt/EsUE3QbbomznjZvOU1zVyYvNTBEpIhjDSq3sU4YcVMNAfrOIdq2Xnhx4tE/TDz6hyknDpYIRERG8/F9vOG21ImLU7OVncf2+Sewio7Tzf98turgs5V/f6SpWRc/dTpHxJCSy/5VVj6ZPn6q2ewIfxzl9NQlv1Ibf3fx8Gn/O8dtPuNwpMZPm69iyXHhkRJ/G+JyEqfmCKd/dPbvz9aXHekwdwXuq8tlvizIdUqNJ86O2NqwByUikqfGz30mTbOvev/71qB9h9dlv/BOhzA/dWpB0jXzqeqdNlOkl8Vx+omso9ZmifB3ABgFZESi59M2w/g/c/vLqI/x+hGI8c552JD29I9TlkxgiHceLbI7M+MLDUz8+Pi5WuGTIs/EAC9nh7Pomy66JuW36/z5YErITfzJMrZst2lfvSvsYTgtt2R18lx7x5/22owBX+6JTiLiuIWr057+njabdRm7RNJpNvw4/efLlFTf+frm+nueatxZLdmt4LbaRS6OUfiy0RPmJyxRdW3bb9n+kY2uTlg+Xha8f98vy3EMkch7g2nZVUtS7s/kt2xvK7P3Fv6y3E13GJ5en/b0+rQnvqcviJifYTLmJN2ZKUu4OvHufF/Mzck0LDk73MExPMBoxPjnPNzx/lX/VsgSuU37mqoc8fmLlaw+Pn+l0rLVeNkseYWDr99tukyJ337fM89VJCIyJCx6drz+yOWP/9ZpDXscJWNYmb3sJuHEI9UX/J9PlUTk+TCuzP5V7h2vp09MdVktbtInLHn/6u/8KkFZazq8/sxfZ586eEQaSwoOC5GOkxP10tqwB/U8Uzjh5ifijb+7+FVJcCfX/bMvwO06Y/ymlMm+TauJU068TceWNp44E3FSg1LHkMPVhdgXRi/W9zWTL9uHMsrd5ZEoaM5DZ03H7kp3O7Xc8/MWb1Wr5ahRtZCIWFn2nMQfFshXHml6dJf5s2vV38/xB/SyyfOT19c0/WmngxdkGeEOpEhS33+n9qnXWl8XRBpPRDLDeDn3jbOk3jVPJ1ckKWcQn8B5xw6FTrlwkXLhIiLe8b8vNu4+aF9yb3yid0+MgmWkcaRCFXfrDXFF77btiVP9ZF1cwhHPQCbLyGS5bxxH613zdHIiIovjaLWLS1IaVFTleSXLLV2dXL65efNekWd7/L6RlU3OUs0wMEREFrFIxdRF3pYXRF6Q/HPzIk9EuNANxoTQOQ9my/GtHY5a+nD2vz70VjmO7rNPXElEjPLq1G89mapc1/D32y9/tTUt+zGd7zMhE3f1uJt/1bn9Z9X1JConhj2WcuqvsuvXnz/4lNvlUBHJ9DlKZXPXhTN83kQla9BkznOcUJq8G+s1U+/STL2LqMt6bP3pL15unVWQ7ptFIJMriRxiT629XR7hoH6y5FWTVpSe/fvPal0O2SQiUsqVOnJUdFm7SBNH1OUwNrtJx8nJcXmrqbmZb7699ITvxWe3mucWJlI4LkS9MNqxRN5Znt6gB2WUu8sjkbXVUXJO1BARJ8tIl5d9YTMmqjes0k5giYh4u23bzs49/3IU5PtfwWRco1/yhXHf/s6l67XdO+K4hSuTy41Ne+ojRvnxWQkP3+J8dKfd6t2PrrCoZd/bDe3ztXMzZe2V1jq7mEFi05HGRz9y5V4TPzeP07RaS42iIlPeHTqycoOKnB0uK08aX5PS8hPvniOWZSUuTJL5pucyGdcm3vpN0wdbm2iJNp91HCzqLGuTX79CncH5Yl8i0qnvvlNXtdk/S7jPeLtwvtxuZYk4UiQqc7UhWwjuNjtptHJN2NcDjCoOcl3urDoiiyMipTxpuoYONV6oVEx5JvOaKZ7wka96oeqbrUbjTd2hHjslee5txh1/qy27Le+a7n3J9Ksm3Xzm7HuvRJ5HoNcteHai8fZLlxxEJNMvHjcl58LpH53esW5cfoG860ybsVk0EFn3Xdj6WKd+ZXLe/HiN2XzujKicr+j+OBvHagwyVwXvILc5UmtXpkc4qJQie+PkBafPflHsJiKKU2XPV379Sv3BN7i5hXLroYYTpTT+GZ2mtvXAPiHp/kmLblKyRERu8+7LB3c3nq3QTyUicrWWmKssciKS65SGq2VWo4t0Sr3uiv9pAIYL65/l6f2yG2WUu8sjjEqeoRIPnm579rTnZ1nBdxMNRiZ/ScKSfIUvE6ygSsfmGof5GtaglRt0MiIiVdyty9Rl+7vKO7SFWnmCVp7oiUx1qjvvSKx6vSE+lm4AACAASURBVFOjYkjl256TZ2hlVq1MQZ4pAck/qW56wy7jiBRJ8T//sWzPfktRWfufi0QiZsLVCXNT5YmJ+pXnTFuK244WE6dls3P1G5Z41kcj8sToBjmVO412MqjYBK3cEMcQxy29M20pEZGoSJJpdKyGJeLivn+Pgd5t+WCv6SARl6i86Y7kuwtYIpdGK0tQyTyzJuKzEh5e7XzqoMw7gZgYTaJco5VrfHMqNFp5oooS4nyfXjh5hlZWmyRTEJOglVGbbfPbNs8zhjmGTasVCYlyQxLrezl1djiNgjw3Bxe6wejH6VPJ8c+GD//ZQERETPoTU+fVOthvjVtwW7LBF2saHumseayzvi5Fn8FqUj0zDRTj143PO1J/+bTjmvmcPpXTePoSUmRunLzo9IWzqSwR59tepsxQKC1Kpeei1CmpK561bH/WpVESGZKWvZ9reKXx3KH6j99wETG6ZWl501kNpc1dbDv4RsPlN0ieoUgqMCz5VaLkojS5fjonP2JtbeYdpRFaW0vjwx9UpjRwcalujVJGRKTXzn4hq/6ueqWeIWIzfzjl21T91SsXd1iISJ56f/aNt6kc/6wzZyQuuj91qn8hswzX5ZLaqtOufAOndPAVj1dUeJ7ISVrzfpqx1q2+WqvHhW4wejG3bKxkfNk+URRRRtlf/tszE6W3FpTMiCD/zVfE7p8kdaIoip7tRVEU1/+ueyrdrucnDd/ZPmzaypof3eqY+4Px63NG/pKYYu0XjY9+Lv/JxtR5uhGa+4cRSBTF2gazknN77ojOMP5LBmQMI71+IGB9X1EURZHxTIn1dBqe+0rOvviGf8+X5/5iqH+Z4ddVUvXuXW2Gl/NvjbTewjARKuq3396oefbq794UfsELgD7wdxrk6TMY8pW9P/t/JP8W5F0Txt+reAoc6/1x06ZNkQ63ceNGT0HGEPmzfSijLC3360yGMBJztNcbxPLq0bByAu8qLxcSrtbmI/AFGDZx0w2zCsh4pCuqVRqGjtt62mJO1V8zD4EvjGasSMQQI5Iv2+crSx9RH6v1MEBUcavvSVvKjoZZBJx87qq0fC0XH8W2ADBI4jTXvJCbSaoRNrNApl+cdVshZ4hy0WCAkcmTI5Zk+3xl1KP+Cs8tkIpPUoySaJKJN4yWpgKMYaxBY4his6GmVyHwhVFPJnpuaUvkX+LKV0Z9rNcPzikHAAAAMGxkDOPJ83kmDqOMcnd5uE9OAAAAgAEmC5f5QxllEXlfAAAAGHu86zz4sn3esigpoz5m6wfnlAMAAAAYNp75vuSd5emb68l4y6iP6fqhPBEBAAAAhoCMYUgk8ub/AjN/qI/x+iE9EwEAAAAGn0wUA7J9jD8LiPqYrx/hnM3nv/ji2IV2frgbAgCjAt9ecezTI+fbR8E9ZgBgEMm8OT9ftk/0ZwFRH/P1I5ut4sMtr7725ptFjRjIAKB3zsYv3nrzrVe27Km0DXdTAGA4efK+3Zk/lFH2l4f75AQAGEiemBdfFQHEOJYYEkVv5g9llAPKIxTffPLgzj3Hz1a2ElHNh68+XpycNW/JnTfNSvXdMrj9bNEHe46cqWlqMdt5TpeemTFl9sKVS2aN10R5CPOJ9958dV+tfsl9v1l3tfdF1vPv/OGlTyqF0K3TFz7wm/8zK2FgDg0AA81pPlP00Z6iMxU1RNT6xV//cEGfNuumW26dP9H3vrRVf/HRzoNnqhtMLTaB1ElTcrKnLVxy6/zsiG9ca9XHf33jvVPcvB889OD85KiaEeElzvaq4n0Hj5ytra5pMpMuPTNjyrTZS2+aMzWB825QffC5Z3acDZOt1s3+wU8fWjRuFNwsHWAkYckT6OARjyGPI5HTdOzdV186WNudubG1NtS0NtRcKC66/tHH/3NWAt98ZMvTrxxv8W/AWxoqzzRUninybtDrMfj6L9556cMLNiLz2Qstzqs1noHF1lRdEybwJSIb72nOlR8aAAaYs/30By+/ueec3V/DtzTVtDTVvHLySMl9v/nBnFSF+cRbf9x0sEnaq1Scaq04ddy3QehezcfefWNrSSsRnT1nss5PjuKzbfiXOKuLNj2z7WR3XOvrNA4W3/v4Q/+exRGRraWqOvw0DZ5HEhug71hPoEOSoAdllD3lkYev3veGJ/DlUqbOmzdr1pQ0vZps9Sf2vP9lRUtTs42nBLK1NLUQpcy4YfXS6XpOMFefOFJ07GSDQA3FHxQvnLZ8Ys85Emd10ZvvnulhPmDKvDV3LUxTezMyHHHJWVO8w9gVHhoABpjTVPxXb+Crz5k9f970aeN1ahJaTh7cvu9CS31tOz8nlezN9SaeVNOW3LJ8dhrHW6pPnjhSfLLGRi3FH3120/Q7p6gDd8o3H9n2ZlGr/8co2hHpJeaTH3500kbEpc27/TvLZ08dT01njx/c/v7xBtuF9z44MWfjHMlHZtXM2+9ePoX19j3Ecfq0qeP1V/YHAohF7EjIL+JxZD6OOE7LhZO1PBGpp9/3+AOLUn1DwLSr5yz9T/9WWTc98MxMSs9K9gaaM2ctWjjrxd+8WmwWmiubbNRjAGqt+uStf4T7brEbl5I9c2Z2uJ1wV3RoABhwtqpjlXYi4vLW/PIXS7L878CZsxat8280btGPHp/K67JSvTHurNnzl877f48/82ULmSqqLc4pauk711lf/ObbJ819aUXEl1hbz1ZbiEg/7zt3Lfd8M5Q9Z/larubCc0UWW835euuchO6UMpeaNXXWNHXobgCgT2TeGxmEZv5Qj/oRx2azCURE+rR0X941DEVylj/6DKROSY78MiKyXfhw2weVApc5c3ZKvxrY/0MDwCDgeRtPRKROTdZH/uipSBjnD3wDqVNSVQGvc17+7K1/nLRRSuHMzCjf0j28hGP1am87Axrt+Umt1qDXABgELNHw5xfxODIfRxyFLisriWpaqeHzl17mly+dMysve3xvg4OzveqLd/9WbCbSz169JKOHaXnWsx+9+mEtr5667t6b+LdOHo+wmfnkP5473lTRYOE5VXrm1FlLbvmPRRPD7jb6QwPAoFCPm5JCZxvIXLTtJa5x6bzp03ImJvT2/Yu1+th7W4tbiNQzlq3Mk04q4Kv3bXvvnJ3LvOGBW8d9cOpkFC3o8SWKcbPmTfqg8pK5+B/bCzPumz9O4TRfKN6xvdhCxE5bODs9oKm2M3tefeyt2poWO6mTpuRMX3jrLf8+DXMeAPqM9Wf4grKAqEf9yKOf9u3vLKx4s6iBWk59ufXUl1uJOH3atJmz5i9cOG9aQMK1/fiWp18ubvAnU1Kmr/vR2vmpkQPl9tPvvfV5A6lm3r52aSb/SeRG2GounPWUeHtD5cmGyjNnah765bqr/NPy+nxoABgkmozl62448cfPa3jL2YO7zh7cRUTq9KkzZ85ZdNO8WQHvStuZrX98bl/3dbT6vBse+D8Lx0u6FWvFR3/5+yWem3THvbdM0Z+I5vi9vYTLWnL/xpY3Xtp3qeiV/yp6xV/PZi65/4ElQbOkhIZzF3yNba049WXFqTMVP9344OzoVpkAAB8ZiaJnIVfGt6yrZ+UH1KN+BFKMn/Pg0//95A+WzU5nPTW8uelk0f5Xn3nqibeONUvucsE7vd91erWc/2zP/hPNka5KMR97f9tnDaQuXHPXwkgLBnmPmDJj2cYn/vuvf3n2mZ8um6knIqFm37ZPKrrnCPfx0AAweLiEmbc99cJjD90+O9M3qcHWcKF437bnHnnqxc8uWyWb8oGrJpjPndjz4Yl6/xbW8x+8tb+GZ6fdvnZ54AzgiKJ4ibXhzBcna4MvMVDrFO3nK1qCqlXTbrrr179/9q8v/n+Pfm9mChFRa9HWj060R9MUAOjGEnlu7eXJ86GMsrQ8IimSpy76ziOLvuO0mloaGiuOF3988HiNTag5uO2dnOxHFnlTIKnz739l/v1EvLW+9uTJot1/L64p2b/JlvzMLwISOUSSS7D1M+9bN2e8gijsneJSp99xz5pqzdT5s70zHDSzv/MAZ3niD8UtZKqo6L4gpi+HBoBBp0iYOP/W++ffere13dTSUHui6OAnRZfM1Fr87rYpUzbenOXJ/qpn3fvEu/cSka254sKJooPvHbxwdt+bL+qTn7o1W0HmE+9v+aSG1HnfuS84HRtJFC+xVu3567biBqKU6bd+94b5M7NTyFR99vie9/efLPn8pQbSP3HbdA0l5C27755sypo9e4pn0rJ+1vK7HzL/8ckPa6ml6mwLPysBXysB9IF/vq93mifDML4y6mO+fmRTaJLHT0keP+XqefOyf/vUjgreXl3ZaF0UtNAmpxmfPX98Roq56skPm/iaE9XmheNTA3fUfn7n+yfNRGQ++dIjD78kfapm/+P379fPWPPLny7JUuinLloyNfClCelTU7niFl6wmkPTulEcGgCGDqdJGKdJGJc1bdb8vFcff+2MjW86W2+7OStoyqw6dcqsf89M4+uf2XpOaDhe1XJTtr5m/zsHW4nIdm7HL+7fId265eDL/+egasq3H3j0jquknY+1oveXPDT7zLEaov+fvXcPj6O48r9P1fSMpBnJkiWNbcm2bIOl2DIxjm2MDRhYEy4J12QhIYRkyYWQQPIuzr4k2YQ32dxZ2F9MnmXJZskvITeW7LIECGQNPLABc3Eg9toO2MSSsS0bybYu1nUkzaXr/aO6a6ovMxpJo4s138/jpzlzpqd7RlSdOv3tU9U0a/2NH7t+jfwa4cYNC2tDnXfcuyPW1tTckWiMBCmycMNFCz1fcm6YjsYoEUskiJD7AjAK7HUepNpHTLPhh3/aEe/ubB/wZJkq7AeDRBQf6Gztdu0Ti/UMuj+VJpl9ffhYLEEJIkp0t3cOON/qbjvYniAio6ImHBrLqQEAE0pioL2z230nJ6iCRjBERDTQfqzb1bcTgz092rNsRihZGvSGpZw+4iyPcn5FIor1yPfjPe3trvqHWHvz8RgRBcPVWRa9AQD4YZDPg90ciiD8heufbgy8+dNv/su2DqNm2dq16xuXR0uCQUrEul79zWPNCSKqXL5ybmTg4C+/ec/WtpK6jZdctX5BeZASscHWfX96bnsvEQXrGheVE1Gifcd/3verPQNLL/nCTZsWVZx5yzf+/qKOwfRgleh68Wf/vq2DqHrNJz5xydplCytC1P7q//3q/Xtiwcrl69eev6a+Okg9rTu2/nZ7BxGVN56/fBYNHPzNyKcGAEwe8eanvvHNZ9qClcvXnLlmdUNthREkSrTvflQ+vyZcv7YuHD/8/N3ffKSZ5q659JLzl88KBynR3bVv57atbURENcuXVIcotPyaO79zZquWqSbadz/8wEstROF3X/35D69dvqgqRD17f/PTH2/rrL3045+/siGSy0e6e5eWv9TR07v9V4+cWf2R8xeFiWjg8LZf/mpHDxGVL1heEyaK7X7wnru3dQWrF69Zs2HtyspySrbueP7R548SUfD09WtrkPsCMDoMpfxRBkUQ/gL2TzOCs2rLDepItr21/Xdvbf+d4z2jbtN11y8rJ0ourZlFbb0t2x6/b5vr4wsuunJNbYgo3rt76/bmjiR1PP/cpvWfXB4ORRc26tUI8WPNclpMuKp+mbUiUri2YWn5nj09Xfu2PbNv2zPa3rPWf/S6NdEgxWeNfGoAwGQSroqGqS3WtW/7/+zb/j/O9yrXf/SaNdFgqHvuonJq7ji+48lf7njSuUv1mqs2LQgREQUrFjU4nkpe3bs1+FJLgsLRJUvlqt7dh7Zua+rooY6nn9+3sWFtRQ4fqTjzrz+wct+De3o6dvz4zh0/dpx71poPXL6ygoiC0WVLqrd1dXQc2v70oe1P67+u8cYbMYsAgFETaFj//xBjJOc32VP9HVv4C9X/ofd6hcqxiMFPvDSs7I9cUpF13+yttfxdZ71nUbi/p2+gp2fYlM7grLoVZ13/uVs+dtGiSIAoEF645j1LKxNDfcOx/oFhkyhYUr1gycr1m2747EcuOS1MRBQIlkUGm/cd6hqe9a5N555Z6VFNAjzVtnvbgYGaNZddvnaOHFlCFUvOe+/6pWWDXW3HOmLWycN1az582y0ffc/sAOV2agBmLr39w0ZAMMaIiDFm3zpijJF64RdDZMCxXzAion87+b/K88UF5475KwXKFq1bv7gsNtAdO9ljd1sKz12+8X23fOHjVzSWB4ioeM6K9Y3zzOFYwg4s4cq60+vXXnrNrZ94X2NFINPBu97c/ubJ0pXve+95C8NERMUl5am2fW+2x4oXnL9p9bziHD5CgbLT1p67Zm4ZpcxUItYzmKCS6roly9ds/OtPfeRD75kTsH7E6os21VcOdx4/3tVv6cglNas33Xr7R86phegLTmG0oMFk0LBt67V6SWoPssKII8QQBbj1cvv27ZlOt2HDBusjl99+YOJ/HTgleeSuOiIS9ooPQgg1SgkhpF+kX2k+IYSQ+wshxKfvSj/L8/F/Wpynbxfb+7Pvfff5rroP/f03rxzDs4Jju3/2vS07lnz+O59aO45sHAAgEUIcbespCpqMMSH03JczJjy5bzqqCMGITBlMhBCy8mrN2/9XHfnI2Xfk5yvGjzz8ze//rqXyoq9+9ZMT9GTggYMPf2/Lc+XXfe/2jVHIsQCMhAoao899hSv3DRrWyy1btmQ63ebNm6XBhRWDBDGCDVu3ZzDxw9se3d67aOOm5Uh8ASgYZMI7YUppon3HU8+1VW24bCUSXwCmMwYj+8a3INiwdXt6E1566XU3VvcuyvgoimyEas788Gcaat+9BM8ZBqBQCM07/8aPUGvlhtMnqAApWL78klvuqFqJ5wwDML0xBAlGDFtsvdupbpwjEKo98321Y/7wvMY1+f06AIBpTrBi+carlk/gCULRhrVYwxuAaQ+XKY5U+zxb+AvaP9WNEwAAAAAgz3BrdhIJIubYwl/w/qlunAAAAAAAeYYzpm5wO5U/+AveP76mBdkYgEJmDBEAQQOAQmbyIgC36juFS/8j+OGftFYIAAAAADA5cEvz81cB4S9of25NCFINACB3BIIGAGA05D9icKX8uVVA+Aven/fWBgAAAAAwtXDGKK38wYat2X4NRj3lLSPas1gAAAWKFgeyBQ05txZBAwCQYxywJuSPDy4EpZU/2LA1e7SNCUMXAMBLlsiAoAEA8DLRkcFe50GqfbBha3aObSiTqINRDYDCJFPfV7ECQQMAoDNi0MgvXAhZ8WmpfbBhK3sM7cnVfHEfE4CCwtvlR4wACBoAFDJjCBrjhxMjIex5/bBh63ZW9Napt139Km2CrtgAANMW3wjgquRzvUTQAKCQyRI0lD+/CTEnQYxZah9s2A4bAAAAAGBmYem+ttpHSvmDH/6pbpwAAAAAAHnG0n1ttY+U8gc//FPdOAEAAAAA8gzPr1II/4zy54YzSxaaP+/NFQAwTXFW5unvCO8+CBoAAJ0Rg0Z+4flVCuGfUX7/BjryfExVoo4p2wAUFL59P9O8WFc2jKABQAEyYt+fiFUguFfzwxZba5u5nbmcmSZmYtY2AAWF7O/ejFa+cu7rs480EDQAKBxc/T3TCjA5ZiM5wkk+wMvW/GDDTtu5tjB3loyhCwAg7DCihQ7hMtQOCBoAAF1HUz7fPcep/nLryErngw1bt30Y1RiFAQ2AQsPb67PEgVHtDACYkUx2XsGJLJ1P3oBKK3/ww58B75WZ886m0J0o3QOgcPD0eqG/46rt06IMggYABUqmoOE7ZyBfN4iM9Ilcyh/88I8JrY1CvwGgQJGpLct2B8m1MwCgoFFBYxKwdV+5wISu/MEPf24w6xDKJufFGTJgAAoHq7/71u05VRwEDQBArkEjv9j1vuqsni38Be0nctU2uLYK4ZgeJ3D7EoAChGnocUBeUnvuYOohQjg/CwAoCJy9Pn1J7LvIgyv9GHOsSOu+2GLrs/VH+F2fpZHtGCUPABQm8krYGRyEWv5MW8gsHSMQNAAoZPyChoXz1lB+YoSz3hdbbF3b3NCv2BhjeoUfJBwACgdXf88izyBoAACyB42JiwQ8/ehaRrBh6/YoEXrZA2OuedwAgALBId/Yaq7vxTSCBgBgVEEjP/D0o2v1x9jChp2h1XlrbrzSjn6xxhg7fb6hXiaSE9iaAQBTRTyRChrc1felwTlXg5urqFe+5Q0a7y6Zo14Oi9Qk/g4AwCQRT6SMAPMNGllmGeVFDbZ0X3ubVv7gh1/H09rcKxfJqS1eFUcIWjg3nfsODJrjb7UAgOnG4FCCMVW0R84SXqHig8Tl1Bb9tYLGu4qq1ZF7k0NT9aMAABOHN2jooq93Pr1LkxtPEmzpvvY2rfzBD38ujCT9CiJ6/4aS0hLLf/REYsyNFQAwPUkkzYGB4aCR7vVZ9JtcgsYnKleVB4qk/8BQ12T/HgDABDOqoJH3s3M/5Y8yKILwF5Y/E5mao5/0yxhjc2YH/u6G8pIiRkSPv9CbxA1MAGYKyaTZ2zd0oqO/uCjgWqFM12988121FJo3aCwMlv9o4RURHiSif2t7PSFwvwiAGUKOQcP1qfzmwQYjJjTlT3vKAfyF7h8JOWK5vfq6nkII2VyX1Bj3/79Vnb3JcDE7dqJnNE0UADBNYYwCnHFGkRJu569e/UYPJUKItMyjHUcf+aygcUbRnJcbPnV8aKCcFR8/1jd5vwoAMGF4g4YqkbJ3YN78QwhibOSkJHcMQYIRwxZb79a78JCryFe2UXu4Sm9lg9acUkYW0QpDyLet0j91QOUhIjJNYTd3x+nsQwEA8onzwTSkj0Ocu+5CMr3jK5lWG8Mc+o3yqICgdtCDhvoO6qU8BhdUW1yKoAHAdCOvQSOt6cocN8P8tmzFvqPVgw2V6Gian7LhL2h/Fuw82CH9akOXf/rrHNis/qO22sHT5qhaMwBgDNiLizk8LuwnU6gtcw5X6THM7vVq4ppjJJO5qTojggYApyL5DRr61bK3tkGJvnks/LV1XxluvPof/AXs92q92aVfl98lBsvdTFPW7QklyejCj3xLa9+uexwY1QCYEFxjinOM0YciV6dmQgjOOZFQAxvn3DSFb/2Dlsimg4ZrB845ggYA0588Bg2VDfuKu3kXfbV633QCRI4t/AXsH6ndO6Rfb7LrbO6k94EMbVUfzHwriT0rqwEAxo3vtBLXc8v1qWj6Dq5hSR/DPMqu7OPCNjIFDULQAGCaM9FBQ7tTlH/Rl4i4nHqQVvssm+CHfwwt3nuhpurwtPU71UfsuyCOt5SHETEhSP3Le+sHAKgBRutozO6XTPVKvavKjqne1Tum3d8zjWG6xEuuHRA0ADglmISgIfFWFeerRxsO5Q82bM3OpQNI6df5krQZJ/5KsNxdrwdyajMOyWf8rRwAkBldoZH4935Pwuq4s+m6a6nX6WqRIV3z4HkLQQOAU4WJCBrMFTT0I+e9UxtZ7lNjW+Bbre361PI6PaQqH+zivPSe3sPqGbN92cf0Mr4s6DNmpGP83QCAQsKhqvrBXG/JIcqu4lVHcK/Kqd+1VCsz2E8tZurGpZrupkZBFTTUZxE0AJhOTEbQsM5kBw01k15/N18ysK37alvyeOAvTH8uDUgbyZhpmq6Z3drolV7DSO0v/epIzsOSd7kiRQa9BwAwCrJkjc6ZZGmH2l3v4PYY5nPX0u7yJGew6U7foOFMeRE0AJheTHLQmLiuCt0X2xF03xGlX1u2SY9Y+timDijbvCrf8ebHRHJMUoVEQh/bMl/aQcIBYFS4RyfLq3VxTa1xSz6um5KqYEEpOq7d7PzV9BveTD1o6G8haAAwnZiMoOGaGyCDhn3jyH3qTJ4cMUgFGqn8wYat7KyosUcfqLzpr7aip/WWKutRco4+4MlXmk6THkG1ToWhC4Ax4xq6vL1JL7ATzuWKXLINY0zodQ5e8UZVAPvdEkXQAOCUYJKChja/Tbj6eH5Lfg2aBvoittNz62j42rDkaO/u+5jpkUwfwPQmLmv7dDmHSCrH6fJ5IYR6NowH/28CABgtGYYTawCTKyeoZ0moW5BagqrKed3jnOYTrnedM12Et9oPQQOAacuEBg3fq2VvQpL1m+SEpfumtyTcHvgL1u9pZ9nHDzWSEQnTTD+gxavlqJ4gm7R9UUh6Q8+eagMAxo/eJV2o9NTOLFXHdKSzriMowzSVlJttiFKXykIgaABwCjDRQcPlzMQ4ZWCuAom1Jeb2wF+w/qz4dgA1/Mh5KmrQUTszxqWfMeKcydmcqjuYpjBNoZZE0RlPKwcAjIi3xzm7pNVPOSfOmergjHFPtpqeoO0SbLRbn47yQQQNAE5FJiFouDLmfGEQI03tgw1bs/0aurBrfDM5XSOZkn/kPUrG0vcl/Ur3lN9VwJc+W9YpLACAUaBuTbrql+Sbuu26/6jllkK/synnu/jO7PZWA6stggYApwqTEDR0Zc178ZyX2l+DhDsMydTHtw4Y/oLy+7YY1wq+vk6mlegxRkTcNE3O0wOYazlP1wG1OyDuE0m0oY377gAAyIp/z5LYBXnM5dTnXOsvZX5rmsQ5Z8zUBjYLGR90j9eJoAHA9GZSg4Z2TN8TjRfDqfZZW3KrgPAXpD9DE/fW1bmcmgAs3zJla5dreXpHL98KPyJ5r9NXfk6fefx9AIDCw7sSgvYec9fneTupvfi8UDNaOBdEphBWtZ+u3Mjhylv/oDsRNACY3kxq0PAs5EJZnGPAIKfaBxu2sr3NRWg3ODyjjntwkm7OmX2b0lqrSEk7escQQmhzsd33TJ27+fc9AMDYyHAbkanqW328Ud3W7uCcMaGW7+WceUv31Af1TNd1NHlKBA0ATgkmNGjoyq6rVsrrHBsGWatK2NFHKX/ww58V2bIzCcCqHXt2VvV51tBlp9HMb2ADAEwSrh4nU1ZtsLFWbJCrjWlTuU015cX+INkRxS3SqGtmbw0fggYApxyTEDRcl9D5glunFfbJ5VyDtA1/Yfs1M0hRXwAAIABJREFURhxXlABDxGSVnis5VpNaNKk4vSSwPTk02xiG6dsA5JEsHUr1RNUxGWNEgrH0DR/vmKR6N+f6Mp8ZQ4cmyiJoAHAKMNFBI8OMVf9zjRlb98UWW9+tTZZxxTnwMDXz2qsN25IPdz38Quo6+iio7nJmen4MAGD8SPXU65b3JWWPlC7GrEeMKnVHDmFKx1WGNqpJKZfJ0c131rY8nh0QGIIGANOcCQ0aslNnCRqubzLmy1ouVKCQmTls2Ladven41f4yz/hEquHaxXmOQctbmSdva2ofF+ofY/Kfw5n9SwIAPOh9imS38vYpYeEuJ9AKdtOpqW8lgxrJfIUcBA0ATh2mLGi4+nu+MJjK0YWADVu3s7QbvRXarTM9I9ul2ahBzvddNcLpx5dFP67livRv5BznAACjxrtgi8KekW3tqI9DfpqNHTmcKySqR6/Jpw2r253aIMf1oOFXuYugAcA0YpKDhjf9zVf9kiF/jXVEe8ITk49Thr/A/Ta5XG/pw5t3iJIH1zuAdrOSlK6jXT7m3obz0xMAKBhy6s4eT9pW9yX14UqWN2gT19JDmpzH7XsWPWiYpumUexE0AJgmTEbQUD1dBY0RE90xZ8NWvS/TIopHBYS/gP3+DVp4bKaK2T3LnznGMO2zsr0KWeFumqb9RVwHdzdrz/eBhAPAWPDec1Tv6C9Uj7aL+dK5o2u48i7+rdf+Elk1fOpN25lx2gCCBgDTiokLGt6FzOw5AEJ/15vsji39NYSKQPL09jmlDX8h+0dsPb4DlX0k5k18j8XiZdwQ9oiVAZbBzu4EAOSLTF3M+0BHMgI8wEUwyJ1jmM+NI3sHubwRzzFoJGKdSV6eMrPLuggaAEwt4w8a/ksfuua95QuDqW+tEiDNhr+Q/eSHrwyst0lNqmFEQsozzQND/+dA24HY8NrKsnvX1Aex5BAAM4Jk0hwcSvTH4iGDGYaSeXxEHT3TVUFDl4qVZCuDBo8d4EfuDQ0d4BWri864m1hwin8qACAf5BI05J52pYTj43nJg7l1l1ttGbk98BeqPzu+k1H0MUyJN0Om+HbTOwdiw0R07cI5SHwBmDEYBi8rLaqYVZI0XZIt88QEsosc5L2lbEGDiSHj8Hf50AEiMmo+gMQXgBnDqIKGWv0wv+s88LTOZx2e3B74C9XvbW2Zan8zicHS/6ujHW1DCelfUREhAMDMoqTYKA4Fh+Mpe8pappUZKMN0WFJBQy7UwNv+neLHpJ/PWj4VvwkAMIHoQcNbASXJkmBkeZkLHt0XW2xz0H1doq/uVM8mVS939PSrfSqCxkjHBgCcepSUBE1TL+0l1zKf2vJGjDyiryto8P4/qSOzYPmU/jIAwIQwYtCQTIT0y9NTbdWkN9iwiXJpZ96BTd62cE3QbonF1UdCnGU9JADglCRoBFLyMaaeFRtcoq9rH2/QEEKwoaPpQ7PQ1P0sAMBEIYOGR9/1qXzIMRvJHa7WeSA76YEN27cRedqWf7m55xYnJfJapgMAmIbYmg1pEi+5njQhg4ZScRRqt/QKviIxid8dADAF+AYN3yzWGzTGqQGndV9ssXVtM5G1BMc9mzu/9ekAgGmOZzGHTI+8UfEBQQOAgsY3aPjuk6/gwNPrucqzwoZt27k32UzzWnI+DABgJqDWKRvbXDciBA0ACotcgkbeT8qJsbTap9nww+9pnTruggc//UZdwwEACgIZAdRNTKeKkw4aLqf+vGIEDQAKCj1oZJF+81v2wOXjDCy1T6SVP/jh9yVLEbrXmKArNgDANMRVrqBs057O4sJb6eu1AQAzG9++7yv95lEG5lLzs9Q+pqmA8Be8f5S47llIG2MYAIWGcKk4RJkqGRA0AACjChr5gfupgCKDOgh/YflzR7u56b4mg4QDQOHg2/31qgb9LQQNAEDuQSOP2PW+Su0TLkUQ/gL2ZyRdt+fbNPVRDQBQaPiNW+mHn6uxTdd1EDQAKGSyJLvK6S35HTOOel9Sz1J31X3CX5h+T8vLUnPjXJaP6eV9eWmpAIBTAq3jp+OArGTwFPPpIYK5SoEBAAWCHgeUx28+vTv9GHOssHRfqfzBhu2wc261enuVhtZqoeQAUCiouOF3a4g5RywEDQBArkEjv3D1SA3G7CpP24a/0P1jAsoNAGBUcQBBAwAwmXHAsB4ql1b70jb8he7PoaUqw6nZCK0dT1zrBQBML7wLgat1G7LerETQAKBA0e78yDTCMQ1AzRNwP1NgfHCSR0yrfUxTAeEvbL8//i0ww3iFe5cAFBreXs8yrFwmMuwMACgofHq9b1KRr+luXGl+ltonNBUQ/gL350qWuj0AQIHiW73nMhA0AACKrEEjn3CyEx1L7WOa8gd/gfudTVC/CPMu8qD8md4CAMx4XOv1mqapBQTX5XQ6sLie7oagAUDh4F3PIdMlsW8SMrYaKU6kKX9pW8APvy+udubb7FTbRe0eAAWFb993jViZBjAEDQAKkBH7fi5Zx2jhROrGN2k2gx/+3Buu9kqvUh9/+wQAnBo4M1r9HebdB0EDAKAzYtDIL9yu7Ezf7IYN27IBAAAAAGYWXGhqH2zYuj3VjRMAAAAAIM9wuayVVPtgw9btqW6cAAAAAAB5huuPNiDPYw7gL3R/bmSamAntGIBCwzcCeGexIGgAACQ5Bo08Yum+ltpHaeUPfvizN50c52NiyjYAhYNvjuu1fZ2ZjgAAmMFkDxrZnWOGC7Kn1DEmSBDZyh/8Be/PsQ1l2hEDGACFSaa+r2IFggYAQGfEoJFfOCOyHiwp1T4STLPhL2T/aBsTxi0AgJcskQFBAwDgZaIjg13v61D+YMMW5L/ALxvxIkzYTEyLBQCcAmhxIFvQYIyIGIIGACDHOCCDxjjPpdX7koANW7fH2bYAAAAAAKYbhtT35LW5EIIREyRsG/6C9ufWhNjkZcmJ/od37t/SY52uMjzr+mV111cH3njrrVtbhqUzFCpaPWfu5vro4iBRavjVAy0PHBt4cyhVWlyyek705iVVDUV8eKD9zj+2vJi0D2vM+vZZ87reOvxq5fy/6j78/c6U46S85Na1DX9TYRARpWIP72x6MrLoR40VZfb7nW3Nn2uiT5912iUlXH7LV/c2bemLbF61cEMR937t0uLIBYvmb15UVkZEw32PNr3zcEfscFyEQiXr5825+fTqBup/eNehV6sX372k+I29+789WHXvqrmLA0REfR2H//YA3bZq0ZqiCf9jAzAxyMAyuZfWZmfywJ3Jgcbgsi8EikkM/TGx90Fa+PVgtMYKc8mmxFt3meVfDy1cxJw7ExFRX+rAlxLDV4WWnScOSuN9nDvOIOJvJt66ywzeFHrXRfItEfvv+K67TCuchKhknXHaF43KKtH+f+JHyDjj74yQ/VnHnkRslbHq7mCp1clNe3/e8/344bjR+BUjXEREYmhbfO8j7LSvG313xU+uCzZeFzDsn9vxz/GWuLHsKrH/9mRfv33cSt5wv8EfTHgPsvgLvPVvEyf7SYc1BlbeG6TnE4ceSvW2EFWyWesCtTcZ1TWM+lJNt8ePNVt7Bpfy2dcGl6wym29P0k3WH8dsS+69PRn4Ymj52c4/FQCjZbwqrxfDSnRstU9oyh/8Be7Pe2sbL2by0LConD33K0vKQomhV48eu39PS9XZC0IDSSou//KyaA0l2jo6Hzj6zpaysh8uNHY0Nd3eMlxaVn7rkvKivq6ft7R8bsD85aq5VYmhNpOtqKu7uToYIioKFdeHBrcMxg8P8rMbl94/kIoPdz+wr6OrasGXFxaHeLChTA0pidbBZFNP66O1pVY2nOj7+YGew0MlXQmiEiKi4e7jD5xIEJ184HDV6obSIs/X3tl64uGmIw2zl10fGXp4V9OWHlEzu2rz6RHq63mm49jD5WVfr0weGowfHkjFKdU5GG/rfOdbB8I/bCgrI7NvON42YHaaU/p/AYBTDdG/NdnZRfR8ou0yvqSeGZVEzakjzwdmf1Tmi+bJR5Ld/YF5pT47E5EZF4PHxFCXSNqGSeRI6IZF+4OpGJH5ULJ7XaiyjIgo3iLMUrbgK8HykBhuTh15MHloK591LRtqEUMkksMUsi9h03uWEhEZ83ipurodJmv/Pho6JgZ3JZpX8caruUGUPCaGWigZouJS0fNQ8uQmHq1iRJRsSh19QvDPcN6VjMep6ovBeXWMiHgpm1VJ7/gdxJwbOO1eNtQvEi8lmx4RlV8MzqtjvJL48/E9d5mpeXzO5wOl8VTbQ8l9e8WK+0MVcTHcRcFNxulXcdZlntyaPHZfYtb9RlWj2H9foq0xNH+eeOcHie5QYNnS/KctAIwbqfsymfpotr6Fv0D942OC9GBWVFK2urq8jMrPKBravrP3jUGxmijEi86YXd4QJCqjV0+0tA0mh4djvz02XFo+/0er5zUEiahqfaTpU03tv+2r+jQREa8qL9tQbQ8ww4Pyv6UlpWtKiAYTj/LOeCSyurrUR2A1B39x4OTFq6K1AfNQ6zu/jenvJXYePdlVNu//q+799pETOxeVbijyfO3g4LMn+w7Fzb5k+6M9on7B0h82llcREUWvd34ZC84PtxzaUtbw9Zpg/v+cAEwUYwghExQ0OlPvbBWlN4VmvxR/54nU/L8zQvVGzbrUgSdSvVcFKsvIbDOPv0ThGwIVVYw6k+6dczhDsjl5vJnN/YoxdF+i9TWz4iJbFS7lZasClWWUnCfaHzHNUOY/ir3nCISo99/iB+uK6t+jXHz2tYGSl1JtL4mqqxkn0b811V/K689jvIWIWNHSQOUK+7zDZoaDsHB9IExiqCvFQ1TSGKisZzScOniXmZoXWHZ/MFrFiALRpYldd6ZaXzNnrSIiMpby2e8JGMRLyezcJWJxvuTzwa5bEwfvSpiN5uFdrObuYHUVcl+QM5PXWAyl+dnFD8Kzhb9A/dOb5OETA208dEYJI6J4vO8XTYcrSfT39byYDH28upgGu1uTbNGcWYusjJHXlEdq6MQbPcnhciIz9eKf3zj7z0REofL5v3x3ca6n5YFFs0uo5/jDJytui/T95PBwfbS07aR1t3J4oPvhDvOMd1WcURE84/CRh08MrV5YXEREJDq7T/zL3u4QpQ53nGwLVV1QxvtODHXyog/Oi1SRuf/gW59qGoxT4PwVy+6p1s/HSsvnfrm8e8tfDj0ZOX11Xv+CABQCIvZaqifOT1/Hy0r5Oz9Idd4QqKlhVdcGjnwp1fqaWXER638p2Ut8ySZuZNh5pFOYJ59IxZcG564KDK1LvvVIqv88Pkv2+2OpfVdY17KsMXDGZdwg/9s2+p4lN4RW3aIKGNJwouB5wUWVyYN3xWfdG4rYfmOpUbMqdfCJZO+mUEU81faSKN4UrKphZguZcdF661Cr/AKrjFXfCWQ6iA/9YvAYBdfxcit/ZaGlvLQ01b9LJFcRxSn+UvJAV4qTGHjeTNYFquYxXhY4/SvmwO2pQ3sp8pnQovcg8QXTE8N6fq1U/oSADVvZU904fRFtrc3vlaGcAuvrT78gwl+Vr8xUW3fv9mTJ5tWnXV9pDPfKocM70JhERJytWGDVPJRFIot5v2e3jJSWz72+6MiWA621kb4dwcqvz0ttOSm132TTkfY3ePndlUVFRfzySn7n0fameQvPSJ85vvNEX1uk+t6VCzcUUSsRmWKYiIg3LDjtR2V9j771zqGB5HC164SBM5Ysvm3gL1vefOfL88z4aP9gABQ0fWbbIyZfFyqvYqFVRnlp/J0nzOgtgVCjEV2aansiFVvFjz8hjE1GVQ2jvpTvztnrVc3DqbaXaNYXeXERC13Gi7em2nYFZp3NiIiVsvlfCZaXikSL+c6/pQ5tNc+4yv8g9p5ERMVLuTfxVcFs9k3BZEv84A+Si1bZbxSxqqv4kW+Zx/eaRlfqZD9beBU3iOJEPERVn7dqHox5vDQkTmY6iO+3IqLsIadf9LxkJhuNM75iVJQREQu9x1h8mbm/mZ92lU/6DsD0wCCWVv5gw3bY0xJZOFvKg4vLwlVBIhomolCo7OPvWthg9vzg9QM/P9h9fnm0tqh4cUg8e6K/ra50cYCIzLae/sNm4PJIsIi8NQ+j+grGhtPnPPXHo1t6jMtXzWngbZZ7sPfhY4P98cFbX+i09+x6tGPOGZVExKoq5tx2Rjl1H/3bP534xbHo6iXhskhxFQ280THYV1lWFiw+Y7b5RpAd8j0hL76icdEbr7/97QMizkvH/KcDoNAQQ7uS7c2UaI7/8QnbtzV58loerWI11/Ljd6VaHjJ7u9jcqwKhzDtXZT1F9xOpnn6ibw2//C3LNfSIGVsVIL2S4T0mvZY68FJq6LKA/2FyrHkg4mWB+V8M9t2eOLCLRKmlyBavMqJ18eMPJc1+k68LRhcp6cJV8yAyH8TnK5XWUcdes7dTVFcxIhFvNvu7KLSUGSQoRKHzjNM/ys3/Tez5UvLoa4FZ72PyIkHEBS7SwfTGsGqs0uovbNiWPS1RhbN+FJVdvyjy1F+O/eJkxVeqZ3369PJX33zn9l3DH59T3NbR+Wj7IJXNuaI8SAPj/RKhSNVtp/eF+io+XVUUkjoKmYdOnHg1WfSB5QsuLmFERGb82f1Hnj3afag8XTNcVjH3b+Z0fulw6wvzTrukPPrB2Se3HGr63ED0g3NKaKD3hYEUzclwyqKK286Yc/hPx3diohsAuTIsOh8xk0sDSz8TKAoREZnHUod+kHrnJVF1NS9eZ8yeFz/xiAicF5xbx2jYzLTz7PMcR002myf/l2QOG6oyW58XRZuMJVfxABGRSLyWbHok2dbMq4io3+zbleKlZHal2naRsYmH5JG7RM+u1FCIiMiYx0jbUwq0s7IWWvCawNKvmHtuT6WnBpRxmcp3EJv3xYBWwyWGm1NdcXuuW13Wg7go4jWfCbTfntp/p+i7KmA0p9qeMIcr+aJ1TBPCWajRmL8qdeDBZNc6VPeCUwVrnQdN7YMN27KnHdyoKQpUhgLOySe8qsSoolApJyJeO6/248cOvdAx1FddVjt/8Y/Mljv/0vGPnUQUqI/O3bys9owgDQdDVaHQ4qJAxiNzoyoUoBLDPdGNB2qDgbYSo4iMhkVL7yEiomHDKA0FK4OJ/V2Jqjk1H6+tqLUObNYk+nYe6N2fmqcdPLh+8bzze9t39qUumRO+flVD5cFjvz3RteXNZJyotGz25tnFRXzI3p9XlQSqkgH5Tcsqar/8rsHbDwbKsGIQALlg9ps9XazqJmPu2WpJMpbaZR5+zYxfzYvL+PwbeM+DouraQLiIzM6MOyc3saJKMiuZEaJgKSWeT771vLVH5S18qJTPv8lIS6111Lsr0bdXzK0j6hdH74wftfyBhht4qEgUV5LYlWr+kjVLoOSG4Luce7JGY+W9QVkxTEVUXMkMYryMQpUsVCnzThZ6T7Dh8+bercyuK2Dh84xoY7xnnjHfXlqBV5JB1PmDhHUjqpQv/YmR/SC8lIUqqdi+uWSsCDbeTfu/lTp6l0lERasCSz8fnFvDqM/6g3AiKuLRm4z2u1I9x6i6iohYcB4Lxa0sH4BpCbv08/sZszU/b+0v/AXs/+09S4jSjxaUj2iSubF6+IpIv9J8Qggh9xdCiCt2vq0a3B8vWTN1rR0AMFEIIY629RQFTcaYEMSYWiKcMya09cId6/sKIZcUN2UwseOPKHvrA+rIJRtfmOwfAwCYFFTQIBkzGNm29Vq9JLUHWfUKKqpII2hYL7ds2ZLpdJs3b5YGt9Q+5lL+BPzwAwAAAADMMDgJu76TCDZshw0AAAAAMLOwdF9ssfXZAgAAAADMLLgs2CRL84MNW7MBAAAAAGYWXM1yEkSwYTtsAAAAAICZBSe5kqul9gnNhr/g/QAAAAAAMwtOjISa2M+YZsNf8H4AAAAAgJkFt6b0K+WPacof/AXuBwAAAACYWfBJUhDhPxX9AAAAAAAzi7Tuiy227i0AAAAAwMzC1n3JUvvcW/gL2Q8AAAAAMLPgwlL4BDESmuYHP/wAAAAAADMMzmSZJ2MkCDZs3QZ+JLqbX/3vF/d3x6f6iwAAAABg9Bhyer8Qgjm3MgGCv5D9U904x8rAkVeff2br07vb66758u2bFoV8dvjT89te3HPo8IGjHQkjXD1v6fL1l31g45nRIBFRvHP380/9btve5pbeYPXiNVdc97GLlkTsj8bbd//03l/uiC0OLt383trgJP8yAMAYydLru9/86T0/fq4l6fu58LJLvnT7NfUR3zcBAKckhqzslGof02z44Z/qxjkGEq07Hvvpz/5nXw8REbUc7I6RK/eNt+/+6fd+vK1DOZKxjqN7tj2yZ8/+zd/57NqK2N7/uO/up48TUThsxDoObXtwS1vsjq9duTBERBTb9+RjO3oo/O6NZ1Yj8QXg1GCEXk8Uj/knvkQUa+vsSUzWFwUATAqGoOmoOMI/HfxT3ThHSbzz1Qe33LetK+s+x1782S+2dRCRUfPutWvXNC6PliTad//uP15qDoaDRNTd9Nz240SVG++447Mrw4e33veNXzc1b9t+eNPC+gjFD297dFsXBRd/8MNro145GQAwDRmx11es+Ow/fvt9BzoHKJ3kxpr/56f/sbeHqHrl+uUVU/r9AQD5xmDEhKX8CZfyB3+B+6e6cY6SROe+fV1Es5Zv+qulrc/87q1B7y7dbz3z6J8HiYzlH9q8+UpVybBi7UU3SCve2tkRIwovWFtXTkQ1yxtrgk0tPZ0dCaqPd27/zTPNCaq59JrzF0H0BeDUYMReT0QUqlq0vCr9Mt754taDPUQUrL/yigbUOwAww/DRfbHF9pTUfSMNN3717y+iqkXRxKtbnvHbo6d5294eIqrZ+OFNS7KPZ7b+E5TybpAS3X9+6r/+PEjla67P01gYj6dig/FkyjzlrjJAvkh9/NIJOW64lC9YFLnuxsg5Gyfk+KcSo+j1ioEDT//XzkEiqtl0+QaU9QMw4zCU8udSAeGHf6ob56gJRRcuIiLq8X873tvc2ktE5YsaKmJv/vevn3luR1NbYlbdssaLrrz6vcvLiSgUrqoOU3PP0d0tPRsqwh3Nuw8niGrmlSeObn10eweVrPzA5Ut7dv/3k3/ac7g3GF1y/hWXrx3T0BiPp3r6hsb5ewHwJ9Zv7n+z77t/T1/5TmTjhVP9baaUHHq95yNHXnx0ewcRhRuvujTXdBkAcAphCBKMWFr9hQ3btqe6ceabWG93jIiIul+97849zdKm3pY/b//Znw+23HH7J1eWU0X9ZRsXbH/y6LZ7vt9cQx1tvQkylm88k/Y8trWFgqdvvCy6fcs3n2mWsvBbTTt2HP3EV2957+hLIAYGsUYamHD6H/l1oee+ufR6J91/fuZ3byWJqG7T5WuiEH0BmIFwRiTTXxICNmzdnurGmXeSiQQRUc9be5rL19/yjW//279+/3u3/9XSIBEdf+5XzzQNEFG4/gO3fOlDK+vKY21tsfK6xstu3vz5NZ1bf9uUoMrzr2xs/d3zzQmqu/S2e35wx43vnkWxvb959E/to89jUylzIn4hADrinZap/gpTTi69XmPg4NZHd/QQUfmav4boC8AMxRBEls6HLbbO7VQ3Ti+J1ud+/J0H92o1DUbdplu+/IkVOc3DDpZELBFn7mWfuPb8pWEiiqy55pMfOviNXx9KdDQ1dyTqI0EKVZ155WfPvFJ9LLb3V7/Y3kPl66+5sq73ly1JCi4+f2NDbTRY/cH1z/35mbYDew/HNmDZBwCmIzn2eotE646nnmshImPpFZesxPIOAMxQuJ3okJb0wIZNYpo+2C0Rc7xMxnJfejM4q6baICIKVy2tCStvde28MBElEh0Jn2PFD2//zfPHKVz/wQ+cWZ4YjCWIgrMqyoNEFCqfWxEkivXG/D6YnUCAj/YjAIwWNr9uqr/CVDOqXt+9f+tv98aIqHrtB9cvxPUsADMVw5rX71X+4C94/1Q3Ti/B2os2P3jRWD8dqmpcOo/eOkqxzua22IYKORAmOlqPxYgoWFIT9tT2xTt3PPpUc4LqLr1mQ20w1C4/MZhIJIiC8cRggoiCwWBw1EWBkZIQ5rqBiab02o9O9VeYakbR6xOHtz/1YgcRlay84hKs6QvADIYTS6t9pCl/8MM/1Y0z7wRrNv7VyjARHd/6s0debU0QJbr3PPXT/ziUIAqevqHR86i27reefnjnIFWfd72s/AsvWFRNlDi+uyVGlOhp3t+aIKpeUBvOcMLMhEKB8rLioMFn3pRCMPWES3nDirKvfb/QJ7rRaHp9++7/evJQgohq1n9w/TyIvgDMYAwi+3EGU60ywj/d/FPdOEfJwMEn7r3vN/ojLXp23P2FHUQUrDtv8x03nFlBodq1n7yp6R/v397Wtv2+L2+/T+0Zrr/xxvW1ruFuQC51NGvNhy49U4pAkQUXXbHy1Qf2bL/3W801JT1tXQmatf6KjYvGNE6GQoFQqGSsvxbMCJ56aaq/wcwnt14fa3r+mR09RFSy5gOb6jHHDYAZjWFVdlpqH2kqIPyF7p/qxjlqYjGfZ7kRUSKWtM1gdMPH76xt3Prk83/ad7StJ0lE5cvO+9gnrvGuYD/Qtv3FA8nwskuuX6Me+BSsPf9Tdwb//ce//lNz2yAF566/6ZO3bKgiAMD0JadenyAKEpWvvvyv16BHAzDDYZfc9pe08qergLAL3n7sn5YQkXrIhZDPPZZZshDSL9KvNJ8QQsj9hRDiip1vqwb3x0vWTF1rHy2x1n0HE3UrFkEEAmAkhBBH23qKgiZjTAhiTN064ozp95GkkY4qQjAiUwYTIQRjJIQoe+sD6sglG1+Y7B8DAJgUVNAgGTMY2bb1Wr0ktQfJMJKOKtIIGtbLLVu2ZDrd5s2bpWE4lD/YsJ1KcGETrl2+Yqq/AwAAAADyCSch632JEYMN22EDAAAAAMwsrHUesMXWZwsAAAAAMLPgVoYKyy9lAAAgAElEQVRja36wYadtAAAAAICZBbcmL9lqH2zYaRsAAAAAYGbBKT13n0gQY2nlD/5C948LpM4AFDJjiAAIGgAUMpMXATil14twK3/wF7ofAAAAAGBmodX7asofy6AIwl9Y/pxAjgwAyB2BoAEAGA35jxiZ6n39FUH4C8sPAAAAADCzcNf7woadteBBPeUtI9qzWAAABYoWB7IFDfkkSAQNAECOcUAGjXGeK637YouteztKMHQBALxkiQwIGgAALxMdGbgQ2i1v2LA1O0cyiToY1QAoTDL1fRUrEDQAADojBo38YliPM2BEgmDD1u0xwJjjkxjJACgo5C1LfbgaMQggaABQyHjrHCYhCHA5vclS+zQbfvizo7dOve3qw94EXbEBAKYtvhHAVcnneomgAUAhkyVoKH9+E2LOyF/5gx9+AAAAAIAZBpdLXAmv8gd/wfsBAAAAAGYY3FL7bOVPOJU/+AvZDwAAAAAww7B1X0v5Eyyt/MFf6P4ccVbh6HNW8t1aAQDTFWdlnv6Ozzw2BA0AgM6IQSO/2LqvpfzBhp22MzTQkedjqhJ1rFcPQEHh2/czzYt1ZcMIGgAUICP2/YlYBYLLR9emlT/YsG07SztzOTNNzMSsbQAKCtnfvRmtfOXc12cfaSBoAFA4uPp7phVgcsxGcoQzYoJEWu2DDdu2c25hwrUDhi4AgBCk5BzlcxlqBwQNAICuoymf757jVH+5THQ0tU+z4S9sf6bGOZoGhgENgELD2+tHFU8QNAAoNCY7r5C6b1rtE5ryB3+B+zO2O8+VmfPOptCdKN0DoHDw9Hqhv+Oq7dOqIBA0AChQMgUN3zkD+bpBJHXftPIHG7ayx9akMHoBAEYVBxA0AACTGQc4acofbNhOOyeYthqw38UZ7mACUDhY/d23bs+p4iBoAAByDRr5hZN1m1sweRrYsNO2heu+g2f+CunzWuQraDkAFCBMQ48DsrzBcwdTDxHC+VkAQEHg7PXpS2LfRR5c6ceYY4VhV3baah9s2LadudkIIayVqBljwiMR2wsVQbwBoBBxXgnbPkGMuVTedIiQ+TGCBgCFiQwavqmsHjQYy0+I4EIIRsxS+2DD1uzcm1Gmdewn7qEsAIBpSKbu71VzETQAAKMKGnmEW4+xlTof05Q/+OEfHUIXe2yBB2MYAIWGY8yy7136xhMEDQDAqIJGfuBkPcbWo/zBD3+GFjpi5Y3rmaXLSovVy7iJe5oAzEDiiVTQ4L7PK+acu0qB1UAn3/IGDRFuSB9axCfvZwAAJot4ImUEmG/QyDLLKD/PNJaan1cFhB9+vaH4Vu95dvBRcYSg08JFarf+ZGr8rRYAMN0YHEow5ijakwmu1G9UfJC4nNqiv1bQMItPTx862T9FvwkAMIF4g4Yu+nrn09MIacko4CSENQOXmGVb+h/8Be/PgZGkX0FE19VUlhmWunNoYGjMjRUAMD1JJM2BgeGgke71WfSbXIJGMvrXIlAm/WasZbJ/DwBgghlV0Mj72TkxeVZL7SNN+YO/0P0ZyNQc/aRfxhirKQp9d9nCcIAT0UOHjiUxlRuAmUIyafb2DZ3o6C8uCrhWKNP1G998Vy2F5g0aIlSTWPItCpQQUfLof5BITt1PBADkkxyDhutT+c2DDRL2MlW29Ky28Be6fwT899LX9RRCyObaEC5+ZE19x1C8lAeOHevNS9sFAEwtjFGAM84oUsLt/NWr3+jXukKItMyjHUcf+aygYZY0DK/4TXKwO8FnpY4NTN6vAgBMGN6goUqk7B1cQYPyu7qZxLAqOy3lz7GFv8D9rrV7vUv5yjZqD1fprRDkdBIR40LMLQkJ+bZV+qcOqDxERKY9H851OvtQAIB84l2OV6/ad3qY3vFVha5pCn3Ekn3fNK0Oq8cH7aR6hBGmKS+9VZcXRGSaPFBcyYUQxghBQ6skRtAAYMLJEjQ4Z06PN2hYMwFcia/tFLrEq22zFfuOVg82SNB0VBzhnw7+zNiDlkP61YY3//TXNfipEcszbS5tjqo1AwDGgP7ICeWxDeXXxyFr/NKGq/QYZvd6sieuOUYymZuqM44haMhvIoOGnkvr7wIAJpQsQUOhd9LsQUNz+tQ2KNE3j4W/BjF5YFv5E5ryB3+B+z1ab3bp1+V3icFyN9M0ZWNWkowa25SCo7Vv1z0OjGoATAiuMcU5xuhDkXCOTEwrdUgvW6bLwJ56hvRx7DzYsQPn3BU0hDUBN50TI2gAMOWMKmhondrq5nrQUNmwr7ibd9E3o+6LLbbZdV+v9OtNdp3NnfQ+kKGt6oOZz/nlmDfaJg4AyI7vtBKtJzKtPzrGKvv2pY+io2fJWsqrxjDHW86t6yNk1zkgaAAwXRhn0NBzWd+god0pyr/o69R9scXWtc3Q4jNIvK6X1m6q5s+5m0PL8ZTlOYoCtRP5nB0AMB6cAqqXdEGtVrSQLlRQb2k1vkwI0xUH9GkA8qR6NbC2NRmTsrHDLyUieyaAdz6AUEmwt4AKQQOA/OINGowxLTt15ANqFy3BdbylbhNlqHYYQfQdG4Yl8AkilZrAhi38JBQPSvp1viR9xPKVduTuej2Qc3By6MTjb+UAgMzoCo3EcSHqWX7IUfXrKdfzGcP0OW3qNqjrLb3wN8egkf0XAQAmDJ+g4b9fzkHDVdzvqmLKeyZg2CclkmvPKBv+gvdrbddH6HV6SFU+2BW9pI9nrjFMz5jthR2YXsaXBX3GjHSMvxsAUEiku3aGHZjrLTlEKenXK+p4E18hXGdh6salmu6mVz7oO2cKGupsSn5G0ABgUhhj0LA1XXUE97W0HjSsM1nVwOnSS/1d31qLMfweQ7tdRbBh63YuOG9imq6Z3drolT6yU+ZJH8l5WPIuV6TIIBIDAEbBiFmjp//51D9IQ1Up+HZ/vdpBndq38kEvfiAiufCZ9137yzC9yCF7yELQAGD8ZAkankIIy+G6VJZHsBNf7/RZlSeQPR9uQpC6r6X2MU0FhB9+vQlnkX5trTed5nrvY9qz4ph31NSLAm3NWdbtCT0hzjywQcIBYIy4Sut0W3vWkqPkwHVT0t7TfbMy/eG0tMO952WMq6Ch3tLGV8edUK+hjmefK0vQQL4LwJhxp7SWV+tVmsTr1om9QcPex/+Jj/bVsinXjfE9dSZPjnAZKxxbknWf8Be6Pzva2OZat8jdIrWVjOQloCMDdvUQOQrqBfLynxDqX9qJxBeA8eCZSyr/Cec/S7yR/5Rt92tBZDKrcEq4DPvejqk+pd61bdM+lPuztmHKYgk7Rfb9Mu4vbL/r8zMBAKOHaWMxqeHYNRCr5xN7LoCVFqbrwcwTgtKJryrz9VRP5QeDqaIKtdirrQLCX+B+R8P3SL96m9Z20Nel17Ne/faoSUS6BkwklWOmVzuoZ8N48P8mAIDRkmE4Yb7vuqRcxoReqOdXk8fsLNb/RHrQcHp87w6RazaMS/3NfjcWQQOAvJA1aMg+aElget2CVrUklJTr7cuuxNf1bm7fJCe4sCcq2cpf2oa/wP2jbWfabUohVyNyKrhynSOhO+WFo3Ryzjh33wFxocqFAQDjJ3uHclbokmkKu75WyNuR+hH0QwkhI4CsdEq/q+/gfLy5FTRcO3gOa8rd1Zfx/aqj+o0AgFGRpUOp4VuN5vaSiA5h2HUElRKooDGafGOMGJbmJ9Nt2LA1Ozt6Ra/eHKWsayXQzllr8opQ7aArOjIr1lRkd8vG6AXABOF6vprmdxQsuQQYl0CrooHq+KrL+t3WFM4TWS/lIjF60PAeQeXT9u2jdNDw/V0AgAlixKAht5xbdRGyR2pisOMBjdpdX+49Sy4ruuSOIewaTW2WLmzYPgOJnun6PujYlQ3LwU/O41ZZL2PpYgb94s9VKWEX9XpHL+Y7yAEAxoBTOrUMrXw//Wam+gfXS/2WpTfT9dY2eLJnVdjgzqrt43tvhjq+iDNo6GUYY/oDAQCcqHoGv64tnAHEUbTguOOrlUPISXKqh7oKn3zrmsafBBtMTjyy1D7YsNO2L64VfH2del0vY0TETdPkPJ31qp31PV0f9/oV2oDNfXcAAGQlmyBqDzCuGy/kynFdL1XW69SD5ftqvRf9kC6nSluFEnTlMKe+ldrN+1L/8hl+VPq8Wf8yAABf/IdjiS3W+tytVSKu/lKGB9MkzjljppYNe4/pe6LxYtj1nVOvMsKebnamJu6dOOJy6pM6hRCMmbK1ywWAvSmvSxxSo5pc/8j7HfTrwPH3AQCAh0xzq31kHqFNfdPedfRNzn1mm3mdavkIbU0YYQcNcupMzq+VufIh008DAIwGx3Wv+z3rItZxW8Y1sttPrLCCBuecc0Fk2gHEfVfHudwhZXGOAXudB1vtgw1b2V48qzq4nXpGa1f2qMJ2azDz1vvaW6ZlvUROSy+rQBUfAHkky0DiLdVVfk36Fa4gkKnA17dWyles1Rb8Thf1Zsp3s4OqXwDyTobaA6YeN6MnqSoIqHpfxqz5snJinH3jiLzKrp7pjrjyQ+4YggQjllZ/YcO27RGbvne+pxKAVTv27KyKeq18V00F9cuGAQATToa7K/7lBHrK67309ei4PveIsvgzfDH3zLZM0QlBA4DJxNvf9XnqaiVTua6pKupVWa+W1JJ9B8lH2VXlwnn85gbJRMeKaLBh63a2Vu5Fr8DjnLyZsVMYlpeDQpUL22NqtnP5jq8AgLyjibKWR69k8E5f8+3smatvx+bXv1K2FR4AABNE9ttE+mIvakkHOfHdWwGsPqULwFYCMpKyO07p1yBL98UWW/fW2zq9eFZ+SNfnebVhu4lzfUkH+Y6q9bGbPtNTZFebH3NzBwC4yHQhqVf02nv61D94P+6c5Zbp3Uy9ONO73gxb/2JZPkhIjgHII/I+rdctk1o5jEsXY0wtBG5X9Ko7vY71HHQB2E5q0+lv9tlHY/sVlu5rq31pG374s6MLPypP9SS15MyA5Q7pTNeVOtudSj+5fhz3qaV7pG8KANBxCbQ57eYZgXwihDdd9ttBqBEu826UuRJD+wbCHShyHgcRNAAYFa7rXuF7fatfmvrW+9pJbbqwwa+2wZH+6stE5HN9X4fuK/VqrwoIf0H6s/UDrdXbLTK9jINL6HXNYPNOcPFeR8qiH9caZ3pP85V/AAB5wXeMyV6JlL0YKZPcm0v90qhqnHLbGUEDgLHgrdRX2Ms4WDuqWzEZhF75VNf0Dnp+LNNfuSiqnvLmMf2Vuq+wdD6m2fDDb5Pj+KQt6eDOa6UerHcAfd6MNJm2qvBoBjtIOADkmVw6YJayB++eWbLiHMLLyLm1d2cAQP4YyzWq7lBqrp7j6gKwnh6o2t8RE90xZ8O27qsrf7BhO6+0sjRxTdNNl0BkSXy1z6Zvj3KenuvmOfiIa9dDwgFgMhjDY8Zzn5w6hgmsmPMKwCTjWoJXf0d/odIAuwLYfQWrp7yuhR2ciz+45715k92xpb+Gj/IHG7Zl59QNXNmts+k73orHU8kUMc6SySxPiGEZ7OxOAMApzRj6NUIBANOETJ3RPdYbBhdCGJxCoYAr8fXW/nrnveULw15Q2FL7YMNWtm+L8ZWBvRNQ1Kw1qekS0UAsWVERDgQ4hFoAAACgYEmZ5snuWGnYkLPZ1KqFHg3YnWDkq+qXkzVlz1L7YMNO21nxncGmJ75K8WWMDcdFVWVpgCPxBQAAAAqaAOfVlZGhuEp202mDK52wKx/yXOPESepzdq0l02z4C93vaW2Zan8zicHSPzScLIsUjaF1AgAAAGAmwsrCRUPDSVfCoJMlwcjyMhds3dfeCs2Gv9D9mXGJvq5mKusm1MtUiniAZz4YAAAAAAqLgMFSZjpVkI9/8+a7EyH96rovttg6tiO2M+/tCXnbwrWqA+OYkgIAAAAAHcYZ8+i7PpUPOWYjucOlQJdW+2DDVvYIbcu/3Ny5wBkJQVlXdQAAAABAIZJIOpY3zfTERyX9KsapAXOy709bah9s2MrOQNYSnLToa9c/YHYbAAAAAPzRcwaZ5uZe+zs2tHpf4dnCX+D+nJusS+vVb17kpZkCAAAAYOahHmKVKZGYCAWNC03tE1oCBD/8ntap4y548BN9fVbmAwAAAACQyLRBpRiZpN/8lj1wxkhpfmmbBPzw+7aYLEXoXgPPHQUAAABAJnwTBl/pN48yMJdqnbA0P1LKH/zwj7Itue5ZSBuJLwAAAACyIFzSL9HE1kxaui+22Hq3uTcj2WyZ9oA3/a38N1sAAAAAnPr45gx2IcRE5Q9K98UWW/c2c7NJF/v6Nk09FQYAAAAAyEKWZFc5mafkd8xwRnZlsRCwYeu2t+VlqbnRZ7mp+gescQYAAACALGipAlMe5jOfPuMso9HCBRFTah9s2Jqde6vV26s0tE9D/gUAAACADyp99bufPPLzZceGIQU6S+2DDVuzx9ak7Os3yL0AAAAAyAlNO5twyYwLImJkqX2wYWt27i3VmSinNWDUPAAAAAAgE55UgelvuYx8Iet9SWl+0ibNhr9g/RnajH9WnGF/FDwAAAAAIAs+qYJvUpGv6W5cqX0sgwoIf8H6cyZLsS8AAAAAwMj4lvxOxIkMl/IHG7ayXU0wy9Pa1GPg5I0LPffNYx4cPzn0ysv9fzgYP9SWihm8tqborHNmXXNmKDK2o/UNvb43WdEQWTH7FEjV4ycH//DCwCtvDzd1mFQaqD+t5OLzZ51bG8j5AKJ7b+c/PDIcvSh6x7mh0Ji/x+Dggw92/iEZvuPTlStK9K83cP8DXW9GK/7hxrL5FH/mV+0/P8LPuTZ6W6OR8RedUn9/AAAAE4Hveg7y/rL3LXXfWdm6M3cMOUXfnt0vYMNWtm+LEc6VR/RFHnSnthCJzw6jxzz0x657Hh9sJyKiYDEPJ83WI4OP/2aoNTn3jjXB0R9QtL588ocvJmvPMe6+onjsueBk4Pjt4VJO/am9e/r37hl49tLqOy4ozjH1725Ptg6ZibZkgsaR+w6lDrWJGCXbhwSVpP+3Jvrih7qph4bbh8rmF1MiKRJDZiKR5UCn0N8fAADARKGS3UyPc3Nlt8Kz/NkYMMjOTdTkfNiwlZ1jw3WuaKZ04vG2TsVAS8+9jw+2Ey1aPfvmSyMNZYzIPLG//z9fji+O5q596oh4kogokaQE0XTOvdRvrz+n6taLSuaXMKLUmy903vv08N6nOx+Mzs2irU4NwdDlN9WeO0QVZTzzTqfM3x8AAMBE47xjnOdM14uhshVssXVtpw2pN1+JtRIFF5bffnXpfEvk5XMaZt3WQCRvxP+k82UjcsdNsxtKiCj52sMn7m8J3vCJ6kuiLH4y9tBjPS8fSfYMUXl10aqzy66rNx/6Sdcr/URE7a+1f+I1ourINz5XuYKGn3m65/d7h1v7KVwRXNEQef8FpStmMyLzzSdP3LOHXXx5Ke3p+0NTgqIll19afk7x0OPP9b/clEyUBs+5tPLmNVJPNQ/t7nnslcFdR1KxYr5oSeSjV5Svms3i7X33/Kyn/bTya0qHn90z9E5J5Kufnj2nrfuBp2JvtqdiSRZdWHzxBeXvbwyG/H57eEnFrZeG7d8eWHFB1c1tx/5pj/n6HwdP1JdVdPscfHFy6A9P9/5+73A7GY2NkbMM/VpEdLcMPPZC/+sHE+1DLLqw+P2Xz768LkCU2vVk+717+MWXlsT29L920Gy4es7oZfXUrqfb793Drrkxek0dz8ff3/utqq/u777nZbr8xug1ddw66WPt//K2cfPNVevKplPjBQAAMM0w1EKs2GLr3U4LBpNNrSYRLW4sjvqmYUOpQ+2ix0i2D1FDCVEi1dqeinWLwycFVSRfeazr902ivKb4goWcTg6/8vTJULTqwgsitHPglTYKVpdc2MCj0fB8EX/q1+0/PyiCFcGzVga63x56/bXu148kv/Pp2Q2G2d6ejPWLx3/TFV1YPL8iubdt8KEHB//ToIqa4sXVyb0diRee7j2roXpdmXjnj53/8PhQrDR0waWzVtDQUy/03fMwffemimhfvLVbtO/svp+IigP1pwUjg7FfP9L3ejdbVF/SMJt1Hxl86DGqXVi9rsz3txc5f3ugYXkovGco1h5vT1LEe3AR/8PD7T85SEQULk3t3tmzW/twvLXnnp/0NSUDZ64rv64m9frL/T9/0Ax+LnpJhXmiLRHrp8f/a5iIojXF9bP9tNvk8K8fOPaUVu+bGEy1pl/Ig7CmkybVpPLy9/d8q0CoX8T6E4+9MHjhxyIVRPHWgf/cmegpDUam1VUbAACA6YdBJBgxt+bH5IQn+AvaP20wY0kiYhUVfNQ3x4cSb7YLKi25+SYrp7xN+huC4ZPDr7QlK04rveGK4gjRwNtdzx4UVFx8683V585m1Df44AMdv28beHx/2R2N1sGiq6vuvjYcGRx68Eftv++g6Lrq715REhkcevCf23/fHd/dbq4z4s++PBQrLrr15uiFUUYUWUzHv/Z07A9ts66zjmG8/6boDQ1GiGig5WRTNwWXlN9xY9mcjNKq/dtnB1y/PVjGI0SxpBhIKl/64PGW7mcPEhWH/ubT0ctrefxk7Oc/63y2Q+6W2vXKQFOSn3PjnNsbDSI6Kyq+9pOBF/bGLzzHynTD9RX/cH3Z4hLKRE93sqd7sv/+jm81u7TxhZO7Dw681h6+JCoO7RxoSlL92aX1ZRm/CwAAACBzX+aj+QmCH/7c0RemVms+uOyxY/BoCVG36O4246OtDS0OnXVa4IWdgz/80bH6qDG/pvisNeFVUa+WKQbak+1E4YUl9aWMiKis+MJG4/cvJg81JQYarcy0dkkwQkRGoLaEiNj8hdbLaBlRtzkwJOIn403dRMnh+7ccvT99cNbeZ5LMySpCZy005E+IzC5eVdP/+4PdX/vn2OJaY/GSkgtXhue70k312/vMODnS30SfOUBEBouoct/0wUV3e7ydKLwwclaUE1FodsnFjcazLyaJiAYTe1tMInrlV22vaAeMtqcSZP1lFjcWZ0l8ySi6dXP0Qm19hoGWk1/71/5W7575+fsbPt9qdsnljb27dw6/sDd+7mrzhb1JKi66eOU4pvEBAACYCnzXhso09S0vqHpfPxUQ/sL2Z286vpPhvKtA+C4EMTqCxuKaALWlDu0daj8nNN9PInX5BhLpz667eu7djQN/2Dt8qG34Dy8OPvtK/9WfnvPROs8hDCKiRNL9o+LpqwDm+iHBYIbfVVr8N9dEFhvMOqxhLK4z6G15Fpb+qmUlN3167qo9A6/vTxxqGXx8T+zxlwe/enPlKr1cNf3bh7tXBzV5OPnmnuEYUbimOJ0u6wcnShCR5+doBC64uiKdvxo8urAoQvIPx4JGnsJNXv/+zm8VqF9Xsmhnf9OOgV3F5mvdFF1dugrLpQEAwCmFvqiZ8nhXmhrbWmaZ4LbC56cCwl/w/lzI1Brz9xDCQP3q4lqixJGeex/vP9Rnfc0Tb/f/+rGuP7SaZPCQQTSUah80iSjeHW/Sb8cHA4sbZ910bfQfvlB799VFwWRi195EnFiojBHRQF8qkSAiFpltRIkSbbFd7SYRUSK5/0iSiObXGLlP9QqVGbXFRP2JQxRa0VCyoqFkxWnFi7MkZCWhVWfPvvljc777pXl/u5xRx9Drba4/mvXbY03dP3wu1i1T08HErq1dD+wTRIFzzy6u8Dkui8wOVBAl2oaa+oX+c4iIDGPxbEaUOtTOFssv2VBSH3XXVOSNCfv7R2pKL15C1DFw/+ODPWScs873TwEAAGC6kylhmKBHZRlqYQkmzw0b9lgfGpj3J24rIqdV3H516p7Hhw7vPPmlnSfl+r49SSKixprSc1aHzlrCXt+XeOgnJ5oajfjbg3vtNC9+sv+eH508VFa8amEgQuah/cMJ4ovrjBCxaE0wSon2fV23b+mNlgUvvrz0/fWxnzTFf/Kvx15vDEVODr9yhKii5P2NwRClcv2iZcWXXxB65an4C79qa1pSsiLKBtqGXjlCF9w07ybPQmTdezu+9vBQcEnxiigPDiV3NQkqLqqPuv/w6rc3vdj5mRc7y0tZT7/1d64/v/KGBv8l3iI1pRfXxB5qG3rgVx17F3L5NSyCxlkXRBYd7D/8SsdtB4tWLTQiffGX9yUqzo/efdHYFozLSJ7+/kn/oweD684t+c+Dgz1EwSWlF9ZkWVINAADAKUN+VV4vgdPO+nz6VabnccEuSPuGyyrJTS6tUejlv0SUMlkkPE5VkVUsiFy4Mlhhiu6BVFe/GDapvLro/IsrP3t2UUmAL64zuvcPvt1rtg/y+rPLL44M7+wxNq4vXT7bqJtNfcfju/4y/MaRFEVLrrmq6vpGI0AUqiqqNxJ/PpDsGTJ7TGP12bMuWV2yqMTs7k/+5UDicC/V1pfe8uHKdVWMAmLgcOyFd/iac8tWzWYUoL7DsW3tgY3rS5eVMwpQ9+GBV9qNjeeVLivjFXXh9TU0NCiOvzP858PJofLiC/+q/JrGUESkdu4aGphbeuWqUCRARFRcakQj5rHD8V37hve2i8r6yE3Xzj5/jjeBs357JG729qWO9xMRBSuKLru86rPn2w+2SLoPTkFjWWNReSx15Mjw7uNm2eKyG1bzt5qS81bPurAuUDK75Nx3GTRk9h0ffuNg4hgZq9aW33BuyZwS6jsS26Z+qQ+ppjdibxtF7z87PKdIc8dTu3YNdUUj16wtmhWkvoOxbe38rHPL3lOVl79/xm9VXMq79saaYmz9pbMvqUXuCwAApxKxwbgRkGmuHtsZY8RsVOahO/R0RBoBbr3cvn17ptNt2LDB+shFn91rzUjCFlvn9sktS3U1167cFfrkNrUVQvc57OEEj1aVTlznAQXLwNtdX/vJQKtcHjjL5DwAAADTj/bO/qKgKXNfle9mz32JrLvUrtxXTQjZsmVLptNt3rxZGtzS+bDF1rvNidz3BCC/pN58bbCVqH5NpB6JLwAAzEzyn5rW06EAACAASURBVGZwaw0qbLH1bgGYziTM2KAI1kSuW12Epc0AAADkiJG+ze1V/uAvcP+4YPa6EQBMDMHghZ9YcOFUfwsAAAD5YPJuI3OZ6Ahf5Q/+AvcDAAAAAMwsrHpflkEFhL+g/QAAAAAAMwsuMqiA8MM/MU0OAAAAAGDK4LryBxu2QwkGAAAAAJhZcKEpf7Bh6zYAAAAAwAzD0n2xxda7nerGCQAAAACQZzTdF1tsndupbpwAAAAAAHmGM2JCqX2wYWv2VDdOAAAAAIA8wwUJptQ+2LA1e6obJwAAAABAnuEy0fFV/uAvcP9UN04AAAAAgDzDrXTHT/mDv8D9U904AQAAAADyDGdEmvJHmvIHf6H7p7pxAgAAAADkGS6INOWPNOUP/kL3T3XjBAAAAADIM/Y6D1Ltc2zhL3T/VDdOAAAAAIA8wwUJRrba59jCX+j+qW6cAAAAAAB5hhORoLTOp5Q/+OGf6sYJAAAAAJBnOCnNjxgp5Y8x+OGf6sYJAAAAAJBnDFLKHwnSVED44c9jO2vv7M/j0QAAAAAAxoZBRIwoPdMfNmzbzmM7W1BTnsejAQAAAOBU52hbz5ScV9b7kqb2wYadtgEAAAAAZhKcVMWnY0vwwz9BbQ4AAAAAYKrg6YpPx5bgh3+C2hwA4P9n736D2jrzfMH/JD3hCAlxZB+aMy01IsggjFxSBcq4cYz/4EAZF07sdjxOxsmkpydzZ3bq1s69XXtfbO2L3do3vVN1p27v7O69XbN9e6aTm2Qct+OxHbPBaxLwv4YYCrlEWZg/FkYO6jlaDtYBBBI+ivaF/iAMdpzEtkB8P5V68tNP4pxj6dHRo995zhEAAOSKNjPC0ZAGMeJlMQAAAEB+0WZGOAlKIEa8LAYAAADIL9rU/7PHOYgRY9wLAAAA+Sg99s0+vo0YMeY7AAAAQD7SronKIuK1GQMAAADkF+2aqCwiXpsxAAAAQH5J132z2sSKDPIbNA8AAACQX9J136xWsyKD/AbNAwAAAOQXbeqna1OVP8SIl2IAAACAPKPVaDSUyFT+ECNeigEAAADyjDaRSJAmVe1LJCgrRn6j5wEAAADyTKrum24pK0Z+o+cBAAAA8kxW3Rct2uUtAAAAQJ7RajSaRFa1DzHiTAwAAACQZ7SJREKTVe1DjDgTAwAAAOSZpbovWrQPtQAAAAB5ZqnuixbtQy0AAABAntFqSJNIJFLVvnRMWTHyGzYPAAAAkGe0CUoOdBIaDWViyoqR37B5AAAAgDyTrvsutbQig/wGzee6cwIAAAA8Zem671JLKzLIb9B8rjsnAAAAwFOmpazKHy2r+SGPPAAAAEBeYbQ0vxMt2mVtrjvnMlFp9Gq3xxeUIzHScSbBYqlr3FVn5Uid8Z7r8Nn2H6svYbneSAB4etTwSH/ntbEJeTYWJ85oFm3bdr/iLi96puvE/gQg/zHKqvahRbu8XSuigYHTn3wp8ZV1jW7RSFFF8g+NXzof159ocRoXZWVWkWMqET6rAPKFKnk6Tl4M6qucO2tFM7cYDgZHRnvPtuveen3bsxyWYn8CkP8YUUJD6VmeCcSIl+Jcd86MmZEez6TR+eaJveX6ZGZr3c69ajRGeiI111sHAE/dXPBGb5BqWt46XJGq8zq3vdysRqOkx5gUAL4fRkQJWqrzIUacHa8JKhHp9LzI65elmZ5Lh3E1FvZ1egdG74UUMloqW9r2OIXkJ+T8RN/1rv6ApCwSL2ypcu9s2Gotojn/5dN9ppbDddbkMucmL525orhaj9RuYkRE6pSn45ORitefbYUJAB4lrpKOt5geftNnbqszd/r6ewYDk9MLjBfs2/cerBf1RKTOTAx6+wbvTgRnY7oCwVbb2lZXXpSezCC47dExz+iUznXw7X1C1N/f2T02EZqN6QpL7Vtf3rfdyT96fzIX+OzUF5OW/W+22p7ptAsAeNa0RKQhTbL6ixjxQ/GawAwWR4kauH76nPeOsmqZN64M9XnVioMn3v7LEw3WyPBnnWNhlYhUqe/Syc/H1YqGN//6p+8e2KrzXznZfmtKJb2RU4O+geB88u/DAa83GB7puyVFiYhInfUPSWqRCRUmgNwoEp0WTrp26Wz3+FR05d2xie6Os4NxZ+vRf/vvf/rTtq3k+eLC4IxKpCpBr3+Bd+15+69/+pev1/LT/R3XAlFKTmaQ/b1dPSHOtW//q9sFCvSf/sQrC+4j/+anf/Pn+936qWG/HKVH70+YQRBKBNGgX7k5ALCuZOq+6WrfUow88msEK6lt/SnvvXpt4ONfXSeusNRic7rcdc6S9IeQTmepO9S8tYQR8c6dNbfvDAVldatZlb0eSV+151jzVjMj4t0Hm++/d+7WoFTdJFa6hVt9Q9KcvaJInQkMSnpLWZFyzxeKWW2cKt/zyQZ7g4jqDkCOGKrbXntz0HO199L/3RvXGc1WW4V7u9tpNTAiUgJ9o/Ple1vrbMVEVGRz7q4f/3jwbrjGXSJsffX1rall8Nt2Vg2fDk7NqbbUvmKz68jxxnI9Ec0PX74t89VvHnCX64nItqPNRkSkTj1yf6Iv2XH4UA6fEQB4WpJ1LU1m1i9ixJk4150zGyux1/3EXvcTdX5KngoFxm98/rurva5jxxu36ImIikqFonSNluM5RnFVJYrPyDGdYLdk7tILFp6NSaF51Wq2u0qu9o5NzlVsid3zTXOOA/V872ce31TUJir+UYUra7Jwj94eAHjGWHF57d7y2r1qdEYOyZMjt65+9MFVR9NbbVV6OSgpC8r5D39xfunhOktZnIjU+75rvTdGZCUyH4nFiYg2L8bTD+GtNjE5ClZjihzXizZhtSru6vsTAMgXyff3UuUPMeLl8RrDDCWirUS0OWybPvior2fUXe4iIt2j5iYwIpXiS7d1xIiiFCdiZnu19Vq/LzgjRMYkrmK3RTC6Snp6xiYVThqdNToarTi0CbAGMH2xaCsWbWV2seO9Do+voaKO4sRZWt9pqxMeeuurk92XPvXodhx+bbe9mJEqdZ/5wJ91v06XtVyi1Ye0j9yfAEB+0BKl6r6UqvMhRpwdrwlR5f7cQx9STMeIVDX+qD8hIuKKBWNcDoQz0wXngncno5zAGxgR4y1uixrw+DyD9/maSlHPzLZqazzo9dzyKQZnzcMfqgDwHMXC8szyib6McRxRPKYS40We7vvT8/WzLCryPBO3umzFjIgoPhdZXL1iywzWUoMqB+VVJhMDQJ7L1H3Rol21XQOik1c/Pt8XExw1W502M8eIIkHPNW+AlR1ymBiFH/mHesHpEge6r1/o0TU7zbGA91LnWFSsdacmMxTbaqx03tOnK913wMyIiLc6S6+f7fXpLLu2YOgLkDuqNHz2/euyUOasqbSLBkYUk4avXhtTrbucImOsot7hOdvddYka6ivMpAR9/QMjrO5YW5lg20TXbvUNleysMav+vp7APK0+d4kT67fbR690XNzU3Fgp0pSv95ZcsavF8ehtik4NdPdJ1voWF67+ArC+sUSC0hdy1VDqRiJ5iSvkN3p+jdBbm954Tejz9A1eP9tPREQ6k8Wx/fXGbdU8I7WANxp4wZD+NGKMMxRxhUWMiJhY3/q2vu+q58p7l2djVCBU/fhYszszmaHI7nRaJv38tvQF0Qy2+kpL6B6//UUMfQFyiInOYycK+3o93stdHiIi0hmFLfXNRxqqREZEhuoDrx3zePr6Lv1D+2ycCkurtr7cYCkiVlTbdEjuuNB+xtNOfEXt7pcskYBJR0RUwBsNRp7LvLMZX3XwaPxS+5WPf32dqKC0atvLAseIHrk/Uecnx+8FaZvqws9eAKxvmqa/upXrbYA16v/5ewcRZS70m/y9t2Q9OJFIpC4GvHQrK5dIJBLJxycSiUTsgfZHP+Rz/a8BAACANeSrPyjcC19rNBoijUaj0WgoHaduZ25S5hGUvkJDplCn0RDRCyx185e//OWjVvfzn/88GWgpQUSaxNJRbk12i/yGzgMAAADkFy1piCixNJKmRHaL/IbOAwAAAOQXljXVMz3XEzHiBGWmgQMA5MQDNbH4AAeh4FsoeEGTOfYN8CgsPdBJV/sQI07Hue6cALARfZ1IhKbj4dm4GsdeCL41piOziZVu1mlRwYFH0CbPX0rO70SMODsGAHjOorGv73y1OBVWMfCF70aN01RYvfPVYjT2da63BdYobfrsOaL0xc4QI05VfwEAnqNEgr4KPYgtJrIy2BPBk8ruLbHFxFehB+g+sKrUfN8VbWreJ/IbOb/WSJIyM7ug1Woj87Fcbwt8X0YD9/XXXxcXF4qluP4dpEjTD6Lpge9C9OtI9OtEQoMCMDwhpiONhoyF2kJOS0TRxYQ0/eCPhBdyvV2w5rClgU7WMCg57xP5DZ5fU24PB3/wg2KrdXOh/oXMVf1g/UokEgvRBwsLi0PDwZpqS643B9aE6ZnUr5QvRL+Of03uqsLNxbpcbxSsJ9Mz8ZGJ2ELs6+Twd3omjrEvrKTN1PwyP++VmfeJ/AbPrx1Dtyd/ZN0sbC4yFBZg4JsfNBqNobBA2Fz0I8um2yN/yPXmQO49UBNfp+dnRqJfO8o5DHzh29pcrHOUc5GFVE/6+mt6oK6xQg6sAdrVDnyjRUtrZ5qUFJr5I9FcVKR/gsfC+mMyFf5AMEkhJdcbAjmWuZxZ8ochMfCF72ZzsS6R0GTm/uIyebCSdvm8T8SI19x835mZeb0eB63yWWHhCzOz0VxvBeSYVpsKNBqNGs/xxsC6psaXfvBWu2Y+y2Dt0GpIs1TtQ4w4K14jtDptYWFBrrcCnqHCwgJciRMAAJ4PbfIHvFLVvtSpTskY+Y2eXyMiEVzVIc9pNBpcuwOe0L/7+f+S600AgPVNmz69SZNIEKVqfpqs056Q38h5AAAAgLyipayaH2LEy2MAAACAvKJN1vxSlb+sGHnkAQAAAPIMI0qkf80LLdplba4755N7IA12nvqX26ZDf/ZndZsy2ZmxnjMXem9PhBf0JVt3tb51oKoYl4sAAADY2BiRJpFIZFX+ElmVP+Q3eH49eHB/4HcfnBqMMlWlWfUBUXJ8+2Da8+H73Qu1R37+5z+iyZun/vn0e6Y/++/2/hCj3+fgzL+0E9HRn7TlekMAAAAepk3VfSkz11NDWTHyGzu/LqisvPHdf//mPivLSj6QBvonN28/fqhGLDaJNQ3HX/kj6fc37y7kcDs3ijP/0v7JmfZPzrQnR8AAAABryrL5vrR6FRD5DZtfD174gXtXbdVmtjw7F5qYK7RWbk6VeV/YXFm5eeFfQzMPcrKNG0dy4JuMMfwFAIA1SEuUHOOkan7pWIM88uvYA3VmVi3clPVzcIVFhSwqo+77LGUPfJMw/AUAgLWGESWHO6lqH2LEWTHAt3D0J22Y4wsAAGtcsu6bVe3LipHf8Pn1ixUW0sL96NIUh4W5BdILhTndKAAAAMi1pbpvqtqXFSO/4fPr1gtFVmvRwtjY9IMKwwtE9GB6bGy68I+suMjZs7RyzgMRvX4UxWAAAFhDluq+mtWGRMhv7Pz69YJY32Cd7j91YUiamZWGek99/q/ijpesqPs+S0d/0vb60WXDXAx8AQBgrcma77u2Ko7Ir4X8OvBgevC9/3h6MEpERBP/1384S9ZX/uLnh8peEGvfemfuw49O/uIKEenL9xz56cu4uO8zlxzpJqu/GPgCAMAaxFap+SUSpFmtFoj8hsuvAy9sdv3F/+Za9a7iyt1//T/vfu5btNFlxrsY+AIAwBr08HxfokcMjJDfiHmA7wKjXgAAWLO0yZ8zSA53ECPOjnPdOQEAAACeMm36pw00WT9zgBgx6r4AAACQh7Sr/ZgtYsSo+wIAAEAeStV9060mK0Z+o+dz3TlTjEZ9rjcBnq1EImE0cLneClgf/v6X/2uuNwEA1rdM3Xdl5Q/5jZ7PdedM+frrrxcWFnO9FfAMLSwsfp1YK9+1AAAgv2k1Gkoklip/icRS5Q/5DZ7PdedM4YsL5zH2zWvzCw+Ki/G7I5CSSCSYLtcbAesZ01ECX6fh0bSJBGk0S5U/jWap8of8Bs/nunOmlP6g+P+bmp2bW8j1hsAzocwsyNOz4g+Kc70hkGNcgTYZaDQajYamZ+K53iJYl6Zn4hoNaTSpjzCO0+Z6i2DN0S6v9iFGvBTnunMu2er44VfBsDw9Oz8fW1MbBt9ZIpGYn49NybP/KoWrq36Y682B3NNqqOCF1HjFWKgdmYhh+Avf1vRMfHgiZixMjXcLXtBo10oZB9YQlvwxr0y1DzHiTJzrzrnMVscPpZAy+YewVqOJzMdyvTnwfRkN3NeJRHFxIQa+kLG5WPevskpEhZx2Ifa1d3QhkSAVA2B4MkxHGg0ZC7WF6Vrv5mLMnoFVsPRAh7IGPZnKH/IbOp/rzvkwsZQXS/lcbwUAPCsCr1Pm4guxRHL4W8hp06cfAHyzh3qLvkAj8Bj7wioy832zq7/Z8z6R37h5AIDnSaPRWEpeeCiTu82BdSa7t2g0ZC19Af0HVsUeqvyl4wTyyAMAPGeFeq3TzoWm4+HZuBrHbgi+NaYjs4mVbtZpMfCFR8B8X8TrY74vAGwQWo3mjwT2RwJ7oCYWH2D4C99CwQuaFxg+vOAbMKJl8zsRI86OAQBy5QWGcQwAPH3a5LSYzPxOxIizYwAAAIB8kvxdN0pW+7Jb5JFf7+Ymx4elx1wNbX64/Z///v3eyejz3CgAAADIpeQVZChZ7ctukUd+fVNn/Ncud1wLzD3yEQVC1Ta3q4xnz3W7AAAAIIdY8rJWq1X+kEc+v7ESh7sp1xsBAAAAzxPLqvZlX+010yK/cfO57pzZYlM+z9X+cX8wHONMFsf2g69sFfVEc+OfnvHqtzuNo16PP6SohaWO+lcPbOND1977aFAmIur8P/62k3Slze8cdsd6T3YvumsNE54xf0Q4eKJJGOn8NFh9rK3KzEidm/Re8wyMBkMRMpaWufft2m0vZkSqErja2esNyJGYzlhqcdTX73aJRbl+OgAAAOC7YekK38NVQOSRXzvmRq5//PmU/ZX979rNTJG83VfOfs691Vahj80rUnDw4nxN4543XjHFxvsvdFz/rFR8e2fjX/0Ht/eTM11s17uvVyWHqnO+WTl4t0My2WtrDzks5bxGksOKPBsjInXqxplLHq6u9cR+q1GVR/s/u9hlPNq2Q1y8031lQCk7dOJQuTE2Oer1+CWlSizS5/oZAQAAgO9ES5Qa4yR/0hYx4qx4bVDv+/oDrKqhySma9VyRaNvRWMkFbvuV5N06wbX/YL21pKjYWlNba9UpwfuPPnutwN762rHmbdW2TdnD12jg1qCyaWezc4tg0OuLra6Gly2z3kFZVdVIVC2yVJaLBn3Rpi21e48ddlsx8AUAAFi3GFFqjJOs9iFGnBWvDdGpgLQgB9r/082sJFfmVlUiIlYgWEyp4SjjijgdqfHkPSsxzmy3GFac26YqAUmOyB2//nVHVlbYrqrMYHOUdF3s+CBS7XRYrRaLVeBwahwAAMD6xYgyZzlpiJa3yG/0/NoQJ2KFjgPHjzkND92jykREum8xGmWrPlYl4kpr336nQVxxt7629V2LJAXv+TzXr7bPFtU0vdG2tQTjXwAAgPVJS6ShpWrf8hb5jZ5fG7hiwRiXxqcefbWy1TAiIjW2+KgacPZDjaUmpkgT8qoPZWbRWl3b8JN33v4ffvZjLuAdlL55iQAAALA2Zeb7ZrfZ8z6R38j5tUEvuOotqu/Khe5RSYnNyZPe7s9++9G1iW/4TQqDaDOok7d6Rqai3zRYNdvdTl662n5lIHB/Ljov+b2ffnTqXwZn1OjUjXOffdozOiHHVDUmB4IRMgi4ygMAAMC6xbIOdq+c94n8Bs+vEazE1fIW5+3p95zs64zEyWiprG/YZtUTUw1G3mQ26tKP1HFGgz7OMUZETKzd3xTs6Dz/Ow8VOtoOt/IGvZEZl+br6vR8oV4xcESktzYdPyz0Dnjbz3Qoi8SZ7TXu3RXFTB8rr9o02f/lycudcSLiBNeBFid+DAMAAGDd0uz9N4NZwx20aJfajv+zmogS6bPeEkuTgymRSCTziaVbWblEIpFIPj6RSCRiD7Q/+iGf664OAAAAa8hXf1C4F77WaDREGo1Go9FQOk7dztykzCMoVaTL/ApBMniBpW7+8pe/fNTqfv7znycDbVbl76EqIPLIAwAAAOQVbbqqlyDSZMWEPPJP3IsAAAAA1getRrNU+UOMODsGAAAAyDPJuq8mM08TMeKsSjAAAABAXknVfdGiXdnmunMCAAAAPGXZdd90SysyyG/IfK47JwAAAMBTptVoNInEUrUvQQlNet4n8hs8n+vOCQAAAPCUaZMDnUy1T5M17xP5DZ7PdecEAAAAeMq0qZrfyiog8hs+n+vOCQAAAPCUaTM1v5VVQOQ3eD7XnRMAAADgKdNqNJRV+UOMeCnOdecEAAAAeMq0iQRlVf4QI16Kc905AQAAAJ6yzHUeaEWL/EbP57pzAgAAADxlmes80IoW+Y2ez3XnBAAAAHjKWPqyVpRIJCir8oc88rnunClf/UHJ9SYAAADAKn70Qz7Xm/CtseyfM0CLNrvNdedcsh7fWrDeffUHBR1vzcKrA88Iuta3sk6LU1pKV/geqgIij3yuOycAAADAU6al9MzO9CxPSmWQ3/D5XHdOAAAAgKdMm6rwLVX7aFnlD/mNnQcAAADIJ9pUhS+72pesAiKPPAAAAEB+Sdd9H24JeeSfa08EAAAAePa0mShV59NkxcgjDwAAAJBHlsa+qTpfVuUPeeQBAAAA8omW0jW/FM2KFvmNnAcAAADII1pK1/xSEita5DdyHgAAACCPLM15WKUKiBgxAAAAQB7JGvuurAIiRgwAAACQR7RP8BgAAAAAgHyAsS8AAAAAbBTaZZe1yjrOjTzyAAAAAHlGu+znDLLOb0IeeQAAAIA8o03W/FI/Y0uUqQIijzwAAABAntEma37Jal/6lw00Sy3yGzgPAAAAkGdYIpHQaDQJIg1ROk5oSIM88uuNOuXp+PjavP2VlhbnJpaV/v2pCz3q1jePN1j1Od1AyFOqNHDylCdi2/PW4aqiZ7miOWl0JMTZqmwlyZ6s3h/45NylAOdsa3vVWfws17x+zQ+3n/tkMJyV0Rk3C/b6xpZa8SntD2J3Os6dHdXtPHroZSv3dBb5zdSpwUsftt+NLGV0nNEk2rftbnSW8+xxf5r8+zlpZPS+0V75JA9+3HLkW6dP9cqWPW+1VZkft6TY1MhYgESnoyQfd8OxyZ6O072z1n2tR2pLvtcT+nSpM3eG7sU2VzishjW0Vc/Ypk2b7t+/vzL/wx/+MBNrswc66ViTFSO/cfPrTTwihZWI7Dnf0eWfX0pHZyV5ISZPKbFcbhzksagiS5FFWZYj6rNcjXrfd7Gro/2Lq4FM946r8Xg8Hnumq13f1HlZChMRX1Fdu91V/1K1w2KITocGL5473Tf1dJ43NaZMh2ORcFCJP5XlPZl4ZFKOEJHOJGw2C5tNRl08FgkHBq9/+H7HgPSNOztV6v/i7MWujj75ez4JamRKVhYVSfqGzq8EOtuvdJzrHVG+3/rWJFUavnQtGFFnR7p7fcoaejtGA/0X2q+cvXg7vIY26pmrrq5eNf/iiy9m4nTdFy3aFe1z7KtPV7iv/bL1nRbn96tnAKxJWQMsVrLj+NvOqK6oCF398QpEV8NBpyF5Y85/+b1TvkD/rUnX3vJ1XoTkXU0/bU0d0FKV8a5PLvWF7nWc6xPeafyGf5pKRKSqqkr0HHvP8/x68NzEJjzeILPsaxZ8Hb4bHtmx72kdUnhq8vJ5f5QdO3b4/f5QKJSd/MEPflBfX5+5yVIzPpPVvuUt8hs8v45F7n56ziscr1u5B1Ll8Rt9Y/7A5OT0QlxXKNgqm1sbtvAsNTUiWtHSYLrT7xuRYmZb9e59biHk7eobmwgtsM0v7m7bvyN5TFO9P9zX3zc4OTm9QEZzec325n1Va+lAF6wZ6vyE53qXZ1KaXohzZoutrK6hzm1NDsLU8Eh/57WxCXk2RoWCrWJnY73bWhD2+/qGAhP+YCgS13EmsebHh5qr9IHLH57yyURE8aEz7w0RGWua3z1skzqzjrY/el1h36WPL0pC4y5H5PaNwXuhCPGW6ubDu6o35PdDPV9i1JESnY3E5oc/P3fBb9p9vHWHyJLzpj7sDtsOvPYTZ3HqSWvYbpm+5RmRmaPlrbYKJo1e7faMBGUlpjOWlrkb6nc6CpKLVZXxrnO3fSMhhQpLnQ1HDmwtYUTRKZ/nlm80OBEMx0hnLC2rb977ss2QenxHry8YjsR03GbRUVu7u9ZmZkQUk3yeq/3jE8FwTFdYat/a1Lx9yxO8UoyvaDq8S37/in96bMBfV+40rLq7K6fxs+93jkSIiJSb5//TTaLNzjfe2btF/2TrVWfu9H159WYgOKcrtVW47YtZ981PeLxe/2QgEFJixPGCvWH/wVqT3H3ug145TkQUvPCrX12gAvuBo8dqTdHJ4au9t/2BkBIr4C22+n27dtgMT/GFfj5UebxvaNZo+7GzqoQN+joHvRPbW6pTk59iE53nTg/p6l7ZRkNerz9MQln9vgYnC1695h0JhFWj4Ni3/1VXCXvcvkKd8lz6uFu2NL/2qquYEUUnB06e8ahVLW+22vTyrdOnehXbrn0WyeMZnwgtML6srm1/kyU2cOpMR2CRiCj05W/+7kvSle47cfhla/6/5XU63RtvvHH9+nW/3z87O2symex2+65du3Q6XeYxqev7JhIJzYoW+Q2eX590lr2trVWF8eCXZ7sDcw/fG5v09HbfHJuMm7bUVNqFuDw+eKF7fC4zNSLku9DulTmzwBbl8cGz/3Tytx1jUWOJwFFs+m7X5bEpNT2D8PKYxKw7DuxpqiqY7O/8pDMQzc2/F9ay2MS1Cyc/ypR3lwAAIABJREFUHwsqzFpVaefng6ODFz767IakEtHcyJUPz3hGQrPEWxx2kxrwXbjolaJh37XevsF7EaOlpqZMZLPBm10dg/dZaWX99koLR8nD9/Xba3e6RP2yo+2PWZcaC92XY7Mjn3d8NjRfVCoYKa4EfZ09wY3XadU5afxGpycYJ+JLeN28LIVjkSkpkqyLxSNSOBKbDYUW1MyTdrmrezAU1ZuFUgMpty+c6uwblxUm2KssfOReT/t1X3JQR4v+y1d6huQoEcUXQoPXu0dmiGgu4Ll02Tcik1hV6bCZoqG73R19E1EidcbX8UXfeJj4spqXqh38vK/7Sk8wlhzofHDeM6IUOPbuaW20UcBz+px38sleKsaXOS0FRAvB4P3oI3Z3UaNY2+BylOqISLf5xdrtrp31lSJ7wvXGJq91fHx5LKgsEiNl3Nf5+VhmFoOqBHq6PYOjYc5SWVNVqp+Thzq/GJjUCVXuHS6LkYio0OZy1m+vrbWZSPKe/uiKZ3SBr9l16MA2MTre+ckXA993CsbzF5MGvf6YyV5rNes3OV4q4yLjPUPp6TRqTJFnY5FQz/krvohB4HWR0N3uU7/7h4+vB1STuFkXj8hD3X0jc4/fV8QjkqzEZkPSQmqpiiRHFuVQOKqm5pzIg12fdN+LGksEI8WUez2d3knVZH2ptrbCTETECTUvueobt20R8n/gm8QY27t3789+9rO/+Zu/+dnPfrZ3717Glv3b2dJh7mS1L32wG3nk1ytmdh/YL8ntnptfdFgPH6nIvo8rb/6T/6k5fUsZPf2PnSOBu5NzVen5QQWO1qPHXMWqNPDb978MxQsch4//xGFQpYHf/tOXISkQim4zR8Z6RhZ0pT9++506kRGpZUz5Xcfo8ESjrfqZnugE685ccGBQjpPJ9frRV+0GUmd87efPDoX6+oPuA2a/Z1wh4l2tPz1QkT1nQXznL19Ox1H/F785NTw5FIy6ttXtM6jB8WBQZ6ltaHEYiIjUmSdaV5sl9ZjNrrffabTqaW7k0m/OjCmBoBy1bYwTQBdHzr/3i/PZGXPtPrdVPz/xjX/KVx453uQUGJEq9VweiZCu1PXmiawZBerMABERGSv2vHl4m8jue8+duzC6MDkejjqLixwt/+5/bEk/8v6NU7/rDNzzhWLlm8MToUUyvth6/GByv/Fq8jHRSU/fvRhX1nqitU5gRNVWmvrtZZ8vtM1qe4IT6RhnLNIRkRqLq4/a3UWrqusb9Mq9kVC4yOZuarbqiSg62fMk641KA0MyUaGj7fAR1yam3ve2n7swlBqTMX7rmz/fmnleJrvPvNcr+wLhHTu3NhXppJGgX93kbtzr5olofvicNxgvrHnt6E+cBiJyCLHffDQ8MBJ271xXh9CUQM+gTJtddRYDEZlt2xz83cF+70TN/i1ZHwe8q/XdNps+Onnp/fN903Fz7Ws/bbbqo5Of/dN5jyJPTMec9Jj3r/jNm6ErbT5xeIfIVOX26X/s8suTk5HtO5x1TfrwyHg4wle+3Fwnrqen9ZnDfF+0j2xz3Tm/hyJby+Fd8kfXRzouXW1zZ98TlW53dd8KTM+G5xbiyXqNOh+LE6UOhpgspQYiYnpTEaMQmcqFAiJiekMRRyF1UY3TXCggxymePIqUoZtRIiph2iVkUSP35QiRUXSUGoiIWLHdZTEODSuTQSWqm5xeJDLZaizLe4065evv7h+XlPm5yGJqll409s3nLj1mXWpq7Gu02gQ9EZHeaNITRTbSSXJ8RbVdKEg906zYWlPpFA2kzn/T35Gx9EVbqlq2GA7NE5Fgr1rtC4NOdJaJeiIyWWwm3eiCGo2pRDQ3eeOyxzs5pSgLsdTLGYtG46Q3b7GZBofunv1vp8TNm0TR4nBVbhE4VZEnFaL4vY5f/7pjaeEFshIjepKLSMRj0TgRMU7HHrO7W+EJ16sqU9IckdHqqtjEiIhtcrhsxqHh1OUm1Jk7fV/2DEmyMh/J/GuV2CpTiqOzAWmBiIbOvzeU9Z3EOD3/fOcff0+q5PPeiRBFxy68fy+Zis4Rxcf7RmfKa4vT/xCdkJzMwgy8XkekEyyb9ETEDIKRSIlFo/HHvn+fYOzLi1aeERHjDEY9kRKPbLxjOt8Ke3jQk135Q35j53PdOb8XJjoPHZDeOz/W097LxdN777nApTNdg4qu1LXrSI2JRad6Ln4ZyP781+mW73Yzt3TZWZWIs9UebLCkPxN0en6TuGEOJ8G3lNXDWLKDqWrq69bDg8/oZP8n5z2yzlzTuMctcqp8q+Pz7OtYfad1qal+nN1BdURE8Q0z9l12rttjqCvHhezh9/UjThvSsczOY+lPZnwXOzpHF402V8s+m5HN+7uv9CXPwGHFzrajfNWYb3xSkiRv75in79bONw7v5lSViIxlzQfcmT0K40yi9cmuYTc3dSe4SFRosW3SzwU+ffzubvk//UnXG1+1myWvMnnp9OVQnC/b2bzHZowrQ70dy64ul3oYEUsvwVRzYJeb16WfNgNvWVdXQJsL3rgZihNRfEGeXsi6Y9Hf55VqGtNza3X0yAG9bvnN1d+/9MgHLT16RT+Fx0HdF+0j21x3zu+JmZ17jgTvf9gvZ2pmamxWmSPiyl5u3FbNkyqFr377D389bzbTPVm+r/LbnalPidhcPl64B74nZtwkGCkUkQbHZ7a4ihmpsl9SiDi+xGg0WYUCz/SCfzAQti1dGFVV7s8R6azu3fVVJUwNR7xZPVTHGBHFFSWm0sNX63zcuvSE6/s9QoFeryNaVJR5lTgWDQek2cc8WLCYdEML8sjtie3ilieZ4KQuSsoikcnRUO+2cxSd9KtLx5iIGaxOt9XpJlKnPO2/uRgc8Yd3by8R9BSKhCUy77Anx51qVFl87GrSa1MCXecuDUaINlfusBnUyON2d8yoI6KoMhtVSc+IGZ9ovcxoMhspFJFHQvPVRQZKdzMiIopH5IU4UWlN/W6XyGh+eCir3+kYY0SxeXkuTjwjZhL5ApqeleUCa236OhVzM+uqWKlOjXp9CvEvtb3bassass/7Pjl1dnSsx+8+5njSZT32/auL6QuIKKrMREksonl5XI6tGDU/Yrk6RkSx8FyUREzJy8JoabhDWXECeeTXP6583/5W+VzHeGoPzowlokCB0N2ujmtRV/Hktd5g/Al3IUv0lm07q8YujN698I8nB+wW0RiXx8cDUcuRPz/k5J/JPwPWh9Ct0/84nhyS6piOjOLLzdt3uEpHekMj7b/7rc8msvsjozKR2b2zwsy4on0NvuAV/1DnbyRfuUByUIqW7nlrt1XQ3Q0G+jo6qU6cutF9b2n4wDjRYqJAOPj5mX/wGDi+oqXNubT2Issj10Uk5eL5WAeYwVol6AKhwMVzH/htfCwwFHrco0tcjbuHznUHfR//k2S3GKKyJMUrjvzJ9scs3yaaekKz3s4v+J0VNNLfN526R1Vun37/yqTR4rCY9bQgjQfjVGixmFiR8PJ2y8jl4OCZk0FbmWWzIRYaHwmS6/ifvGpfZc6DMtj1XiBZxJ+XlUUi0m2ubDlcb9UT0WN2d8wolvAkK+Ndv/m1hzea3Qeanmi9RbbaKvPIzfDguc/UmhIWkUZG5fR9HG8VuJuzIc/lz4zu8shY12BWKVRvtvG6kUi456N/HuENRlv9wZ3VpYHBUP/5/+wvs9tMyUUVbT/6bvM6mZgalT199+IkOF2W5bVqg722gh/13ekfk+yVT7q0x71/WdRuEXplebTrvY/u2riZkdHHfENbRs9bRM6nKMOn/0kyGwss9fsPujatj6f3GdPSUp2PsmIN8sivNzqjaOKoQOC5pfc2K3G37ndtJjKajByRXmw63Owq1Snjgx3t3oi9od5SQLzZyBExk9moI30xb2RERFyxwOuoyJxaGGcQjES8meeI2Cb34aNvvOK0iyT7hz2Dk9HN1c2Hd9kx8N2o9EaB1xHRojIdlqfD8nQ4FJJD48HJCLPuO/RnbS6HxaCMjw2Oyqz0xX3H25psHBExYduR4831VaVFEWnEP6UaRYdTNFucR153WbiFwM0rZ6+FxcZau5GMvMnIiIizNrS01ph1tKhMh5V4AWOM5w2kMwm8joh79LoYJ5iMpONL09XiIrPZSBxfkv+XOGMGs1BIOpPAF6x6t1i7/2CViWgh6A9G+Loje8s4KuCFQiLGlSafNNPSyEYvvnz8cOtLZaVs1j8aVOKm8qoKsSj5KhiE1LF7pudNRaTjhWJGhi2vtLZWmWn6bnf7lUFyNrvMOp3JbCxgRtvuV7Y79LP+wcG+mwHFWLnv6OGDDgMRE3e2vnv0x64KsyrdHbw5JpFYf6Bl98MnuumMopkjovhsssvJyiLpTLbtrX/15y11Ipfc2kfu7oiK7LsO7S3jiWJKOKTEGXvC9XJbmtve2Ftp0YeHBseCqtjU9mMbRxxfYmRkdu09trfMGJMHP++65DfU763kdQW8aEjODK5ra6otLaD4gjwdjjIdZ2t8+53mnTUWPhYcujk8IuvsDU2HGtbP1LHYfJR0xip37Yqxut62rd5WQNHZOZUz8gYig8BzRESM4wXDUm9kXPL9KxoLHvv+Jb2t/tArZUaKK4FAUBWb2motOioSTHpGjNvEc2QUzKnXiZlEXkdGU6rKy1c0H661GSkeCcuhBVX3LSs9+Uuz+y8GKZEgjQYt2ofa//c/11D6qmfpQEOUugha+mpomVtZuUQikUg+PpFIJGIPtD/64XcfGH71B+X7/DnAd4OOt5bh1YFnBF3rW/meT9dXf1C4F77WaDREGo1Go9FQOk7dztykzCOIkkORzMzMZPAC+xYVu1TdFy3aVVoAAACA/KJN1fOScz0RI14eAwAAAOQTbapcnK7zIUaMui8AAADkKy1RVrUPMeJlMQAAAEBe0RIlKFPtQ4x4WQwAAACQV7SUOlc/Pb8TMeLsGAAAACCPaImIsqp9iBEviwEAAADySKbuixbtai0AAABAHtEuDXBSdb5U5Q955AkAAAAgv2iXBjipOl+q5oc88gQAAACQX7RERJSs9mXmeqZj5JEHAAAAyCPJsW+y2pc9yzOBPPIEAAAAkF+y5vuSBjHi7JgAAAAA8kvWfF9KIEacHRMAAABAftEuO9SNFm1WCwAAAJBntMtOcUKLNqsFAAAAyDPa1O8YEFHmNw2IiDTIIw8AAACQZ7QaDSUy1b6lOIE88gAAAAB5hiUSpNEQWrQr27Xjqz8oud4E2IjQ8dYyvDrwjKBr5b103TfdUlaM/AbPAwAAAOQZlkgkNBpNutqHGPFSvHb86Id8rjcBNpyv/qCg461ZeHXgGUHX+lbWaY1cuzToIUKMODsGAAAAyDPapWofEWLE2TEAAABAnsnM9819lRHxWosBAAAA8ow2Xe1LPKIKiPzGzQMAAADkGS2lqn2aBBFlVf6QRx4AAAAgz2gpq/KHGPGyGAAAACC/pOq+aNGu0gIAAADkl1TdFy3aVVoAAACA/KIl0iQSiXSdDzHi7BgAAAAgr2iJEhqNJl3nQ4w4OwYAAADIK9pcVxYRr+EYAAAAIL9oKZGgrGofYsRLMQAAAEB+0RJpKJEgSlX7KKvyh/yGzwMAAADkFS1RgjQaolS1j7Iqf8hv+DwAAABAXlmq+6JFu6IFAACAx1JnJvzSnJrrzYAnpiVKECXrfJpEVow88rnunAAAAGudKt/tutjnj+R6O+CJaYkoNdxJ/Yxtds0P+Q2d/559CwBgw1KlgQ/+8Ys7c993MeHBz/7rJ6Php7RVAEBEjCj5A7YJTaYKiBhxKl631Jnhzo5upfLQ4Tqr/rsuQ/Kebp90vt7i5tlT3ryHxSa6z33YK2dldMbNorNxT5Nz02PXrUp9HZ8GK4+1bTUzInXGe67DZ9t/rL7kWW8xZFOV22c/vsW3Hmqxcdn5aODa6Wu0+2hj+XfthKuubcrT8fGg+dDx5YtVp26c6hipaH1z5xO++ss7T/5SlfGrnQO+oKxE4qQrEKyVuw/scgrpf7M6c6fvy67+8VAkzvGCvWH/wdqS1POq3vd1X//9qCQri3HSGTdb3Pv27HYUMyIiNez3dvUOB6RwJEY6ziRYXtzd3FCdWSypsn9cMW4V9EREUel2V7fHNx6O6QoEW3Vza8OWrL2KKo/fuOYdDEhyRGcsFR31DU2uzDbM+30ys9UXUWzSc72rLyBNL8SIOKNQvn1X605rUdY/NOz3Xe277Q/IESoUrLb6xoY6m+G5PMcbl6oEblzz+ialkBJXPv7nG0Wie++uHVbumzpebKLjzIc3l3+j4avf+NP9W4pIlW+dfv+KP5Z9n872yh+/Wb/840Cd+v1HZ7qD8ewcV9X07uGtZkZzvku/OT+2vBJt3vmnR5usy/ZRGxZbWflDjDgdr1dRyXd1dJGYr2e08pir+LstRI3dV5TZuSgR/7S372HxiDJvrGj66evJUYgalu6N9PZ2nW9X9X980P6YXVU8KocVeT69k1yUlVlFjqmpL7XwvETnw9OhkY7r9hP7t2QPRuZmZYVFn/IsQGa2V4rXrnR8bn2rrSK9ttjEtS+6ZFPLK08+jn2o8+QpderGuS8GoqLDtau8lObGxwd9vrOf6IzvNJbridQZX/v5T0cKHPW7XhZocsQ7cLGDGY++6jAQxSa6L302ROVVtXVWA8lB39Bwz7lL3DuHXxaZqox1XRsnW21rg4GpMSV4z+sZPNte/O4Jd+qbhxq+M7oguCxFjKKTAydP9Sti9e627fq5ewO9g2fbi98+7haTb/aR6x+fG46KZc6GPfsEQ1wavtr9Rc/mo01WRkRqJDgyXejYZ46OdJ3tnjTaK3fWi0WqdGdobOhyh1r0x8dcybF4bKL7wuneMF9RWd9aLxpJHuq72tEnvLP3qX7vgmVU+dbpj65MMIuzpuFli4ljcWVk4Gr7deHE/i36x3Y8ikciMa7U2bKvwphamE7PbxKT7+fo7BwV2vfurRd1qTsZJ5SuqIOo83KE+Jo9zS5T6i6mK9osJj9EorF5lbPsPFBr02eWYRIx8E1jCVo7VUbEayvOdef8zuYn+sfjVbsOibfOesakmjpxnY0EmVms2HGgQA62B/xh1b7eNn9jMpprbLGey7eFA8+8jMr4ra0HpA/PXe6wmY+4NjGiuZHrFzyLjgOtbnSWh7CSHcff3qHnUs+Lc5uz4rP32oOTilquZ9Gg9+oIOQ8fetVhICJnTZl47syl3tuSvU5kXPm+w/92H6dP/eVWt0s8+X6vPzi/Qyxm/NafvLN1aS2OCpGkkyMzEZWSY19VDvojZqfNxNQZ3zWPLDSkB7tVDpvhg1MDv/dX/sRhoLng1c/HdLVtf9WcPkBltzl3Li14LjAuGyuaBFYk7Hn3v89sTJW7tsr8/jmvX466iouIopOeS54Fx2t/fNCZHArTFnvFjufzDG9cqjxya0ItO3ii1Z2p99sr6lLR4zpeMseMos1me8TughOsli22bxyq6oyl4hb7Iw716A0Wmy372zhksFxXFhGv3fjZdLlnTpXH+4IFrtfKrDxZ+noHAlsP2tMH/pKzAiy1zsjYjdF7IYWMlsqWtj2p41DRKe+1vhuj90JzBaW2Crd9MV2wSx4dtu0onfIOBuSiureOu0to5k5ff89gYHJ6gfGCffveg/UiU0Y/PTdW3tZSl1ygOuO72PF7qj12oCq5g1OlgZPtct3rLc4nqyXrMgdm5ya91zwDo8FQhIylZe59u3bbizHMWUt0ZmeD03el01NyZPU5J7Epn+dq/7g/GI5xJotj+8FXtor62GR3R5dae6TZlqr4TA6cbb9na2t9OVWhmR8+d6GH3/v2vmWj2iJHw6H6qZOdVwZKW+vYeMfFcc7VetBZzEgN+/s7u8cmQrMxzmSxVe5orHWKXHICxsnuRXetYcIz5o8IB0/sMWYtUFXGu9r75lytP/mux0nWLKbnHr7JZomISFUmpTm+zJ2ZGMCK7S4ra783qbhFgRHjsmumjOkYI5WWHWImIqLY1IinaygmvFQlpmcqyIFxha+w8Yyi8p1pEhvKMqMjvVjp5G95/FNRh41C4wG1ZGetuHpxVp0JjMicLbk74ZY/psDIdKSqqdWNBhS+8lUH9gnPG+PNgnH1Z/3RHQ9yjyWINKRJVn/Ros1uc905v5vYpOeWsnmbU2TELHV23YW+QNiWKcUtyorsH70efanh4Im9nDLW3X79s06L5fWtZjY/fPHChRGuZl/rEYc5EvBc6hxTVIEodXQ4NHTvs4DF3bBrt81qZrGJzo6z/k1NrUePlLJoaOxqxxcX9G1Hqgz66L0+j+xsFvVEqnL3hk8OkXdke8UOkRGp0tCYRBb+G7/MqzPD1677ouLuGoElj9ueueTh6lpP7LcaVXm0/7OLXcajbTvEZ/5swregM1Xvawie670qtjStKNjMjVz/+PMp+yv737WbmSJ5u6+c/Zx7q62M40m65vXX29w8EcUmb/r807PSTclttRURkTI5GJjX7ytc8enKWRv3N0nnLp3pGNFNSULt241WPVE00H/6E49idR38U7eFyb7uy5+emdWdaKnmSZ2blYN3OySTvbb2kMNSzjMpvayodOvsqeuSsP1YVb4NfFeYnxwKqnxlOc+I5sOhWdJXZQ9dmNGkJ0mKxEl46ClXw4FxSS3ZaTNl7gj7Lr2XmlJZYNm+/0h9Zug7OzE6y1eVmRmpkVklqhN4w9LiWEERr4tOz0ZVVVXCKmfmSfZ29PUMBcPMvKXGvbtxa2pBEWkkVLCl4eFNISJVvueTddbtyYPki4o8rxcEnTzadc3j9YeJtzjqa3fXWlHye5aYYK8UevsvnGP7mrdXr/IqZcvueClqbGrk2iXf0LgUNYi2F+sa691iZr8Rn5u89VnPsC8wy3jRXlu7u3b1CrGqBG+0Xx8ckcLMXF61bXfjtqVXXY3JQ9dOD47dkeNFos3ZsH234/EnkGwg2mSdDy3ale0T96K1RAkMjC7aaivMjIg4q2srP+31SNlzGnU6S92h5q1W3lBic+6sEdTpoKySqgQ8/rhtX8ur9bYSvrjctetgraDLXrKudPfxtoP1VeWigSmBvtH58sYf19mKi/SGEptzd71BGrwbZiVOu2nOPypHkye7jCq8xVY06/OHVSKKyj7/LG+vWqXIo1JkvOu//N2vfvG3v/rF3/7qF3/34SdDXN3hpuR0jWjg1qCyaWezc4tg0OuLra6Gly2z3kEZV5Ncc/Ti7n0Vck/v8ENn96v3ff0BVtXQ5BTNeq5ItO1orOQCt/0KM9urrTTlC8wQEc1JvoBqqRAoMDw5R0QUDgxPkui2rTYkZZvcrXsdFAzELC1tblFPRPMTg7flouojrzU6rcVmseLl1l1b1ECf/366qxTYW1871ryt2rYp3QcX5wK9Jz+6Llt2vXn8u58Yuk6oYV9vp4/sDU6rnojUuErEFWSPBhgzcKSqK95aqjzc0X1PX7PdnTXEMTt2vXmi7Y3X9ux7SYwNXjrdPRlNPlgJjigmh93EiEidj1FmrkJqJRxLrTyuxKIxqeuTyyNk23mgqcVVMjd05WT77bBKRBSeHJM4m2PloCoq3fi8Txbcux3FRESqGo3Fo5LnbPtw1LKtpW1PvS3u7+w42zeFXcQzxUT3seN7bPGxs7/+9S/+42//68df/H5kKrrKAx/qeEnxWHDYKxc6G5sONr5YpAxfOHXJm9mpx2aHbt4jm7uldZfbSoHujo/TvWu5xdDgrYCubOeBPU01m6KjVz44MyBljldG7vUNLQq1Da8219q5qRtn2j8bmX8mT8Q6xBIJ0mjS1b5EAjHiTJzrzvkdqNKIL8C9eCx9EJOJL9aVertuBuutmbOCqKhUKEp/mnA8xyiuqqTKQZlMWV+tmWArKfJMZRatE6zl6Q+hqByUlAXl/Ie/OL+0bp2lLE6ctaaCHxz3hWJWy+ydoVne1bI7dv3saECuL+FDo/6I2VWzWn2AUfZ5D2p0VgkGPO3nw/tee9VlUAKSHJE7fv3rjqy/ELav/ICG3GNidbNLunD5tnhg69ILHZ0KSAtyoP0/3cx6KFfmVlUm2NyW3ku+YLimmAWHAzprU+OLvvNf+oLz1XY14Jtitr22R8yQYbxQXVroVytsydKlGlPkuN5SIWb6urHExlNPIByt3UREjDPbLYbs7hcL3Tp7Kl7kanorPS0nj835e09fHDfWt7Y4k98lmI4RRRaz30eqOh8jji1/KlRl9NNT16XShmP7ln87YAbRZhOJtjirndaO97o9vlqxTqBwYEzhK+zJCh8r0FFs+fmOakxNrTxu1FFEZg1HU/NknFUOG713zuuTK18WF4OjMmdzCw99IVGnBs59dnXOdvD1pdndTEex6Xj5iZbUlUacFeX6cyc9tyZdONftmWJF1q0HT2w9qM6H5anA0K2ec7/rsf74zaPLvkau6HhEVGCr33OotsRpTxZiq9wO8V/e77oxGHbuK2FC9e42oaiiKlXBdVU7N5/5bb/X32B1Zlfy9eKOvXscQmV1slrs3Op2FLz3sW8guO2gjTPbaw+2bbfVWJPva6erQjx1pqt/PGzflvfv9CfBNBpKZKp9iBFnxc+myz1LUWnAE4xMB9/73weX5XXekYay1BzcpTm031rWH8aJs7S+01a3chwrVjqFW4O+qbDuni+yye0QrWolPzh2R6q0+u5FhW2rVHGSC3/ovAdnpRD73VnP3XCNUyXiSmvffqdhxYlMeX6O/vrEzM6GncFLnZ5N+zIzauNErNBx4Pgx58prTjGby8oujgUUCxuSmHWPXSzRWahzaDIsLPpCzNYmfrsj18u/EzGWnXloUEc6zsSzsCwFpUiF+Zlfyy+X5gK9p8+N6RsOHduZOe5SYOYNJN3PnKBGRGpkNkoFgnHpkI+qjH/28ZVg6a63Dm979NXjWNHmEqM6LkXixM8HRmaNFZbke5kZTWYc2s0pAAAgAElEQVQWV5R5ldKnPamLc0pcL5r0jDGjQU+zgrA0j0IviDwF5Eic5iaHpYLy1pJlY1f1vvdcR5die/WNPc7M68U4nueIM1mXZlNxvMXEBmeVGBHGvs8BM5hFm1m0Oap6PzjlGwhus6avz7NaxyMiVmSrcmcvwVgi8rpgZF4lYvpN1a5N2Us3Cpv06sxcTKWi7C7Iic5t2RPf9LzIszFFiRFxjLe5XdnLMImlBtV/P6ISxr5EpE3N900QkQYx4uw4153zWwuPekdilp2vtb1xPOu/o3tc/NSAR1rtgNESZiwx0mwgOJs55iT5JeURlVXGizzd9wdXO37EzI6akmjA57sZiG2utPOMCRVOYd53c2wgEBNryp54vxNXVVVV5+PEjKUmpkgTq89x0Km0mLnBEanxlefiwHNm2NLYYPH39gTSLw1XLBjj0vjUqj90UGSptnFTXo/PG9TZakQ9M1hdFhYc9nhuS1yZ2/LEl2hlBkHgonJQTvd1VZFGpLhRKH7U+IfxlQdPtNbR8NmPu3z5O4kmOjlw9txtqm15aPzB2y1Fyj1vIP1GVmf8g5OqULE0KXMu0PXJF36+4Vjb8oGvGptbXsudU+5HqEDgdGpEGpkudNjTb3S96CglafBe5tmNSmM+RWepKtETFVkrrca4LGd2OxSVJYUMglE3F7wbYhZHadbEcXXGd7HjkiwefD1r4EtExAmOMp5mJ5XMl+GYEpxVOdM3n1oA34ManX/oCoaMFRCplD4h8hEdL/m3sWV/Gg1LEeI2G1iydy0/UBCRZ1RWzHPs4WUsX31UmVLIwPPcKtumzkvyPOM3PeLEvA2HaYgSWdU+xIgzca4757ekTvk8QWZv2em0Ld/LqHxk7MNe30SDtfrRJRAmlLktfR3XrnRxu+qtJHl6OwdnicyPeHBFvcNztrvrEjXUV5hJCfr6B0ZY3bG2iiJiZnul0H2le7rA3lZWwojIZK/Z1HXxyxBXdshuepI9T1SRJnze7pFFsbFSYMTsbifffrX9CmuudZRykeDYjd7bqqv1VVcxbzWxwfEbQ5UtrhI9MwgiN+e/5ZsscVsN2MXlkl7csa/y5EdXIuxFIiK94Kq3eDuuXDD+uKnWZlSn/IPegaCpKfmzF0Wi28Y+7PfQZtdbFi41GqbzPf0kbG94xCUAVsVZX6oUfN6Oi5taGyv5yPjVzut+srS6HncaDuNtLScOG89c+PSjjrnjLTvEfBsuqZL37BmP6mp9eMYCkd7i3u24+2n7BTW4rTp5fd9R5jy6NXWAJTrZdeaSz1j/5uFtD70Kc/4r77VPWRpqnaKBEcWksd/33lXFPXaB5obGklclSz2UFTsaawdO9Z48dX+ny6KfuzfQO6yIu15NXnyGr9jd4Pug+9LZyPadtSWq39t1bUy17XEKi5O9UzrLnqz1zg93tn8WMLccb3KueD2LbLVN9nuftndQ4/ZaCwsN9nX1zYr79uf7BO7cmr9z8dTZgGFLzVanzcwxisnjA73DMu8+aDE8vuNRdPLS+x3+ogpnlcUiGFg07OvvGyHbq04zIzU8eOm9a/PWqkq7rYTXxxX/rR6PLDQ2lheRKo92XbvHb9+1w8qpkvfkR16yVzrsVtGoiynjA9eG5yy76i0c0fydi2cuSGanw1ZuMXM0Lw15rgYM7tcrUPRNSs73pdSs30Ry0EPpeZ/Ib+h8rjvnt6PKgRHFXPuKZcXenpVU1To8132B+WpHAW808EJmXMgYZyjiCosYEdtUd/gwu9Z74/MzfZG4rrT64AG399qUniWvOl5YpJiyBgWG6gOvHfN4+vou/UP7bJwKS6u2vtxgSR6bZkJFvdMrS5baitS0QrPd7Sy9L1nc9tUPK+uMRi4y1PVf/q5rKbPZ4mhu2+0qYUSktzYdPyz0Dnjbz3Qoi8SZ7TXu3RXFjMhcs+eg1HWp43d/31f79omGLXv37Ji7cum/vdfjavtpmw1neT8njDPzpofmZTKx+lBz8OO+Aj0jIlbianmL8/b0e072dUbiZLRU1jdsS38kctZat23cy2q3pjJ60f2SxX9TV+96/NCX44wGngyZU6n01u1vvmG62nPr7D9ej8TJWFrZfHxPcmYOKzLojcy4VDrS6fnCopiJIyK9+PLRw/r2jp5r/z979/vUxp0uCv4R+g4tS4KW3RRdI42bIECAXFJFFHiEDRhsWEOBg8dhHBeTyZ072Vv74tR5uf/CfbF3a2vqvLi7dXLm3JNskmP7OL6QmDIunIANBI2hUFYUwggsBTlSql20rTaSLHG+OtoX+oH45fgHNjY8n3J1PTwSrTb9SPrq6W+3fKbuPfY1b/HAzKw3sgqOr//BsZbVVLd+3F2hJYXmznMap2PU6eh7uArKAtOptjZTutEe9rvdwdUIjP/1L+Nrv3nI/MFHJ8pMTWfjk6OTjr5bTxKg1BTzgq2lo7a8CKIud0gj1OWOTlWGmg8/KhgdcU4MuiMJYPTmrk5zZv4S4W1tZyND1xw3P3UAwxYbLS1d9gpdzDcsgqF1bcIDlfzOuVA8Hrr2ySfXsqtWcvW951oMBEih+XRbeGBoeODrSVCyxYdN7d3pVw/0qqgrT3W0jU1Oz433TQEAKFmurLrlTw2ps5mfWngqQ0t3k2rM5R6Zn0iAUqMzGG093dbUt/3pLE1n6dSE0zX4wxOAfFavN7V3N1p4FQCNSUteP1dRCwaG8NauThidmp8YmIkDMIeKjZaWD+0VRSS1bW1xx+SdGYfTkQDlgWKhtOWDOvyevyxFw5//vySkvswAl7hct7z5380AkMxc6DeZzN4CyWQylU+u/ZSTSyaTydT9k8lkMv7veb/59Yt/N9pPP8sv8+sIvRgsvDfZG7p3wv5vLk9yp7uPGV5q2BkLOC7eiLf04plqu+AFSouKrs+v+mt6u6xvXkm+ai/5TPzpZ5n51X8oFAoAhUKhUCggE6d/zv4I2XtAak5mMtuhSwW/Is/RsMvt+67vAmJ+3+cRQgg9B61w5s/Cy69GZbD/6c87sT3o9SBKLcMwyme4J3ozpK7zAJA65K3IzvUEzGMeIYQQQk9HuCM9fz6y21uBnkNeMgkKAEimz+5XACRzYszv5/xuFydCCCGE0A7Lg+xhbkhijPG6GCGEEEJob8mD7PzOVLcPY4yzMUIIIYTQ3pLu++ISl1ssEUIIIYT2lrx0iy91Xn8yqciJMb/f8wghhBBCe0te5lT/VLdPkdPzw/y+zyOEEEII7S15ANt0ATGPeYQQQgihvSXvDeoyYv5NyyOEEEII7S2Z+b5bdQExv9/zCCGEEEJ7y/r5vhhjvC5GCCGEENpT8gBSPb/sxV0xxhjn+yKEEEJob8r0fXGJyy2WCCGEEEJ7Sl7qa2xh0xLzmEcIIYQQ2mPyFOmpndluXzrGPOYRQgghhPaY1HxfRU63D2OMszFCCCGE0J6St7nbhzHGmRghhBBCaE8hSUgqIH1x12QSY4zX4t0uzjU//Szv9iag/QgL702Gewe9Ilhaex5JD3Sy3T6MMc7Eb47f/Jrd7U1A+85PP8tYeG8s3DvoFcHSei5v6eeEvCQkARRJSAIAxhjnxgghhBBCe0xeqs+HS1xuXu52cSKEEEII7bC8ZDLb51u/xPy+z+92cSKEEEII7bA8hQKSOd2+tRjz+z6/28WJEEIIIbTD8pIAipxun2KtC4j5/Z7f7eJECCGEENpheemeX6bbt3GJ+X2c3+3iRAghhBDaYXmp67lmu31rAyDM7/v8bhcnQgghhNAOy1vX+cMY45x4t4sTIYQQQmiH5SWTOZ0/jDHOiXe7OBFCCCGEdlim75uzhE0ZzO/P/G4XJ0IIIYTQDsv2fdeWsCmD+f2Z3+3iRAghhBDaYXmggGQyp/OHMcbZGCGEEEJob8mDJCgUOZ0/jDHOxgghhBBCe0u677u2hOTGDOb3bR4hhBBCaG9J9X0h1e2DJCggJ8b8Ps8jhBBC6Ono4yWvGKa7vRnomaX6vpDT+cMY40yMEEIIoaei0o/DNya9kd3eDvTM8rbs/AFs3RHE/P7KI4QQeiFUnP78n7+7F37Z1YRmrv/TVwuhHdoqhBAAkJz5nZCNISfG/P7Nv73o4/mbgyNyeVd3jUH12h700Z3LAy59y4fNWzxmyD10aUzZ3HuyUvuca5UD9yR1mfEgSf0oui5edWlOvPc7c+FObTjaATFx+lvHpFeUIglQHmC5IpP9eIs5vddeTnxppP8Lh5T9Wckc0HK82W5vNGFV/DIq+0ZvTruDkhxJgDKfM5Q3nj5u5jJ7hj6+N/m34Snfg0iCYTmj/WSHrSj9/KWP3CPj3y+IkryaAKXmkN7a3NRoKiQAADTkdQ075v1iKBIHJVPA6d9pbLVXZlcLVPL6ZE0VpwIAiIl3h0ecbl8orsznhMrWdnsZSwCoONn/L98+SGzYYk35+/+5Lf1CQaNet0SEuszLRjzgvH1tRCw+fe53ZnXu/3LZ4xqdmvf6Q1SjMwiVdc3WSnYnqg89FZX9d8Zc7oD4QE7Il/71jpa3njh+1MAAQNg99NevF9f3gnX1fzzXYmAA4kuDV7/4Yf0nGrbygz+eLNMCANBwwHXLMeF+ICeUmuLDda0njglq2CgecI4PT/rFh0/iAIyGK6k93l5vyL7DbFN1CACApIY7kD67P4kxxtl4t4vzxcVE9+jCKhD3xEJ5j+V1jQboqhxeeeCcclv4Gm79S0wsMDm2KMn6+MZ3uV9eqeR2XJsp6vnoRIkKAIBoOPO7ZhXH7OCGo5dEw/6hy4POCG+x2OuLD0BEWvL6XDcGqaq7w7j5Het5JSJyVHmosqO1XANAY1FZXg74frxz9WrgVFdPHa/CqngKunyn/7vpGG+yHC8phrDPN+N2932l1HzUUKICoI/dA19/48k31R0/xkHA45q+MUg0586Y1ADxpZGh63NQUmGrMahBCrrn5if6h5iPuo/xhMqLw2M+EGztdjWhcTl43+Wc6Rso/LjXWpT+OBK6t/CEs+i1BGKB6YuXp2S+srGzVhW+P+2Y6Rso/PC8lSeEt7R9yIdi2XmidMX17biH5XWZT880EvQ8PGBq1hEAGg6Mfj004X8CoNTE4xTU2fG7ODlw0UHNp05+fE5HZNE9dvvapRVV5kUDvSJUmr3y5e0lojdX24/pCxiSkD3TowPjXO/JMi2NxaOU0deftgmZvUCYAt6QepImIpE4U2xuay7VpG9UqtiDfGrcGg4MXx6YjutrWlsMEJ13To3039L2tlnXv62EPbf7RgIaY3l9Ha+l4r25xblbg1T7+x5LIYGnVN3r/Ru9qQhATrcPY4w3xG+l6NKUL1FxvIuf7XMuitU1r/HZns+y8WmHz9RZkdPepeKMc4nomBd+H0ok1k6i0Bpq6g0vvZ1oB9HQ3KRL4po/6jyWLrUKa52dxqKUvPzAN41oeUEQdNlKrq8TJ4cujnw3yp9rExisim2RoqPnPzyqYtJ/OfMRc+n1TweCAZmWqEgs6Br1gLm764xJDQDm6sN8/9Uhx13RWMMTpqS5+++aGVX6N6usFv7iZw5vMHqULyRs1e8+qlp7FFMpD+JFz+MIhdTYl0pBb0RnFgoIfewec0qcPTPsqDAJ6s8vT3/vLf+dSQ2qQoOw9uE87P0uGCuwdlZmX7LCfp+kKW3hCACEg4siU3W2V+fuH4/l/h9josu5rLF0tZh5AgAq4Wjrb/2fjU8s2Epe2yf//YhKntklerijt31tVGosrcm9i0qtF4SybY71Ec36J3VmteKMwxXRd3zUbmUJAJgrisj/OzjhFE2t644oao1NH/99tj4rrLYK3Wf9Lq8UsxRq6WPPU6oOpce+mYPduMTluuXbiUq+yWC+5b3DBhb0k45pf9Va740+dvUPuvU2c2TxzsL9BzJo9OVtnU1mjjztJoCY6Juecs14RSmSYNhi84mTbVseziZK1mjlg+4Jv9AmZJpwsu/OnNJq451jK+mtCIvuKde0xx98uApMgWA53tVcqiMAYd83V10qWzl4Zt3+hPF/sdHvhuciAPDg0l/mAfKNnb/vKZWuX3ZpT7e3GJiYf+ziSKKm9uDSD7Mef4gyuhJ709n69OtjTLw7Ojbr8T+QaT4nVDa22s0coeL0v3z2t3UHWYt/+/FHr/PjwR6UoEC0hbxm3R+RqNJtuV/Y3bVmzYLL6X0g0wPFprozp4/wz/QZieFtddaZfpczWC+UasO+bzJVsd2uBwAIB77/dtzplWR6gBNK620HPWN+Y3d7DUcAaMg7dXNkcenBSpwp0AvlRxtsZn4vNJKJitn4I0k9E6kcEMPsYWv2aDIpNFoMZOB+QLbyHAGy7uMqIUpCgMLmYzfxZY9zeC7OvVuR2XdU8vtktlRgCcSkew+Btx/Ojo5UfLmZnXV6l2MmYd2upsuuMR/VH6/XZzaYPvZ7JEZIH0bSmU5cMAGEfe5NW7DVBQaeBDxi2FL4nHOs0PMhrI7T7OirJ40G/CtEsBqz8xO0vLW0wOO/L1ODKvehyIZ2Sr6GKIFSAHiOqtuvMn1fyBn0wKYl5vdn/q0UDzhn5UNHzDwBoq8xKq9N+kNCVeaz9aokS96F8di79o7eE4y8ODIwfv2mXv9+le4pN5G46L0bhMPN51oM2ifeiVtDN27zfOfGiQ0pbFFdcfDKxLyoT33gji9NuuSKhkburjNzl3BwwSPlW5u7z+qV8tzU4Mitm3qux1xI41FZDM4MLHMVRxo7S41GXnek/NhE/+c/HDz7n0+WqQAAqHRflh/RSAIAaHhFCv54feydxta2/60T/JO3ro/dHjWcaxMYKt3tu+yglhM9p/VsYsU7eWt4wKE531DC1/yv/3u6MUGlu31fORl7OQ58Xw7hjKWcY+ra1e8am+1WQb3hz/kLu/tGtLqh6YNTBXHf1LXB8evF/If1Rc+0Q4hO4PPvBAJyrFQVj65VxXa7njyaHhgc8aurmzs/MOniftfwt5P+sJqNJQBIzD915SunbLB0/NGqJ5J75NY3V1eUvW2V7Cv6o+2WaGAuSNnyEpYAREMPVkBVkTt0IZoCFYhiJAEbn9005PeJtKheKMjeEHIPfZqe0Jmvrz15ti479F1ZWlhhKw7rCNDIihxTcmxOVZB8LauMPVyJUcgdyoQ8zkmpwHq+dK0RGBE9D/LL7Fu+0ORQFZkExukcG9afbDQdJGHRNeIUQUnllQgFLT67XxXCGcs5x9S1ftLcWlu55V6icWlu7MrM4j0poeUFs702O0cfAGh82TM25J7ziTE1L7xT01Bn5RmgTyR5VcUV5oxQlRouHxYehWLAb/9Rhkr33ZLSUMtr4Tmqbt8iSUimz/FXQDKJMcZr8VtJ9k8vrAqnUu8fjMFSxV51OcXSFkO296NU6mu6WquKCABrrq++e28uKNHU4Hi7m5iS+o6S9K8XWuut7gXHkrS69dgXlFqTzToz9L3nnTPmQhDnJ4IH685xqodr99CZGnpMmdhWa5nzzwSf0MxZSprqk3/oLn3mbk2BufXEMaMaAMx1VvfcbVGMUkEpzrhETVWPvZRXAQBjbrAvfXbbFYyWrLXAH7luToWEpgt4dtRLI3zNhd6CiTHn8JefDirzWY43Wqx1FiF1ztRTd7eSs5zsSI2Zqm22Gd9E8FEMip5t7ytVDAOJ1XWHv4Fut+sNGt+0P6FvbjtTV0QAwGJvi4n/8u0qAABEl2buStrKnvcayrQAUHisnQY/uz3pfVRm25HT9d4QNOR23HSDsdNsUAEATVAAJn9dK42oGaB0Ux+VSvODI/dV1Z25cy51puMXeivD4RXR75uZGboCnR+2GlQAVA565AKTsYAAUBqNA7N+tEEYAhBJrHuQmOh0+InxZN3aKxWEAosiI9T/0tAXgClrbu9KfDd09eIkACgLBIutscI1FFylNN3gQq8C4a0959Wjt6b6PnEmlAeKBcFss9aYirLDVhq5PzmnttrsZogueebvXB0In0vNJgeARDw479JUWhtaamKiZ2b+2uUQ9LZbmXgsoVRqlLmPQ1QMQCLxlNNFYuKdbyclztZhKgQAeMaq28dI6mtsIXVxK4wxzonfQlT0uP3MOz2Zg5iEf6em2DX8Q7DOsDaa1BZz2V4IwzIEEtl3iK1vAgj7Z4cnZoMPVkKR1QQAQL7pKS8h5KC1Xu8ecS4ZrBHHXag+WaYlNGfsS2X/nRGnO/hIDj9Jnf3GcvH0JpADhgru2Q9TEqbAwOZntphhCIRpAmhUDIYiD6RP/+LMue+B6rVtpoHJ2xPx8rPNAh4S3REqvqLl/YoWoGFJEoMB1+TQP47pms93HTMwT93d+Zy+IP1OSRgtowSaeObxSiIWj4Myf/1x8213PY2EIkRXtza9kLA8r2PuAwDQuCwlVPrSta6SpkhgYcIfitkO7pkKCXsdV274NHXtbekPHkRJACKruU/l1FCVrP/7U3nhm8vjYrG9Z8MlXIiaFwQeoMxcaTYMfjridNv4Gg5C/kWZLU0fsyb5SojH1r1c0DhNP3g2s7ww6ZKL6jsP5/y1o8EFiRGs3LMcolYVWTvPW09Hl2WqZQtVJH5vwAlEzeDA99UiWkNVR29VB42GpGX/3OxE/79NGH574VyNQUV0RltHZ61QbUg95cyWUv7y1eEpX8h4REfyhbqmLluROX0Bnwqrif+fnw3fmQmZ7UqiTCQiueNcSmNxgEKlcputoMvT/ddHw0LH+5lT2Z6p6va19HzfZObbvDZ1ATG/j/NvnZg47QxGHgY//cvMurzS5bEfzrRpn/Lk3+YmeWGwf1wUmnr+SxWvAggvXPkf40/fEJXeWqMZuNm/DJRvP11Ecifk0UfTA0OjsfKz5zsrOQL00fTlqxPrfvv5Xp0I2Xz/BAUla2n/uHPrqV0x/9TQjLKuu/b1XQBuvyBajtdyfFkFr/1sYHIqaOV17qfu7hd/L4qF/OKqijewKoC1Cyltu+tj3l8qrPXdTkI2Zt5qYb/jSv+iyt7VU5+dUJ2vY9UgPsqeoAYANLISg3wup+tGZd/1S7eDxcf/0H1k+8koRHuoSEN9YiQBbNTvWdGU6lMjHqIp0JGELEcpZAaidDUsJ1R8wVpbLhycnBBV1W3rTsIPB+bF/JL2oud4jhJ1EZd6iBW/GFfxOpzw8JoQtY4XdLxgqnB8ftk9HTxiMDKEFayW3PsU8MVq6n0UoaAjRCtUWHPXoCniWWUwEqWkgNcqPZHHORMcEhFpFZgDW+9N+sjVPzgsC2c+aDJnpgg/U9Xtb3mQ7vatzfJc3wXE/P7Ov1VCCy5PXF//XucH53P+nWuysMvTTjH2DGvYEo2thKhasKQOIgONP/nl764kheaGSqW0wtbZNl5miEalMHDGqrLUWJyuSuGnXflMSQBo/PkGIUTNsUxMDEpb/p/D/uGbPm39cTzBbafQ8KPlDTVBGA0BoJQ+5+5+9scU5yZdUoHZpl/Xl91+1xOWZ2HFH1zJbGhc8gZD8cxvcUxMWvstKoseMaFZN+nwLRYLTPf13wVbW87AFwAIa9Rr5fsufzSdoI+9MwHKlZZkTzMK+4e/+s7L2ns61w98aTy8vqsWlh9FIJ9jlDQieh4eMBkz/XUVbyoGcea+lLl7TFx0y0p9RXZQS8U5pzvO19frc//a4eCPD4jeVPwspxvSsLQcytmcsH/WIzFC9fOMm9Hzo7FobMPznuQDUIDEFrfSqChFCXswNb+cxuLrJ72ExAgwh9SEFBhKddQ/75Uzt4dFl29FK5RucQSAPnbfGByS+I731wa+8ExVt9+RJCQVoEgCKFKdv9Q0z0yM+f2cf8vQZbczSIxt9eYNHS/KRha/cLiX7IbKF3reE00Rr4r6J2fn2SNlTMg1dleKJ37xQDDhrT0flRJ202xaUmDglC6Pa9r4W2sxBJzTXjkB216fimj5IlVscXLKz9mFZ37dYkpqrdyXjms31K32coMmHliYnXSGjJ3tR/nV+VuOAG+/UL2X5nHurui9b/u/8hDBVG6u0LMqABr1TjkmH6gtDQYdoc+zu38ZDS8v+fzuGbc7AGWt7Y3ChrHRU3Z9eaNl9srY7WHmeJ0BRPfkyEwooSxI/Zbh3XLO7Rq8cbC9oZyN+EZvjntB32755ammbz4quvquOqmlfeOMBQCV3tpo+vGbgWs0eKQydX3fBWI+V5X+VBgLDF8dcmvqLnRvvPhG2Hv704Flvd1m5tUEIC4ufu/4kfJNRg7Cc4vZq5IBAJBCU4Nt+rLj4uVH9Ra9Knx/2jEv88fPZGfeh+9/P7XMWrrWjV0gGphbVuqbnumiHzTkGugfjfA19iNGVhkXZ4fHfgRTa+MW34aAdlD03o3LfX51WXWVWdAxBOKSb9oxL7HWDr0aIHrvxtVros5sEkr0Ogai4pxz1K+2vl+qIwCxwNBng15tqblCr+fUJBZyT016QDhj1hEgvKXOPDd4/ctB0V6eur7vHD3cVc+rAKi0MDx2n61NfX1GdP7mwHW/ru18i3nDM/UXq27fI6lBjyLb+UvJxJjfz/m3C5X8HllnO6Xf9GZBiipsJue42x+tNOWzGjXLZc9+JYRRa9PHkra/SSW0vWfv+3r8q0/+BgxnabaaJReoNs29IkpWUxDTZKfYER13cO1G5iDLJhglACm0nm6Tvh66+eUXN+GAUGuvM4VcGoYAEEat0ai12nVrVgl1XQ2hvlsD/+gA1tL+n06oNRq1VqUEAKIt0LCJtcOzRK3VqOPafAIAvPVC74EJh/vmZYcUSShZvbm21sQRGpganZEewOA/ZGeF5HyZEHoh6srOcx/opyamXINzqVm2+ZxQ2nq+tsaoBoCn7W62QLe2/5SMRq1KbJxsCqDUaJj43O3//n/ezqY0+sqOj45bM9cgS1dOqiq22fUApKS5rSM+9M3X/zYJoDxU3tJsdt28n3o0laH2wgcFoxOzff88HkmApri89XzTNmdzvl3igZlZb8FN7foAACAASURBVGQVHF//g2Mtq6lu/bi7QksKzZ3nNE7HqNPR93AVlAWmU21tmQughv1ud3A1AuN//UvOHKdD5g8+OlFmajobnxyddPTdepIApaaYF2wtHbXlRRB1uUMaoS73L6cy1Hz4UcHoiHNi0B1JAKM3d3WaswddQv67fhDaa9cfhQmLbhEMrbmfduNLN69+MZX5JrAbF/+PG6Astv2p186rio6d79Z++93QjcFJAIAD+ndbuporNl04Fu0sdeWpjraxyem58b4pAAAly5VVt/ypIXWpO3Xlqba4Y/LOjMPpSIDyQLFQ2vJBXU3qA4nK0NLdpBpzuUfmJxKg1OgMRltPtzX9vWtaoaP3nGHEMTE2PBkB0Ojru0+krvULMWnJ6+cqasHAUMnvnAvF46Frn3xyLbtRSq6+91yLgTy96pCi/k9OBSgy3d9k6pu91mUwv1/z3/4/RwDWvuQimVy7HFoymUzlk2s/5eSSyWQydf9kMpmM/3veb3794pdK+uln+WV+HaEXs+cLL+z57tMbK/W921yt7832hu6dsP+by5Pc6e5jhpf6k8YCjos34i29+MVsu+AFSouKrs+v+mt6u6xvXkm+ai/5TPzpZ5n51X8oFAoAhUKhUCggE6d/zv4I2XtA+mspst8+mwp+RZ7jaHW275tZJmFjBvP7NY8Q2kOi8ze/c8b1VkupUMxE/K7hG/Mx7rjAvn0D3zeXVjjzZ+HlV6My2P/0553YHvR6EKWWYZjtrsOA3jzkzew4Yv5NyO92cSKEdlA+bywiY/NDl/4WSQAwBXrT8QunrM/2RRoIoW0R7kjPn4/s9lag50Cyw51U5y8dA2Ae8wihPYTojPYeo323NwMhhHZZXrbPBwAYY5wbI4QQQgjtMXkKUCTT3b7cZRLzmEcIIYQQ2mPyksmkIt3tg5xYgXnMI4QQQgjtMXmgyOn25cSYxzxCCCGE0B6TB8kN3b50jHnMI4QQQgjtMXmpnl9Oty+Z7gJift/nd7s4EUIIIYR2WGq+ryKn27duifn9nN/t4kQIIYQQ2mGZ+b65XUCMMca+L0IIIYT2otz5vgqMMV4XI4QQQgjtLem+78ZlclMG8/swjxBCCCG0t+RBMgnZ+Z3ZpUKBeczvdnEihBBCCO2wPFAArHX7IKfzh/l9n0cIIYQQ2lvyIAk53b50rMiJMb9/8wghhBBCe0tepueX6fYls11AzO/7PEIIIYTQ3pIHSQBFTrdvLcb8vs8jhBBCCO0tBCDV+YNkqs+HMca58Zvhp5/l3d4EtB9h4b3JcO+gVwRLa88jAKk+XxKXuNy4fGP85tfsbm8C2nd++lnGwntj4d5BrwiW1nN5Sz8n5K3N7EwmMcZ4XYwQQgghtLfkrZ3Qr1BgjHFu/MxVhBBCCCH0dshTAEBquJNMYoxxbrzbxYkQQgghtMPyklt3/hSYxzxCCCGE0B6T6vtmun1rcRLzmEcIIYQQ2mNSfV8AyPT8UmOedP8P8/s6/8xVhBBCCCH0dsjb2PlLjXw2dwQxv//yz1xFCCGEEEJvh3Tfd+MSNmUwv//yCCGEEEJ7TLrvu3EJmzKY3395hBBCCKE9Ji8JyXXdvrUY8/s9jxBCCCG0x+QpQJHM6fblxJjf73mEEEIIoT0mL/09BplunwLWuoCY3+d5hBBCCKE9Ji/T81NkB0Drl5jfv3mEEEIIoT0mL5lMrg16MMY4J0YIIYQQ2mPyUl9nkBruYIzxuhghhBBCT0cfL3nFMN3tzUDPLA8gme32YYzx+hghhBBCT0OlH4dvTHoju70d6Jmlr/OQ6fZhjPFajBBC6MVQcfrzf/7uXvhlVxOauf5PXy2EdmirEEIAQJLJpEKhSEJSAQqMMc6Nd7s4XwJ9PH9zcEQu7+quMahe00MGJgauP6g821lVRHKy0t2+/lmutatFYHLuHA9MDF5/aL3QWardcmVh3zeXp7Wnu1oMDADE/GMXRxKN506UbX1vtMuofLfv0izb3tW2bi9DzD92ZQwazzWU7GQR0mXn4KUZXdf59auly3cuD3pK2y/U5xbg09YjTg5+Eyzv6azSPdsvvKWo7Bu9Oe0OSnIkAcp8zlDeePq4mcv8n+nje5N/G57yPYgkGJYz2k922IrSf1f6yD0y/v2CKMmrCVBqDumtzU2NpkICAEBDXtewY94vhiJxUDIFnP6dxlZ7ZXa1QCWvT9ZUcSoAgJh4d3jE6faF4sp8TqhsbbeXsanVLH//5dWRYCJ3g5mKlo+7MzuFRr1uiQh1WogHnOPDk37x4ZM4AKPhSmqPt9cbtABAH7u++rdrvtUN/3GmtOnj94/s7Z2766jsvzPmcgfEB3JCvvSvd7S89cTxowbmlwovvjR49Ysf1n+iYSs/+OPJMi1QafbKZ7e98dzblMKp31+oO7huZz61eMLuob9+vbi+E62r/+O51HsKIpAd9GzR+cP8/s6/tWKie3RhFYh7YqG8x1L4Wh6TsJw6MuaaqS1vMWRfoOLijNPzIMRM+uuEirWBa1ic/mFZVavbbkRE41FZXqGR9IsaDa/I0moksc290a6LRUMPH3gGx429J3M/n9DwiiST2A7PAiQ6Yzk/dnvwW8Mf1j47xZfGvhuWCtpOPftQJxGTQrIUjT/DXd9idPlO/3fTMd5kOV5SDGGfb8bt7vtKqfmooUQFQB+7B77+xpNvqjt+jIOAxzV9Y5Bozp0xqQHiSyND1+egpMJWY1CDFHTPzU/0DzEfdR/jCZUXh8d8INja7WpC43Lwvss50zdQ+HGvNf3Jg4buLTzhLHotgVhg+uLlKZmvbOysVYXvTztm+gYKPzxv5QkAjUoRYKubWi0F6R1HlNpDfHYv0kjQ8/CAqVkX8wz3jQQ0xvL6Ol5LxXtzi3O3Bqn29z2WQkIKzZ3d7MMozVZaxDc8OA+cToUD31eJSrNXvry9RPTmavsxfQFDErJnenRgnOs9WaZ6auFBIhKJM8XmtuZSTXplShV7kE89n2MrYThgPHGijlembyQMV3xw4858WvHQWDxKGX39aZugyq6jgMeBbwaBVJ8Pl7jctNzt4nxh0aUpX6LieBc/2+dcFKtr+NfyBqDVVxq1g545qd7Ap19tYstuT5QTuFhw3iuXWtn0doSD815a1GgswDemvUOjqxbiE7fucqdfeRuVsFXtp8Uv+m8NCrqzloMEIOwZv+ZcNZ1ut76eWn+LkKKj5z88qmLSfxfzEXPp9U8HggGZlqhILOga9YC5u+uMSQ0A5urDfP/VIcdd0VjDE6akufvvmpnM8LHKauEvfubwBqNH+ULCVv3uo6q1RzGV8iBe9DyOUEiNfakU9EZ0ZqGA0MfuMafE2dODXagwCerPL09/7y3/nUkNAABKTTFfZty6Wx/2+yRNaQtHtFzTx3+f3ZgKq61C91m/yyvFLIVaAKItKln70BUPjDgkbemZutd10GufopJndoke7uhtt2b7/cbSmnT0tMJL5YiGFwRhm5cLhjPoy4RfHKo+rXhApdYLAh4t3BJJz+xUKJKQzIkB85jf7eJ8QVTyTQbzLe8dNrCgn3RM+6s6jOrMbY9d/YNuvc0cWbyzcP+BDBp9eVtnk5kjT7sJICb6pqdcM15RiiQYtth84mSbedOncC1vLlW7vQtijE8djI4FF71xvq79SGDwltsbNdtSR0sf+2cCUGw3soSGRfeUa9rjDz5cBaZAsBzvai79hZFT7JHr2++mlXU97YIWICbeHR2b9fgfyDSfEyobW+1r/xfOaowtOheWlZaOD5t5fBd8xZQ6s93svn3TWXS2bsu3oviy2zk65fMGQ3GmQG+q7ThVxavigZHBYWo72yqkOz6B6b6B+0Jn+7F0hyY6339tgj3xYfO6Ua3WZO+qW7548/Z0cXsN8Q3e8DGW9g5zIQEa8k7dHFlcerASZwr0QvnRBpuZz86cWbXa1EvORW+E6+ht0uSskMq+4YHJsKX9d6/pOMnrQ1TMxh/JCgAAUDkghtnDViHz+kAKjRYDGbgfkK08R4Awuc8aQpSEAIXNx1/iyx7n8Fyce7ci8zSjkt8ns6UCSyAm3XsIvP1wdnSk4svN7KzTuxwzCb/wrKSP/R6JEWo4AgDM+jvna4gS6BbHFKjkG51Z4e0nTewz/HXQyyGsjtNs/ZK9feGh3UcgmQSFItv9xRjjbLzbxfli4gHnrHzoiJknQPQ1RuW1SX9IyLbiViVZ8i6Mx961d/SeYOTFkYHx6zf1+verdE+5icRF790gHG4+12LQPvFO3Bq6cZvnO2u4DS95jMH8jm7uR3ewrsTIAEQDc/djxbVGvZ4VmGtz90OWI0UEqBx0BcFwSq8jEAoueKR8a3P3Wb1SnpsaHLl1U8/1mLcbfFAIi8NfD96R9R3n9NrUZOLLDmo50XNazyZWvJO3hgccmvMNJST1fxkW9eV1zSfLSjkc+L4OyoLKZnuw3zHKt7VsatiEPeOXvl02njr5sVFHZNE1crvvW+YPnYcZFsQxl7dOsLIAEA/84PY+XBF/EK0GQQsAcmDGH1U1H9j07soYGk62iP1DVwc9ymWRs33YYFABxPxTV75yygZLxx+teiK5R259c3VF2dtWyQINr0jBHwfFAqPN1mXSl7BEzKwrJs72XR4Xudqeir028N0kGpgLUra8hCUA0dCDFVBV5A5diKZABaIYScDGZzcN+X0iLaoX1g7XhNxDn6anVObra0+ercsOfVeWFlbYisM6AjSyIseUHKteWx3J17LK2MOVGIXU/akcvDMwPuMRQ0RXUnGkseGIIfVJKCJ6HuSX2TduCgBQ6b5bUhpq+U1NvfjSpHOJKe+pfsZp3+iFEc5YzjmmrvWT5tbayi32Uq7cwkuj8WXP2JB7zifG1LzwTk1DnZXPvm4kwoHZ6xPzbv8KYXmjzdZo27pDvG3xAACNS3NjV2YW70kJLS+Y7bWNpk0tm/0qLzXQyXb7MMZ4LX4byf7phVXBluqeMgZLFfvQ5RRz5zQqlfqartYqA6suEsz11Rx9GJTo029iSuo7ejprKg2FWpa31lsN5NGStPHMEgBQFVeY2Kh3TowBQFh0+anBotcRxmDWq6S7XokC0JB3USQGi1AIADpTQ8/7J2pMRTrtwRJbrYVPSMEn280OpbLv+uWBO+HSM71tqamC4oxL1FS12Et5LaNii8wNdmPsvisYTf/CIcvZ823HLAKvxZe710XFNzaXShOO+Q1n99NH7ik/qbC3mHmditHywtGGcsZ/1ysTnbHSAMtu/2MAgLDo9lN9KQf++UAYACDknw8AbxW2GpKSg9b2EyYI+uP6tk4rrwKA6NLMXUlbefa9BrOhUMeXHms/Xkb9k95HmaLKN7a/19N6pFI4mPk4tBr2Oy5+OS7pj184/9pODN0tNOR23HSD0W42qACAJigAk5/79CBEzQDd3E6l0vzgyH1Vda01Z4ijMx2/0Nv5wXtNze/y8ZmhKyOBWOrOctAjF5hSk5poNA7M+nm3hCHpBwcAgNUHM7N+5eH6000t1QdjC7c/vzotUgCAUGBRZATT5kFVTLzz7aTEWRtNGwuDivMTc/GSOmsJHul+9Qhv7TnfJCQW+z755L/+t3/5p0vffe9Zjm1xxw2Fl5KIB+dd0gFzQ0tHwztaef7a5SFX5q0I4itzP9wHwdrWftxqAP/I4KVMda23bfEAAI3cn5xb5Wz2M602I7N85+rAdU90i3XsS+TN6TJi/MbFbx8qetx+5p2ezEFMwr9TU+wa/iFYZ1i7ooK2mMuOBhmWIZCgFIBsfxNA2D87PDEbfLASiqwmAADyTVsOUVWcyai7Mze/FNbz/rt+MLQJhQCgKq4yaq67vaEaTumdWybCydQ7E5X9d0ac7uAjOfwkngAAYLl4ZlvW/8fi4vClIOUsPb32stQm0qgYDEUeSJ/+xZlzxwPVmXE8axBwosPrR/jKVot47dZd/nTV2n6MLfvFJ5J/4P/6IeeuzGErpYQTrHrHkDsYqi4kwXm/0tDS8I7767+5g9FKI/W7l4lwQtjm4DVhucriA15aKqRalzQuSwmVvnStGagpEliY8IditoMAQBidUa/Ora74g9m+ywmtpeUPpyv2/AUBwl7HlRs+TV17W/rQClESgMhq7lOZ0mgcGLL+T0HlhW8uj4vF9p7m9Z8OiJoXBB6gzFxpNgx+OuJ02/gaDkL+RZktNaY6fCRfCfH15zvSOE0/OKj4oyeaTFx5ZarhZ66ymvI/veSeDh7pEBLBBYkRrBuP2tDl6f7ro2Gh4/3Ns7uj9xwuka26UI3tvdeDaA1VHb1VHTQakpb9c7MT/f82YfjthXPrPkZuKjwAyBfqmrpsRWZjak9VWE38//xs+M5MyNxcRLjKxk5OW1qR7uBaKs2Hrv7LlMtrN5hzP9I8rXgYndHW0VkrVBtSz2uzpZS/fHV4yhcy4qU/IDPfNzPowRjjdfFbJyZOO4ORh8FP/zKzLq90eeyHM1MUlNs/8be5SV4Y7B8Xhaae/1LFqwDCC1f+x/g2ayB8dTnvdLn9YmRGJMKJ9CxOFWc2qt1ziwFDvltijHZeBQD00fTA0Gis/Oz5zkqOAH00ffnqxHbrVeZrOHggi/6Hq+mxLyQoKFlL+8edm2YN0igAgFK51ZrQq0Z0Znt9cOim82BzdkZtAoAcMJ0+32NWb76/YDGQG4t+WU/mRGJoMvJFSj3cnAuEuFX3AyJ0bj6u/VTrm5aE5GY2DOpAyRSwJCSJQTFSqmP38lti2O+40r+osnf11Gc/EubrWDWIj7InqAEAjazEIJ/TrD13qOy7ful2sPj4H7qPbD+NgGgPFWmoT4wkgI36PSuaUn1qhEE0BTqSkOUohcxpT3Q1LCdUfIGKAADDm4/wOStSsTxLFmU5DmFxXswvaS9a9+ymj1z9g8OycOaDJvOm/RUL3B31UuNp817v3795iFrHCzpeMFU4Pr/sng4eMRjTsxe2KjwAIFqhwpq7Bk0RzyqDkSgFIKqDlZaDuWvXcAdV9HE4TmHdQbztiwcYwgpWS+46CvhiNfU+ilDAsS8A5EHOoCd37i/mMb/bxfncQgsuT1xf/17nB+dz/p1rsrDL005xqwNGz4TGVkJULVhKUy9dNP7kKd9dSbhSM5/wjjkmg0Sozo5aCF9drpEXRyfmJeawWc9A6go1YeCMVWWpQTldlcKZ02iIMjW2zVnvwZrOrrOm1TuXrl33PKYAQNQcy8TEoPTC/zH0qqjLGux6r2PCn5kYwxRymoToW97yiw60+kqBWXY53a6gUqjmVURtsOhJcN7pvCsyh636zcPlbRA1xzExaa0kqCx6xISGK9xuLETY8o7e9hqY77s07Jb27FeyxgLTff13wda2YfzBGvVa+b7LnzkQTB97ZwKUK12blBn2D3/1nZe193SuH/jSeHh9LzcsP4pAPscoaUT0PDxgMmYGGCreVAzizP3sXzcmLrplpb4iNailsfXricnLMqhZlgkHf3xA9KbinInj9LH7xuCQxHe8v8XAF+hjj8Mlc9ZjmyZCoFeExqIbrmBISD4AhcwJkdsUXup34+t3fEiMAHNITVLVtf5AQUR6TEkhy5CN69imeLbYNhoVpShhD25zYt6+QzYPgDbM+8T8/s2/Xeiy2xkkxrZ684Y+KGUji1843Et2Q+ULtUOIpohXRf2Ts/PskTIm5Bq7K8UT27biSIGxumj4RlBize05oxbCCWZuasSX4Own06+CpMDAKV0e17Txt9ZiCDinvXICDAAAhDnIa1ZdP9xdMlizb8NEVWQ+3c0w1670fx1r7zxjOVhSa+W+dFy7oW61lxs08cDC7KQzZOxsP8q9yH8T7SQVf7S5/OKXtyPkHQAAFWep07sGb1/T/LbFJmjosnfGNR0saEl97YWWtwrkiyknHLL8Qc+kR8Pw9cQUcLX255m4whjeLefcrsEbB9sbytmIb/TmuBf07ZannYZDWKGtt1tz9do3Xw6Gz7cd5ffaFUCp6Oq76qSW9o0zFgBUemuj6cdvBq7R4JHK1PV9F4j5XFV6LkEsMHx1yK2pu9B9ZMNeCHtvfzqwrLfbzLyaAMTFxe8dP1K+ychBeG4xdVWy9F1JoanBNn3ZcfHyo3qLXhW+P+2Yl/njZ4zq1LZd/NIFxnKT0cBrlHHZNz02H9Yfr9MnAgPLSn1TzuNG528OXPfr2s63mLfan7Gga8LPmLur8DJ3r0v03o3LfX51WXWVWdAxBOKSb9oxL7HWDr366YUHscDQZ4Nebam5Qq/n1CQWck9NekA4Y9YRoKGZoU/HooaKcqNQxKoSsnd2wilxDQ0lWqDSwvDYfbb2+FEDs33xMADRezeuXhN1ZpNQotcxEBXnnKN+tfX9X7qO0L5BNg+AcInL9PKtQiW/R9bZTuk3DRVIUYXN5Bx3+6OVpnxWo2a57JRHQhi1ljmgJQCw/U0qoe09e9/X41998jdgOEuz1Sy5QLXdjAKiM1rNxStyddW6FzyiM9sOz0QSddWZ+Xuk0Hq6Tfp66OaXX9yEA0Ktvc4UcmmY1CzAxk67PDD5xf/tNHX+vost0LAJjRKAqMtauy9oBvsmnEulJ8t464XeAxMO983LDimSULJ6c22tiSOp/4tmU5cAvSqE0bEFG+ZlEr6yqzV4aTJfRQCAFFna/sC4JqacFydvRhKg0ZfX2Y9kKoQx2KyCz0VsmZpR8dZ39d4flHWWpw99GUajZkGdPZVKZai98EHB6MRs3z+PRxKgKS5vPd+Umu1DtGqVhmjWikKpYg9o4wUMAKj4Y+e6VQODE2M+U/ce+5q3eGBm1htZBcfX/+BYy2qqWz/urtCSQnPnOY3TMep09D1cBWWB6VRbW/qyuxD2u93B1QiM//UvOXOcDpk/+OhEmanpbHxydNLRd+tJApSaYl6wtXTUlhdB1OUOaYS63NGpylDz4UcFoyPOiUF3JAGM3tzVaU6NUAlv7eqE0an5iYGZOABzqNhoafnQXlEU842KYGhdm/BAJb9zLhSPh6598sm17KqVXH3vuRYDAYgHZn6M6W31wjMfJUAvS115qqNtbHJ6brxvCgBAyXJl1S1/akhd6u6phacytHQ3qcZc7pH5iQQoNTqD0dbTbU1925/O0nSWTk04XYM/PAHIZ/V6U3t3o4VXAdCYtOT1cxW1YGC2LR6S2ra2uGPyzozD6UiA8kCxUNryQV0NlkeGwv6fnG/EMAuXb95y+B8tAJDMNICTySSAAiCZilP55NpPOblkMplM3T+ZTCbj/573m1+/+KUmf/pZfplfR+jFYOG9yd7QvRP2f3N5kjvdfczwUh8gYgHHxRvxlt4TO/pt2OiZvEBpUdH1+VV/TW+X9c0ryVftJZ+JP/0sM7/6D4VCAaBQKBQKBWTi9M/ZHyF7D4DUUCR7JdZU8CvyHA07ksyZ5YkxxrnxC1czQgjtR1rhzJ+Fl1+NymD/0593YnvQ60GUWoZh8OzitwdRpHp3CgUkkxhjnBvvdnEihBBCbzrCHen585Hd3gr0HPLSX2Cb6vlhjHFOvNvFiRBCCCG0w/IUsNbtW7/E/H7P73ZxIoQQQgjtsLwk5HT7Upe4SseY3+/511qJCCGEEEKvXp4CILm+8weZzh/m93l+t4sTIYQQQmiH5SUBFOv7f9nOH+b3eX63ixMhhBBCaIflZTt/G7qAmMf8bhcnQgghhNAOy0sCAOR0+1JfXZCOMb+v8y9bXAghhBBCb5g8BUAScrp9ADkx5vd1freLEyGEEEJoh+UlARSQ0+2DtS4g5vd5/mWLCyGEEELoDbPW912/BMxjfreLEyGEEEJoh+Vlhjvpbl86Vigwj/ndLk6EEEIIoR2WlznMne7zpeNkEvOY3+3iRAghhBDaYXmw1ucDjDHeECOEEEII7SXpvm9Otw9g0xLz+zOPEEIIIbTH5EEyp9uXE2Me8wghhBBCe0weKHI6fxhjnBsjhBBCCO0tBJKgUEASl7jctHxz/PSzvNubgPYjLLw3Ge4d9Ipgae15JNXnwyUut1i+MX7za3a3NwHtOz/9LGPhvbFw76BXBEvrubylnxMy832TybW5nuuWmN/HeYQQQgihvSUv0+dTbNP/w/w+ziOEEEII7S15kExCTrcPY4zXYoQQQgihvSUPFApIrnX7MMZ4LUYIIYQQ2lvyIHVx13S3D2OMc2KEEEIIob0l2/fFJS43LRFCCCGE9pa8ZLbPt36JecwjhBBCCO0xeQpF9vsM1vX8MI95hBBCCKE9JjXfV7FNFxDz+zuPEEIIIbS35L1BXUbMv2l5hBBCCKG9JXe+77ouIOYxv9vFiRBCCCG0w/IUsNb5wxjj3BghhBBCaI/JS8Ja5w9jjHNjhBBCCKE9Jt33xSUuNy93uzgRQgghhHZYpu+LS1xuWu52cSKEEEJvPPp4ySuG6W5vBnpmeQqAZE63LyfG/H7P73ZxIoQQQm86Kv04fGPSG9nt7UDPLC8JoMjp9uXEmN/v+d0uToQQeltRcfrzf/7uXvhlVxOauf5PXy2EdmirEEIAQDI9v3S3b9MS8/s3v9vF+RLo4/mbgyNyeVd3jUH1mh4yMDFw/UHl2c6qIpKTle729c9yrV0tApNz53hgYvD6Q+uFzlLtlisL+765PK093dViYAAg5h+7OJJoPHeibOt7o11G5bt9l2bZ9q62dXsZYv6xK2PQeK6hZCeLkC47By/N6LrOr18tXb5zedBT2n6hPrcAn7YecXLwm2B5T2eV7tl+4S1FZd/ozWl3UJIjCVDmc4byxtPHzVzm/0wf35v82/CU70EkwbCc0X6yw1aU/rvSR+6R8e8XREleTYBSc0hvbW5qNBUSAAAa8rqGHfN+MRSJg5Ip4PTvNLbaK7OrBSp5fbKmilMBAMTEu8MjTrcvFFfmc0Jla7u9jN38R4/eG7x27WHVhfNWfm01Ua9bIkKdFuIB5/jwpF98+CQOwGi4ktrj7fUGLQDQjTGZnQAAIABJREFUx66v/u2ab3XD6pjSpo/fP7K3d+6uo7L/zpjLHRAfyAn50r/e0fLWE8ePGphfLrycdYTcw5du0freNitLAIBKs1c+u+2N595HKZz6/YW6g+t+mS5//+XVkWAiN8dUtHzcXaUjEHYP/fXrxfWdaF39H8+l3lMQSUJSAZnOXxJjjNfi3S7OFxcT3aMLq0DcEwvlPZbC1/KYhOXUkTHXTG15iyH7AhUXZ5yeByFm0l8nVKwNXMPi9A/LqlrddiMiGo/K8gqNpF/UaHhFllYjiW3ujXZdLBp6+MAzOG7sPZn7+YSGVySZxHZ4FiDRGcv5sduD3xr+sPbZKb409t2wVNB26tmHOomYFJKlaPwZ7voWo8t3+r+bjvEmy/GSYgj7fDNud99XSs1HDSUqAPrYPfD1N558U93xYxwEPK7pG4NEc+6MSQ0QXxoZuj4HJRW2GoMapKB7bn6if4j5qPsYT6i8ODzmA8HWblcTGpeD913Omb6Bwo97relPHjR0b+EJZ9FrCcQC0xcvT8l8ZWNnrSp8f9ox0zdQ+GHuADf1C+7xaz9IEfZRjAJkR+aRoOfhAVOzLuYZ7hsJaIzl9XW8lor35hbnbg1S7e97LIWEFJo7u9mHUZqttIhveHAeOJ0KB76vEpVmr3x5e4nozdX2Y/oChiRkz/TowDjXe7JM9dTCy12JOH/txqIU58IxABYAAGIrYThgPHGijlem70QYrvjgxp1Jo1IE2OqmVktB+iai1B7idQQAaCwepYy+/rRNUGXXUcDjwDeDKADSw99Utw9jjDPxbhfnC4suTfkSFce7+Nk+56JYXcO/ljcArb7SqB30zEn1Bj79ahNbdnuinMDFgvNeudSa6fSEg/NeWtRoLMA3pr1Do6sW4hO37nKnX3kblbBV7afFL/pvDQq6s5aDBCDsGb/mXDWdbre+nlp/i5Cio+c/PKpi0n8X8xFz6fVPB4IBmZaoSCzoGvWAubvrjEkNAObqw3z/1SHHXdFYwxOmpLn775qZzPCxymrhL37m8AajR/lCwlb97qOqtUcxlfIgXvQ8jlBIjX2pFPRGdGahgNDH7jGnxNkzg90Kk6D+/PL0997y35nU2RVQ0X3txuLm+aJhv0/SlLZwRMs1ffz32Y2psNoqdJ/1u7xSzFKoBSDaopK1D13xwIhD0paeqXtdB732KSp5Zpfo4Y7edmu2m2ssrUlHTyu8tXXEAsMD4/4tPoAynEFfJvziUFWpKebLjNsc6lGp9YKARwu3RJIA6T4fLnG5frnbxfmCqOSbDOZb3jtsYEE/6Zj2V3UYM+8x9LGrf9Ctt5kji3cW7j+QQaMvb+tsMnPkaTcBxETf9JRrxitKkQTDFptPnGwzb/oUruXNpWq3d0GM8alP9rHgojfO17UfCQzecnujZlvqaOlj/0wAiu1GltCw6J5yTXv8wYerwBQIluNdzaW/MHKKPXJ9+920sq6nXdACxMS7o2OzHv8DmeZzQmVjq33t/8JZjbFF58Ky0tLxYTOP74KvmFJntpvdt286i87WbflWFF92O0enfN5gKM4U6E21HaeqeFU8MDI4TG1nW4XUO1QsMN03cF/obD+W7tBE5/uvTbAnPmxeN6rVmuxddcsXb96eLm6vIb7BGz7G0t5hLiRAQ96pmyOLSw9W4kyBXig/2mAz89mZM6tWm3rJueiNcB29TZqcFVLZNzwwGba0/+41HSd5fYiK2fgjWQEAACoHxDB72CpkXh9IodFiIAP3A7KV5wgQJvdZQ4iSEKCw+fhLfNnjHJ6Lc+9WZJ5mVPL7ZLZUYAnEpHsPgbcfzo6OVHy5mZ11epdjpkxLLhwYHnCB/b0PIreveHNWTB/7PRIj1HAEAJj1T+F8DVEC3eKYApV8ozMrvP2kiX2BvxZ6PoTVcZqtX7K3L7wM+tj97W2P5vgfzonXBpZf7Yai9bJ9X1zicuNyt4vzxcQDzln50BEzT4Doa4zKa5P+kJBtxa1KsuRdGI+9a+/oPcHIiyMD49dv6vXvV+mechOJi967QTjcfK7FoH3inbg1dOM2z3fWbJy5xRjM7+jmfnQH60qMDEA0MHc/Vlxr1OtZgbk2dz9kOVJEgMpBVxAMp/Q6AqHggkfKtzZ3n9Ur5bmpwZFbN/Vcj3m7wQeFsDj89eAdWd9xTq9NTSa+7KCWEz2n9WxixTt5a3jAoTnfUEJS/5dhUV9e13yyrJTDge/roCyobLYH+x2jfFvLpoZN2DN+6dtl46mTHxt1RBZdI7f7vmX+0HmYYUEcc3nrBCsLAPHAD27vwxXxB9FqELQAIAdm/FFV84FN766MoeFki9g/dHXQo1wWOduHDQYVQMw/deUrp2ywdPzRqieSe+TWN1dXlL1tlSzQ8IoU/HFQLDDabF0mfQlLxMy6YuJs3+VxkavtqdhrA99NooG5IGXLS1gCEA09WAFVRe7QhWgKVCCKkQRsfHbTkN8n0qJ6Ye1wTcg99Gl6SmW+vvbk2brs0HdlaWGFrTisI0AjK3JMybHqtdWRfC2rjD1ciVFQEQD62PXtsEdj+6COj4+tf8yI6HmQX2bfaoqodN8tKQ21/KamXnxp0rnElPdUP+O0b/TCCGcs5xxT1/pJc2tt5RZ7KVdu4aVQ0Xl7OFDU8kElL4mb7p8IB2avT8y7/SuE5Y02W6NN2LItQuXgnYHxGY8YIrqSiiONDUcM2ZqgcWlu7MrM4j0poeUFs7220bSpZbNf5WX6vrjE5cblbhfnC5H90wurgi3VPWUMlir2ocsp5h5SUir1NV2tVQZWXSSY66s5+jAo0affxJTUd/R01lQaCrUsb623GsijJWnjmSUAoCquMLFR75wYA4Cw6PJTg0WvI4zBrFdJd70SBaAh76JIDBahEAB0poae90/UmIp02oMltloLn5CCT7abHUpl3/XLA3fCpWd626w8AaDijEvUVLXYS3kto2KLzA12Y+y+KxhN/8Ihy9nzbccsAq/Fl7vXRcU3NpdKE475DWf300fuKT+psLeYeZ2K0fLC0YZyxn/XKxOdsdIAy27/YwCAsOj2U30pB/75QBgAIOSfDwBvFbYakpKD1vYTJgj64/q2TiuvAoDo0sxdSVt59r0Gs6FQx5ceaz9eRv2T3keZoso3tr/X03qkUjiY+Ti0GvY7Ln45LumPXzj/2k4M3S005HbcdIPRbjaoAIAmKACTn/v0IETNAN3cTqXS/ODIfVV1rTVniKMzHb/Q2/nBe03N7/LxmaErI4FY6s5y0CMXmFKTmmg0Dsz6ebeEIekHB6Cic3hY5FvaKzePVUOBRZERTJsHVTHxzreTEmdtNG0sDCrOT8zFS+qsJXik+9UjvLXnfJOQWOz75JP/+t/+5Z8uffe9Zzm2xR03FB4AQMzv+MYRNbUeN29x1iNAfGXuh/sgWNvaj1sN4B8ZvJSprvVWH8zM+pWH6083tVQfjC3c/vzqtJipXhq5Pzm3ytnsZ1ptRmb5ztWB657oFuvYlwis7/NlD3ljHvO7XZwvgIoet595pydzEJPw79QUu4Z/CNYZ1q6ooC3msqNBhmUIJGjm5JKtbwII+2eHJ2aDD1ZCkdUEAEC+acshqoozGXV35uaX/v/27v+pjTNNFP0j9A7dlgQtpym6Vlo3QYAAUdKNKHCEjb9gQxkKEjyOx/FxMt45ydm7P5w6P8w/cevWnluzc7fq7lad7Myu5yQ5jsdxQWzKuHACNhA0FgelRCGMwCLII001RdtqIykS+2p1f9AXxBdjx1+CDc+nXF2vHkmtxv2q9erpp19FDELgbgCMbWIxALClNSbtda8/XM+r/dNLRDyW/mSiSuDOkNsbeqhEfkgkAQA4PpF3oUveH5aQBr8IUd56+pyjIr2JNCaFwtFF+cJv3XkP3FObHcdzRhELHX56RKhutUrXbt0VTtSs7sf4UkD6QQ70/ea7vIcy+2yUEl60GZwD3lC4tpiEZgJqY0vzm96v/uQNxapNNOBdIuIR8TEnrwnHV5fu8dNyMZ26pAlFTrKG8tVkoLZE5GAsEI7b9wIAYfQmgya/dyUWp3ouJXXWlg9OVO34CQEifuflG/Paxva2zKkVoiYA0ZX8tzKlsQQwZO1/BVVmr14alUodp4+u/XZANIIoCgAVlmqLsf/CkNtrF+p5CAfmFK7clB7TkEI1JNZe70gTNPPiEb/zqjNm7myzcARg3TElFpqVGdG2/qwNXZrovT4cETve21jdHbvn9EhczdlaTO/9NIjOWNNxrqaDxsLyUmB6aqz3j2PGt8+eWvM1ckPHA6rMXu+fIw0dh0yaTVbKVx/q5HXlVZkMrrXa8saVfxv3+B1GS/5XGlbYf+Swma+sFhgAAEuNzVx44QvvRKiuQ2T0JntHZ4NYa0y/ry3WcuHSlcHx+bAJp/6AzNhXlb7ISbVZ3SfGd3F8uzvnjxeXJtyh6IPQhd9OromrPT7HvmyJgvrxb/zH3KXM9veOSuLh039bI7AAkdnL/zr6mDUQobZScHu8ASk6KRHxSKaKk+UtJo13ei5oLPTKjMkhsABAH070DQzHK0+e6azmCdCHE5eujD1uvepCLQ+LihR4sJIZ+0KSgpqztn/cKa4f4tIYAIBavdma0MtG9BZHU2jgpnvv0VxFbRKA7DGfOHPasvGjjohWI7kxF1AMZFoixsMmoURtgJvTwTC/4l0kYufG89pbWpu0JCQ/sm5QB2qmiCNhWQpJ0XL9pvmnnSIScF7unWMdXaebcl8JC/WcBqSHuQvUAIBGl+NQyGtX3ztUmb/+xe1Q6cEPuuseX0ZAdG+UaOm8FE0CFwv4lrXlhvQIg2iL9CSpKDEK2cue6EpESbJCEQuPvE7vYjS5eOlC3vfX8Ge/9fIN7/6NIzYjFZa1l6x5d9OHnt7+QUV85/3DG/OF8eDdYT81nbDs9Pz9q4do9IKoF0RzlfPTS96JUJ3RlKl62qzjUdntnn7wA9y68ptbq+sY+tdPhg1v/+pcvcDurbbuzV+7lt/L0keRBIU1J/EYwVIn5N1mOYEjc4qSAGAIJ9qs+esoEko11P8wSgHHvqt5X1Ct5v/WLDG+u+Ovl/Csx5cwNL1rXzMYpMveIeeEW7K0PuMnAo0vh6lGtJanD1008UOEwuOGI4Qvtwju4RHnYpSI3blRCxFqK7Vu7/CYWmb2tRgYSM9QEwHeXFORHpTTFTmSzMxxQ9TpsW3eevfWdx5kxweufnEt3t3eZi4mRMNzTFwKyXERP+peMZqKZofU6xzjMsdYYIp5bdI7vxSxiBt7js5QLTLfeNxeElKLJwSWMEargdyYcbsTErPvpGGTzNDmiIbnmXgwJMerdOm+qkg+Kam1F7MAm50wBcJVdnSXeHv7e75Yeee9ls0mH90J4sGJnt67YG/LG38AAOFMBp3re08gVpaecoE+8k8GKW9bLcqMBAa//MbPOc52rh340kSEqnV5pQwR5WEUCnlGTaNSelayzH2sYC6Fgcn7snVvOk0bl+a8itrQXMISje3dXwgPlrNZ4aTsvjUYKjl0wm4WjTQwsEgM9aV5heP0kfdG/4AsdLy3ycAX6COf06Pwtnc2FEKgl4TGY5Ro8gtaCCkEoJC9IPJxHU9o7vrY9DBCMw9LSO7rI8um1sP7TYJAAGgiAkzeKJdG5UeUFHPMup1O43Fg814+riwpoBE5ZpNtozFJjhFu72MuzNt1SPoHvFKr2V9sYxtey3pfuuR1h4iprcmyLg9KuejcZ07vgsNY/UxjRKItEdhYwDU1w9VVMGHPyF05kXxsKo4UmWpLBm+EZM7SnjdqIbxo4ceH5pO841jmKEiKjLza4/NMmN62lULQPeFXkmAEACDMXkG74vnu7oJx9WOYsCWWE90Mc+1y71fx9s53rHvLGmz8585rNzStjkqjNhGcnXK5w6bO9v38s/yZ6EVihf1HKy9+fjtK3gQAYHlro8HTf/ua9u0Wu6ilS/5Jz0SoqCX9sxc6wSaSz8bd8Ib1AwOTGQ3DV2PjwDc4fkzhCmN8q5L3evpv7G1vruSi88M3R/1gaLduNaQlnNh2rlt75drVz/sjZ9r2CzttBlAqeXquuKm1fX3FAgBrsB0yf3+17xoN1VWn5/edJZZTNZlagnhw8MqAV9t4trtu3V6I+G9f6FsyOOwWQUMAEtLct87vqXDYxENkei49K1nmoaTY3GyfuOS8eOlhk9XARu5POGcU4eA7Jg0AEN1eoy6X4aNsgAG5yCgaS9jYzPSS2nA473VjMzf7rgf0bWc2/4oSD3nGAoyluwanufupxO7duNQT0FTU1lhEPUMgIc9POGdkztZh0Gzd8YBoBFGTS9nGYY4lCcFgMHIEgIYnBy6MxIxVlSaxhGOTin9qzC3zzc1lOqDy7ODIfa7h4H4jQyXPxc89YKo0m4yCVp1Q5idGZiKGg40GBiB278aVa5LeYhbLDHoGYtK0ezigsb33pHmEdg0Cqkx+L5vtwza2s+3XCpUDPkVvP27YMFQgJVV2s3vUG4hVmws5rYbjcyWPhDAaHbNHRwDg8XexYtu7jp6vRr/85E/A8NajNovsAfZxFQVEb7JZSpeV2po1Bzyit9j3TUaTjbXZ+j1SbDvRJn81cPPzz27CHrHB0WgOe7QMSV8y1elQ+lyf/bPb3PmLLq5IyyW1agCiqWjtPqvt7xlzL5QfqxBsZ8/tGXN6b15yytGkmjNYGhrMPEn/LdoNWQL0shBGzxWtq8skQnVXa+gLVyFLAICUWNs+YDxj4+6LrpvRJGgNlY2OumwPYYx2mzjvIfZsn2EF21sG/3fqRuvWQ1+G0Wo4WM3usMaGs+8XDY9N9fx+NJoEbWll65nD6WofotOwWqJd7RRqltujSxQxAMAKB051s339YyPz5u4d9jNvieDklD+6As6v/tG5GtXWtn7cXaUjxZbOU1q3c9jt7HmwAuoi8/G2tuy0u5GA1xtaicLo736bV+P0huX980cqzIdPJlzDLmfPrR+SoNaWCqK9paOhsgRiHm9YKzbmj05ZY/2H54uGh9xj/d5oEhiDpavTsukIleGKdGwRSwAiklcCY+tqwQOVA+7pcCIRvvbJJ9dyT1DzTedOtRgJQCI4+X3cYG8Sn/osAXpemurjHW0jronp0Z5xAAA1x1fUtvyqOT3V3ZYdb+2KCKPRshpd9oNBbz18ko6PuT393/0AUMgZDOb27kNWgQWgcXnBH+CrGsDIEMHW1QnD4zNjfZMJAOaNUpO15UNHVQlJb1tbwum6M+l0O5Og3lMqlre831iP3SNLtf/D/535NS8VpFKAbWzn2kOf2CDvx41TqRSACtJ1EalUOp5avZUXS6VSqfTjU6lUKvHvBX/9V88+1eSf/6I8z9MRejbY8V5lr+jeiQSuXnLxJ7oPGJ/rC0Q86Lx4I9Fy7sgL/TVs9FSeoWtRyfPplUD9uS7bq9clX7bnfCf++S8K87P/UKlUACqVSqVSQbaduZ27CblHAKSHIrmrktKNn5EfcbKaZCo709k+bGM7v40QQujp6cR3PhKffzWs0fGrj17E9qCfBlHrGIbBq4tfHwW5M9yqvLPd2Mb261fvixBCCP3kCF93+qO2apxT+fVRkDmJnc32YRvbq22EEEIIoZ2lAFZrOAHb2F7TRgghhBDaWQpgtW4YsI3tNW2EEEIIoZ2lIJWX7ctc0Z9pY3y3xxFCCCGEdpgCVV62T5X9VQMAwDjGEUIIIYR2mIJXJ8uI8VcujhBCCCG0s2TmeVjN9qXysoAY3+VxhBBCCKGdpSCVypvWCtvYzmsjhBBCCO0wBZmfM0hn+7CN7bw2QgghhNAOU5D5AdtUCrI/bYBtbGeyvwghhBBCO0sm75tZqvLaGN/1cYQQQgihHSab992Y+cP4ro8jhBBCCO0wBSpQpfIyf6lUKpf5w/gujyOEEEII7TAFKUip8jJ/KpUql/nD+C6PI4QQQgjtMNm87/plCuMYRwghhBDaYQpSkFJBNtu32lZhHOMIIYQQQjsMAUgPd7LZvmwb4xh/dfz5L8p2bwLajbDjvcpw76CXBLvWjkcgne1Ln+zGNrbz2tvdOVf99V9x270JaNf5818U7HivLNw76CXBrvWjvKbfE9L1vqm8bF92AITxXR/f7s6JEEIIIfSCpet9VbBa65nN/GF818e3u3MihBBCCL1gBfCYLCC2sb3dnRMhhBBC6AUrgFzOL53twza2V9sIIYQQQjtKQbayE5e43LhECCGEENpRCiCVgmy2D1KrmT+MY3y7OydCCCGE0AtWACqAXJ5PBam8NsZ3exwhhBBCaGcpgBTkZftgNQuIcYwjhBBCCO0sBZmc38YsIMYxjhBCCCG0sxRACvIzf7Ca+cP4ro8jhBBCCO0s6+t94TEZQYzvxjhCCCGE0M6SzftmM38blhjfxXGEEEIIoZ2lIJfzwyUu1y8RQgghhHaWgswv16YAQJXKy/xhHOMvpcchhBBCCG2fApUqXd4JACmVCiCVymtjfFfHt7tzIoQQQq88+mjBL0Xodm8GemoFqRSAKi/bl2mrMI5xhBBCCG2Nyt8P3nD5o9u9HeippfO+edm+TDuFcYwjhBB6NlSa+PT339yLPO9qwpPX/+XL2fAL2iqEEACQVAqyAyBVanUwhG1sv871vvTRzM3+IaWyq7veyD754fHAyMWh5KFTRyp0P+Ku5xIJDn51e6H04OlWccsVx2b6r7nYg6ePPs3fgbYHVe72fDkndrbvF8iaOyLzVy9N6Fq7WkTmRb9i8J6sqTDtJU/x4F2OKvPDNye8IVmJJkFdyBsrD504aOGz/3P00T3XnwbH5xejSYbjTY5jHfaSzHuNPvQOjX47K8nKShLU2jcMtqOHD5mLCQAADfs9g86ZgBSOJkDNFPGGNw+1OqpzqwUq++cVbQ3PAgDEpbuDQ27vfDihLuTF6tZ2RwW3uuuoPH9nxDMZkOSoWlsqmBsdLdbcNsT8XpmIjdmjRCLovn1tSCo9cernFs3qHxmXPEOuO/O5TeVN9uaWRuHFHrTQRlQJ3BnxeIPSopJUvvhfd3SC7cjB/UYGACLegd99Nbc2F6xv+uWplvS9Ac/A0FRACkeToGaKBLO943idkD3K00jQc8s55l1Ukmpt6b7G1iMHRM2GF08E3aODroD04IcEAKPlyxoOtjcZczt96163y5E1mT9YlwXE+K6Ob3fnfHZxyTs8uwLEOzZbedpa/MTH08iyIq9Ekz/urudAl6bHPQoQxe21GtYPmNY8kEYfLMvaGBaSvdLisbAS1iaSAGt2JU3EFGU5EXnBvQeAyl7ntcmS0+ePlOFXoq3RpTu930zEBbP1YFkpRObnJ73eni/V2vPNZSwAfeTt++qqr9DcePAAD0GfZ+JGP9GeesesAUgsDA1cn4ayKnu9UQNyyDs9M9Y7wJzvPiAQqswNjsyDaG93aAhNKKH7HvdkT1/xx+dsJekuQMP3Zn/grQYdgXhw4uKlcUWoPtTZwEbuTzgne/qKPzxjEwgA0LBv9Ivembiwz+I4fJTXJKWZ4aFvxt441WIkAECjId+DPeajegJAI8HhrwbGAj8AqLWJBAVNtrclFpzOO4redsTGs5CIhoNej+vrAeBPvWPaOGBCLwyVpy5/fnuBGCy1jgOGIoYkFd/EcN8of+5YhY7GEzHKGJpO2MXsm5QwRYKRAQAq373W65J50XbULrArC7673snbF6nm4+5yXTozcqlvImGob20xQmzGPT7Ue0t3rs3Grzm8RHy3e4aCWlNlU6Ogo9K96bnpW/1U94vT1mICW/c6lM374hKXG5evrdjC+Hyy6mCXMNXjnpNq61+5d3tcck/GjM3HLP5vvnVLtnbM6aIfL5nEb0RPRkr2n/lwP8tkjgGWOkv59Qt9oaBCy1gSD3mGfWDp7nrHrAEAS+0+offKgPOuZKoXCFN2tPu/HmXYzDNrbFbh4h+c/lBsv1BMuJqfn69ZfRVzuQDSRd+jKIX02JfKIX9UbxGLCH3kHXHLvCM77Kgyi5pPL01866/8uVkDkdDw13Nqe+fftWYPAibR0rS64khgXtaWt/AEACKhOYmpOXlO7+0dja/5I5myo93/ZfWmaBH3yH+4HY1iB3mpqOybWqD7Os61r45KTeX1+Q9hNQZR3HjOkPCVJ/+2ks32LYu12tz3x8vBgBwv17FUmnR6ooaO8+02jgCApaqE/M/+Mbdkbl3zSaEzHf74v+X6Z5XNXqX/Q6/HL8etxTr6yLdFr0O5vO+aJWyIYHxXxl9TVJ53hQqt7+4zcmBwOScCNR2ryY+ENDl6fWxeerCSZIoMJktTsy17mpLK/omr0zO+QJgy+jLH4ZNNmw5JE0te9/D4vD8UTjBFBnNDx/EagTyc6B3wi8dONpZkD4Gxmf7rbq75dNMmA++w3+MDQ1eVIHD7vu33+BXBsnoqiob93mHnlC+4DDre9FaNPu/zKy7NT4x7Jv2SHE0yXKnlyLE2y14CdMnV3xMQD4hLE+PzwThjNNsOOQzRSde3k/cXo8CJtvZ3HenjbyTgGRjy+EPLCXUhbyy3NzfUi8Wv2leDHYqG/eM3h+YWFpcTTJFBrNzfbLcIDABE/Lcuj6hbzjRnkrjpSokTXS1GJn3afXg6JEeTao6vqLUfspJvP++fjgLA4he/nQEoNHX+4rRVE3nMytNFO/UNexe+m3pS396ZCMusv0mWAdKVI1KE22fLnU0mxSarkfTdDyo2gSdAmPz/JULUhACFjVn8xJLPPTid4N+qyp6zpnJgXuHKRY5AXL73AATHvtzoiBUqLdyU278UN4uwOB+gJU12YfPdQR8FfDIj1qefqzcfOWsGiMx7t/x7aUTyDLklRmzb5Cw5esEIp+e1z3AEJeyaXa5mGXWmSWPBwDIRbabch4JOsJUX+QL3FWpk819qbf8EKNQSNVAKAFv3ut3z3t8CSaVSKpVqs8wfxnd7/PWUCLojWFNHAAAgAElEQVSnlDfqLAIBYqg3qa+5AmGxRp9OxkhT128G2Ob2v6stASXgHp8LSLEKvhgAaGLxjktzqLXt7zoh4Lp1feT2sPFU24YyzYhv9Iuvl0zHj31s0hNF8gzd7vma+aDTwGlX7o17FmqPpYeYVLo7Nr2sO7Fnk4MiXfKOS9raLiMLxFBj0/Xf8YbNTdkzpZKn58s/yUZrxzmbgcjeodHh0ArLZf40yX83BPuOnmox6n7wj90auHFbEDrreUgoy4uzzkFoaD/znzjlbn/v6EXfHr1Y337uiFbx9Pd6bo7sM7Yb2XhwrN+1KBw8213O0SW/23vPH7aIxVgU+BOIB8Yvf+lWjNaOX6b37K2rV5bV59qqOaDRZUVRRxMALOQqJWg0CUDD06MD00lb5y8aDUw0MHdn8r4Eh3/+3/72wFjvp9/tPfmfj1Wky0kDzseuPLIsh76/PvLmE/v27hALTocoV1nGEYBYeHEZ2Kr8oQvRFrEgSdEk8OveuzQcmJdoSZNYlLsj7B24kCnoLDQ0HDvZmBv6Li/MLnNV+/QEaHRZiat5TrO6OlKo49TxB8txSqkSpoyeA9nT7xqbDoWJvqLWdqi5JrOiqORbLKxwrN+UzcWlwc97xxaTAADcm+2nDluwuPPlIrypkneOX+slR1sbqjfdSzQhT49cnpy7Jyd1gmhxNBwyb1ajH5e9gZjOWM6zAPEfZGWF5YvzRqhqLV8Isw/DcdiigpvK972y2tgg6GDrXgcs9gsAooLsQCeVKfLMtjG+2+OvJSUwMbsiHi/XEwBgjNYa7orHLZWnLy+gieUE2WszCXodAV1Vi7Eq75lFltYjB0waALA02rzTtyUpRteND+hD73iAVB1rsQgsALDi/uZK31d3/Uq5xVrJT991Bx5VWIoBEsHJGVlb3mLapNQ4HpiajJY0WfQEAEiJ2cq7xqYWrOlr6RLByRlJV3363eYKHQAUH2inoT/cDGZSv0xZU0dZZjXFtiabd9a5IK/U84UAAIzhUKutgiPA19SLnkBIONRqK+MAeFu9ePf6AzlCjSxdiSTVfJVo5BgAo63VaHt5O2K3SSy7P/+9e5M7Cs0AALGFybvy+j172+V/WGHfu9VaIzHQihZxr46Azmx7x5wOrzuX/cSVb963d98nIA17nTe9YOq0GFkAoEkKwBSuSaURDQOUbigWoPJM/9B9trYzv+ZSbz549lx1JLIsBeYnJwcuQ+eHrUYWgCohn1JkNhURAEpjCWDWjjYIQwCiSQqQVBLxhDT4paQXa5pOVNPF+57J2xcV+JvuGj2BcHBOYsSmpxv6Ais0vddtkmOKHLw3PTdwaQDOtdc/5XPRMyGC7fQZzfCt8Z5P3En1nlJRtNht9eaS3LCVRu+7pjU2u8MCsQXfzJ0rfZFT6WryfLF7I7cmokKbw6ADAJqIJ9VqrTr/dQjLACSTW1w4EJfufO2SeXuHuRgAYMtehwCApC/of9mVo7h8HZevISr5vAHmzdPZk31EeLO+1DP4XajRWK4DYEsrRaZv4FJfsLayQhQMYok+e3QgTJGRK8zcYBiGQIRuONLElwLSD3Kg7zff5QWZfTZKiVBdL0wNfnd/yVxXEpc8szH+rbpNzivTRz73fSoezJ3P0pfXiWPfuObtZdZiQmPSYow1lK9+udeWiFxhMLuRkcDU4NhUaHE5HF1JAgAUmrNHMrVWz2cGM2qtlqi1e3lt5h6GJZCu/NMJ1Qbo6eu9GKg2i4JRFAQdfjS+IOo9puaDjcLaL0vR+Zv98wAANKHIyQ17FsYC4fhWY1/Ci5XcyJ8ufr5sq90nGgxGY/Em5yuftPKn6tu7QMTvvHxjXtvY3mZJfyklagIQXckfDaSHqmTt24Iqs1cvjUqljvXTrRCNIIoCQIWl2mLsvzDk9tqFeh7CgTmFK8+8x0mhGhLxNSMOmqCZF09q1RCVieNUplzKUmUW4UKvxytXHhBWQrMyI9r4pz5FzXJCGQdgKrdZqwb+cM3lkix4LcHLRXTGmo5zNR00FpaXAtNTY71/HDO+ffZUvZElepO9o7NBrDWmP2Us1nLh0pXB8fmwqU6/2sESwbHrPZNg6zyc+VpF1ESdTK65vJrSeAKgWK3eZAsAAOjSRO/14YjY8V72UrYtex1K530hlcv84RKXecvXT1yacIeiD0IXfju5Jq72+Bz76nkCrLHt/C8soSXJN/Nt7+1FKG16b3X+KUKedFhIApA95hNnTls2FtLtNb8lDt+Y8smVZHHKT4UWi37j6qg8d8e/rCT7/3HtBoLLK1U5jASAAqxNOq1ulDLb3zsqiYdP/22NwAJEZi//62j+4/I3n0AhbEJj6TzD2yUpOO8ZGe9/UGg63nV6tUYZPQdCOKNYsfZEAZWXtWQ+7/aGPbsxwZh+YO4xxvqz/6cxGFzyT09d+3owXmo5+d7Bam7T52y18if37Z0uEnBe7p1jHV2nm3LFtYV6TgPSw9wFagBAo8txKOTzsm5Umb/+xe1Q6cEPuuse/1YhujdKtHReiiaBiwV8y9pyQ/r9T7RFepJUlBiFbKKdrkSUJCsUsYQQrYaFZZ5fraNgeYGDgBxNQiQ4IxWWtZc8y+CVLTLyas+DcHxdhSh6SYhGL4h6QTRXOT+95J0I1RlNDOFEmzX/MUVCqYb6H0YpZD8bEkHXwGVn0tbd1Za7KIVoBJ3aF32UV+CQjMorwOzZPFNBH3p6+wcV8Z33V6tctux1L+0/4bVCUpBf94ltbL/G9b7hWY8vYWh6176mmJ8ue4ecE27J0mpkAQi7t8y0t8xUtb895u29MuAKNIpVW6wTCAFYoZQCEGCKeW3SO78UsWwyKa/OZDFr+yfH5xKKxJqOmTcptostjHsV3tJ1tFybH47OD96cmwjYjGaG49XxYEiOV+nSpZ+K5JNWQAQAoPHlMNWI1nIhUxX6Q4TCjy7VJRpBLBfEclvT4SV3/2cuz4I1UzOKXiKi4Xlmw55Nau3FLEBcrQa6EgeaniItLoeUBOTGtywnVHBChaWuLR68/ocBl89W0VikJgA0kRncbr3y7fujXx3x4ERP712wt+UNfAGAcCaDzvW9JxArS5+Gpo/8k0HK28q41VMtg19+4+ccZzvXDnxpIkLVurxxRER5GIVCnlHTqJSblQwAgBXMpTAweV+27k3n5OLSnFdRG5pLWAAwVhq1IVlepqbMGCUuSwpoTFp1JPT9IjHUlz5VWTaNJ4DNK2KJL0vKCisU7fqvPC8Xjcco0eSPJgkpBKAAyU3upTFJjhFub7a+nEruby6PxMz5A18AIEXGcj0dn/Er5el5HiAieeaXdeXlm5wBoI+8N/oHZKHjvbXl3Vv3OrRa75vJ8622MY7x1wxd8rpDxNTWZFl3HSvlonOfOb0LDqMQGrk5CSZ7jVksYaPSgpRgTRqyoXwyH8sJHDgn3PdNR8v1LG9tNHj6b1/Tvt1iF7V0yT/pmQgVtZxqLmMBWKHeqnffuj0GfNMvDZscppSAy0/Ljttt6+uASxK++QH3/JKprsxaqfd6+2/sbW+u5KLzwzddwUQm9Uu0JQIbC7imZri6CibsGbkrJ5I/auxL5bvXh+7rzNXWckMJuxwKhClrwKqHnwRjfKuS93ry9uyoHwztVp5kUn1uj1uyNJdEAlNDI8HsgDWxMHbbpQhW65tlgoYu3peihOMYAkQnlLDxOdd4gHeIJexWK0dU8vRccVNr+8YfiGENtkPm76/2XaOhuur0/L6zxHKqJnPiOB4cvDLg1Tae7a5bNxFDxH/7Qt+SwWG3CBoCkJDmvnV+T4XDJh4i03O5WckAAEixudk+ccl58dLDJquBjdyfcM4owsHMzLtc+SGH99OhgZ5oQ5O9hPo9gyNzVDxs4VeCziW14fBjJoBY9xcu3bnU6yKVhxrKOQJAl/1ut2tRYz9agpexvkyxezcu9QQ0FbU1FlHPEEjI8xPOGZmzdRg0ALF7N65ck/QWs1hm0DMQk6bdwwGN7b30tSh0aXLw8lDY3NnZtn4OZiJYGy3T/dc/75cclen5fafpvq4mgQWg8uzgyH2uIf3zGbGZm33XA/q2My2Wde/1rXsdysv74hKX65fb3Tl/HCoHfIrefnzjoJOUVNnN7lFvIFZhLDf53a7eP/YnAAC48re7HEYWIK4r0nLJ1fOcRKPTahK6QgIAQnVH69LVof5/cpe2nu/eb237gPGMjbsvum5Gk6A1VDY6cnW9hDfXmZyLQaHOusnMZjTin5OY8pObXACnMTlquL75gFJdLzref6940Dl1+ZPRBOwxHTnYxo/f0WoIAOjEtncdPV+NfvnJn4DhrUdtFtkDrBoACKfRc/psgkjNcntYRbN6U7uHjWsIAaIVzGLINdY/1pcEAPUbb7Z1171ykx+/jliNji1kN1TjEVLIsoxWpwYA1thw9v2i4bGpnt+PRpOgLa1sPXM4fSkSEeo6jkqXb371GyeA1tB03KF2Tum1agA1L+7jnJ7+/zkaBQDYIzYcaTFpAIAVG7uawz23+v6HEzhr+990Pn7lW/TtXSERnJzyR1fA+dU/Olej2trWj7urdKTY0nlK63YOu509D1ZAXWQ+3taWvRQpEvB6QytRGP3db/OKi96wvH/+SIX58MmEa9jl7Ln1QxLU2lJBtLd0NFSWQMzjDWvFxvyhCGus//B80fCQe6zfG00CY7B0dVqy7zsi2NtORgeuOW9ecALDlZqsLV2OKn18flACY2t+li6xcPPKZ+PZ3za+cfHvb4C61P6rcw6BLdnf3QZDbldfn5wAYIoM4r7WU7Z6HOi8XJrq4x1tI66J6dGecQAANcdX1Lb8qjk91Z2m+nhbwum6M+l0O5Og3lMqlre831ifvhaFhn3ueSWRdF/5LO8C2ULxxKmz9r1EJ3acO2Ucco6NDLqiAFpDU/eRTA44Li/4A3xVAxgZKgfc0+FEInztk0+u5dah5pvOnWoxki17HQJV4wfjuQSfKu/ifmxje/h3/wcApLIZ4FQqlbs/lUql46nVW3mxVCqVSj8+lUqlEv9e8Nd/tWmJ4lP581+U53n6TykedH566S7feQbnD98BXqOOtwu9onsnErh6ycWf6D5gfK5RRjzovHgj0XIOf7dvGzxD16KS59MrgfpzXbZXr0u+bM/5TvzzXxTmZ/+hUqkAVCqVSqWCbDtzO3cTco+AzFAll6FLN35GfkTCjqQgpQLVavYXVNmZHzC+2+PP3Jt3q1jwuzlZW9mBU8ojtDvpxHc+Ep9/NazR8auPXsT2oJ8GUesYhnncPAzo1UMgPdABVabuE/JqQDG+2+Pox4gvByRqtK8vDUQIIbSDEb7u9Ed1270V6EcgkMv74hKXa5fb3TlfN6zQ8tGvtnsjEEIIIbSVgnTOD5e43GyJEEIIIbSjFACkVACZZeY8d14E47s5jhBCCCG0s6TzvqlMnk+Vvoo/l/nD+O6OI4QQQgjtLOm8b25iq5QKVHlZQIzv8jhCCCGE0I6ymvfNZv5SeVlAjO/yOEIIIYTQjlIA2R8syGb+sI3tbBshhBBCaGcpWJPty6/7xDjGEUIIIYR2lmzed/0SMI7xn7QnIoQQQgi9fNm8Ly5xuXGJEEIIIbSzFKTy8nzYxnZ+e7s7J0IIIYTQC1agUgGkMnk+bGM7v73dnRMhhBBC6AUrgBSAKpPtS+W1MY7x7e6cCCGEEEIvWEF+tk+lUkFqkywgxndnfLs7J0IIIYTQC1awPvOnekxGEOO7L77dnRMhhBBC6AUrUKkg9ZjMH8Z3eXy7OydCCCGE0AtGUilQqVTp4Q4ucZm/3O7OuerPf1G2exPQboQd71WGewe9JNi1djySrfhMZ/sANiwxvmvj2905V/31X3HbvQlo1/nzXxTseK8s3DvoJcGu9aO8pt8TCrIVn+nsb25qVxXGMb7dnRMhhBBC6AUrUEFe5m+17DOFcYxvd+dECCGEEHrBClKQy/ypsI3t/PZ2d06EEEIIoRcsm/fFJS43LLe7cyKEEEIIvWDpvC9ksn3YxnZee7s7J0IIIYTQC1YA6VrP1Wwf5K7xx/guj29350QIIYQQesEKYDXPl12mMqWeGN/lcYQQQgihHSZd7wt52T5sYzvTRgghhBDaYQpSAOkEXybbh21sZ9sIIYQQQjtMAUBmuJPJ9mEb23lthBBCCKGdpGB9tg/y2hjf9XGEEEIIoZ2kAPKyfeuXGN/1cYQQQgihnaQgN8hRAQCk8mo9MY5xhBBCCKEdpSA3yEkBAKjyMn8YxzhCCCGE0I5SkM35rckCAgDGMY4QQgihJ6CPFvxShG73ZqCnVpDN+a3JAgIAxjGOEEIIoa1R+fvBGy5/dLu3Az21gtxcVqrsOe9M5g/jGEcIIfRMqDTx6e+/uRd53tWEJ6//y5ez4Re0VQghACC53zBIQe73DFR5bYzv4vjriz6audk/pFR2ddcb2Sc/PB4YuTiUPHTqSIXuR9z1Y8X9ty6OQFP3kWouP7r0be9AwNR2urGE5IUj/luXR9QtZ5rLNt9+Krn6r4YqT3fW6AkAfeTp7feKx9atBP104tLE106XX5KjSVDv4fgSs+Ngi2Xvi9gdiYWh3s+ccu62mtmj4wWLw3HInFk/lTwXr3i0R979uaX4BbzgzkKV+eGbE96QrESToC7kjZWHThy08Nk9Qx/dc/1pcHx+MZpkON7kONZhL8m85+hD79Dot7OSrKwkQa19w2A7eviQuZgAANCw3zPonAlI4WgC1EwRb3jzUKujOrdaoLJ/XtHW8CwAQFy6Ozjk9s6HE+pCXqxubXdUcASASq7ef/t6Mblui7WV7/3ntur0AYfG/F6ZiI26rTcV6JLPMzw+4w+EqVZvFKsbj9qqOTwYvHRUCdwZ8XiD0qKSVL74X3d0gu3Iwf1GBgAi3oHffTW3Nhesb/rlqRYjEw+MXPh8Ul6/Mn3juVNtIgMANBL03HKOeReVpFpbuq+x9cgBUbPulZ/YeR7T6xAAAIFUClQqXOJyk+VrKy55h2dXgHjHZitPW588GqCRZUVeia4/ijzhrh+LcAIrj7r8tgr76pAoEvK458PKA8+C9VhFbphLH/ld84r2IP/YgXsyLocVOZbI3FyRlWVFTlAAPLb99GgkMHCp3x0VrFZHU+keiMoL/nnPjX7KdneYNE+xgq0lo0pM/UZ1R2ulFoDGY4qyFJz//s6VK8HjXacbBRaAaHnLWxaWZ17In7Oj0KU7vd9MxAWz9WBZKUTm5ye93p4v1drzzWUsAH3k7fvqqq/Q3HjwAA9Bn2fiRj/RnnrHrAFILAwNXJ+Gsip7vVEDcsg7PTPWO8Cc7z4gEKrMDY7Mg2hvd2gITSih+x73ZE9f8cfnbJlvnzR8b/YH3mrQEYgHJy5eGleE6kOdDWzk/oRzsqev+MMzNoEQwdr2oRCO5+pE6bLn61EfJ+hzQ9poyPdgj/monmy1qVRy9V10UsvxYx+f0hNF8o7cvvbFMnv+yGO+OaMXg8pTlz+/vUAMllrHAUMRQ5KKb2K4b5Q/d6xCR+OJGGUMTSfsYnYvEKZIMDIAwIqN7/2yXEnkPleSkuvW0GKRwKkBACLBwUt9EwlDfWuLEWIz7vGh3lu6c202Pv/o/oTO8/he9xP+B73CsnlfXOJy4/J1FVsYn09WHewSpnrcc1Jt/SvybiecwWJQD0zeD1v3ZtOzseBkiJYaSqMhbyBWYc6Mk6hy37sI4gnjc+ea0U+AhqddHpk/er7zQKarVdkaHTQeo+T5B74ZRCeIoqjP9eSmRsk1cHHom2HhVJvIgM5Y32R8Ua+1o5CS/Wc+3M8ymf85S52l/PqFvlBQoWUsiYc8wz6wdHe9Y9YAgKV2n9B7ZcB5VzLVC4QpO9r9X48ybOaZNTarcPEPTn8otl8oJlzNz8/XrL6KuVwA6aLvUZRC+q1N5ZA/qreIRYQ+8o64Zd6RHXZUmUXNp5cmvvVX/tysAbbYKK5+OY/4vwnFi2yd1blDViQwL2vLW/gtN5VKHveS1trVYhEIALDi/ta3A38YHZu1lz3FN3/0rKjsm1qg+zrOta+OSk3l9fkPYTUGUdzsnCFTYjSW5FakzLoXk4aGRkv6bMCk0xM1dJxvt3EEACxVJeR/9o+5JXPr2rOYW3Qe+si3Ra9DACSVSqmyeT5sYzu/vd2d8xlRed4VKrS+u8/IgcHlnAjU5OXeEtLk6PWxeenBSpIpMpgsTc227GlKKvsnrk7P+AJhyujLHIdPNm1aLpFY8rqHx+f9oXCCKTKYGzqO1wjk4UTvgF88dnK15CA203/dzTWfbsobeJNik1UgN2Z9sqUkHVaCkyEQjzgqpq8PT0sRc7kO0qdT54JEPGnQANAlv9fluusLyNGkWltafqjzcL3whPReJDBx7WbI1Nm+XyA0EvSMuCdmQ4tR0Jbusx09eMhUTDIlE+L+0iXPZEDW1X9wxobVEs8sSYHoigXtmv9BwmoyHSsiecc9E75A6MEKMEWi9WDX0XI9AYjMX73iYRss2lmP27+o0D2l5sZ3TtQJT5WrYwR7o22y1+MONYnlusj81Use3Yn2FiOTPtc5PDLlCywqtJAXqw+1OjKn+CPBb78edftlhe7hxfIm+17fSMDU3V7PEwAa9o/fHJpbWFxOMEUGsXJ/s93ypJ72WiAss/4mWQYAAKoEpQi3z5Y7m0yKTVYj6bsfVGwCT4Aw+buCEDUhQGHjOaDEks89OJ3g36rK7jsqB+YVrlzkCMTlew9AcOzLjY5YodLCTbn9S3GzuGZX0yXPyDw1HGwyZDeYPgr4ZEas5wmVt9hULWw2wcAPQZ8UsRbj9+eXinB6Xvuch85E0DV+j5SftAoEAGgsGFgmos2Uq0/QCbbyIl/gvkKN7ONeal3nefpet1uR/IGOSqUCyGtjfHfHX0+JoHtKeaPOIhAghnqT+porEBZr0gkzKk1dvxlgm9v/rrYElIB7fC4gxSr4YgCgicU7Ls2h1ra/64SA69b1kdvDxkzpVb6Ib/SLr5dMx499bNITRfIM3e75mvmg08BpV+6NexZqj6W/4lPp7tj0su7EnnVHKp1YI7ID3ml5vyAQgHBgJgiGLpHnQYBbdwNKuYUDoGH/9JKu3G7UAcTD/slAXLCdbBU5GnR9PTrQ5xbOO4yPPdjSpcnBL/sDjL3NIhCgS3euDLiZ+vZzx4xaKs+OX78xqD3VuV9IxuXw4vT96wGDzXHwkGjU48D32RHeVM47x69d+ebQUYdN1Kz7v4yEZn1yoe1o90mDWpke7x+6ddPAn7YU00RMkUKTN2K1zYffP16UmB+/1j96vVT4sOnpvoYQvSgU3gkGlXg5m4gpykMaTQIAle/2XHJS65HTJwxcctnvujXY59SeaS4jDyf6+ocCmtqjne+b9YmAZ/BrVyCi4eJJABIPjF/+0q0YrR2/tBmI7B26dfXKsvpc25ra9J0gFpwOUa6yjCMAsfDiMrBV+UMXoi1iQZKiSeDX7QQaDsxLtKRJLMrdEfYOXMgUdBYaGo6dbMwNfZcXZpe5qn16AjS6rMTVPJfXK0ihjlPHHyzHKeQPZcI+t0susp0pX30zRiXfYmGFgyewsuWmlphFxu0eGTQcO2TeSyKSZ8gtgZoqy1EKOnxrvyyEN1XyzvFrveRoa0P1+g4DAAA0IU+PXJ6cuycndYJocTTkavRXHyLPDU/HjM32THqY/iArKyxfnDdCVWv5Qph9GI6D8JivMus6z9P3uh3pH/7hHx53169//et0oyCVzfZB5hr/TBvjGH8tKYGJ2RXRnj4EMEZrDffA45YyZbE0sZwge80mQa9j9Maqlu6ONktx9jhQZGk9csBUouNKLI22MjYmSbH12RT60DseIFWOFougZxmdIO5vrmQCd/0KU2at5OMBd+ARAAAkgpMzsra80bThhKPOYBM1sn9eigPQR37vEitWGnVEL9YYQPIGHqVTRh5ZY7IILACwJfu7u35+tKaM1+iFqqYGIxtdkh8zkw6FFcnV/1l/UNvcdbZV1AHEA1OTyt6mVksFr2HZYqPVccCw7JmUM3+XuvTQmc6OxqoyYf1wDf0oRKg/e67Fpl0a/PzC3//33/1/v7923RVYimfu1ZubT793pN5cotftLbM3WIWkHPoh27XUvPVYR6OxRFdsrLXbjWol9DC+xSutoWYZBpIrax9PpUmPpK1pcZQLOoblSizNDlP8vicUo/L8RCBpONr2TqNYwhUbrY62Br06k8SMLUzelXXVJ99tthiL9UL5gfaDFTTg8j/cWTOW0rDXedMLJofFyAIATVIApnBNESXRMEDphj+byjP9Q/fZ2ob8mku9+eDZc53vv3v46FtCYnLg8lAwvS+oEvIpRWZTUTqNlwBm7WiDMCTz4qviktsZIKbGRuPq9+1wcE5iRDNPnrSpTMXR9i5z0nPl4m/+73/++38e8DJ1h6qKCKxs/EPQC0QE2+kzh8XkXM8nn/xf//3f/uWLb771LeW/H2n0vmt6hbc73mm1m5ilO1f6rvtia9cRW3C6Jab6UG12TEwT8aRarVXnvw5hGYBk8nGXnWzsPE/Z63ao3AB3izhJ5/w2ZgExjvGfsK++KFTyeQPMm6ezZwaJ8GZ9qWfwu1CjsVwHwJZWikzfwKW+YG1lhSgYxJJcioUwRUauMHODYRgCEbrhSBNfCkg/yIG+33yXF2T22SglQnW9MDX43f0lc11JXPLMxvi36jarmWCMtft0vnnvol3Q3vcuMmKTwAKATrCIpN8bCtcy0ek5hSu3lKaPYglp0jXovi8rsUh0JQkA6tJNPpkBAJLK9DcXE+qKE10n7ZmaQyUgyVG5/5NP+vMexzdknq/mjWWb5irQj8cKVS3vVbUAjciyFAp6XAP/Y0R/9EzXASNDlcCdIbc39FCJ/JC+uIXjs1clkkLeUJTpJoTRMWqgSfq0Vywm44kEqAvXnjePSaFwdFG+8NHO1+IAAAtCSURBVFt3XnRPLQUaDUeJvnG1ZphwgqBn7gMA0IQiJ1lD+WpWSVsicjAWCMfte3fMSfOI33n5xry2sb0tMxsGUROA6Er+24nSWAIYsvb/nyqzVy+NSqWO00fXvqeJRhBFAaDCUm0x9l8YcnvtQj0P4cCcwpVnzlmTQjUk4mvesjRBMy+eiyzNujxKSVPnvrz/7VhoVmZEG88+xaayJbbOM7YTsSWF6rhiliTu9bmBaBh8f79cRGes6ThX00FjYXkpMD011vvHMePbZ0/VG1miN9k7OhvE2sxZNYu1XLh0ZXB8Pmyqy70JqXR32EfLWm2rHYuoiTqZXHN5NaXxBECxWr3h9eExneepet1O9utf/3pd9nfdgDhT74tLXG5c/uTd9bnFpQl3KPogdOG3k2viao/Psa+eJ8Aa287/whJaknwz3/beXoTSpve6WrKFDYQ86bCQBCB7zCfOnLZsvFxgr/ktcfjGlE+uJItTfiq0WDavI2ANlWbtjN8bMnN3Ze2+Q5kxrqas1kD6ZvySRvYtc+by9NnTuH/0cn+AP9rxN3ZBRyDuv/W7vsdO9Mloi1galgJLYWtJZvALwJTaPzzv2HC1XyYRvkuOgz8houMFHS9UVAm6P/S5xkM2Qe/tGxiOV54801nNE6APJy5dGct7wrN/FsXDAWmFFYwcC7B6KiBJQc1Z2z/uXF/VF/c/aXev/U5FyPrIay0ScF7unWMdXaebcgXVhXpOA9LD3AVq6ZPFcSjk87JuVJm//sXtUOnBD7rrHl+MQnRvlGjpvBRNAhcL+Ja15Yb0+59oi/QkqSgxCtmBKF2JKElWKFpNy0VCrjGJrW1bcxF+JDgjFZa1p2cxe6pNBaIp4dP3LQekBCvoseDhJ0I0ekHUC6K5yvnpJe9EqM5oYggn2qz5jykSSjXU/zBKIfvZ8Mjn9Mi8raOqmOStStCpfdFHeQUOyai8AsyezffmZp3nqXrdTpc//N2YCS5IZ/hU2cxfKq+N8V0ef+2EZz2+hKHp3c73z+T9O3XYyi1NuKX0qSjC7i0zVe1v7/ovv/6bk6YfPK7AE+aeJwQgexKUKea1SWl+adOn6EwWs3Z5cnzOPSmxJpv5cTMpsoLFrA/Puga/C2tNVbmv+6yh2sQsuUbcvqjeUpvOx9KIshxnBVutkD7qxaPL8dXhiJrCSt561Trx4PvvN3D+25996ZHiAEC0pUVEkRbknTOCeTXRyMOldb9nShgtAaCU0pgcAd5UU5HZpSty5EVMmAdUmnZ55CKL3bAmL0s0PMfEpZC8oXKCcAIHy4HQcnZDE7I/FE5kn8UzcXn1WVSRfFJSu6bo8DUWD0709N4Fe1vewBcACGcy6JT7nkD2NDR95J8MUr68LPfmjQQGv/zGzzlOd64d+NJEZG1WLaI8jEIhz6hpVPI92GM2ZYc3rGAuBWnyfu5dGJfmvIraULU6Na807fYmhKYmQ/7/diT0/SIxmDPfjbfeVBqRl8J5mxMJTPlkRqwt2Rm775VF47H4uvc9KQSgAMlN7qUxSY4Rbm+uaDse9H7rJ2ZHzZrLW0mRsVxPAzN+JfvkiOSZX9aJ5ZtNebl553mKXrcrpIe8m5ZAYN4Xlzsl70uXvO4QMbU1WdZlvCgXnfvM6V1wGIXQyM1JMNlrzGIJG5UWpARr0hDY9CrpDJYTOHBOuO+bjpbrWd7aaPD0376mfbvFLmrpkn/SMxEqajnVXMYCsEK9Ve++dXsM+KZfGh5/iCFCrcg73SHgj9bm1RywJRaTxj0eUhsOmjNhouMFjt6dcM7yjnIuOjfmXkrAXgAAYDhjEZmcvzNd2WZdPZzpxPrT55hrV0Y/vRI7/a6jzGSzcH3DfbdJq91cykRDc3ecd6m1/R3rTrh+/5URu/d175c+IporLVUGjgWgMf+407WosTYb9YQaebXH55kwvW0rhaB7wq8k4TmmI6ORpYX5gHfS6w1CRWv7ofWXYzJlDTb+c+e1G5pWR6VRmwjOTrncYVNn+36h8pB16vLI7UHmYKMRJK9raDKcVBeln2V8q5L3evpv7G1vruSi88M3R/1gaLfuhJoYKnl6rriptX19xQIAa7AdMn9/te8aDdVVpyfNnSWWUzWZDFo8OHhlwKttPNu9fvKNiP/2hb4lg8NuETQEICHNfev8ngqHTTxEpufSs5JlHkqKzc32iUvOi5ceNlkNbOT+hHNGEQ6+k5t8JnL/2/ElztplWfNtORacXlIbDgvsU2wqDXv6eoejQr2jzsSpE9LU4Mj3YG49tP7XENCLFbt341JPQFNRW2MR9QyBhDw/4ZyROVuHQQMQu3fjyjVJbzGLZQY9AzFp2j0c0Njey17LSB/5Ru4qQuPJ9VOAE8HaaJnuv/55v+SoTM/vO033dTUJLACVZwdH7nMNmZ/PeEzneYpet2s8rvaXrOb58papDRGM78L4T95LnwuVAz5Fbz++cdBJSqrsZveoNxCrMJab/G5X7x/7EwAAXPnbXQ4jCxDXFWm55OrJQ6LRaTUJXSEBAKG6o3Xp6lD/P7lLW89377e2fcB4xsbdF103o0nQGiobHbm6XsKb60zOxaBQZ91ySmHCV9dXzbugzrxmaMEYrXXi7JS24c1ctQQrNpxsXf6y/+bvxkH9RmVLU43BtcwSAgD62sMd0uBA/x//X5f9wzMWTqvheA0BIELdyXOF178YHZ6uNDYaW850884JT9+VfmUFGL2p1naovJgAZbk9OqUIh8Avgqa689T7hvGxcU//dLrKtpAXy1vPNNSbNABgO9EmfzVw8/PPbsIescHRaA57tAwBIIxGyxXpV7udmtFq2OT6YlMAtVbLJKZv/9P/czsX0hqqO84ftGXnICOMRqvV6Fh1+vqbs+f2jDm9Ny855WhSzRksDQ1mngCQsqNtHYmBq1/90QWgfqOy5ajFc/N+pl7U2HD2/aLhsame349Gk6AtrWw9c7h+Jwx9E8HJKX90BZxf/aNzNaqtbf24u0pHii2dp7Ru57Db2fNgBdRF5uNtbdkJUCMBrze0EoXR3/12dPWZb1jeP3+kwnz4ZMI17HL23PohCWptqSDaWzoaKksg5vGGtWJj/v8ca6z/8HzR8JB7rN8bTQJjsHR1WnJHiHDgbgDE9oa1h4yI5JXA2JqXpdtiU0nJgTPduq+/GbjR7wIA2GN4q6XraBVO3vKSaaqPd7SNuCamR3vGAQDUHF9R2/Kr5vRUd5rq420Jp+vOpNPtTIJ6T6lY3vJ+Y72Ym8T9e88iY+uu3KSQRid2nDtlHHKOjQy6ogBaQ1P3kfRcvxCXF/wBvqoBjMxjOw/AE3sdUtX/pzvbnl/E5au5HPn9W5mZHwCyDVX6145TqVR2XojcrbxYKpVKpR+fSqVSiX8v+Ou/evapkv78F+V5nv5Tigedn166y3eewfnDd4DXqOM9m4jvmws3lpvOdb6OY9xXdO9EAlcvufgT3QcePw3h04gHnRdvJFrO4Q+zbYNn6FpU8nx6JVB/rsv26nXJl+0534l//ovC/Ow/VCoVgEqlUqlUkG1nbuduQu4RAOmhSO7sdLrxM/IjTlYTFUBeti+vjfFdH3/m3rxbxYLfzcnayg481YheRbGZm9+4EwabtVwsZaIBz+CNmTh/UHxcYTp6BjrxnY/E518Na3T86qMXsT3op0HUOoZhNp+HAb2KSCrvUidc4jJ/ud2d83UTXw5I1Gh/yt/lQugnViiYSsjIzMAXf4omAZgig/ng2eP4e34IPS/C153+qG67twL9CCQz0Mlm+7CN7Vx7uzvn64YVWj761XZvBEKPQ/Qmx2mTY7s3AyGEtllBZriTn/3FNrZz9TUIIYQQQjvI/w+Rrko77UzumwAAAABJRU5ErkJggg==' />]]>
    </system-out>
  </testcase> <!-- dashboardTest -->
  <testcase classname="com.vinsguru.tests.vendorportal.VendorPortalTest" name="logoutTest" time="0.000">
    <skipped/>
  </testcase> <!-- logoutTest -->
  <testcase classname="com.vinsguru.tests.vendorportal.VendorPortalTest" name="dashboardTest" time="3.055">
    <failure message="expected [10] but found [99]" type="java.lang.AssertionError">
      <![CDATA[java.lang.AssertionError: expected [10] but found [99]
at org.testng.Assert.fail(Assert.java:111)
at org.testng.Assert.failNotEquals(Assert.java:1590)
at org.testng.Assert.assertEqualsImpl(Assert.java:150)
at org.testng.Assert.assertEquals(Assert.java:132)
at org.testng.Assert.assertEquals(Assert.java:1431)
at org.testng.Assert.assertEquals(Assert.java:1395)
at org.testng.Assert.assertEquals(Assert.java:1441)
at com.vinsguru.tests.vendorportal.VendorPortalTest.dashboardTest(VendorPortalTest.java:50)
at java.base/jdk.internal.reflect.DirectMethodHandleAccessor.invoke(DirectMethodHandleAccessor.java:103)
at java.base/java.lang.reflect.Method.invoke(Method.java:580)
at org.testng.internal.invokers.MethodInvocationHelper.invokeMethod(MethodInvocationHelper.java:141)
at org.testng.internal.invokers.TestInvoker.invokeMethod(TestInvoker.java:687)
at org.testng.internal.invokers.TestInvoker.invokeTestMethod(TestInvoker.java:230)
at org.testng.internal.invokers.MethodRunner.runInSequence(MethodRunner.java:63)
at org.testng.internal.invokers.TestInvoker$MethodInvocationAgent.invoke(TestInvoker.java:995)
at org.testng.internal.invokers.TestInvoker.invokeTestMethods(TestInvoker.java:203)
at org.testng.internal.invokers.TestMethodWorker.invokeTestMethods(TestMethodWorker.java:154)
at org.testng.internal.invokers.TestMethodWorker.run(TestMethodWorker.java:134)
at java.base/java.util.ArrayList.forEach(ArrayList.java:1596)
at org.testng.TestRunner.privateRun(TestRunner.java:741)
at org.testng.TestRunner.run(TestRunner.java:616)
at org.testng.SuiteRunner.runTest(SuiteRunner.java:421)
at org.testng.SuiteRunner$SuiteWorker.run(SuiteRunner.java:463)
at org.testng.internal.thread.ThreadUtil.lambda$execute$0(ThreadUtil.java:64)
at java.base/java.util.concurrent.FutureTask.run(FutureTask.java:317)
at java.base/java.util.concurrent.ThreadPoolExecutor.runWorker(ThreadPoolExecutor.java:1144)
at java.base/java.util.concurrent.ThreadPoolExecutor$Worker.run(ThreadPoolExecutor.java:642)
at java.base/java.lang.Thread.run(Thread.java:1583)
]]>
    </failure>
    <system-out>
      <![CDATA[<img width=700px src='data:image/png;base64,iVBORw0KGgoAAAANSUhEUgAAA6kAAAN/CAIAAACz2gnWAAAAAXNSR0IArs4c6QAAIABJREFUeJzs3Xt8FNX9P/737M7sZnezu7mHQAiEgAkYxQAKfBCKUBCxQlvwwqdovdCv0tpabGurH78/9fux2lo/0lpbasXLF/ErWrAFWhRQpAQEFAiXcIkkhIRcN7ub7CZ7ndmd3x97yWRv2YTc9/V8+FhPzs7OnITZc9773jNnmGU/qyaASLa/PH6wmwAAAADQDY/HE//Gsv5sCQAAAADAEILYFwAAAAASBWJfAAAAAEgUiH0BAAAAIFEg9gUAAACARIHYFwAAAABGmvXr10esR+wLAAAAACOKL/CNGP4i9gUAAACAkUMa8oaHv4h9AQAAAGCECA92Q2oQ+wIAAADASBBtjq+0nh3A9gAAAAAA9Jd169Z1uw3yvgAAAACQKBD7AgAAAECiQOwLAAAAAIkCsS8AAAAAJArEvgAAAADDT12jZbCbMCwh9gUAAACARDEU1zjTpCqvGafITWWztNRq4Otb+ToDb2j18oPdMAAAAAAYygRBOHjwYHV1dXt7u1arnTBhwpw5c1i2M+IdOrGvbEyheuGM5JlFSbmqSM9bXZ993rbtK0e9c+DbBgAAAABERF6v1+l0ut1uQRAEQSAilmVZllUqlUqlUiYbzDkFjY2Nu3fvbm1t9f3Y1tZ24sSJy5cv33bbbVlZWb7KoRD7yvJnpK5dqi3UxdxKp1y4PHvhYveRw5Yt+2zViIABAAAABpDT6WxraxNFMaSe53me5x0OBxExDJOSkpKUlDQoLbx8+XIw8A0ym81VVVVDJfbltElLVmSsKY67GSrFrAWZs2boPtlh3HiSxywIAAAAgP7G87zZbPZ6vd1uKYpia2urTCZLT0+XzjQYGBUVFRHra2pqZs+e7SsPZuyrGa39yf3ps9J6/kqdcsnqnDGjDS/vcbYJ/dE0AAAAACAislqtNputRy/xer0tLS3Jyclarbbf2hWB1WqNWG8ymYLlQZuTkVKQ+uTaXgW+frLrFmQ/tVSV0qetAgAAAICg1tbWnga+QR0dHUajsa9bFIvH44lY73a7g+XByftymdrHvqe/LuI1bT3AFM5LX1Pb/AdMfgAAABjRhMoK69sbhMtV3rbQ2ZxBjErN5uUn33Of8qY5A9u6LlxfHur4cLNwuUp02Dvbpklm8/K1965RTJ0+iG3rKZPJJI0ae4HneaPRmJGR0XeNulrywv/46UAfk+UW3ZOxbEyfpJxl48azjefs1fY4toUeWrUYWXUAABh8nrpa42NrPA11ojPmpe4C7zW1OP/9KTdhIjt23MC1T8J1/Ejrs094jQYSuubleLfXaHB89oliynXynDF9cixrh0un7cdLytrb232Xr4U7ceLMtm276uoaj311ymRqzc7O5Dgu2n68Xq8gCCrV1aY8YwhefnfkyJFo2wzifF9mzIy0+4rkfbY/nfq+xeryD2wGTPwFAAAYiWz/+DA0lIyp42/vKWfP688WRWX7+wfdbbBFUXLjQDWn93ie7+joCK+32ey/efG1Y8dOKRSc2837HrXa5DU/+M/Fi78RbW++NdEUCkU/tzouAx77apVL5qmSe/KK1pqOHYcd9QKTNTppWrF6WlZowji1WL+k1LGptvtrDwEAAGDY8DgbLxtNojq79rK/RjNRdf9jmnklcrrofOd31o/Pha62RUREwpXLkaoHgqe+1l/Kmqtd96AyVUGKNLmm0vqrnzmq3YPbth4xm80R63/7mz8dO3aKiNxuPvjY3t6x/pW/Oh3OZctvjbHDUaNG9WeT4zXA17oxYwp1c7N68ILmMuN/bTB+dMx29GTHzl3G515peOFw2Cc/TjHzRiW+ngcAABhJPC63zSl6nW4h+M2728x/+gfzg8ta/9ahWLqU00R+oWjv5bVZV89jafOXDKXtTz5gfORh6+Em76UDfJ1/1qy3t9eNDSSXyxVxObMTJ8589dXJaK/asGGTwRD1yjZRFKPNoBhgA5v3ZdlpN6pSIz5ldZ9oEMcUKLOl00UM1le3ddQLsvxrtXfcqMpiha9P2s6YPW7iQpLmuYWafK2jrL3HLeJS1Wt/kDE3yb3zg5ZNFV2vDWTZm5dnrp3BVpe2vLjLaSNKKUh96n7dGHPHq++Yj7aKxHIL7s5eW8yU72p+odTtC8lTCnRrlulnat2bNrbsbPByqeo192cuGcOEHLfuq5bntmGeBgAAQARel62hrtXs8GV1ecHl9kcHvFmoMBMpvLxLbK3xuolIwS5/Npneatte2W/NEdqbzFeMrngG7QxR7JJWzF+oma1w//WznkzZGHxtbW0R6z/etS+8clxGmksQmtqsRHTk8PEYqV+r1dqvs37jNKCxL5eqnDY6NAokotZy039tbq8XSJOnf2ZtamEg/G2ucdQRt+B72Y+V+Nt5XVHyioi7TlNOy5KVtfd42oNCq8xPlSm4pBXLU85sMEmiZyarOHXNbGUyUX4Wq2HJJjCpo5X5KkYxRlmYxhxtFUnFFo9jFRxdU6BIPew2CJRSmPrU/fpCjtz1gsEhEpEiTXlNWOBLRJqhcEM9AACAocfr6rhc3doRLdLMvS3lN/+VlNrufvs9b0qJ+tsLFUWTOHpQn1Xm2L7dbbiqRQkic7tazHEFvmHSlN++i23+R+vxyPMHhiav1xvtHhZff30pScF9a9q1Tl5IYuU5qfpRKbpZk8YrWPmd699uarN2dMTKavv2PLg3PR7o2FeTphwTIdz3Vpc7fRlQm8FV0UqFgUkR2cWpj2mZ4qJ4Gsnmj2a5KnfvP1ZlJd831/b1LqfvH41LVd2zVBM5RU1MWIGImJTC1KdW6wo5cte3v+xLDBMRkYKIyHtkc/2LJyOvOQcAAAABQrvBEjXw1YxiuTLL6put036S+uiDyiM/s79x1r38WS232bL1XH+1SC5PUlBHzBUmImIKb9NMJ/drwyzpG3tRs8VTJz/93QiZ3Ze+t+y+P21O1nZzSZfb7R6s2x0HDWTsy2hS2Ugzc2T5hYrUk7xBoJRx6mJpvKlSTCuKd+dZWXIF0VWcXcyEuam3ljd/VOslkhcvSF3Yk/tupBSmrokU+AIAAEAP8G6rPfq3uKmT1I8+pZpA5O7gP37V3ewmUpDbLVI/pHuD5Emj8tKZK+YWR/eDO9OZF0vm5n1TfuUf1jPDKenrm+wb7alJ+WOXXn9NxKeuHzfmjYdXmUZnx955osW+pFHJIi5ukVqS+XyaptzMFBersqMuD9cNhVauYcnWyxm0njMXvIVFyhW3J5e9YTWM0903gyOr80i7clakGQuhhx6t//lqLjtW4CubtXrs9tWBn3j+sw+aN5wcXp8DAQAA+p8o8mHfknr1aVRfTURUV2r92W1d71rrFj5+NmR2qjyrmwisZ9y2K/UOdVZGrrWtvpWPHv/KdaPS5Hq9t8VAREQd7jceaAnfKGtIrHUQgyBEjaXuvnvZLCFqAvy6cWNqJk6IvfOrvFNGnxjkKRdB2ePUC0u6C3wdfEV5x7athl/8uvY/X7Vc6ho5clcVxov1Jy2lZkou0N83W7NiqW4CJ54ptZa3x5W+VaRx2RwReStOdpTHk/HlIn8GAAAASHBe0esNG0iF0eN7tBN2wqS+bBOJgt3RWGNqU+gm5GmTI8YbrDJzXFqqYHWO6qapXB+3re/x0e+WO2nKNZ7oa/TK9TqdTtvrnQ+YAc378kLPZwLwnku1zvJy+9ELjooWb/APxhFvEGiCJFbm4/gmIpZ257Z9jpkrVdOWZ04jIkP7tpN8VkHs1/iP2FFj/1qlmpYlu+72rJ8IhldLXWEzvTHfFwAAoHui2x2eWbXPu111/N+y1qjrZ0kxSSrt/Y/0Q9O8Hc0mpyZ5zLgMrbG1yeIJNlOpTxmTLrc2G2tsonzxnWlfn2FckRfzYjTJ2nvX9EPb+hLDMMHbpIWzZmenXrkS+amhsXxvtwYy9hVbzR6b/9qv2Lx1Nc7yKseJcseJ2mgTA0TiiSRXztnaPb2d8OA/qOGkZffspBVjGCLPkX3W8nZaEOdL2+0bt3QsW525ZIx81vIsoojhLwAAAMTmddoiJAZFpcr009+qjnzK8G5WrU5LZqPOR5TL1Qtvk2X26ZwHCcHWUVPtzhidPlFrq2+yOUiRPiollWz1l9t8s5Q9WbmmJ17LrvpCRWGzluVy9a13yFLT+6ltfYVl2RgzE5ypqU6LJclqDan3KBRuTZT1lrvuvC/aeFUGtAW2VpeB16RGntggtta7yqvsR846ymv4tm6jWJU8tcuSEV5Dg+cqp5DwTucne2w3P5CsqbJuK+d56nbqcedbj2+1b3ynhe4PhL9886tH3Ah/AQAA4ud12JrNkVNeYpLaPn8ZERGjUOVnZqkHb9Km122sM3SkpIwpyNWQy9TcVtXmlsa5Xm2q/M77kxXdXy80NMWOfYmodfz49Koqhc1GokiM/9cU41u5jON6e11X3xnYOQ9mV7mBCseE1PKfbTdtOebsyY0emNTRSWOkfz2eP9HQB5eOGc6ann7FSma3wRnjbyOGFSg0/F2Z2dbetOGsh8h36WnXa91wbwsAAIAQHmdTfVtHtyv1i+6mulZVfrp2UIMoZ1tbVZQbQAx3CoXCbrfH3saRmqqw2YKBLxGxTiff1s6ldDPfV6lU9lEze29gPzY5+RNVYQFqu6v0bI8CXyKWLb4hSbqCnLvBXm7uzXxfd7u7vp3I6q7wv1w0NLgNvksYBU99g+Am0WAQbAIRia0Gt4EnMgc2dggVBg+RWF/D+6Zb8K32jRsN26o8RIyGYzgit9lVHWltE9zbAgAAoKu4x/GBXkeUYXqUw+3Z1kNOPOGpEGmb//PyPz/f380qy0Mh9mWW/ax6II+nyUt9fq1+QpfPat4TWxtfONKDC/9SCtJ+vVaX21nhObKl8eVjWDKsj21/uWfX1QIAAIxEPbinMZFMk5GaN0o9AFnpukZLbo6+P/bc3Nwc7dZuRNTaatu39+SjRV1SvGebOv57TxURpaVqSm4YX3LD+DFjItwoIScnpz8a7PH4lxNYv359tG3WrVvnKwx0+tHW0PFJlfaHRdJ8s2za4tS5VS37WuL6HMdpVauWaXOlVfW2neUIfAEAAEYQj/1KpanVN7qzqnEF6XpusPKprHZU1pThsYZB39DpdG1RZnQc/bLyHzuOFYxNI+oS+14y+qdJmFttn31+9rPPz2Zl6qaVjC+5YXxWlj9A1+v7JVLvqQH/6l3gD+6xLCxILZR+INKp165Od282Hewu/OW0SatWZy7pcr8J/rM91oqe32kQAAAAhi65KjNT1d7gEIhJztBqBy3wTUQqlcpisYSsdNbR4dzy4eGz5+qISJ8UGkCeb+4IqTG0WD/ec/qTPafU6qR5c4tuXXS9Wq3u/7Z3bxCmndpq2zfuUf369iTpYmeKMcm/WMtO2GZ8/2zUDG5KgW7t3WmzumbQLx0wb4r+EgAAABiemKS0jCkRvjaHgZCammo2d16xdPpM7Qd/O2y3+9d/+Pqy8VAKe02mWpfEXjY7PvvadLzOGj4tmiEiYux21ye7T926aPqA/gLRDcolV96vS40vp2X9fHbXe4PoklY8MGbmhY4dpdaDFXxwgTAuiSssUs29IfnmYkVy1x256y1v7nGMzMssAQAAAAaJUqlMSkpyOp1OJ///thw6U97lfhbGdtcfS2u6vCAs8JUsgEZTJufm5GT0d5vjNEjLDQjC0e2GF/jMp+Ypu97qgskt0v6wSPtDEjusnjanyCXJs3WRF6Nw17e//E5bOWY7AAAAAPS11NRUo9H4yu931V4xhuR0RVEMqYkxJUWpZJ9+6p7+a2dPDd7S0IJQtqP5ia22usjzFZhkHZubxUULfFvLzf+1wXS0daCXOQEAAABIEBkZGYyMYRgmZGE5hkJD4QgvZoiIZDLZG3/5iSy+O18MjMFtirf6SMtPX2n+v2Wu1vhfxPOl25t+utn6NTK+AAAAAP3pN79+YMyYtLDYNqQifMKDyBCNHZvx7juPKxRD66YGg98avsXx0XuOj7ZxJTfqls3WTMuKEo7znku1zvJye+lJ+9ftSPcCAAAA9DuZjPmfl9Yc+bLijb9+bHP4r3UTu0a7TGgFMQzzn6vmLfvWrAFubTwGP/b1c/JlpaayUpMmVXHNOGV+nrJwDJfKijazUFfrPFHlLO+LWxYDAAAAQE/NuqnwphnXbPv7wa3bDhOFTvaVRr5ymey73575ne/MHUrTHLoYMrFvgK3VXdbqLjvZPtgNAQAAAAA/mYy5c8XcO1fMPXf+Sm1t08XKhit1psbGVlEkhUKuVifdMHX8ooUl48ZlD3ZLuzHkYl8AAAAAGLKmTB47ZfLYJbcOdjt6a6jmowEAAAAA+hpiXwAAAABIFIh9AQAAAIaf3Bz9YDdhWELsCwAAAACJArEvAAAAACQKxL4AAAAAkCgQ+wIAAABAokDsCwAAAACJArEvAAAAACQKxL4AAAAAkCgQ+wIAAABAokDsCwAAAACJArEvAAAAACQKxL4AAAAAkCgQ+wIAAABAokDsCwAAAACJArEvAAAAACQKxL4AAAAAkCjYnr5gdEaPXwJDRINR6NH2FqtNFEkURYYhURSJgo/+ApHvMfgjBf7fpTKEtJ5hev5rAAAAwPAhDQeYKAO/tD5YlFQyvh99Fb7/MQwjiv7KZE1S/O3pcSDb0/gJhjXf2SWKIsNIH/1noe9s7noaS+NdBLYAAACJThonRI99I2zji24lwS5FDHx7CklciEoa6YqiSMQQiYGzzBfjMoE8rr+y6zkYOe+LmBgAACAxRQtVw2JYf4otPOr1PSsNfHsa/yL2hVgk4W/wVPPNgpBGwF3SwIEXxthnf7YYAAAAhptgijf4I5Evp0bhmWCGYcKfih9iX4iq6zyHzkffmSaJgLu8KO6d93l7AQAAYIiKchFQkDSmECWxbpeoVxL4MtL5Dz1qCWJfiMp3hkWKcbuNgCkYOmOGAwAAAEQPUCOEGV0vfQuJeiPExD2C2Beikga+0tRv8HnJloPVRgAAABjWIlywFog9uvwUvNRemu4NzgmOH2JfiMG3uhlFjIMlm4Vc8eYPhWOkhAEAAACCuga7JLmUrXP+Q5QlIGJcWx8ZYl+ISnJBW+TAN2IQHHwq9mwHRMUAAACJI/bMhLAFyyKHvGHp3t5k2RD7QjfCVzoLT+uGp3gDk339Pw14qwEAAGAIiRKjdpnWIN08WsgbiJLF3gW+iH0hlpBEb9e7WsQKfDHhAQAAAOIQGt2GPt0ZbHTOgpBGvcj7Qt+LMtWhyzRf6YnnS/ci8AUAAICe6jLvQZTe3iIY8vY+6vVB7AtRBaPeiGVJECyNg4PfU8R1CLGnC5MAAADAsBJnkOqLCLrexNgXJHQJeSPOhegRxL7QjWhRb9iHMzHs9Au59C3y7vujzQAAADBERAsBuoatIVFEaLwbHuYi7wv9ofOGxtIIODwIjnEKBqLkAWoxAAAADBPSPFrUQCHa6r/+XWB9X+hT0uUdiGHiCnlDUryY+AsAAABxihE2hIS8/rtiMCLW94U+1zmpNzwI9m8hiXcR7AIAAMDVi5RfI0nI2+O7WvgkdOwrk5FKKUtSMBzLsHKGYxki4gWRF0TBIzrdosPp9SbwtVgh8xzCg+DgZIbYEx4AAAAAoomdNQuGEhFDXlzrFhe5jPTJco1KpuAi/L2UCkap6Kx3uUW702vp8Hi8A9vKISN8nkPXCelMWN43wmsBAAAAuiVNmnVd7eFqQ96gxIp95TJK0cr1Gjkji/clSgWjVMhTkuUWm6etPXEj4PBVHYLFSJeyRZ0RAQAAAOATFsKGrvYQc+NeSpTYtxdRrxQTeLnF5mlt93gTIwLuel/i0KekP4ZtFnKy9kfrAAAAYLiLlR2LM9jFOg8RMERpOlaX3KuwV7ofGaVo5TKGMbYJCZLJjDThIdZm0SD1CwAAAFJXmcfF+r5RyWSUk84lKfss96hLlik4rtHEJ0j21yfKhIfevBwAAACgF/oknLjaVOjQl5PRl4GvT5KSyUnn+nafwwgTZrBbBAAAACNNP8UbIzzvm5EiT1L0S2SWpGQyUuTGNk9/7HzYQfgLAAAAw8JIzvtqNTJ9srz/9q9Plms1I/kPiIgWAAAAhriehisjNnSTyygzpd+z2pkprHzE/gkp5OuGwW4LAAAAAF1lfDJiA7dUnXwAojWGoRRtP6aWhxTM8QUAAIBB0YdByMic78vKSa8ZoJBUnyxPzHtexH/mYYEzAAAACDcoqbSRGfum6VgaqD8mw1CqDhe9xeI7s/naz/+4/qNya+izrEqrz8jOmzCl5KbrpxVlqweuXXzt3j+/srU5Z/kPfrw0P47j9nT7Icpetf2V1/Ybc5Y9/ugtecP31wAAAOiVkRn7KvtnbYdoVEoZEWLfbtibLlaFBb5EJDjaTVfaTVcqy/694y3d+Pkr7145J3dAQjJHY0W9VXDwl8w85ffD9kOU3VTfaBUcdNHI35I32I0BAAAYYCMw9uVYRsENaOyr4BiOZfhEudfb1VFNfvjXP5ypD/zIW42NzY1NzbVnju//otJkvbz/rd+eKbv78YdvzkncBZT7GS95BAAASDAj8Fo3jaq3v5RcXjBFM2+KMrXnU4V7f9AEx+ky8iZdd9PNtz/02Au/XbuiWEtEprIP/rL1on2wmwYAAAAjzwiM2Hp5Mwu5vKBQNVEnU+m4iZk9/rMMcKZ5ROIyptz+6GP3FquI6Mr+bZ/XIjMJAAAAfWwExr5yec/DUH/gyxARb3VXtvR41QZ2BP4hBwOXffM9txWyREL9/r0XLYPdHAAAABhhRuB83x7fbKJL4Osqq3C39vy6td4E3BAJlzN9Ucneiq/aTRUnau1TrpNc9WavPb5r79ELl5qNRrNVIFaVlpM3pqDk5qXzp2SETg7mjWeO7j10uupKXW1Tu0CsKj0tr3DW0qVzrsuJdB0db60q+3zv/tMXqgxWgVWlZxdMmDxn+aKZETcmIp631B7dvu3zE1UGq0Cq9DF5hZPnz79lZoEuwsb2uhOHDn5Zdrmqtt7kIFaXlVcw6ab/uPnmaREu6Yv3d+SbD77+500XdIvXrV2ZJ1w4tGP73nNVTe36G+//5UPT/Vtaqo8e2r//y4u1V9odxOpGjZ+2aNnyOblx/TMAAACMUCMw9mVlPQlD5bJxkoxv7wJfImIR+/YZVU5RNvtVu2Cqrmi0X1fgiw/52r1vvLLlvH+hCFaVns7aTeYrFeYrFWdOVHzvlw/PklwbZ6/ateG32y4Lvt3p0vS81WQyVHyxo+KLz0sefOyROdldQmV73d7Xd+wqMxOxuvQ0ncVsNdWXm+rLyy9bnvjh4rywa+5465mtr2769LJAxOrSdLzVaqqv+KK+4oujX977w0fm53aJURuP/GX9e2WmzmZbTIZLZYZLZYf2lnz3xw9KVxnrye/IWy/VmgWHtari9NZtH+2qcPh/FYfDN1PEXnvwzfUflAX2pUvXkbFy/7uvHD00f1UJJpMAAEDiGoGxr0i9XtsXCzUMBZx+VLaeKk3U3mgSqMBXaW2suGxls+asumf5TZMy/PGivfHLj/74+tGmsh3bz0x5ZJo/58rXHn1/+2WB0m568P5VN+XrffEib636ctf7W09YLKGRn6Pi012kLV7xk4eWTtITEfGWMzteeW3/FUfl9h2nZz46XR+y/YUdb5ULo2787n2rbi7Sc0TEG89tfe2NvVfay97/YM+En9weDJftF7e+/l6ZiUg1ftGDq5dP861ebK/dv/mVd8+Yyj76y/bcp1dNCkS/PfgdA4SqXR9UOLgJN35z/vxZ0wqy1b4j2+s+f3dbmZWItMUrVt+3yJ8ztlzY+5fXdrxVOwLf9QAAAHEagdNUBU9PQliPt6bCUWkViYjTKUsKFb1Y5KHHB4WYOLXKn+zlg3Fq+sxHX3rr9f/90PxgUEhE6pybblteoiJqv/Dl5cDkYN5YcaJWIHbC/OXBwJeIOF3BnHueXv/S00tzwxK57IQVP/yxP/AlIk5/3aKVN6URkaPqeFX4pGNBSP+P+3/5yC1Fgb1zGVNWPnp3iYpIuLx31/nAK+xVu7bsvULEjr/nibWrpgVv26HOm7/6kW9mEVHT/h1HG3vxO0ra4tDN/9Evn35k+c1FgcCXyFi+a9clgUhV8uBjP17aOVlCX7TokQdnpgtC9/8GAAAAI9QIjH09PQ1DPZ6qqw5/e3xQiAPX/RK/uoxRWiKyW618r7/JT5+5cn5IQKzLKxmjIiJ7u8Uetl924tKl14ckg7mM6cuXjmeJrBWBcNlyef+XBiJKn7Ps5tD7p6mLli6/SUck1B0qb+6u4bF+R7Zw0dLr0rvWWau+rHQQ0dg5y2/KDvkT6q+7bXmxqpsDAgAAjFwjMPYVerxIgz/8vewPfxW9WOOsNweFKHi7w05ExKpVUaI03m6xmBprq6suXKy1CEQk2B2BsJDLKLw+jyXh0sdvbj1eGx65hmEzcsMulSNOn64nIoGPEPrmTSkKfwFxGRPG64nIWnfJyBMRb6mvNRGRtqgk0o2a9WOK81REQmNFc+SVjGP9jp0yJozRh7TFbrrU6CCiUcXXR7g/CKfLK8yOeEAAAIBEMAJn/rn5XqVgPZ6KCodQqBon5ytbexzJ9vKgEAFvaWq2EBGbPlYaYvLW2rKj+w8dP3Gh3hrzS3sub859Ky++suX8pU/fefZTYnVZeXm5BcXX31QyuSAjQhTKqVVxJJgl2+vT1JG25/TZGSyZBIfFzhNxvN1kJyLSjdJHjOBV+nQVkYO3WO08BSclx/k7BqlDI18ivt1iJyJWH+mXJeL0GVoVkSOu3QMAAIw0IzD2tTm86fpeTdr1eKrOdVT19qC9eh2EczReaBaIKGNMXjCw45s/f+1/3i13EKnGFk+bNjZtlD5drVepVZzly23vfmHuugd13qIf/n5O84WyI4e+PH+mvP5SueFS+Ym9Wyg9dGmF3oinAF9iAAAgAElEQVQeJ3edksB1F1HzRESdIW7Pfsc42smxuC00AABAiBEY+/KC6ObFgbzRmpsXeQF53z5ivHiovJ2I0idcHwxSLRf2bi93EGUt+sVjq4qkax3wtVeizItQZxfNWV40ZzmRvfHC+TNlx/fvP9MUurRCb9jtkkyttCl2s10gIpVezRERp05Ts0SCw2TnIwXMDovVQUQqvU4dWIShx79jRJxWryayChaLI9KBeYulHUlfAABIWCNwvi8R2Z0DmoVF0rfP8Kaj23eUOYjYMfMXBSNU3nKlzkpE6ZNK8kIW+XI0Xuo2IarOKZq+eNUDj983mSVqKjteG3mCbbyE2vNVYQulEfGNZRebiEiXOyGDIyJOn5unJyLzhbJIM3qNl8uqHESUMcE3G/gqf0cJdfqEHBURNZZdNEZoprmqrK4HewMAABhZRmbsa7F5xYHKw4oiWToQ+/YF3nTi/T+/+YWZiMbOX3GL5KYSar2KJSK72dI1irRXHd17podJzG6nInTLcX779vMh0S/feHT7/noi0hVOL/CtAaEeM6cki4iaDu04GBpuWy/s3eUL8W8q9i/F0He/o67gpokqIuHS3q1fhiwiwRvP7NpegTXOAAAgcY3M2FcQxLb2Xt2frefa2j0eLyY8XBV747nPt779/BPPvvZvg0CkK777kZXSaQmcfsL0ApbIcf79d/deCESd9tqDb76+41LIvvi6PS898eDD//3HrV3yu7zx/K5d5wUi3YRJka8Bix/Lmr5445nXtp9ptPv3fWbvH1/6oNxBxI5funRyYPkzdcGipTfpiByVW3796puHqn0N5y3VB9/88yufGoho7PxlN/tD/J78jt3JKF60dAJL1F721v+88n5gsQvedGHv5t/+6YSVHYEznQAAAOI0YkfBtnaPPlku6+fY3uulAQuyRwjH+dcf//HrUZ9Wjf3G3Y+smh6yOBeXM3PVqnOvvHvGWr7jpcd3qHRZerXD2NQu6CYvne/Y8+llSSZTpdepSDCUffxO2cfv6NKz9GqOeIexyewgolFzHlopWZq3p6c/S0Skum7ZKt3RTf/+dP3Tn5JKq+PbA2syaEtW3S1NV1PG9FUP11le+7TCUX/orVcOvcXqdJzV6vBvfM8PHlqUH4zDe/I7dkedf8u9Ky6t/6DM6qj49J1nPyWVTstb2wUidsL8B29qfn/LeQeugwMAgIQ0YmNfr0gtbUJ2Wv/+gi2tAnK+cVKPmpTDnrkUHsGptOkZ2XkTppSUTL6uKDf8GjIiIuLy5j/w3KiD72/5+MsrDofVzOnHT7tt6Zw50wrse8/sv2wfO8a/7hiXPvORX+ZM27vr0PmqqnqTyWA1ERGp0seXlMxZvnyWZJEHVU5BNvtVc0FhhPV31RmT8nT7m7jczrUm/NvX5RVOmrno5uvmHN2+7fMTVQZf4KuaMHPlPctuKQiZqkv6ouWP/3rKwa07tn5x2UGC1Uq6UePzJkycs2jRzND1JuL+HYmIS5uQp9pvUuWN0kX8g6nzbv7xs2M+3/rB1i/qHUQOq0M3auK0RUuXz5mkbvx8P3u+Nueq898AAADDELPsZ9WD3YZ+lKaTp+p6td5ZHFqtHrN1JCd9P3xh7GA3AQAAAKAbbCDWW79+fbRt1q1b5yuMzPm+QWarx+nql8Ss3SmO7MAXAAAAYOQZ4bEvETWZBKGvF98VPNRs6v5muQAAAAAwpIz82NfjFWubeGvfLUNmtXlrG92Y5gsAAAAw7IzYa92kRKKWNsHFyzJTWLqa272J1NImWG1YzRcAAABgWEqI2NfHavPane5UnVyrkjM9zHeLIrXbPa1Wj4ApvgAAAADDVgLFvr55ui2tHrPFk6qV6zRxRcBeL1ltnrZ2jwfZXgAAAIBhLrFiXx+Pl4wWj9HiUSqYZJUsSSGTyUgmIznDEJFHFL1e8nrJ4fJ2OLxuHhN7AQAAAEaIRIx9g1xu0eX2EGEeAwAAAEBCSOjYF4YmUUSuHWBIYJiruTp44KDTABgihkWngdgXBhNGLIChLOI7dHDHNnQaAEPZEOw0wiH2hQGFcQtguAt5F/f3qIZOA2C4G+BOo1uIfWEgYPQCGKmC7+6+Hc/QaQCMVP3UacQPsS/0o6sfvTD+AQywXo9GfTKeodMAGHYGt9PoBcS+0Pd6MfZguAIYIqK9GeMfnHoxnqHTABi+BqXTuBqIfaGPxTkgYdwCGF56MWNPFMU4N+tFAwBgiOu/TuMqIfaFPhPPyNSj0QtDHcCg6FHAGntj32bRtkGnATAyDFin0SdYaYgtEgUPhXrUx6/b8ebqN4huaK2cAjDk9TLc7DZ+jdF1hA9m6DQAho8h0Wn0IVa6X+kRUI/6OMUegWI8G/0pJub8odDdxNNIAIgo2rsw0BWIki3FsGdDdtXNWBX8aI1OA2D4GpROo2/Jwtsn/a1Qj/rYYo9SEZ8VAyR1jCiS7z/fJkQiw1DE/wCgD0V/o4m+MUzy3uyStY39Bo92uN49i04DYOgY+E6jz38FNvCbSLKAkp4C9aiPIdoZGe3k7lrBBD7wkW/QinPnADAAgp2AdJ5C8EMywzCBHyN/dxktnRO7vrtKdBoAQ1c/dRr9kf3tOt8XZZTjPsPiD3zDsjW+87vL0IULvQEGS4zvIsM3k3QVFD6ehQ9mEef4RquPUoNOA2BoGbBOo9v63uk63xdllK8i8I1nAItn9MJYBTCQYrzjIkao4eNZjMEsWBNyFN9Ihk4DYDgamE4j/KB9Ff6ywQ4Ij3gMeYx20vQ88A0dwMJHwfgP1FVffgkCkDC6eWdJvwgKr480noUOZiEdiNfrDe9SwivRaQAMVQPdaUSMQ/oq/GUD7cAjHkMfI4on8I02gMUevcLn9gW/6wwh/XwY+/wGgBgiBooMw4hi6Jsr4gAm/TFkMJNmbnzliPMcgpXoNACGhYHpNALH6q/wF3lfPPYg79ujwNf3TggfwGIHyv4S438XRcz64OtNgD4nectL38IUMmMhxnjmG8wkl6NFeLOHRbrhb210GgDDQz91GgMQ/rLSQMcXuUvKqE/o+njECHzDR6BIgxkTfiFLjNVOMKsPoM+Fx6MhT0kvUglmd0IGsOCAFHgXRx3JQg4hCYjRaQAMDwPcaVx9ojcE8r54jDfv291VKZ0jkyjGytx03cz/aS9k6Io9XGEwA+gTMQawkMxNYGMxMEQx4QNYWC7H/0JpfxLytWZg5gNFTBWj0wAYavq70wjOf4gd/l5lQMwGc37+oEeSBUR9gteHnGexz6QYgW+0ASz4TUfEQ0hyPBEPBABXK8r4IUYcw7p+ZSmGDGaRRrUuM/mif5wOdhoMOg2AIa5fOw3fGzxGpxFHS+KCvC8eoz52+wYIK3cb+EYYwML2E0wI+f8ffNa355DBDwB6TZqViU4MGcMkI5Yo/QgdKZfTZSTr3GPXCbvoNACGi37tNGKEv1cT6YZjJeEOkaSMetTHOq97EvgGv9aMNoAFRy/JrKAIw1X8328CQLekg1P4UxFnOUnHsJDBTJr4iTSShU7yIyKGkUk7DelT6DQAhqAB7jTCZ0z1VfiLvC8eoz52nrxxjBkhgW+kzE3EASz46Ht5SH3U40rzRr079QESVW9CQOl7URrISgrST86itCeRzv3tus8unUZwuV90GgBDzEB0GtI4ODD3t9tD9DIa9ud9SXp4lFEOnIgRx5KISV/fBShhSZfQMSxsAOv8YjR86JJ+mxnx6L6KXpz3ACBNxIY8I/0hZFjy1YUPZiFjmPQogS9JQ2Y++CtjfImETgNgSOm/TiP8yjbfNQDdznzoXfiLvC8eoz7G+TaIlqEJD3wNrbw6SSZ6vT357hGjFEC/ivgWE7vbgHwjGSuXyeWMgpN17UC80m4k2CH4npLOdgjvNEKeqne06xmV6OnRhAV0GgD9qj86DTGk05D82P11bz3FBqITRhKpoIwyE22oiZgGlp6TEQPfy43Cxh3Wmibh+olJz/xgFCvvw3MYAAaNIHgdTt5mdys4hmVl4d1I8DEk0pVO5ovYaZxztvzvhn0XnMY5urxNRSsVDHoNgJEgYqcRMfUmnfgb1CdxsCw4E9kXXKOMcpx5X8lsB+oa8oaOYU63+OrfLDVNAhEtnaND4AswYrCsTJus1OtUvEcURellbUxYn0CBmQ/B68Sjdhp2L7+u7pMLTiMRfT+7BIEvwIjRo04jMPOhj69VlQUOhkc8hj9GnL9L4TXRksG++n/829bS6vHVX5On7MPTFwCGAlUSm6TgXG5P4JK1aCsz+Cbphl8OS8FOw+v1EtGGlq/q3FZffUny6MH4nQCgH0k7jZAZUEExAowYP8bDn/cNPpKkjPqEr48qJOkbcpr6Ls8M/nimyh3cRqeR9fQcBYChT6XivF7ptF3yZXTCsjhMyCTgiJ3GIVttcM+pnGpQfzMA6Bfddho+/ZH6lUm/bCL/lbTSnB/qE7e+2/MsfGDzvTbkAu0GoxB8CcdidSGAEYhj5R6vNyyty4T0D0ExOg1RFKtdbcE9KzHhAWAk8nUaYfnd0E4jnqi3p2GxrPMuHb7QGmWUJeWY51bk1HDYV5wkeHp0TgLA8BPI2ZB0op5vAkOXrZjOLE5QcLNgp+EW0WsAjHARO42IUWx4p3GVOWBZ5y6kwTXKKEc/saJ9DgvJ3wRTOD0/LQFguJK+/X0jVrQ5voF6dBoACS1ipxFxm77qHHyTLxlJEg9llKXlbkQc0qRfXsSzEwAYGXyxbIw+Ifa1bkToNAASSzydRp8f1Bf7SvcumQOKetQHhJ18obFxpPxN8DMcACSEkNutdc3idHYaIZWSgBidBkBikXYaMVK/fTvtoTPvK3kUw2pQn7D1oaSfw7rL34SWAWAEC5muECx7A5ezhAif6RteBoCRLeJ7P2Lqtw/TwJ15XzziMdJj/EK+s/CVMYYBJBoxJItDFO2zNDoNAOhRp9E3ZJJuhkEZZWmZ4ib5crPbyRIAMGJFfPtLZzVIn0KnAQDxdxp9SCYJcESUUZaWKarOeXsRT03pqAYAiSbSuMUEw9zg2Cb9gI1OAyCRxQh2g5XhU357zT/fdyhkGVEekmWimDNvOl/TZVk+JjiYIYUDkFAkb3xGEuyK4T1JcFsiCi6Fhk4DINFI+4FgTaTr6aNeZdRT/vm+QyHLiPKQLHcvOMiFfT7zF3uyMwAYxoIjUaSvhpiuIxY6DQCIt9PoWzL/YjT+YwTrGdSjnnoFmRsA6FE/gE4DAAayH2B9gbZvIpbkY7eIetRTd6RZnK45G1FyHne7GwAYIcIXAg/2JDG/rESnAZCgJN/8+MIIRvpU8DqBOO+3FadA3hePeAx7jCLyGRhlvMJ3lwCJJvxdz0T5LC1G2RgAEkqEd33EoKKvLneT+fN8DImByRYhj6hP2Pq4+U/ESPP2ACBBRZy9F1JApwEAQTE7jb7UmfdlouT/UJ+w9T7x3K1Ner5GewoARrzgF5S+H71er6RDCPlA3dmxhNzdDZ0GQOIIeb9Lo4jwp8LLvZsjJWMYEkVJtg9llAPliOJZhT547mLuHkBCifjeDxmxog1g6DQAElC37/3+uPeNzBfodGb7UEY5UI5T2DUrwfoe7AQAhrWuEa30GSZ8G3QaACDVbafRt2TBGZ/+oAdllANlAAAAgBFGJooi05ntQxnlzjIAAADACCMjhpFk+zrLqEc9AAAAwAgjI1GUZPs6y6hHffyiXZiJ5DFAoonYA4RfxYJOAwB84uw0+pDMl/MLZPtCH1GfyPWxxXk9Ji7ZBkgcEWPc8HKMBRPRaQAklNidRuzKXpP5bxkXzPZ1fUR9ItfHKdqWGMAAElO0936wr0CnAQBS3XYafUtGJMn2oYxyl3LPYNwCgHAxegZ0GgAQrr97BhmRJNuHMspdyuGYbj+EiQH9csICwHAg6QdidRoM4/u8jU4DINHF2Q/4Oo2rPJaMJNk+lFHuUoY+IzZf6DhS7x3sZsTDW3eh44RhWDQVYOTy2k60nD/hHuxmhBIqzeX7bcJgNwPgqrDBZV0ZhhG7PqI+wevjO4UYGrD10HjXjg1Nb9YGDyebeffop25kiYgczm3vGEtTU55ckZzNERG5De0vbDCVtfsbmZWnWrI4bUUR21re8l//Elf9IHNuGkNEZLb94R1r7orsO1S2l99uH7Ny1Pfz+G0bW47kZTxze1IyEZG3Yp9hQ0PyM6uTU4k66ts37bKW1fAGJ5OSqZw5L2XVjKRUTmytsm76V/vRWsGdxBXfoLvvdu0ElaTlZtubH7TS0qRpKvvLG9q4paN+UcIGnvOc2dr0aov2mTW6XI466ts37bAereHbSJ4/LmnBLSlLijgFec9sb3rVkPzM/bpcjoio44LpuT1053zmnU3W+q5/pJQbMp67wfH7PXTPmsxZusDfbaPxxLWZT81jK7Y3bTBrn1mtzeaoo8b83DvO4tXZ3y+QE1FHlenpLe4F92fmnmz7Q7v40v1a318SoE/5OpYB6jScjvKfnf14hyd48JwXrr3nXg1LROSu/VPlx7u5eX8qmDxW5t/4R2c/3uPfWF6gzl89dvGaFI3BtPPeOnr8mttuVbFERK7zj399qmDctx/iKn/29cnc/JVPqq0bK/6+W3vHxrzReiIi4Wzt1iddUzcWTM6SCVdMh37TcOGww9oiKqckT1ydM+fONH2S13a25dCLDReOuF06Rc6t2fPWjcrLknW23ND278drzA9NnjRNEbm1JBiiHDS/qmbLk67ijdfMmCgjIrK07VlzhR4vXFzCH/tRZeXsCSvXaFkiIqH2xYq9dRkr/5StJyLy2vbX/P1Z++gXJy6YrfT//Q7XbH3WdcPGicX+g5JQZzr0pEf48JobxkpaC9Cf+n7Or4yIIVEM5Pn8oY+vjPqErx9iHJ7qdkq5NvXJNdnPr8l+fm322ht8EaRYd7Jth4Fs5ZadtYFRzsEbHMw1czOeWZP15N26axyOTdstZxyizSwYWuwbPrBe4omI3A6hzizUOURy8HWtQr3VSw5PnVn4+nPjpgu+3IZoM/AGs8fGk9vc/upG0+4KT0qRfu3dqQvGiOUHLCdaRXe99YU3Wo+ScsWK9DU3crYq684L0ryIWFfefoLnZhbIycEbWoWDeyxnHP7n3PUdm47xBitvE8htaH95g2l3lTd3RupPliePcdjf3Ni8qcpD5G0zC4aK1j/scXb4mtQu1Bt41yj9Uz/Ofn5N1kPXyolVfvd7Wc+vzX5mqYo1C3Vmoc0pdv7dzEK9weP27aeVtxERUXKWuljL79zaesIqktW+aWuHIU0zLYvNL1ZQTftRwxA8AwB6iDdVepXfyPnWh4UrPyxcuX3yHXf6Al8SrpiObnaS1fLFm1ZncOM6r3zWqG99WLhy4/jp07zVv6k+dEIQrC5LlfPCk9UnKwUiIqdgu+IyVQlEvKnSZa5zechrq3JZjzTuXG/2vbdcLS5TldNqJTKY9txb+eUOl3J29i2v5U2dxjRubrpQJQhXWnbde7ncqpn6wvhFDyWzJ1qO7ndIOg2v5bChskU5abYqemujHdTrMrisVZYDT16ptRARkdVlqXJZDCK5eHOVy1TFBw7ksdU5LFdcLt8enbbyP7VayHX+lWaD/xhel8FhrnKYrJ3fAyVNScuijvLdDqR+YRhjiSJkAVFG+aqvruyvfLAmTTmtKEkhrXK4PjvM585NX9Jg3nTAcUdeciBhyaTmJU0rYomSUg32o8eENp5SfW2raXt1l+L55SpF5IMQl+Td94GpcG3WwqxgnVh3sv1Eu3zB93LWlrAKIrpR930iImotdxmIu3V5+opxMiLtkuVd98V7Kip40ibnqxjyhbwtHVu+0hbOUyh44egey9dCYP/l7eVOdsH9ox4rZolo4bVKzR8N+w44VhQkERGxTHWp8c1xox4rlvv3zMpzx6lyyauokHEqeWGB+jodEYl1cf4pVUmr7k75ekPrhm3yJdSxz5m09gFtLkfuLGWW4DxaKywZw0X7+wB0pxcdSL90GkqSj03On52S1KVWMGw2GnIzlq527VnfVHlFF8xrslnqvNkpGqKxuc7q3S22Fg/piJQkp44Dj1/Jejc/Txml7Uq562+Xd01Rfeeu4Hc+Xsv+5soq+fj/mfyduzQsES3P+QYRETlP2M1Wrujx8d+YryDKvuFHIXsTzEfsrkxtVmYgxRu5tREP6m8Pe675498k3/Niuj6+v5PtSFN5nXrOK/qLjzcdOzJq6fwob35d0thc7xf7rZbVmvSkyJsA9M7ALe4t8+f8umYBA2XUJ3j9ECTWlzbd+fPLy39+efmvGnfUi0TUWtV+sJ1bUKwqma3iaq0Hg3NVBW/1sdaN200bt7T8oZTX5GmuURERKbSq+1Yk01emDWV8lNl0stwb0+4b7X5zS1uFNVjpNTR4eG3S3AJWwfOfvVEbbENqnmaalv/ojabf/ctaWuVu5UP25qlrFxU6zp9vSpIXF7LVpW1HzWJHreX9WvnMQlbTuX/l3LzAdAid4rrRMluDs85BRIxmnP6xufKj24yfxJORdbo2vFSz3PeH+j+Gfa2RX6IYo1t7e5LtrGXTWZq5LH1hFkNEiiQ2S+U11AtDbqohQM+5RPvmi38ce/R3Y4/+buKpfScEIiKD5fhuPuvOzLHzM/OVHcd2Byewiq6zLf9+sXrfi1V/f7y5RZc8aQpHxJCSy//VuGIyffxci8UV+TjKKZkLfqU2/ObSobPBd47Xcs7lykyePFvFkuvi4yeCbUgqSJ1UIJz90fm/v9hQfrjd4uy6L6fHckWQ65QaX5wdtbURD0pEJM9MnvlCtmZ3zZ4PbSH7jszpuPhuuzA7c1JJ2g2zqfrdVlO0lyVx+rGsq85ujfJ3ABgGZESi79M2wwQ/cwfLqE/w+iGI8c95WJv9/I8zFoxhiHcfLXW485KnZTHJo5NnaoVPSn0TA/zc7e7Sk066IePXq4P5YEopTP3JYrZ8h2l3gyfiYTgtt2BF+kxH+x922Q1dvtwT3UTEcXNXZD//PW0+6zE4RdJp1v445+eLldTQsXFDw/3PNW2rkexW8NocIpfEKALZ6DGzUxaonO/vsW75l52uTVkyWha6/8Avy3EMkcj7g2nZNQsyHsrjN21pLXd0F/6y3K13Zz2/Jvv5NdnPfE9fEjU/w+TOSLsnT5Zybep9xYGYm5NpWHK3e0NjeIDhiAnOebj7w2v+YxpL5DXtbq52JRfPV7L65OJlSutmwxWL5BUuvmGH6QqlfutD3zxXkYgoK2Xei6P1h698/LcOW8TjKJmsZfmLbxVOPV5zMfj5VElEvg/jyvxfFd69MWdspsdm9ZI+ZcGH1377VynKOtOhNef+Ov3MvsPSWFJwWYl0nJyom9ZGPKjvmWljbnsm2fCbS1+cCO3kOn8OBLjOc4aTZUz+nVpNknLsnTq2rOnUuaiTGpQ6hlweJ2JfGL7YwNdMgWwfyih3loeikDkPHbXtO6q8bWS8/+dGf5XZetSgmktErCx/RuoPS+TLDjc/sd3y2Y3q7xcEA3rZhNnpa2qb/7DNxQuy3EgHUqSpH7pH+9wb5o2CSKOJSJY1Ws6ddJ9o8MzSyRVpyuuIT+H8Y4dCp5w7Tzl3HhHv+r9/bNqxz7HggeRU/54YBctI40iFKumOW5JK32vdmaT6yeqklMO+gUyWm8dyJ11HGzyzdHIiIqvraI2HS1Nmqaja90qWW7givWJDy4ZdIs/G/L6RlU0Yp7ouiyEisoqlKqY++ra8IPKC5J+bF3kiwoVuMCKEz3mwWI9vbnfV0T+nf/VPf5Xr6G7H2GVExCivzfzGs5nK1Y1/v+vKF5uz85/UBT4TMknXjrrtVx1bflbTQKJybMRjKSf9Kr9hzdf7nvN6XCoimb5AqWxxXjzHF41VslmavFmuU0qTf2O9ZtK9mkn3Ejltx9acPfAn89SSnMAsAplcSeQSY7X2LnmUgwbJ0pePX1p2/u8/q/O4ZOOJSClX6shV6bQ5SZNE5HQZWryk4+TkurLZ1NLCt9xVdirw4vObLTOnpVIkHkS9MNyxRP5Znv6gB2WUO8tDkc3sOnFB1BARJ8vNkZcfsBtS1WuXa8ewRES8w/7+to6dX7lKioOvYHJv0C84YNi9p2PhGm3njjhu7rL0CkPzzoaoUX7yuJTHbnc/sc1h8+9HN63UuPudxrbZ2pl5srYqW71DzCWx+XDTE//yFN6QPLOI05htZQZRkSfvDB1ZeZaK3O0eG0+aQJOyi1PvmyGWj0udmyYLTM9lcm9MveNk80ebm2mBtph17SvtKG+V37xUncsFYl8i0qnvu0dXvSE4S7jHeIfwdYXDxhJxpEhVFmrDthC8rQ7SaOWaiK8HGFZc5LnSUX1YlkRESnnaFA3tb7pYpZj4Qt4NE33hI1/9SvXJzQbDrZ2hHjsxfeadhq1/qyu/s+iGzn3J9MvH33bu/Ad/jj6PQK+b8+JYw12XL7uISKafP2piwcWzPzq7dfWo4hK581yroUXMIrLtvrj5yQ79svSi2ckai+XCOVE5W9H5cTaJ1WTJPJW8i7yWaK1dlhPloFKK/HUT5pw9f+CIl4goSZU/W/nlnxv2vcnNnCa37W88VUajX9Bp6sx7dwtpD42fd6uSJSLyWnZc2bej6XylfhIRkcd8wlJtlRORXKfMulZmM3hIp9TrrvqfBmCwsMFZnv4vu1FGubM8xKjkuSpx39nWF8/6fpaVfCc1y8AUL0hZUKwIZIIVVOXaUOuy3MBmaeVZOhkRkSrpjsXq8j3OinbtNK08RStP9UWmOtU9d6dWb+zQqBhSBbbn5LlamU0rU5BvSkD6T2qa33TIOCJFWvLPfyzbucdaWt72aqlIxIy5NmVmpjw1Vb/sgmnTkdajR4jTsvmF+rULfOujEfli9Cw5VbgNDspSsSlaeVYSQxy38J7shUREoiJNptGxGpaIS/r+/Vn0nvGjXaZ9RFyq8hDMvZkAACAASURBVNa70+8rYYk8Gq0sRSXzzZpIHpfy2Ar3c/tk/gnExGhS5RqtXBOYU6HRylNVlJIU+PTCyXO1sro0mYKYFK2MWu0b3rH7nsmakbV+hSIlVZ6VxgZeTh3tboMgLyzAhW4w/HH6THL9u/Gf/24kIiIm55lJs+pc7DdGzbkzPSsQa2Y93lH7ZEdDfYY+l9Vk+mYaKEavHl10uOHKWdcNszl9Jqfx9SWkyFs3Yd7Zi+czWSIusL1MmatQWpVK30WpEzOXvmjd8qJHoyTKSlv8YWHWn5su7G/4+E0PEaNbnF00hdVQ9sz59n1vNl55k+S5irSSrAW/SpVclCbXT+Hkh23mFt5VFqW1dTQ68kFlyiwuKdOrUcqIiPTa6a+Ma7i3QalniNi8H078FtV88edLW61EJM98KH/RnSrXv+stuanzHsqcFFzILNdz5URd9VlPcRandPGVT1VW+p4oSFv5Ybahzqu+VqvHhW4wfDG3r6tiAtk+URRRRjlY/tsLY6W3FpTMiKDgzVfEzp8kdaIoir7tRVEU1/ymcyrd9pfHD97ZPmhay1ue2Oya+YPRawqG/pKYYt2Bpic+l/9kXeYs3RDN/cMQJIpiXaNFyXl9d0RnmOAlAzKGkV4/0GV9X1EURZHxTYn1dRq++0pOv/RmcM9XZv5ioH+Zwec8Uf3eva1Zfyq+I9p6C4NEqGzYcleT5sVrv3Nr5AUvAHog2GmQr89gKFD2/xz8kYJbkH9NmGCv4itwrP/H9evXRzvcunXrfAUZQxTM9qGMsrTcqzMZIkgt0N6cJVbUDIeVE3hPRYWQcq22GIEvwKBJmpI1tYQMh51xrdIwcLy2s1ZLpv6GWQh8YThjRSKGGJEC2b5AWfqI+kSthz6iSlpxf/ZCdjjMIuDkM5dnF2u55Di2BYB+kqS54ZXCPFINsZkFMv38cXdO47LiXDQYYGjy5Ygl2b5AGfWov8pzC6SS0xTDJJpkkrOGS1MBRjA2S5MVx2YDTa9C4AvDnkz03dKWKLjEVaCM+kSv759TDgAAAGDQyBjGl+fzTRxGGeXO8mCfnAAAAAB9TBYp84cyyiLyvgAAADDy+Nd5CGT7/GVRUkZ9wtb3zykHAAAAMGh8833JP8szMNeT8ZdRn9D1A3kiAgAAAAwAGcOQSOTP/3XN/KE+wesH9EwEAAAA6H8yUeyS7WOCWUDUJ3z9EOdu+frAgWMX2/jBbggADAt8W+WxTw9/3TYM7jEDAP1I5s/5BbJ9YjALiPqErx/a7JX/3PT6G2+9VdqEgQwAuuduOvD2W2//edPOKvtgNwUABpMv79uZ+UMZ5WB5sE9OAIC+5It58VURQIJjiSFR9Gf+UEa5S3mI4ltO79u28/j5KjMR1f7z9aeOpI+bteCeW6dm+m4ZbPv63d+99kmVEP7KnLkPP/2/pqbEuU3EQ58/snNn6amqOqNdlVGQP3XW3CVzp47W9Mc2ANBH3JZzpf/aWXquspaIzAf++ruL+uypt95+x+yxvvecu2bfSy9sPR8hHayb/oOfPjpvVOfdyG1Xju0rPXD6ck1VnZFn1RmjJk6eteQ7c6dmckREZK858K9t+87VNJqMdoHUaRML8ifPXXDH7Pzob+44X2K5eGDPzn2nzleZ7VxaXlH+7LmLFwba35NtAIBY8gU6eMRj2ONQ5DYde+/11/bVdWZu7ObGWnNj7cUjpTc/8dR/Tk0hsjfX1EYIaonIzgdeF882ofiGA5uef+O4xf+jw1h17rOqcwdKb3niF3dOSenbbQCgb7jbzn70p7d2XnAEa3hjc62xufbPpw+fePDpH8zIVJDdWF0TeR4EL+0P3C2n3nrh9VJjsEKwG+tOl249ffrrdc8/MiPFcurt36/f1yztnSrPmCvPHA8eKEycL7Ece/v36/c1Bxplrj1jrj1z/MCZh395/9SebAMARESsL9AhSdCDMsq+8tDD1+x+0xf4chmTZs2aOnVitl5N9oZTOz88WGlsbrHzlMIFt86YtfLeudlqfwVHXPq4iekhKZB4tvFrO7ftw+MWIsqZ9fCPlk/PECr3bXrtw4v22s/f+ufU51Zfo+nDbQCgT7hNR/7qD3z1BdNnz5oyebROTYLx9L4tuy8aG+raeGlIqrr+rvuWTGQDnQjH6bMnjdYHdtV04O1NpUYiYnOumzFj+pTJmSq+5dTODw9WcmqOiNyOlgYTT6rJC25fMj2b4601p08dPnK61k7GI//67NYp90xUhzUvrpfYzv9ry75mItJPW7lu9azR1Hx48+tvn7A2lr6/bfr4R6br49wGAHzYoZBfxOPQfBxy3NaLp+t4IlJPefCph+dlBkaoydfOWPif4ZtzGfnXX58fO98RzzZERMS3HN933EJEaUseWDlvnJqIpt56373nX3j9jKPx+JHK71wzVdNX2/TyzwMAoezVx6ocRMQVrfzlLxaMC77Vr586b3X41lzmuElTJ4dFqERE1HZhz0dnHETs5LvWrbsjOCFB2vmMmvejpybxunGZ/j1MnT574az/99QLB41kqqyxuieqQ7saRTwvsZzfd7qRiPTTH3xgwaQUIsr/5gOrzle9fsRiPX7gYtv0GSlxbQMAfjL/jQzCM3+oR/2QY7fbBSIifXaOmut+8z49dM2FZp6IcqbMygsMjQrd5Fn5HBEZq0832vtuGwDoIzxv54mI1Jnp+qv63t9SWXrOQkQ5c+9eEHXyriJlVDCK7UqdkamKePzuX2JrPl1pJSL95BkTgwFsyvjZk3VEZK86VdMW3zYAEMASDX5+EY9D83HIUejGjUujWjM1fv7an/glC2dMLcofrYkaBFtO/+Ol482VjVaeU+XkTZq64Pbvzgu97COebYiI3NaGBisRcfqxklkVnDozTU9kJGtLi4Py7H2zTfgXowDQO+pREzPofCNZSt9/jWtaOGvK5IKxKVGDYPu5na8/+XZdrdFB6rSJBVPm3nH7NyfriYjc1soGKxHpx12TYj/78Xt7Pjt+sZHX5RVNWXjHcv82YWw1xz7YfMRIpL5u8bKiuGYdRHiJvbnBQkSkz0uTdA3qzDwdHbGS3dRi54mLY5uUAc4XAAxdbDDDF5IFRD3qhx795G99e27lW6WNZDxzcPOZg5uJOH325Ounzp47d9bk9JARzV578byvxDsaq043Vp07V/voL1dfk9LDbXzPGu1ERJxaxUkOw3FqNRERb7fz7r7ahgjXpQD0DU3uktW3nPr957W89fy+7ef3bScidc6k66+fMe/WWVMzQ8JBofHCRX/Rbq48c7DyzLnKn657ZHo62a1tvq9k2g6/9vTpSv/XM9baM0fePlNd+4ufPnh9MLS1n9v8+5d2d16Pqy+65eH/NXd0rHd1rJe47XYbT0SspuuXXZxaxRHxvGDnyc13vw0ABMlIFH0LuTKBZV19Kz+gHvVDkGL0jEee/+9nf7B4eg7rq+EtzadL97z+wnPPvH2sxX+XC/9TGdctXvfMf//1Ly++8NPF1+uJSKjd/f4n/lErnm16gOO4bgPWvtoGAOLGpVx/53OvPPnoXdODk4zsjReP7H7/pcef++NnV2xdNlZNvvXe//rti3/94//3xPeuzyAiMpdu/tepNiISfAs+WC6crtTPetjfadwykSOi5s8277ko2RHfZXEIslw4tfOfpxq6HilEL14CAL3GEvlu7eXL86GMsrQ8JCnSJ8379uPzvu22mYyNTZXHj3y873itXajd9/67BfmPz0unzCl337+yRjNp9nT/7AXN9G8/zFmf+d0RI5kqK63uiWpFPNtID8qpAolZhzQxy/N2fxpXw/bZNgDQpxQpY2ff8dDsO+6ztZmMjXWnSvd9UnrZQuYj770/ceK628ZxKUWLH7w/n8ZNnz7RNytYP3XJfY9afv/sP+vIWH3eyE/NUQVmV2UveWDlvIlqX6fx4F3Vz7x3mTderDTyk/xbqKc+8Mx7DxCRvaXy4qnSfR/su3h+91t/1Kc/d0e0y2pjvYQ4tYYj4gVb1+Qtb3fwRMSpUtREfBzbAECArEvmj8TIGUHUJ2j9kKbQpI+eeO28ux967qmVEzkictRUNdmIiPST5i345vQu03ZTciZlckQk2Cy+sSGebaQHU4/LUBERb6xu6HyStzQ0W4iI0sdlqPtsGwDoF5wmZdS4yTOW/a91z/1gipqI+ObzDXYiIs3Y2QsXzJ4ovRxOnTkx2/9BleeJ0+VksERE6vSJOcE3KZcxepSaiHjeGGFdcHXmxKnf/N6q7xaxRNR4vNrY/e3XI7xEoU/L0BMRGSubJV9I2RsqTURE+uwMNRfPNr37kwGMSIF1HnzZPmIkZdSjfshxt5labGFjTLBX53wlvq3FFPJtYVtjdQtPRGxKji+hG882Urpxk7P/f/bePD6O6sr7Pre6qqXulqy1bUvGlo0lxZaJ7VjG2ICBmGFJTIBkIBBCGLIQEiDv2JmXJE/Cmz0ZBuaJyWcSMgmZhGwEMh525zHhxRMwiwKxxzYgO5aNJdlItrVYsqSW1Evd54+qun1r6VZLai1W/74ff4rTp6urusWtc0/97rm3NCLqPLiv1epcol2NDUdiRFS+sLpcy94+AIBsERvo6OpxJp2aCBpmjVG0t6PDUekU6TDySC1YHtTIX1ZXPZeIKNJ1KLkYS6yz7XiEiLSAsfLMQMfxHkdYiQ329no/Rsdg5I+EzlqxIGAs13BILNfQ02ys3VZUvawylNk+AAALlTwe7GaY8Oe8f7ox8PYvvvXjnZ1qxZLVq9fWLQ0HNI1ike7XHnvyUIyISpcunxMi6njtP7764L6IVrp07eqL6mvKNept27X9iYZOIiqqu2jpLMpon1jHrv/80W/3DVRf/oVbN1SFtPL69UufaN4X6d7+y61V5jMpfv/YgTgRVW9YXx0iomztAwDIDtFD277xrT+1a6VL61fUr6qtLFY1oljH3sd/1xghomDN6gVBosjeh++/b2e3Vr6wvn7d6uWlRRRv27Xj8R3HiEhbvHZ1hUZEFevfv3zHb/ZFTmz/5dbqTR9bV0k9+7b94g/NMSJt8bq6ci3asuO+b209RHPqr7j8oqWzghrFerr37965vZ2IqGLponI/EfU2PvaLn+7sqrzilrs+VKtl9JGipRetKN/d0Nm76xe/XFRkPrfi9w29RFS6zljMN6N9AAAmqlD+KIUiCH8O+6cZ2qzKIpU64+0HGp450PCM7T11wYbrb1xSRETBytrqon37erv37/zT/p1/kvaZtfbj19eHtYz2iXbt3d5wqDNOnTte2LD2U0uD/vDqT3x873cf2tfb3vDTexqSX2rx5TdsmG+IR9naBwCQHYJl4SC1R7r3N/z3/ob/tr9Xuvbj1xoBIbxkUfnO7s7O5obnmhuekz9ed/PN5noL/srVn7q16V8ebGhvb/jRlxt+lNyn5uab11b6iYrmVBXRoc4Tu579za5n7acqr796w1l+Iupp3r6zqbOXOp/bsX997epMPkJU/N6Nn1h/cMvO7t7dW7+5e6vYpWLD9R+ynsSRyT4AAANf7dr/xyjwJGmqv20Lf676P/p37gUpxyIGP/3ysLA/dvk4BAhf0XvOfV9VsL+3b6C3d1g3nNqsBcvOvfHzt3/i0qqQj4jIX7zowr9bW1042N1+vDNi7hVcUH/Dnbd//H0lPspsH59WGBo8tL+5e3jWezZcsKJUI/IVVq24YHlJ37HW1lPDRGqwYkH9JR/53Cc31CTF2mztA8CZx+n+YdXHGWNExBizho4YYyReeMUQI+BYLxgR0c9O/Y/wfPGsC8b8lXyFVWvWLiyMDPRETvVaVzoF5yxd/4Hbv3DLVXVFPnOvVZduqCkd7jpxorvfLKoKVKzacMemj51fKcqQfKH5K9bUz/FFTvX19fcP60RUtOTC2zbdfPH8fCKi/NnL1tbN1YcjMStABUsXLK5ZfcW1d3zyA3XFPiKi/EBRon3/2x2R/LMu2rBqbnEGHyEiX7Cyfu3qiljbkebOCBEFyhfXXXTdLbdduyQZTzPZB4BphhQ0mBE0LNt8LV6S2IPMMGILMUQ+xXzZ0NCQ6nTr1q0zP7Jx0+GJ/3XgjGTrvQuIiFsrPnDORS/FOTf8PPlK8nHOubE/55x/5t5eccyn/nVhlr5dpPGX3//eju4FH/1f3/rQBMmlkb2//P6WXYvu+u6n8TxQANLDOT/W3pun6YwxzuXcV2GMu3LfZFThnBHpRjDhnBuVV/Xv/Ic48tHz7s7OV4weffRb//xMa+mlX/3qp6ZQCh048uj3t7xQdP33N60PY6AH5DYiaIw+9+WO3FdTzZdbtmxJdbrNmzcbhsLNGMSJEWzYsp3jRFt2Pt5wumr9hqVIfAGYERgJ75TOJ4117Nr2QnvZuiuXI/EFYKpQGVkD35xgw5bt6U2w+orrby4/XbV+7gT1IP6KFTd8trbyvYtQiQDATMA/96KbP0ZtpesWT2H9q1a09PLb7y5bnuIxyACASUDlxBkxbLF1b6e6cY6Av3LFByon9ARz6+on8vgAgElFK166/uqlU/wl/OHa1eEp/g4A5DiKkeIYap9rC39O+6e6cQIAAAAAZBnFnJ1EnIjZtvDnvH+qGycAAAAAQJZRGBMD3HblD/6c94+vaUE2BiCXGUMEQNAAIJeZvAigmPWd3KH/EfzwT1orBAAAAACYHBRT8/NWAeHPaX9mTQhSDQAgcziCBgBgNGQ/YihC+XOqgPDnvD/rrQ0AAAAAYGpRGKOk8gcbtmR7NRjxlLeUSM9iAQDkKFIcSBc0jLm1CBoAgAzjgDkhf3wonFNS+YMNW7JH25jQdQEA3KSJDAgaAAA3Ex0ZrHUeDLUPNmzJzrANpRJ10KsBkJukuvZFrEDQAADIjBg0sovCuVHxaap9sGELewztydF8MY4JQE7hvuRHjAAIGgDkMmMIGuNHIUacW/P6YcOW7bTIrVNuu/Jd2gTdsQEApi2eEcBRyed4iaABQC6TJmgIf3YTYoU4MWaqfbBh22wAAAAAgJmFqftaah8J5Q9++Ke6cQIAAAAAZBlT97XUPhLKH/zwT3XjBAAAAADIMkp2lUL4Z5Q/M+xZMpf8WW+uAIBpir0yT36Hu/dB0AAAyIwYNLKLkl2lEP4Z5fduoCPPxxQl6piyDUBO4Xntp5oX68iGETQAyEFGvPYnYhUIxa35YYutuU3dzhzOVBMzMWsbgJzCuN7dGa3xyr6vxz6GgaABQO7guN5TrQCTYTaSIQoZD/CyND/YsJN2pi3MmSWj6wIAcCuMSKGDOwyxA4IGAEDW0YTPc89xqr+KeWSh88GGLdsejKqPQocGQK7hvurTxIFR7QwAmJFMdl6hEJk6nzEAlVT+4Ic/Be47M/vIJpedKN0DIHdwXfVcfsdR2ydFGQQNAHKUVEHDc85AtgaI1OSJHMof/PCPCamNQr8BIEcxUluWbgTJsTMAIKcRQWMSsHRfY4EJWfmDH/7MYOYhhE32mzNkwADkDub17lm3Z1dxEDQAAJkGjexi1fuKs7q28Oe0n8hR2+DYCrhtehzH8CUAOQiTkOOAcUvtGsGUQwS3fxYAkBPYr/rkLbHnIg+O9GPMsSKp+2KLrcfWG+51f5bEaMcoeQAgNzHuhO3BgYvlz6SFzJIxAkEDgFzGK2iY2IeGshMj7PW+2GLr2GaGfMfGGJMr/CDhAJA7OK73NPIMggYAIH3QmLhIoCQfXcsINmzZHiVcLntgzDGPGwCQI9jkG0vN9byZRtAAAIwqaGQHJfnoWvkxtrBhp2h17pobt7Qj36wxxhbPU8XLWHwCWzMAYKqIxhKaqjiufcNQFEV0bo6iXuMtd9B4b2C2eDnME5P4OwAAk0Q0llB9zDNopJlllBU12NR9rW1S+YMffhlXa3OuXGRMbXGrOJzT/DnJ3HdgUB9/qwUATDcGh2KMiaI9spfwchEfDBxOadFfM2i8J69cHPl0fGiqfhQAYOJwBw1Z9HXPp3docuNJgk3d19omlT/44c+EkaRfTkQfXBcoCJj+YydjY26sAIDpSSyuDwwMa2ryqk+j32QSND5ZurLIl2f4Dw91T/bvAQBMMKMKGlk/u+Kl/FEKRRD+3PKnIlVz9JJ+GWNsdonvn24qCuQxInrqxdNxDGACMFOIx/XTfUMnO/vz83yOFcpk/cYz3xVLobmDxnyt6CfzrwopGhH9rP2NGMd4EQAzhAyDhuNT2c2DVUaMS8qf9JQD+HPdPxJGj+X0yut6cs6N5rqoQn3w/y3rOh0P5rPjJ3tH00QBANMUxsinMIVRKKBY+atbv5FDCec8KfNIx5F7PjNonJM3+5XaT58YGihi+SeO903erwIATBjuoCFKpKwdmDv/4JwYGzkpyRyVE2fEsMXWvXUvPOQo8jXaqNVdJbdGg5achozMw8UqN942S//EAYWHiEjXudXcbaezDgUAyCb2B9OQ3A8pimMUkskXvpBppT7Mpt8IjwgIYgc5aIjvIF4ax1A4VeYXIGgAMN3IatBIarpGjptiflu6Yt/R6sGqSHQkzU/Y8Oe0Pw1WHmyTfqWuyzv9tXds5vUjttLBk+aoWjMAYAxYi4vZPA6sJ1OILbN3V8k+zLrqxcQ1W09m5KbijAgaAJyJZDdoyHfL7toGIfpmsfDX0n2NcOPW/+DPYb9b600v/Tr8DjHY2E3Xjbo9LiQZWfgx3pLat2OMA70aABOCo0+x9zFyV+S4qBnnXFEUIi46NkVRdJ171j9IiWwyaDh2UBQFQQOA6U8Wg4bIhj3F3ayLvlK9bzIBItsW/hz2j9TubdKvO9m1N3eSr4EUbVXuzDwriV0rqwEAxo3ntBLHc8vlqWjyDo5uSe7DXMqucY1zy0gVNAhBA4BpzkQHDWmkKPuiLxEpxtSDpNpn2gQ//GNo8e4bNVGHJ63fKT5ijYLY3hIeRsQ4J/Ev660fACA6GOlCY9Z1ycRVKV+qxoUp3pUvTOt6T9WHyRIvOXZA0ADgjGASgoaBu6o4W1e0alP+YMOW7EwuAEP6tb8kacaJtxJs7C7XA9m1GZvkM/5WDgBIjazQGHhf/a6E1Tay6Ri1lOt0pciQrHlwvYWgAcCZwkQEDeYIGvKRs35Rq2nGqbHN8a3Udj1qee0eEpUPVnFeck/3YeWM2brtY3IZXxrkGTOGY/yXAQC5hE1V9YI53jK6KKuKVxzBuSqnPGopVmawnlrMxMClmO4mekERNMRnETQAmE5MRtAwz2QFDTGTXn43WzKwpftKW3J54M9NfyYNSOrJmK7rjpndUu+VXMNI7G/4xZHshyX3ckWCFHoPAGAUpMka7TPJkg6xu3yBW32Yx6ildcmTMYNNdnoGDXvKi6ABwPRikoPGxF2q0H2xHUH3HVH6tWSbZI8l923igEabF+U77vyYyOiTRCERl/u21Ld2kHAAGBXO3sn0Spe4pNY4JR/HoKQoWBCKjmM3K3/Vvbo3XQ4a8lsIGgBMJyYjaDjmBhhBwxo4cp46lSdDVBKBxlD+YMMWdlpE3yN3VO70V1rR03xLlPUIOUfu8IxXkk6T7EGliwpdFwBjxtF1ua8mucCO25crcsg2jDEu1zm4xRtRAew1JIqgAcAZwSQFDWl+G3dc49kt+VVpGuiL2E7Pra3hS92Srb07xzGTPZncgclN3Kjtk+UcIkM5TpbPc87Fs2FceH8TAMBoSdGdmB2YsXKCeJaEGIKUElRRzuvs5yQfd7xrn+nC3dV+CBoATFsmNGh43i27E5K03yQjTN03uSXu9MCfs35XO0vff4iejIjrevIBLW4tR1wJRpO2bgpJbujpU20AwPiRL0kHIj21MktxYdrSWccRhKHrQspN10WJW2XOETQAOAOY6KDhcKZinDKwIgKJuSXm9MCfs/60eF4Aovsx5qmITkfszJhi+BkjRWHGbE5xOeg613UulkSRGU8rBwCMiPuKs1+S5nWqKKQoTFzgjCmubDU5Qdsh2EhDn7byQQQNAM5EJiFoODLmbKESI0ntgw1bsr0aOrdqfFM5HT2ZkH+MMUrGkuOSXqV7wu8o4EueLe0UFgDAKBBDk476JeNN2XaMP0q5JZdHNo35Lp4zu93VwGKLoAHAmcIkBA1ZWXPfPGel9lcl7gxDRurjWQcMf075PVuMYwVfTyeTSvQYIyJF13VFSXZgjuU8HQeURkCcJzKQujbFcwcAQFq8rywDqyCPOZzynGv5pZHf6jopisKYLnVsJkZ8kD1uJ4IGANObSQ0a0jE9TzReVLvaZ27JqQLCn5P+FE3cXVfncEoCsPGWbrR2Yy1Pd+/lWeFHZIx1esrPyTOP/xoAIPdwr4Qgvcec9Xnui9RafJ6LGS2Kwol0zs1qP1m5Mbord/2D7ETQAGB6M6lBw7WQC6VxjgGV7GofbNjCdjcXLg1wuHodZ+dkuBWFWcOU5lpFQtqRLwzOuTQX2zlmat/N+9oDAIyNFMOITFTfyv2NuGytC1xhjIvlexWFuUv3xAflTNdxNOOUCBoAnBFMaNCQlV1HrZTbOTZUMleVsKKPUP7ghz8tRstOJQCLduzaWdTnmV2XlUYzr44NADBJOK44I2WVOhtzxQZjtTFpKrcuprxYHyQrojhFGnHP7K7hQ9AA4IxjEoKG4xY6Wyjmabl1cmOuQdKGP7f9EiP2K0KAIWJGlZ4jORaTWiSpOLkksDU5NF0fhunbAGSRNBeUuBLFhckYI+KMJQd83H2SuLoVRV7mM2XokERZBA0AzgAmOmikmLHqfa4xY+m+2GLrubVI06/YOx4mZl67tWFL8lEcD78wdB25FxSjnKmeHwMAGD+Geup2G+OSxhVpuBgzHzEq1B2jCxM6rjCkXs2QcpnRu3nO2jaOZwUEhqABwDRnQoOGcVGnCRqObzLm21qFi0BhZOawYVt2+qbjVfvLXP0TiYZrFefZOi13ZZ4xrCl9nIt/jBn/bM70XxIA4EK+psi4rNzXFDdxD8pi0AAAIABJREFUlhNIBbvJ1NSzkkH0ZJ5CDoIGAGcOUxY0HNd7tlCZyNE5hw1bttO0G7kVWq0zOSPbodmITs7zXdHDycc3in4cyxXJ38jezwEARo17wRaBNSPb3FHuh7w0Gyty2FdIFI9eM542LIY7pU5OkYOGV+UuggYA04hJDhru9Ddb9Uuq8WvMI1oTnpjxOGX4c9xvkcn9lty9ubso4+DyBSANVpLQdaTbx8zbcHauBAByhowuZ5cnaYtxSbm7MsobpIlryS7NmMfteRY5aOi6bpd7ETQAmCZMRtAQV7oIGiMmumPOhs16XyZFFJcKCH8O+70bNHfZTBSzu5Y/s/Vh0meN9sqNCndd160v4ji4s1m7vg8kHADGgnvMUbwjvxBXtFXMl8wdHd2Ve/FvufaXyKzhE29azpTTBhA0AJhWTFzQcC9kZs0B4PK77mR3bOmvykUEMk5vndOw4c9l/4itx7Ojso7E3Inv8Ui0UFG51WOlgKWw0zsBANki1SXmfqAjqT7Fp3BNU+x9mMfAkbWDsbyRkmHQiEW64kpRQk8v6yJoADC1jD9oeC996Jj3li1UJr61SIAkG/5c9pMXnjKw3CYlqYYRcUOeOTQw9L8Ptx+ODK8uLXygvkbDkkMAzAjicX1wKNYfifpVpqpC5vEQdeRMVwQNWSoWkq0RNJTIYeXoA/6hw0rxqrxz7iOmTfFPBQBkg0yChrGnVSlh+3hW8mDFHOUWW0ZOD/y56k+P52QUuQ8T4s2Qzr/T9O7hyDARXTd/NhJfAGYMqqoUFuQVzwrEdYdky1wxgawiB2NsKV3QYHxIbfmeMnSYiNSKDyPxBWDGMKqgIVY/zO46D0pS5zMPT04P/Lnqd7e2VLW/qcRgw//bY53tQzHDv6w4RACAmUUgX833a8PRhDVlLdXKDJRiOiyJoGEs1KC0/56ixw2/MmvpVPwmAMAEIgcNdwWUQZoEI83LTHDpvthim4Hu6xB9Zad4Nql4uau3X+xTrKkjHRsAcOYRCGi6Lpf2kmOZT2l5I0Yu0dcRNJT+v4ojM61oSn8ZAGBCGDFoGEyE9Kskp9qKSW+wYRNl0s7cHZsxbOGYoN0aiYqP+BWW9pAAgDMSTfUljMeYulZscIi+jn3cQYNzzoaOJQ/N/FP3swAAE4URNFz6rkflQ4bZSOYoYp0HspIe2LA9G5GrbXmXm7uGOCmW1TIdAMA0xNJsSJJ4yfGkCSNoCBVHIHZLruDLY5P43QEAU4Bn0PDMYt1BY5wacFL3xRZbxzYVaUtwnLO5s1ufDgCY5rgWc0j1yBsRHxA0AMhpPIOG5z7ZCg5Kcj1X46ywYVt25k021byWjA8DAJgJiHXKxjbXjQhBA4DcIpOgkfWTKsRYUu2TbPjhd7VOGWfBg5d+I+7hAAA5gREBxCCmXcVJBg2HU35eMYIGADmFHDTSSL/ZLXtQjMcZmGofTyp/8MPvSZoidLcxQXdsAIBpiKNcQdi6NZ3FgbvS120DAGY2nte+p/SbRRlYMTQ/U+1jkgoIf877R4ljzMKw0YcBkGtwh4pDlKqSAUEDADCqoJEdFC8VkKdQB+HPLX/mSIObznsySDgA5A6el79c1SC/haABAMg8aGQRq95XqH3coQjCn8P+lCTr9jybptyrAQByDa9+K/nwc9G3yboOggYAuUyaZFc43SW/Y8ZW70viWeqOuk/4c9Pvanlpam7sy/IxubwvKy0VAHBGIF34yThgVDK4ivnkEMEcpcAAgBxBjgPC4zWf3pl+jDlWmLqvofzBhm2zM261cns1DKnVQskBIFcQccNraIjZeywEDQBApkEjuyjikRqMWVWelg1/rvvHBJQbAMCo4gCCBgBgMuOAaj5ULqn2JW34c92fQUsVhl2z4VI7nrjWCwCYXrgXAhfrNqQdrETQACBHkUZ+jDTCNg1AzBNwPlNgfChkHDGp9jFJBYQ/t/3eeLfAFP0Vxi4ByDXcVz1LsXIZT7EzACCn8LjqPZOKbE13U4TmZ6p9XFIB4c9xf6akqdsDAOQontV7DgNBAwAgSBs0solCVqJjqn1MUv7gz3G/vQnKN2HuRR6EP9VbAIAZj2O9Xl3XpYDguJ1OBhbH090QNADIHdzrOaS6JfZMQsZWI6UQScpf0ubww++Jo515NjvRdlG7B0BO4XntO3qsVB0YggYAOciI134mWcdoUYjEwDdJNoMf/swbrvRKrlIff/sEAJwZ2DNa+R3m3gdBAwAgM2LQyC6KVdmZHOyGDdu0AQAAAABmFgqX1D7YsGV7qhsnAAAAAECWUYxlrQy1DzZs2Z7qxgkAAAAAkGUU+dEG5HrMAfy57s+MVBMzoR0DkGt4RgD3LBYEDQCAQYZBI4uYuq+p9lFS+YMf/vRNJ8P5mJiyDUDu4Jnjum1PZ6ojAABmMOmDRnrnmFE4WVPqGOPEiSzlD/6c92fYhlLtiA4MgNwk1bUvYgWCBgBAZsSgkV0URmQ+WNJQ+4gzyYY/l/2jbUzotwAAbtJEBgQNAICbiY4MVr2vTfmDDZuT9wK/bMSbMG4xMS0WAHAGIMWBdEGDMSJiCBoAgAzjgBE0xnkuqd6XOGzYsj3OtgUAAAAAMN1QDX3PuDfnnDNinLhlw5/T/syaEJu8LDnW/+jug1t6zdOVBmfduGTBjeW+tw4cuKN12HD6/XmrZs/ZXBNeqBElhl873PrQ8YG3hxIF+YFVs8O3LSqrzVOGBzru+UvrS3HrsOqs75w7t/tAy2ul897f0/LPXQnbSZXAHatr/6FYJSJKRB7d3fRsqOondcWF1vtd7Yc+30SfOffsywOK8S1fa2za0hfavHL+ujzF/bUL8kMXV83bXFVYSETDfY83vftoZ6Qlyv3+wNq5s29bXF5L/Y/uaX6tfOF9i/Lfajz4ncGyB1bOWegjIurrbPnHw3Tnyqr6vAn/YwMwMRiBZXJvrfWu+OF74gN12pIv+PKJD/0l1vgwzf+6Fq4ww1y8KXbgXr3o6/75Vcy+MxER9SUOfyk2fLV/yYX8iGF8QFFsZ+DRt2MH7tW1W/3vudR4i0f+T3TPvboZTvwUWKOe/UW1tIx3/O/oUVLP+SfVb33WticRW6muvE8rMC9y3dpf6f3naEtUrfuKGswjIj60M9q4lZ39dbXv3uipNVrd9T7V+rmd/xZtjapLruYHN8X7+q3jliq1D6rKwzH3QRZ+QWn7x9ipfpJhdb7lD2i0I9b8SOJ0K1Epm7XGV3mrWl7BqC/RtCl6/JC5p1atlFynLVqpH9oUp1vNP47eHm/cFPd90b/0PPufCoDRMl6V141qJjqW2scl5Q/+HPdnvbWNFz3ePMxLS+Z8ZVGhPzb02rHjD+5rLTvvLP9AnPKLvrwkXEGx9s6uh469u6Ww8Ifz1V1NTZtahwsKi+5YVJTX1/2r1tbPD+i/WTmnLDbUrrNlCxbcVq75ifL8+TX+wS2D0ZZB5by66gcHEtHhnof2d3aXnfXl+fl+RastFF1KrG0w3tTb9nhlgZkNx/p+dbi3ZSjQHSMKEBEN95x46GSM6NRDLWWragvyXF97d9vJR5uO1pYsuTE09Oiepi29vKKkbPPiEPX1/qnz+KNFhV8vjTcPRlsGElFKdA1G27ve/fbh4A9rCwtJ7xuOtg/oXfqU/l8A4EyD92+Pd3UT7Yi1X6ksqmFqKdGhxNEdvpKPG/mifmprvKffN7fAY2ci0qN88Dgf6uZxy9CJbAndMO94OBEh0h+J96zxlxYSEUVbuV7AzvqKVuTnw4cSRx+ON29XZl3Hhlr5EPH4MPmtW9jkngVEROpcpUDc3Q6TuX8fDR3ng3tih1YqddcoKlH8OB9qpbif8gt47yPxUxuUcBkjonhT4tjTXPmsonTHo1Eq+6I2dwEjIqWAzSqld70Oos/xnf0AG+rnsZfjTVt56Re1uQuYUkrKjui+e/XEXGX2Xb6CaKL9kfj+Rr7sQX9xlA93k7ZBXXy1wrr1U9vjx38Um/WgWlbHD/4o1l7nnzeXv/uDWI/ft6Q6+2kLAOPG0H2ZkfpItryFP0f942OC9GCWFyhcVV5USEXn5A017D791iBfReRX8s4pKarViArptZOt7YPx4eHIE8eHC4rm/WTV3FqNiMrWhpo+3dTxRF/ZZ4iIlLKiwnXlVgczPGj8tyBQUB8gGow9rnRFQ6FV5QUeAqs++OvDpy5bGa706c1t7z4Rkd+L7T52qrtw7v9Xfvo7R0/uripYl+f62trg86f6mqN6X7zj8V5ec1b1D+uKyoiIwjfav4yJorS0Nm8prP16hZb9PycAE8UYQsgEBY2uxLvbecGt/pKXo+8+nZj3T6q/Rq1Ykzj8dOL01b7SQtLb9RMvU/AmX3EZo664c+cMzhA/FD9xiM35ijr0o1jb63rxpZYqXKAUrvSVFlJ8Lu/Yquv+1H8Ua88R8NPpn0WPLMireZ9wKSXX+QIvJ9pf5mXXMIV4//ZEf4FScyFTWomI5VX7SpdZ5x3WUxyEBWt8QeJD3QnFT4E6X2kNo+HEkXv1xFzfkge1cBkj8oWrY3vuSbS9rs9aSUSkVisl7/OppBSQ3rWHR6LKoru07jtiR+6N6XV6yx5WcZ9WXobcF2TM5DUWVWh+VvEDd23hz1H/9CbecnKgXfGfE2BEFI32/bqppZR4f1/vS3H/LeX5NNjTFmdVs2dVmRmjUlEUqqCTb/XGh4uI9MRLb7513ptERP6ieb95b36mp1V8VSUB6j3x6KniO0N9P28ZrgkXtJ8yRyuHB3oe7dTPeU/xOcXaOS1HHz05tGp+fh4REe/qOfnjxh4/JVo6T7X7yy4uVPpODnUpeR+ZGyoj/eCRA59uGoyS76JlS+4vl8/HCormfLmoZ8vfmp8NLV6V1b8gALkAj7ye6I0qi9cohQXKuz9IdN3kq6hgZdf5jn4p0fa6Xnwp6385fpqURRsUNcXOI51CP/V0IlqtzVnpG1oTP7A10X+hMsu47o8n9l9l3suyOt85VyoqeQ/byHsGbvKvvF0UMCRRiLQLtarS+JF7o7Me8Icsv1qtVqxMHHk6fnqDvziaaH+Z52/QyiqY3kp6lLfdMdRmfIGV6srv+lIdxIN+PnictDVKkZm/Mn+1UlCQ6N/D4yuJohR9OX64O6EQH9ihxxf4yuYypdC3+Cv6wKZEcyOFPuuveh8SXzA9Uc3n1xrKH+ewYQt7qhunJ7y97dDfGaGcfGtrFl8cUl4zXumJ9p7TDfHA5lVn31iqDp82ug53R6MTESls2VlmzUNhKLRQ6XftlpKCojk35h3dcritMtS3Syv9+tzEllOG9htvOtrxllJ0X2leXp6ysVS551hH09z55yTPHN19sq89VP7A8vnr8qiNiHQ+TESk1J519k8K+x4/8G7zQHy43HFC3zmLFt458Lctb7/75bl6dLR/MABymj69fauurPEXlTH/SrWoIPru03r4dp+/Tg1XJ9qfTkRWKiee5uoGtayCUV/Cc+f09ap6S6L9ZZr1RSU/j/mvVPK3J9r3+Gadx4iIFbB5X9GKCnisVX/3Z4nm7fo5V3sfxNqTiCi/WnEnviKYldyqxVujR34Qr1ppvZHHyq5Wjn5bP9Goq92JU/1s/tWKShQlUvxUdpdZ86DOVQr8/FSqg3h+KyJKH3L6ee/LerxOPecranEhETH/+9SFV+oHDylnX+2RvgMwPVCJJZU/2LBt9rTEKJwtULSFhcEyjYiGicjvL7zlPfNr9d4fvHH4V0d6LioKV+blL/Tz50/2ty8oWOgjIr29t79F920MaXnkrnkY1VdQ1y2eve0vx7b0qhtXzq5V2k334OlHjw/2RwfveLHL2rP78c7Z55QSESsrnn3nOUXUc+wf/3ry18fDqxYFC0P5ZTTwVudgX2lhoZZ/Ton+lsaaPU+o5F9VV/XWG+985zCPKgVj/tMBkGvwoT3xjkMUOxT9y9OWb3v81HVKuIxVXKecuDfR+oh+upvNudrnT71zWdpT9Dyd6O0n+vbwK982XUNb9chKH8mVDO/T6fXE4ZcTQ1f6vA+TYc0DkVLom/dFrW9T7PAe4gWmIpu/Ug0viJ54JK7368oaLVwlpAtHzQNPfRCPr1SwgDob9dNdvLyMEfHoIb2/m/zVTCVOfvJfqC7+uKL/T2zfl+LHXvfN+gAzbhJ4lOMmHUxvVLPGKqn+woZt2tMSUTjrRV7hjVWhbX87/utTxV8pn/WZxUWvvf3upj3Dt8zOb+/serxjkApnX1Wk0cB4v4Q/VHbn4j5/X/FnyvL8ho5CevPJk6/F8z689KzLAoyISI8+f/Do88d6mouSNcOFxXP+YXbXl1raXpx79uVF4Y+UnNrS3PT5gfBHZgdo4PSLAwmaneKUecV3njO75a8ndmOiGwCZMsy7turxal/1Z315fiIi/Xii+QeJd1/mZdco+WvUkrnRk1u570JtzgJGw3qqnUsutB01fkg/9T9k5LD+Mr1tB8/boC66WvEREfHY6/GmrfH2Q0oZEfXrfXsSSgHp3Yn2PaRuUPzGkbt5757EkJ+ISJ3LSNrTEGhnpS20UCp81V/R921KJKcGFCpGKt9JbO4XfVINFx8+lOiOWnPdFqQ9iIM8peKzvo5NiYP38L6rfeqhRPvT+nCpUrWGSUI489ep81YmDj8c716D6l5wpmCu8yCpfbBhm/a0Q1Er8nylfp998olSFlDLyF+gEJFSObfyluPNL3YO9ZUXVs5b+BO99Z6/df5LFxH5asJzNi+pPEejYc1f5vcvzPOlPLKilvl9FFCdE90UX6Xmaw+oeaTWVlXfT0REw6pa4NdKtdjB7ljZ7IpbKosrzQPrFbG+3YdPH0zMlQ6urV0496LTHbv7EpfPDt64srb0yPEnTnZveTseJSooLNlckp+nDFn7K2UBX1ncZ3zTwuLKL79ncNMRXyFWDAIgE/R+vbebld2qzjlPLEnGEnv0ltf16DVKfqEy7yal92Fedp0vmEd6V8qd4xtYXinppUz1k1ZAsR3xAzvMPUpvV4YKlHm3qkmpdQGd3hPra+RzFhD182P3RI+Zfl/tTYo/j+eXEt+TOPQlc5ZA4CbtPfY9WZ26/AHNqBimPMovZSoxpZD8pcxfauSdzP8+rfYuvXE7s+oKWPBCNVwX7Z2rzrOWVlBKSSXq+kHMHIgqUKp/rqY/iFLA/KWUbw0uqcu0uvvo4LcTx+7ViShvpa/6Lm1OBaM+8w+iEFGeEr5V7bg30XucysuIiGlzmT9qZvkATEvYFXcdZMzS/Ny1v/DnsP+J+xcRJR8taDyiyciNxcNXePKV5OOcc2N/zjm/avc7osH95fL6qWvtAICJgnN+rL03T9MZY5wTY2KJcIUxLq0Xblvfl3NjSXHdCCZW/OGFBz4sjhxY/+Jk/xgAwKQgggYZMYORZZuvxUsSe5BZryCiimFoqvlyy5YtqU63efNmw1BMtY85lD8OP/wAAAAAADMMhbhV30kEG7bNBgAAAACYWZi6L7bYemwBAAAAAGYWilGwSabmBxu2ZAMAAAAAzCwUMcuJE8GGbbMBAAAAAGYWChkruZpqH5ds+HPeDwAAAAAws1CIERcT+xmTbPhz3g8AAAAAMLNQzCn9QvljkvIHf477AQAAAABmFsokKYjwn4l+AAAAAICZRVL3xRZb5xYAAAAAYGZh6b5kqn3OLfy57AcAAAAAmFko3FT4ODHikuYHP/wAAAAAADMMhRllnowRJ9iwZTuXiXa8/f9v/2vLwFR/DwAAAABkFdWY3s85Z/atkQDBn8v+qW6cKYh27d2546VdTYcOH+uMqEUVZ1VX16674v3rqoqknWId+xueeWbn3sPHOiOB8sWLVqxdf+X6FZWh5A5tu7b91/a9+w6ciARLl66/9lMfXp18N3r8hZ/99LcHtPqiRV9cVzbZPxAAMHEMHPk/P/uPx97U1t521+esqzvasuO+72/dH3HvPav+tk13XTTXP+lfEwAwcahGZaeh9jHJhh/+qW6cXgwcefr+LY8djluv473tzbvam3ftbPjrHXffvq7MT0QUa3vp1999aFevuc9g5+HGFw43vrTz/V+6+/q6YiKinl2//u4Du3qJtGCAIt37n/vFN9oGv79pfdhvvLvtmQNxKl9x0VIkvgDMJHr/+rv/+O3ubiLaf6BrYF2ZccMb6TzS4pH4ElEsFpvkbwgAmHBUTtNRcYR/OvinunG6ibU1PPn44TiRWr3h+o9sWF5dPti2r+GZP/xpV+fphj9su3T5LXUhop7G//rDrl4iqlh7+53X1JfHD+349Y/+0BRp/e9fPLviWzfXhqhr3wuNvUQLrrr7nhsW0aEnv/utP7UeeO2vnWs/UKnRwMFnntjVS4H6D1+7vHiqfzEAIGvEOl77/S92douXrh0Cyz96y5XVqma+1LSiOTWVRa7dAABnNgojxk3ljzuUP/hz3D/VjdNNpOPwiRgRVay/+aPrV1QVhUJza9Zd+4mPLg8SUeexQ50xoljHrh27eomo9MpPXndRVVEoVLbiils+8d4AEbXvajg0QDRwuqVzkKi0ZvmcEFGooq6ugijW3d4ZI4q17HjyhXbSFl/+92vLMNAJwIwh2tbwi4f39abbRQtX1axYuqzO/FeLxBeAGYmH7ostttNV99WCQZWc45AxisVjRKQFghoRRVoOGPlx3doFQXMX/6ylaxdpbzbGOo/sa4+sqDC8cUv3MVQelTSKdvz1v55tjtGcK29YX5WNzPfP7ad+3dzeHIkOJBJZOBw403i2fsnkn5QxUn1KMOD3+32Tf/ZpSvToC798cl+EylctD765rxWVDADkMKpQ/hwqIPzwT3XjdBOsXLtiwXP/3drZ8Jsnln3xoyvC/ljH/p2/eaIxRhR879oV5RpFT7e1nSYirWh+sSY+qAXDpUVEnXS6o2OQqmdVlQeo/XTT/hMDyxdR+8HGTiJt1oLg4P5nt+2KUNHajVeWn3jtmdde238ips1ZfukVly4fiwb8Qlv3V986kt0/AQAjwjnF4npv31BRYT7SXyIiirU89/vHDgxqC95/+4fmPv7mvhS7RRqf+en/+uWx1s5BCpZWL65b/6GNf7cU0i8AMw2VE2fEkuovbNiWPdWN04NQ9bVfuGPw3x5qaH3up5ueS/qDSy7f/Ml1YT/RwGBnhIhICwY0KV3VtGCQiCgWicSiNHf5lfXlb77c+uyWu3fNovbuXqKiVetrIjv/fWc3Bes+skF75v77X2g3Ptq0b/e+Q8mJdKPg183Hs/GjARgjA4NRvz8w1d9i6hk4tO3fn2iOaQtv+OTG6qK9qXeMtx9oMs1I96E3Xz70ZuOhTZs/V485rwDMKBRGZKS/xDls2LI91Y3Ti54jf9150DVeGSiKdR063BXN4ACapvmJipdf/+VN719eoUXau2PlC+uv+tSXP7mo6ZmdrTFasOH94X3bXmin4JJrvvaD73ztows1Ot3wh237e0b9ZVsHM/lGAEwUiYQ+1V9hGjBw8PFf/qk1pi796MeurA6mvYMNLL3iE1/7l3/+2b99/UsfX15ORNS987fb9o7+2gcATGdUTmTqfNhia99OdeN007v3iV8/9mY3aXPWfnjjlfU1lUXxzsONLz3z5PYDux77cZf2jc0fqAhYAu9gLEpkdXSxWMSUg0MqERFplfXXf7n+enHonl3/8fibg1Rx4Y0bytp+fJwoUL1+dV24jDZsXLvjxzs7D+5rj6woDnp+LQDAdKV37x9+vb2Vgkuu/dSG+akS3+Ill3/q1kVUVV9fXeQnIipaceUtd/U+8M1nj1Hnkf2dsRVSBRUA4ExHtRIdkpIe2LCJT8MHu/Uce21fNxGVr//Ypz5UayzMGVq+/oZyarnn9/tjx3Yd6rq0KlhVHqDWwVjnkbaYuV4vUay37UQvEVFZVblX/jpw5JnHd/XSrLUfvmJp8PT+WJwoWFQcICLSZlUGiWiwJzLq2TELAv4D/YPj/NEAjBmfT5nqrzDFDBz60292dBNR5MDWuz+9VX6rc8ePP7sjUH3V7V+6oTYUmr/u0vn2jwbD1XOCdCxCsUgsZs2IBQDMBBSrvlNWf5MLXcGfy/6pbpxu4mnXmY8PRGJEs6qWztGIqPPgvlZrtfpoV2PDkRgRlS+sLnf3YbGWnU++0Erako1/X1/m11RDODYXk4jFIzGjVmLUnd8tC+eO9iMAZJFQIOeX6RvhjnVwwNgh2tvR4Xi4RaTj0IkIEWnB8iASXwBmFCqxpNpHkvIHP/xT3ThdBOcsrVAbeuOdO3//2JLbb1g3N0QU7Tn4wm+37Y8RUWlNdZmftPL69UufaN4X6d7+y61V5rMtfv/YgTgRVW9YXx1yHbZj73892xTTzvrQDfWVfiKaVVU1i1pPt+w/MVBfpHUe2d9JpM3xSppH4NLK0n9hDGucgUkGa5wJQkuvvee7K9qkQZtYx95HH3q5lSj43mvuumH10qoyP0X2Pnz/fTu7tfKF9fXrVi8vLaJ4264dj+84RkTa4rWrK5D7AjCjUEmofcyr7hP+HPZPdeN04Z+77oaNDfc/tT9y4oUHv/3Cg7Y3y9df+6HFQSLyh1d/4uN7v/vQvt72hp/e0yB20BZffoNHwV+k8dltu3qpfMM1H6o2yiGKqq94/9KGp/Y/96O7982izu7eGFVccfm6yrH0f5dUlFxSUTKGDwIAsoFWXFVrez5j+ent2sutMQqGF1VXGYu3aOEli8p3dnd2Njc819wgLSBDwbqbb15fmfPqOQAzDNWs7DTVPpJUQPhz3T/VjdODUPUVX/qX2obndr62/0hL+4neiBosn1tVvbB+7YaL6udakq5WedGnv1/Z8Ohvt+08fJpIDVactbx+w9VXra5yi749R17ad4KKlt94Va14M1R1xeZvBH/xs227WrtjpC7YcMsXP7rM/VEAwJlH8KylC9R9h4PVS8rkiHH/8vUvPbFte0NTu1n7EKiXuF/OAAAgAElEQVRYtf4TN29cEYboC8BMg11+59+Syp+sAsLOefvJf11EROIhF9x47rGRJXNu+HnyleTjnHNjf845v2r3O6LB/eXy+qlr7Z7EeloOtmmL6iqxhgMAY4dzfqy9N0/TGWOcE2Ni6EhhTB5HMoxkVOGcEelGMOGcM0ac88IDHxZHDqx/cbJ/DABgUhBBg4yYwciyzdfiJYk9yAgjyahiGJpqvtyyZUuq023evNkwVJvyBxu2XQnOAbTiqmXFGewHAAAAgBmAQtyo9yVGDDZsmw0AAAAAMLNQzMpObLF1bwEAAAAAZhaKmeFYmh9s2EkbAAAAAGBmoZiTlyy1DzbspA0AAAAAMLNQKDl3n4gTY0nlD/5c948LpM4A5DJjiAAIGgDkMpMXARRKrhfhVP7gz3U/AAAAAMDMQqr3lZQ/lkIRhD+3/BmBHBkAkDkcQQMAMBqyHzFS1ft6K4Lw55YfAAAAAGBm4az3hQ07bcGDeMpbSqRnsQAAchQpDqQLGsaTIBE0AAAZxgEjaIzzXEndF1tsndtRgq4LAOAmTWRA0AAAuJnoyKBwLg15w4Yt2RmSStRBrwZAbpLq2hexAkEDACAzYtDILqr5OANGxAk2bNkeA4zZPomeDICcwhiylLurEYMAggYAuYy7zmESgoBiTG8y1T7Jhh/+9MitU267crc3QXdsAIBpi2cEcFTyOV4iaACQy6QJGsKf3YRYYeSt/MEPPwAAAADADEMxlrjibuUP/pz3AwAAAADMMBRT7bOUP25X/uDPZT8AAAAAwAzD0n1N5Y+zpPIHf677M8RehSPPWcl2awUATFfslXnyOx7z2BA0AAAyIwaN7GLpvqbyBxt20k7RQEeejylK1LFePQA5hee1n2perCMbRtAAIAcZ8dqfiFUgFOPRtUnlDzZsy07TzhzOVBMzMWsbgJzCuN7dGa3xyr6vxz6GgaABQO7guN5TrQCTYTaSIQojxokn1T7YsC074xbGHTug6wIAcE5CzhE+hyF2QNAAAMg6mvB57jlO9VcxEh1J7ZNs+HPbn6pxjqaBoUMDINdwX/WjiicIGgDkGpOdVxi6b1Lt45LyB3+O+1O2O9edmX1kk8tOlO4BkDu4rnouv+Oo7ZOqIBA0AMhRUgUNzzkD2RogMnTfpPIHG7awx9ak0HsBAEYVBxA0AACTGQcUkpQ/2LDtdkYwaTVgr5szjGACkDuY17tn3Z5dxUHQAABkGjSyi0LmMDdnxmlgw07aJo5xB9f8FZLntRivoOUAkIMwCTkOGOUNrhFMOURw+2cBADmB/apP3hJ7LvLgSD/GHCtUq7LTUvtgw7bs1M2Gc26uRM0Y4y6J2FqoCOINALmI/U7Y8nFizKHyJkOEkR8jaACQmxhBwzOVlYMGY9kJEQrnnBEz1T7YsCU782aUah37iXsoCwBgGpLq8neruQgaAIBRBY0sopiPsTV0PiYpf/DDPzq4LPZYAg/6MAByDVufZY1desYTBA0AwKiCRnZQyHyMrUv5gx/+FC10xMobxzNLlxTki5dRHWOaAMxAorGEpiqezytWFMVRCiw6OuMtd9DgwdrkoXl08n4GAGCyiMYSqo95Bo00s4yy80xjQ/Nzq4Dwwy83FM/qPdcOHioO53R2ME/s1h9PjL/VAgCmG4NDMcZsRXtGgmvoNyI+GDic0qK/ZtDQ8xcnDx3vn6LfBACYQNxBQxZ93fPpaYS0ZBQoxLk5A5eYaZv6H/w578+AkaRfTkTXV5QWqqa60zwwNObGCgCYnsTi+sDAsKYmr/o0+k0mQSMe/nvuKzT8eqR1sn8PAGCCGVXQyPrZFWLGWU21jyTlD/5c96cgVXP0kn4ZY6wiz/+9JfODPoWIHmk+HsdUbgBmCvG4frpv6GRnf36ez7FCmazfeOa7Yik0d9Dg/orYom+TL0BE8WN/IB6fup8IAMgmGQYNx6eymwerxK1lqizpWWzhz3X/CHjvJa/ryTk3mmttMH9rfU3nULRA8R0/fjorbRcAMLUwRj6FKYxCAcXKX936jXyvyzlPyjzSceSezwwaeqB2eNlj8cGemDIrcXxg8n4VAGDCcAcNUSJl7eAIGpTd1c0MVLOy01T+bFv4c9zvWLvXvZSv0Uat7iq55ZzsTiJiCudzAn5uvG2W/okDCg8RkW7Nh3OczjoUACCbuJfjlav27R4mX/iiQlfXudxjGde+rpsXrBwfpJPKEYbrunHrLS55TkS6rvjySxXOuTpC0JAqiRE0AJhw0gQNRWF2jztomDMBHImv5eSyxCtt0xX7jlYPVonTdFQc4Z8O/tRYnZZN+pW6N+/019H5iR7LNW0uaY6qNQMAxoD8yAnhsQzhl/shs/+SuqtkH2Zd9WRNXLP1ZEZuKs44hqBhfBMjaMi5tPwuAGBCSRM0BPJFmj5oSE6P2gYh+max8FclZhzYUv64pPzBn+N+l9abXvp1+B1isLGbrutGYxaSjOjbhIIjtW/HGAd6NQAmBEefYu9j5K6I23smJpU6JJctk2VgVz1D8jhWHmzbQVEUR9Dg5gTcZE6MoAHAlDOqoCFd1OZlLgcNkQ17irtZF31T6r7YYpte93VLv+5k197cSb4GUrRVuTPzOL/R5422iQMA0uM5rUS6Epl0Pdr6Kmv40kPRkbNkKeUVfZjtLfvW8RGy6hwQNACYLowzaMi5rGfQkEaKsi/62nVfbLF1bFO0+BQSr+OluZuo+bPvZtNyXGV5tqJA6UQeZwcAjAe7gOomWVArFS0kCxXEW1KNL+Ncd8QBeRqAcVK5Glja6owZsrHNb0hE1kwA93wALpJgdwEVggYA2cUdNBhjUnZqywfELlKCa3tLDBOlqHYYQfQdG6op8HEikZrAhs29JBQXQvq1vyS5x/KUdozd5Xoge+dk04nH38oBAKmRFRoD242oa/khW9Wvq1zPow+T57SJYVDHW3Lhb4ZBI/0vAgBMGB5Bw3u/jIOGo7jfUcWU9UxAtU5KZKw9I2z4c94vtV0PodfuIVH5YFX0ktyfOfowOWO2FnZgchlfGuQZM4Zj/JcBALlE8tJOsQNzvGV0UUL6dYs67sSXc8dZmBi4FNPd5MoHeedUQUOcTcjPCBoATApjDBqWpiuO4LyXloOGeSazGjhZeim/61lrMYbfo0rDVQQbtmxngn0QU3fM7JZ6r+SR7TJP8kj2w5J7uSJBCpEYADAKRswaXdefR/2DYYgqBc/LX652EKf2rHyQix+IyFj4zP2u9WWYXOSQPmQhaAAwftIEDVchhOlw3CobR7ASX/f0WZEnkDUfbkIwdF9T7WOSCgg//HITTiP9WlpvMs11j2Nas+KYu9eUiwItzdmo2+NyQpy6Y4OEA8AYcZTWybb0rCVbyYFjUNLa0zlYmfxwUtpR3OdlTBFBQ7wl9a+2kVC3IY5nnStN0EC+C8CYcaa0ple6qiSJ16kTu4OGtY/3Ex+tu2XdWDfG89SpPBmiGLHCtiWj7hP+XPenR+rbHOsWOVuktJKRcQtoy4AdV4jRC8oF8sY/zsW/pBOJLwDjwTWX1PjH7f9M8cb4J2zruuZEOjMLp7jDsMZ2dPEp8a5l69ahnJ+1DN0olrBSZM8v4/zC1rsePxMAMHqY1BeT6I4dHbF4PrHrBlhoYbIezFwhKJn4ijJfV/VUdlCZKKoQi71aKiD8Oe63NXyX9Cu3aWkHeV16OeuVh0d1IpI1YCJDOWZytYN4NowL728CABgtKboT5vmuQ8pljMuFel41eczKYr1PJAcNu8dzdIgcs2Ec6m/60VgEDQCyQtqgYVyDpgQm1y1IVUtcSLnua9mR+DrezeybZITCrYlKlvKXtOHPcf9o25k0TMmN1YjsCq6xzhGXncaNo+FUFKYozhEQB6JcGAAwftJfUPYKXdJ1btXXcmM4Uj6CfCjOjQhgVDol35V3sD/e3Awajh1ch9WN3cWX8fyqo/qNAIBRkeaCEt236M2tJRFtwrDjCCIlEEFjNPnGGFFNzc9It2HDluz0yBW9cnM0ZF0zgbbPWjPuCMUOsqJjZMWSiuxs2ei9AJggHM9Xk/y2giWHAOMQaEU0EBe+uGS9hjW5/UTmS2ORGDlouI8g8mlr+CgZNDx/FwBgghgxaBhbRTHrIowrUhKDbQ9olEZ9FfdZMlnRJXNUbtVoSrN0YcP26EjkTNfzQceObNjo/Ix53CLrZSxZzCDf/DkqJayiXnfvxTw7OQDAGLBLp6Yhle8n30xV/+B4KQ9ZujNdd22DK3sWhQ3OrNo6vnsw1PZF7EFDLsMY0x8IAGBH1DN4XdrcHkBsRQu2EV+pHMKYJCeuUEfhk2dd0/iTYJUZE49MtQ827KTtiWMFX0+nXNfLGBEpuq4rSjLrFTvLezo+7vYLpA5b8dwBAJCWdIKo1cE4Bl7IkeM6Xoqs164HG++L9V7kQzqcIm3lQtA1ujnxrcRu7pfyl0/xo5LnTfuXAQB44t0dG1hircdorRBx5ZdGeNB1UhSFMV3Kht3H9DzReFGt+s6pVxlhTzc7VRN3TxxxOOVJnZxzxnSjtRsLALtTXoc4JHo1Y/0j93eQ7wPHfw0AAFykmlvtIfNwaeqb9K7t2lQUj9lmbqdYPkJaE4ZbQYPsOpP9a6WufEj10wAAo8F23+t8z7yJtQ3LOHp264kVZtBQFEVROJFuBRDnqI59uUNK4xwD1joPltoHG7aw3bhWdXA65YzWquwRhe1mZ+au97W2TMp6ieyWXFaBKj4AskiajsRdqiv8kvTLHUEgVYGvZ62Up1grLfidLOpNle+mB1W/AGSdFLUHTDxuRk5SRRAQ9b6MmfNljYlx1sARuZVdOdMdceWHzFE5cUYsqf7Chm3ZIzZ993xPIQCLduzaWRT1mvmumArqlQ0DACacFKMr3uUEcsrrvvV16bgeY0Rp/Cm+mHNmW6rohKABwGTivt7leepiJVNjXVNR1CuyXimpJWsEyUPZFeXCWfzmKhmJjhnRYMOW7XSt3I1cgaco5M6M7cKwcTvIRbmw1aemO5dn/woAyDqSKGt65EoG9/Q1z4s9dfXt2PzyV0q3wgMAYIJIP0wkL/YilnQwJr67K4DFp2QB2ExARlJ2xyn9qmTqvthi69y6W6cb18oPyfo8tzZsNXFFXtLBeEfU+lhNn8kpsqPNj7m5AwAcpLqRlCt6rT096h/cH7fPckv1bqqrONW77gxb/mJpPkhIjgHIIsY4rdttJLVGN264GGNiIXCroleM9NrWc5AFYCupTaa/6Wcfje1XmLqvpfYlbfjhT48s/Ig81ZXUkj0DNnZIZrqO1Nm6qOSTy8dxntpwj/RNAQAyDoE2o91cPZBHhHCny147cNHDpd6NUldiSN+AOwNFxv0gggYAo8Jx38s972/lW1PPel8rqU0WNnjVNtjSX3mZiGyu72vTfQ292q0Cwp+T/nTXgdTqrRaZXMbBIfQ6ZrC5J7i47yONoh/HGmfyleYp/wAAsoJnH5O+Eil9MVIquTeT+qVR1ThltjOCBgBjwV2pL7CWcTB3FEMxKYRe46muyR3k/NhIf41FUeWUN4vpr6H7clPnY5INP/wWGfZP0pIOzrzW0IPlC0CeN2OYTFpVeDSdHSQcALJMJhdgmrIH955psuIMwsvIubV7ZwBA9hjLParsEGqunOPKArCcHoja3xET3TFnw5buKyt/sGHb77TSNHFJ002WQKRJfKXPJodHFSU518118BHXroeEA8BkMIbHjGc+OXUME1gx5xWAScaxBK/8jvxCpAFWBbDzDlZOeR0LO9gXf3DOe3Mnu2NLf1UP5Q82bNPO6DJwZLf2pm97KxpNxBPEFBaPp3lCDEthp3cCAM5oxnBdIxQAME1IdTE6+3pVVTjnqkJ+v8+R+Lprf93z3rKFai0obKp9sGEL27PFeMrA7gkoYtaaoekS0UAkXlwc9PkUCLUAAABAzpLQ9VM9kYKgasxmE6sWujRgZ4KRrapfhcwpe6baBxt20k6L5ww2OfEVii9jbDjKy0oLfAoSXwAAACCn8SlKeWloKCqS3WTa4EgnrMqHLNc4KWToc1atJZNs+HPd72ptqWp/U4nBhn9oOF4YyhtD6wQAAADATIQVBvOGhuOOhEEmTYKR5mUmWLqvteWSDX+u+1PjEH0dzdSomxAvEwlSfErqgwEAAAAgt/CpLKEnUwXj8W/ufHcipF9Z98UWW9t2xHbmHp4whi0cqzowBVNSAAAAACDDFMZc+q5H5UOG2UjmKIZAl1T7YMMW9ghty7vc3L7AGXFOaVd1AAAAAEAuEovbljdN9cRHIf0KxqkBK2SNT5tqH2zYwk5B2hKcpOhr1T9gdhsAAAAAvJFzBiPNzbz2d2xI9b7ctYU/x/0ZN1mH1isPXmSlmQIAAABg5iEeYpUqkZgIBU3hktrHpQQIfvhdrVPGWfDgJfp6rMwHAAAAAGBgpA0ixUgl/Wa37EFhjITml7SJww+/Z4tJU4TuNvDcUQAAAACkwjNh8JR+sygDK4Zax03Nj4TyBz/8o2xLjjELw0biCwAAAIA0cIf0SzSxNZOm7osttu5t5s3IaLZMesCb/Fb2my0AAAAAznw8cwarEGKi8geh+2KLrXObutkki309m6acCgMAAAAApCFNsiuczFXyO2YURlZlMeewYcu2u+WlqbmRZ7mJ+gescQYAAACANEipAhMe5jGfPuUso9GicCIm1D7YsCU781Yrt1fDkD4N+RcAAAAAHoj01Ws8eeTny44N1RDoTLUPNmzJHluTsu7fIPcCAAAAICMk7WzCJTOFExEjU+2DDVuyM2+p9kQ5qQGj5gEAAAAAqXClCkx+y2FkC6Pel4TmZ9gk2fDnrD9Fm/HOilPsj4IHAAAAAKTBI1XwTCqyNd1NEWofS6ECwp+z/oxJU+wLAAAAADAyniW/E3Ei1aH8wYYtbEcTTPO0NvEYOGPgQs59s5gHR08NvfpK/5+PRJvbExFVqazIO/f8Wdeu8IfGdrS+oTca48W1oWUlZ0CqHj01+OcXB159Z7ipU6cCX83ZgcsumnVBpS/jA/Cexq5vbh0OXxq++wK/f8zfY3Dw4Ye7/hwP3v2Z0mUB+esNPPhQ99vh4m/eXDiPon/6bcevjirnXxe+s05N+YvOqL8/AACAicBzPQdjfNn9lhh3FrbszBzVmKJvze7nsGEL27PFcPvKI/IiD7JTWojEY4fRozf/pfv+pwY7iIhIy1eCcb3t6OBTjw21xefcXa+N/oC87ZVTP3wpXnm+et9V+WPPBScD228PFijUn2jc19+4b+D5K8rvvjg/w9S/pyPeNqTH2uMxGkfuO5RobucRincMcQok/7fG+qLNPdRLwx1DhfPyKRbnsSE9FktzoDPo7w8AAGCiEMluqse5ObJb7lr+bAyoZOUmYnI+bNjCzrDh2lc0EzrxeFunYKC194GnBjuIqlaV3HZFqLaQEeknD/b/5yvRheHMtU8ZHo0TEcXiFCOazrmX+O0155fdcWlgXoARJd5+seuB54Ybn+t6ODwnjbY6NWj+jbdWXjBExYVK6p3OmL8/AACAicY+YpzlTNeNKrIVbLF1bKcNibdfjbQRafOLNl1TMM8UeZXZtbPurCUyBuJ/3vWKGrr71pLaABHFX3/05IOt2k2fLL88zKKnIo882fvK0XjvEBWV5608r/D6Gv2Rn3e/2k9E1PF6xydfJyoPfePzpcto+E/P9f6xcbitn4LF2rLa0AcvLlhWwoj0t589ef8+dtnGAtrX9+emGIUDG68oOj9/6KkX+l9piscKtPOvKL2t3tBT9ea9vU++OrjnaCKSr1QtCn38qqKVJSza0Xf/L3s7zi66tmD4+X1D7wZCX/1Myez2noe2Rd7uSETiLDw//7KLiz5Yp/m9fntwUfEdVwSt3+5bdnHZbe3H/3Wf/sZfBk/WFBb3eBx8YXzoz8+d/mPjcAepdXWhc1X5XoT3tA48+WL/G0diHUMsPD//gxtLNi7wESX2PNvxwD7lsisCkX39rx/Ra6+ZPXpZPbHnuY4H9rFrbw5fu0DJxt/f/a3Kr+nvuf8V2nhz+NoFinnSJzt+/I56221lawqnU+MFAAAwzVDFQqzYYuveTgsG401tOhEtrMsPe6ZhQ4nmDt6rxjuGqDZAFEu0dSQiPbzlFKfi+KtPdv+xiRdV5F88X6FTw68+d8ofLrvk4hDtHni1nbTywCW1SjgcnMej237X8asjXCvWzl3u63ln6I3Xe944Gv/uZ0pqVb2jIx7p50891h2enz+vON7YPvjIw4P/qVJxRf7C8nhjZ+zF506fW1u+ppC/+5eubz41FCnwX3zFrGU0tO3Fvvsfpe/dWhzui7b18I7dPQ8SUb6v5mwtNBj53da+N3pYVU2gtoT1HB185EmqnF++ptDzt+fZf7uvdqk/uG8o0hHtiFPIfXAe/fOjHT8/QkQULEjs3d27V/pwtK33/p/3NcV9K9YUXV+ReOOV/l89rGufD19erJ9sj0X66an/GiaicEV+TYmXdhsf/t1Dx7dJ9b6xwURb8oVxENZ0SqeKRFb+/q5v5fP380h/7MkXBy/5RKiYKNo28J+7Y70FWmha3bUBAACYfqhEnBFzan7MmPAEf077pw16JE5ErLhYGfXg+FDs7Q5OBYHbbjVzyjsNf60WPDX8anu8+OyCm67KDxENvNP9/BFO+fl33FZ+QQmjvsGHH+r8Y/vAUwcL764zDxZeVXbfdcHQ4NDDP+n4YyeF15R/76pAaHDo4X/r+GNPdG+HvkaNPv/KUCQ/747bwpeEGVFoIZ342nORP7fPut48hvrBW8M31ap+ooHWU009pC0quvvmwtkppVXrt5f4HL9dK1RCRJE4H4gLX/Lg0dae548Q5fv/4TPhjZVK9FTkV7/ser7T2C2x59WBprhy/s2zN9WpRHRumH/t5wMvNkYvOd/MdIM1xd+8sXBhgFLR2xPv7Znsv7/tW5UU1L14au+Rgdc7gpeHefPugaY41ZxXUFOY8rsAAAAARu7LPDQ/TvDDnznywtRizQeHPXZUJRwg6uE9PXp0tLWh+f5zz/a9uHvwhz85XhNW51Xkn1sfXBl2a5l8oCPeQRScH6gpYEREhfmX1Kl/fCne3BQbqDMz08pFWoiIVF9lgIjYvPnmy3AhUY8+MMSjp6JNPUTx4Qe3HHsweXDW0aeTkZMV+8+drxo/IVSSv7Ki/49Her72b5GFlerCRYFLlgfnOdJN8dv79CjZ0t9Ynz5ARCoLiXLf5MF5T0e0gyg4P3RuWCEif0ngsjr1+ZfiRESDscZWnYhe/W37q9IBwx2JGJl/mYV1+WkSX1Lz7tgcvkRan2Gg9dTX/r2/zb1ndv7+qse3KglsrDu9d/fwi43RC1bpLzbGKT/vsuXjmMYHAABgKvBcGyrV1LesIOp9vVRA+HPbn77peE6Gc68C4bkQxOjQ1IUVPmpPNDcOdZzvn+clkTp8A7HkZ9dcM+e+uoE/Nw43tw//+aXB51/tv+Yzsz++wHUIlYgoFnf+qGjyLoA5foimpfhdBfn/cG1oocrMw6rqwgUqvWOchSW/amHg1s/MWblv4I2DsebWwaf2RZ56ZfCrt5WulMtVk799uGeVJsnD8bf3DUeIghX5yXRZPjhRjIhcP0fCd/E1xcn8VVXC8/NCZPzhmKZmKdxk9e9v/1a+mjWBqt39TbsG9uTrr/dQeFXBSiyXBgAAZxTyombC415pamxrmaVCsRQ+LxUQ/pz3Z0Kq1pi9hxD6alblVxLFjvY+8FR/c5/5NU++0/+7J7v/3KaTqvhVoqFEx6BORNGeaJM8HK/5FtbNuvW68De/UHnfNXlaPLanMRYl5i9kRDTQl4jFiIiFStQwUaw9sqdDJyKKxQ8ejRPRvAo186le/kK1Mp+oP9ZM/mW1gWW1gWVn5y9Mk5AF/CvPK7ntE7O/96W5/7iUUefQG+2OP5r52yNNPT98IdJjpKaDsT3bux/az4l8F5yXX+xxXBYq8RUTxdqHmvq5/HOIiFR1YQkjSjR3sIXGl6wN1ISdNRVZY8L+/qGKgssWEXUOPPjUYC+p56/x/FMAAACY7qRKGCboUVmqWFiCGeeGDXusDw3M+hO3BaGzizddk7j/qaGW3ae+tPuUsb5vb5yIqK6i4PxV/nMXsTf2xx75+cmmOjX6zmCjleZFT/Xf/5NTzYX5K+f7QqQ3HxyOkbJwgeonFq7QwhTr2N+9acvpcKF22caCD9ZEft4U/fm/H3+jzh86NfzqUaLiwAfrND8lMv2ihfkbL/a/ui364m/bmxYFloXZQPvQq0fp4lvn3upaiKynsfNrjw5pi/KXhRVtKL6niVN+Xk3Y+YcXv73ppa7PvtRVVMB6+82/c81FpTfVei/xFqoouKwi8kj70EO/7Wycrxhfw0RTz704VHWkv+XVzjuP5K2cr4b6oq/sjxVfFL7v0rEtGJeSLP39495H17Q1FwT+88hgL5G2qOCSijRLqgEAADhjyK7K68Z39rl3JV+leh4X7Jy0b7qylJxk0hq5XP5LRAmdhYLjVBVZ8VmhS5ZrxTrvGUh09/NhnYrK8y66rPRz5+UFfMrCBWrPwcF3Tusdg0rNeUWXhYZ396rr1xYsLVEXlFDfieievw2/dTRB4cC1V5fdWKf6iPxleTVq7M3D8d4hvVdXV5036/JVgaqA3tMf/9vhWMtpqqwpuP2G0jVljHx8oCXy4rtK/QWFK0sY+aivJbKzw7d+bcGSIkY+6mkZeLVDXX9hwZJCpXhBcG0FDQ3yE+8Ov9kSHyrKv+T9RdfW+UM8sXvP0MCcgg+t9Id8RET5BWo4pB9vie7ZP9zYwUtrQrdeV3LRbHcCZ/72UFQ/3Zc40U9EpBXnXbmx7HMXWQ+2iDsPTpq6pC6vKJI4enR47wm9cGHhTauUA03xuatmXbLAFygJXPAelYb0vhPDbx2JHSd15eqimy4IzJJVHRUAACAASURBVA5Q39HITvFLPUg0vRV5R8374HnB2XmSO5rYs2eoOxy6dnXeLI36jkR2dijnXlD4vrKs/P1Tfqv8AqW7MdIUYWuvKLm8ErkvAACcSUQGo6rPSHPl2M4YI2YhMg/ZIacjhuFTzJcNDQ2pTrdu3TrzI5d+rtGckYQttvbts1uqZTXXqtzl8uQ2seVc9tns4ZgSLiuYuIsH5CwD73R/7ecDbcbywGkm5wEAAJh+dHT152m6kfuKfDd97ktkjlI7cl8xIWTLli2pTrd582bDUEydD1ts3duMyHxPALJL4u3XB9uIaupDNUh8AQBgZpL9NEMx16DCFlv3FoDpTEyPDHKtInT9qjwsbQYAACBD1OQwt1v5gz/H/eOCWetGADAxaNolnzzrkqn+FgAAALLB5A0jK0aiwz2VP/hz3A8AAAAAMLMw631ZChUQ/pz2AwAAAADMLBSeQgWEH/6JaXIAAAD+L3t3H9TWneYL/pH0C0dIgiN8aM5EaouAQRi5pAqUcUP8SgJlXDix2/Ek2SSTTE/Py07d2rm3a+8fW/vHbu0/vbdqZ2/v3N17u2ameqaTSTJO2nHbabMmCwnExm1iKOSSyiK8BIzcUs+hObYOSCDhI2v/0AvixQ5OsAXi+6nUL48ehHQsHkk/Ped3jgAgZ7TZnT/EiJd1ggEAAADyizaR1flDjDg7BgAAAMgzqb4vRoyrx1wXJwAAAMAGy+r7YsS4fMx1cQIAAABsMK2GNIlMtw8x4qw418UJAAAAsMG0CUpoMt0+xIiz4lwXJwAAAMAG0yYnOmt2/pDf5vlcFycAAADABtOmpjtrdf6Q3+b5XBcnAAAAwAbTaoiyOn+U1flDfrvnc12cAAAAABtMmyDK6vxRVucP+e2ez3VxAgAAAGyw9Hkekt2+ZSPy2z2f6+IEAAAA2GDaBCU0lO72LRuR3+75XBcnAAAAwAbTElGClvp8mc4f8sjnujgBAAAANpiWMj0/0lCm86fRII98rosTAAAAYIMxynT+KEFZXUDkkd/AOvuDHN7AWwMAAAD4dhgRaYiWjvRHjDgdb2Cdff9pfgNvDQAAALa63/1eycn9Jtf7Ula3DzHipRgAAAAgn2gps+Jz2UjII/+Yag4AAAAgV7RLKz6XjYQ88o+p5gAAAAByRZuZ4WhIgxjxshgAAAAgv2gzM5wEJRAjXhYDAAAA5Bdt6v/Z8xzEiDHvBQAAgHyUnvtm799GjBjrHQAAACAfaTdFZxHx5owBAAAA8ot2U3QWEW/OGAAAACC/pPu+WWNiVQb5bZoHAAAAyC/pvm/WqFmVQX6b5gEAAADyizb11bWpzh9ixEsxAAAAQJ7RajQaSmQ6f4gRL8UAAAAAeUabSCRIk+r2JRKUFSO/3fMAAAAAeSbV902PlBUjv93zAAAAAHkmq++LEePyEQAAACDPaDUaTSKr24cYcSYGAAAAyDPaRCKhyer2IUaciQEAAADyzFLfFyPGFSMAAABAnlnq+2LEuGIEAAAAyDNaDWkSiUSq25eOKStGftvmAQAAAPKMNkHJiU5Co6FMTFkx8ts2DwAAAJBn0n3fpZFWZZDfpvlcFycAAADABkv3fZdGWpVBfpvmc12cAAAAABtMS1mdP1rW80MeeQAAAIC8wmhpfSdGjMvGXBfnMlFp7Eqv2xeUIzHScUWCxVJ/YH+9lSN11nOh02d7/nRDKcv1RgLAxlFDo4PdfeNT8lwsTpzRLNr2HHzBVW56rPeJ1xOA/Mcoq9uHEePycbOI+ofOfvylxFfVH3CJRooq0sTwZNcncf3rrQ7joqzMKXJMJcJ7FUC+UCV355lPg/pqR1OdaOYWQ8Hg6Fj/+Q7dGy/veZzTUryeAOQ/RpTQUHqVZwIx4qU418WZMTt6zR0wOl57/XC5PpnZXd90WI3GSE+k5nrrAGDDhYPX+4NU2/rGiYpUn9ex57kWNRolPeakAPDdMCJK0FKfDzHi7HhTUIlIp+dFXr8szfRcOoyrsZCv2zM0dntaIaOlqrX9kENIvkPOTw1c7Rn0S8oi8cKualdT426ricITX5wdKGo9UW9N3mY40HXusuJsO1lXwoiI1Bl358ejFS8/3g4TADxIXCUdbyla+aTPXFZnvx4YvOb1B+4sMF6o3Hv4WIOoJyJ1dsrrGfDemgrOxXQFgq2urb2+3JRezCC4KqPj7rEZnfPYm0eE6MRgd+/41PRcTFdYVrn7uSN7HfyDX0/C/ksffR6wPP9am+2xLrsAgMdNS0Qa0iS7v4gRr4g3BWaw2EtV/9WzFzxfK2u2eePK8IBHrTj2+pt/+XqjNTJyqXs8pBKRKg10nflsUq1ofO2v3/7x0d26ictnOm7OqKQ3cmrQNxScT/5+yO/xBEOjAzelKBERqXMTw5JqKkKHCSA3TKLDwkl9Xed7J2eiq38cm+rtPO+NO9pO/bv/8Pbb7bvJ/flF76xKpCpBz8QC7zz05l+//Zcv1/F3Bjv7/FFKLmaQJ/p7rk1zziPPv7hXIP/g2Y89suA6+Rdv/82fPe/Sz4xMyFF68OsJMwhCqSAa9Ks3BwC2lEzfN93tW4qRR36TYKV1bW/znit9Qx/+/CpxhWUWm8PpqneUpt+EdDpL/fGW3aWMiHc01X719XBQVnebVdnjlvTVh0637DYzIt51rOXuOxdueqWaZrHKJdwcGJbClRUmddbvlfSWnSbltm86ZrVxqnzbJxsqG0V0dwByxFDT/tJrXveV/q5/6I/rjGarrcK11+WwGhgRKf6Bsfnyw231tmIiMtkcBxsmP/TeCtW6SoXdL768O3Ub/J6m6pGzwZmwaku9VuxwnnzlQLmeiOZHvvhK5mteO+oq1xORbV+7jYhInXng64m+dN+J4zl8RABgoyT7WprMql/EiDNxroszGyutrP9hZf0P1fkZeWbaP3n9s19d6XeefuXALj0RkalMMKV7tBzPMYqrKlF8Vo7phEpL5kd6wcKzcWl6XrWaK52lV/rHA+GKXbHbvjuc/WgD33/J7ZuJ2kRlYkzhdjZbuAdvDwA8Zqy4vO5wed1hNTorT8uB0ZtXPnjvir35jfZqvRyUlAXlk/d/+snS1XWWnXEiUu/6+vqvj8pKZD4SixMR7ViMp6/CW21ichasxhQ5rhdtwlpd3LVfTwAgXySf30udP8SIl8ebDDOUirZS0Wa3lbz3wcC1MVe5k4h0D1qbwIhUii9d1hEjilKciJkra6x9g77grBAZl7iKgxbB6Cy9dm08oHDS2JzRfsCKXZsAmwDTF4u2YtG2s1LsfKfT7WusqKc4cZa2t9rrhRVPfTXQ2/Ubt27fiZcOVhYzUqXec+9NZP1cp8u6XaK1p7QPfD0BgPygJUr1fSnV50OMODveFKLK3fCKNymmY0SqGn/QrxARccWCMS77Q5nlguHgrUCUE3gDI2K8xWVR/W6f23uXr60S9cxsq7HGgx73TZ9icNSufFMFgCcoFpJnly/0ZYzjiOIxlRgv8nR3Ir1eP8uiIs8zcbfTVsyIiOLhyOLaHVtmsJYZVDkor7GYGADyXKbvixHjmuMmEA1c+fCTgZhgr93tsJk5RhQJuvs8frbzuL2IUeiBv6gXHE5xqPfqxWu6Foc55vd0dY9HxTpXajFDsa3WSp+4B3RlR46aGRHxVkfZ1fP9Pp1l/y5MfQFyR5VGzr97VRZ2OmqrKkUDI4pJI1f6xlXrfofIGKtosLvP9/Z0UWNDhZmUoG9waJTVn27fKdhKqO/mwHBpU61ZnRi45p+ntdcucWLD3sqxy52flrQcqBJpxtd/U67Y32p/8DZFZ4Z6ByRrQ6sTZ38B2NpYIkHpE7lqKHUhkTzFFfLbPb9J6K3Nr74kDLgHvFfPDxIRka7IYt/78oE9NTwjtYA3GnjBkH43YowzmLhCEyMiJja0vakfuOK+/M4XczEqEKp/cLrFlVnMYKp0OCyBCX5P+oRoBltDlWX6Nr/3GUx9AXKIiY7TrxcO9Ls9X/S4iYhIZxR2NbScbKwWGREZao6+dNrtHhjo+vuOuTgVllXvfq7RYiJmqms+Lnde7Djn7iC+ou7gs5aIv0hHRFTAGw1Gnss8sxlffexUvKvj8of/eJWooKx6z3MCx4ge+Hqizgcmbwdpj+rE114AbG2a5r+6mettgE3q//07OxFlTvSb/L63ZD84kUikTga8dCkrl0gkEsnrJxKJROye9vtP87n+1wAAAMAm8rvfK9xT9zUaDZFGo9FoNJSOU5czFylzDUqfoSHTqNNoiOgplrr4s5/97EF395Of/CQZaClBRJrE0l5uTfaI/LbOAwAAAOQXLWmIKLE0k6ZE9oj8ts4DAAAA5BdtducPMeJlnWAAAACA/MI0S+ezSiBGnB3nujgBYJtSwvG5+fsLsfuL9/BCBI+g4ClNIactMmh5k24dV4dtSps8finZ7UOMODsGAHjCFu8lbgUXfzd9TwnHMfGFR7V4L6GE47+bvncruIj6gQfRpo+eI0qf7Awx4lT3FwDgyQr84V4kej9zMYEP4rBu2dUSid4P/OFeTjcHNq/U+X1XjanzvCK/nfObjSQps3MLWq02Mh/L9bbAd2U0cPfv3y8uLhTLcP47SPlDSJ1PT3wXovcjC/fvJzTxOKa/sC5MRxoNGQu1hXotEc1H7/8hpH7PjNMxw0psaaKTNQ1KrvtEfpvnN5WvRoLf+16x1bqjUP9U5qx+sHUlEomF6L2FhcXhkWBtjSXXmwObwt3Z1LeUL0Tvq3FyVReWFGPVJjyCO7Px0anYQvR+cvp7dzaOuS+sps30/DJf75VZ94n8Ns9vHsNfBb5v3SHsMBkKCzDxzQ8ajcZQWCDsMH3fUvLV6O9zvTmQe/H7iXtq6jN3ZOF+TTmHiS88qh3FOns5F1lI7T24p2LVDKxBu9aOb4wYafO8XkjTs38kmk0m/TquC1tPUVHh94QiaVrJ9YZAjt1TU0EikbifIEx84dvZUay7n9Bk5rwq1szAKtrl6z4RI950631nZ+f1+qdyvRXwGBUWPjU7F831VkCO6bSpQKPRxOM53hjY0uLxBPYQwkNoNaRZ6vYhRpwVbxJanbawsCDXWwGPUWFhgRZvVAAA8ERoE5TV7Usd6pSMkd/u+U0iEsFZHfKcRqPBuTtgnf79T/7XXG8CAGxt2vThTckvs9VkxcgjDwAAAJBXtJTV80OMeHkMAAAAkFe0yZ5fqvOXFSOPPAAAAECeYUSJ9Ld5YcS4bMx1ca7fPcnb/dGvvyo6/qd/Wl+Syc6OXzt3sf+rqdCCvnT3/rY3jlYX43QRAAAA2xsj0iQSiazOXyKr84f8Ns9vBffuDv3qvY+8UaaqNKfeI0rOb+/dcb//bu9C3cmf/Nn3KXDjo389+07Rn/73h5/G7PcJOPfrDiI69cP2XG8IAADAStpU35cyaz01lBUjv73zW4LKyg/8+D+8dsSa/cWV96ShwcCOva8crxWLi8Taxlde+CPptzduLeRwO7eLc7/u+Phcx8fnOpIzYAAAgE1l2XpfWrsLiPy2zW8FT33Ptb+ueseKb2wPT0+FC61VO1Jt3qd2VFXtWPi36dl7OdnG7SM58U3GmP4CAMAmpCVKznFSPb90rEEe+S3snjo7pxaWZH0dXKGpkEVl9H0fp+yJbxKmvwAAsNkwouR0J9XtQ4w4KwZ4BKd+2I41vgAAsMkl+75Z3b6sGPltn9+6WGEhLdyNLi1xWAgvkF4ozOlGAQAAQK4t9X1T3b6sGPltn9+ynjJZraaF8fE79yoMTxHRvTvj43cK/8iKk5w9TqvXPBDRy6fQDAYAgE1kqe+rWWtKhPz2zm9dT4kNjdY7gx9dHJZm56Th/o8++zdx37NW9H0fp1M/bH/51LJpLia+AACw2WSt991cHUfkN0N+C7h3x/vO/3HWGyUioqn/5z+eJ+sLf/6T4zufEuveeCv8/gdnfnqZiPTlh06+/RxO7vvYJWe6ye4vJr4AALAJsTV6fokEadbqBSK/7fJbwFM7nH/+vzvX/FFx1cG//l8OPvEt2u4y811MfAEAYBNaud6X6AETI+S3Yx7g28CsFwAANi1t8usMktMdxIiz41wXJwAAAMAG06a/2kCT9TUHiBGj7wsAAAB5SLvWl9kiRoy+LwAAAOShVN83PWqyYuS3ez7XxZliNOpzvQnweCUSCaOBy/VWwNbwdz/733K9CQCwtWX6vqs7f8hv93yuizPl/v37CwuLud4KeIwWFhbvJzbLZy0AAMhvWo2GEomlzl8isdT5Q36b53NdnCl8ceE85r55bX7hXnExvncEUhKJBNPleiNgK2M6SuDjNDyYNpEgjWap86fRLHX+kN/m+VwXZ0rZ94r/MDMXDi/kekPgsVBmF+Q7c+L3inO9IZBjTzGNVkNEpNFoNBq6MxvP9RbBlnRnNq7RkkajISKtVvMU2yzvZbB5aJd3+xAjXopzXZxLdtuf/l0wJN+Zm5+PbaoNg28tkUjMz8dm5Ll/k0I11U/nenNgU+AKtMnAWKgdm4ph+guP6s5sfHQqZtSnCol7ChNfWANLfplXptuHGHEmznVxLrPb/rQ0rQR+H9JqNJH5WK43B74ro4G7n0gUFxdi4gsZO4p1gT/cJ6JCvXYhet87tnA/QXFMgGF9mI40WjLqtYXpue+OYqyegTWw9ESHsiY9mc4f8ts6n+viXEks48UyPtdbAQCPi7lIFwrHIwup6W+hXps+/ADgm62oFmOh1lyEuS+sIbPeN7v7m73uE/ntmwcAeMKeLn0q+8UHE19Yv+xq0Wro6dKncro5sHmxFZ2/dJxAHnkAgCeMe0rjqND/m3wvvHBfjVM8jlcieAQ6nYbpyFSo/SMBE194IKz3Rbw11vsCwPaBiQsAPD5aomXrOxEjzo4BAAAA8omWKNP3JcSIV8QAAAAA+ST5vW6U7PZlj8gjv9WFA5Mj0kPOhjY/0vGvf/dufyD6JDcKAAAAcil5BhlKdvuyR+SR39rU2Ym+Lzr7/OEHXqNAqN7jcu7k2RPdLgAAAMghljyt1VqdP+SRz2+s1O5qzvVGAAAAwJPEsrp92Wd7zYzIb998roszW2zG574yODkRDMW4Iot977EXdot6ovDkb8559HsdxjGPe2JaUQvL7A0vHt3DT/e984FXJiLq/i//qZt0ZS1vnXDF+s/0LrrqDFPu8YmIcOz1ZmG0+zfBmtPt1WZGajjg6XMPjQWnI2Qs2+k6sv9gZTEjUhX/le5+j1+OxHTGMou9oeGgUzTl+uEAAACAb4elO3wru4DII795hEevfvjZTOULz/+40swUydN7+fxn3BvtFfrYvCIFvZ/O1x449OoLRbHJwYudVy+ViW82Hfir/+jyfHyuh+3/8cvVyalq2DcnB291SkWVdXXH7ZZyXiPJIUWeixGROnP9XJebq297/XmrUZXHBi992mM81b5PXPy69/KQsvP468fLjbHAmMc9ISnVokmf60cEAAAAvhUtUWqOk/xKW8SIs+LNQb3rG/Sz6sZmh2jWcybRtu9AFef/akJJ/lgnOJ8/1mAtNRVba+vqrDolePfBR68VVLa9dLplT42tJHv6GvXf9ColTS2OXYJBry+2Ohufs8x5vLKqqpGoarJUlYsGvalkV93h0ydcVkx8AQAAtixGlJrjJLt9iBFnxZtDdMYvLcj+jv98IyvJ7XSpKhERKxAsRanpKONMnI7UePInqzHOXGkxrDq2TVX8khyRO//xHzuzssJeVWUGm72059PO9yI1DrvVarFYBQ6HxgEAAGxdjChzlJOGaPmI/HbPbw5xIlZoP/rKaYdhxU9UmYhI9wizUbbmdVUirqzuzbcaxVU/1te1/dgiScHbPvfVKx1zptrmV9t3l2L+CwAAsDVpiTS01O1bPiK/3fObA1csGOPS5MyDz1a2FkZEpMYWH9QDzr6qsayIKdKUvOZVmVm01tQ1/vCtN//HH/2A83u80jffIgAAAGxOmfW+2WP2uk/kt3N+c9ALzgaL6rt8sXdMUmJhOeDpvfTLD/qmvuE7KQyizaAGbl4bnYl+02TVXOly8NKVjstD/rvh6Lw04fnNBx/92jurRmeuX7j0m2tjU3JMVWOyPxghg4CzPAAAAGxZLGtn9+p1n8hv8/wmwUqdrW9wnmuD7jMD3ZE4GS1VDY17rHpiqsHIF5mNuvQ1dZzRoI9zjBERE+uebw52dn/yKzcV2ttPtPEGvZEZl9br6vR8oV4xcESktza/ckLoH/J0nOtUFokzV9a6DlYUM32svLokMPjlmS+640TECc6jrQ58GQYAAMCWpTn8F96s6Q5GjEtj5/9dQ0SJ9FFviaXFwZRIJJL5xNKlrFwikUgkr59IJBKxe9rvP83nutQBAABgE/nd7xXuqfsajYZIo9FoNBpKx6nLmYuUuQalmnSZbyFIBk+x1MWf/exnD7q7n/zkJ8lAm9X5W9EFRB55AAAAgLyiTXf1EkSarJiQR37dVQQAAACwNWg1mqXOH2LE2TEAAABAnkn2fTWZdZqIEWd1ggEAAADySqrvixHj6jHXxQkAAACwwbL7vumRVmWQ35b5XBcnAAAAwAbTajSaRGKp25eghCa97hP5bZ7PdXECAAAAbDBtcqKT6fZpstZ9Ir/N87kuTgAAAIANpk31/FZ3AZHf9vlcFycAAADABtNmen6ru4DIb/N8rosTAAAAYINpNRrK6vwhRrwU57o4AQAAADaYNpGgrM4fYsRLca6LEwAAAGCDZc7zQKtG5Ld7PtfFCQAAALDBMud5oFUj8ts9n+viBAAAANhgLH1aK0okEpTV+UMe+VwXZ8rvfq/kehMAAABgDd9/ms/1Jjwylv11BhgxZo+5Ls4lW/GpBVvd736voPA2Lfx14PFBda3fFm1OaSnd4VvRBUQe+VwXJwAAAMAG01J6ZWd6lSelMshv+3yuixMAAABgg2lTHb6lbh8t6/whv73zAAAAAPlEm+rwZXf7kl1A5JEHAAAAyC/pvu/KkZBH/olWIgAAAMDjp81EqT6fJitGHnkAAACAPLI09031+bI6f8gjDwAAAJBPtJTu+aVoVo3Ib+c8AAAAQB7RUrrnl5JYNSK/nfMAAAAAeWRpzcMaXUDEiAEAAADySNbcd3UXEDFiAAAAgDyiXcd1AAAAAADyAea+AAAAALBdaJed1iprPzfyyAMAAADkGe2yrzPIOr4JeeQBAAAA8ow22fNLfY0tUaYLiDzyAAAAAHlGm+z5Jbt96W820CyNyG/jPAAAAECeYYlEQqPRJIg0ROk4oSEN8shvNeqMu/PDvvnKF1pbHSUsK/3bjy5eU3e/9kqjVZ/TDYT8pM54uz7sloQjJ07XZRXeYxCWxkanOVu1rVRPRKQqY7/5sGc0vrP1ldZ64bHe89alzni73u+4FclK6Yxma3Vd65Hd4ga9IIR8Xe9/GngCBZBNlTxnPrjqjy1ldMYioWxn/YGGeqthHb8/+/Xw7diOCrvV8J22OTrz23MXr4UrTr5+eJfpYVdcUb15RlXGLn14eZRVnXx5/y5+Ez0Z8/thX1NJScndu3dX559++ulMrM2e6KRjTVaM/PbNbzXxiBRSIrL7k86eifmldHROkhdi8owSe9gvA3xb8UhAVmILsjSvPtb7Ue/6Pu3p7Pj8ij9T3vF4LB6PLj7Wu93i4pGAHCHS7Ximbq+zYa+jtkLQR0L+Gz1nOr4KbcwfTI1N31ViC3Jw7vEWwHJRRZJiRFTA7zALO8w8p4tH5qYnfZ3/cu7X3rvfuCVR/+DFjsvnP/3OD4I6F5QXYsqMHHvoDa1Rvflk/uu+L7134uq0r3tAiuZ6a5bk+cO+tpqamjXzzzzzTCZO930xYlw1PsFa3VihgY4vrG+1OjbTh2+ADRLPRIzfffovbGEqMOlR6t/AZHM1t6R2/KjK2Pl3u0fHPD656jlxiz90ZXtOv9WY+kdE73o+67zoDQ13fm4tO7Fvff+0+Dqus3Ge7L09Kao8OTA6xzubm6L9ncOeiQarg8/1Ni2Tnw/7g+zbt29iYmJ6ejo7+b3vfa+hoSFzkaVWfCa7fctH5Ld5fguL3PrNBY/wSv3qfZqqPHl9YHzCHwjcWYjrCgVbVUtb4y6epZZGRCtaG4u+HvSNSjGzrebgEZcw7ekZGJ+aXmA7njnY/vw+K0dEpN4dGRgc8AYCdxbIaC6v3dtypLp0i7+HwmOhzk+5r/a4A9KdhThntth21jfWu1K7pNXQ6GB33/iUPBejQsFW0XSgwWUtCE34Bob9UxPB6UhcxxWJtT843lKt93/x/kc+mYgoPnzunWEiY23Lj48We85duhatOPnK4V0moqg09Fn/wIQkR+IcL1grdjc1Ocp5RhT7uvPC+TGu6aiDhj3u0WmFCsscjSeP7t6eRcuMJYKRKDIvR2Iz7q4Pe2VLy0svOosZUTQwdOacW61ufa3Nppdvnv2oX7E1NhmD14f9CrfntdcbrbT0IOv4Mvuz9c0NO5M3q6ohX/fNoeHb0xHiLTUtJ/bX8Ixofsrt8UwE/P5pJUYcL1Q2Pn+srlRPROpdT/fla2OSHInrjEJ59Z6DB2qsJkakhgMjV/q/mvBPK7EC3mJrOLJ/n20dyxj0Ja6jrWH5XG9wesAtudqs+uiMz33TNxacCoZipDOW7WxoOfycJTb00blO/yIR0fSXv/jbL0lXduT1E89ZaX33G5vxuXsHx78OzuvLdjqcorrU8FUfoXpPVOsV/1CfxzMRnI4Qt0O0N+1vdW7FPfOxgNvjV4WmZyvsseC1sfHf+mbsTannlip/df6jq5KlsdkyM+QeD0Q4a+3e5iYx7O6/Nnw7qBBvc7W91JhaLvKgp3A00PVBp4ftSa/cm/Vd6LjkL2p+va1eYCFf14efSsKB/fbIV9e9S+Vnla+u+bA/dGVKPtDpdK+++urVq1cnJibm5uaKiooqKyv379+v0+ky10md3zeRSGhW5huogQAAIABJREFUjchv8/zWpLMcbmurLowHvzzf6w+v/Gks4O7vvTEeiBftqq2qFOLypPdi72Q4szRi2nexwyNzZoEtypPe8/985ped41FjqcBR7M6tni/GZ1Qimh/puPDxF+MSs+47eqi5uiAw2P1xt38T7eeCzSI21XfxzGfjQYVZq6sq+fngmPfiB5euSyoRhUcvv3/OPTo9R7zFXlmk+n0XP/VI0ZCvr3/AeztitNTW7hTZXPBGT6f3LiurathbZeGIiPiKmoa9dU1OUa/OBqXkeh6V1Jnr5y52eoMyCZW1zwiqPHHj6vsf9weiRGpMuROKRYK953oGZE6wFuniC9Pe/t7R2Vw/PjkQVSRf79WhaSJdiZWniCQrsblpaSH5U1WR5MiiPB2KqqRGZmRlUfZevtg/Ph3lBNHMUfpBjhgsFc+Uc3PDX3zePZr63cjw1c7BW7IaJ4orQV/3tWCUSFX813rd3rEQZ6mqrS7Th+Xh7s+HAiqRKg18fulGMMQEu9PhsnGS9+olb0glUiXP2Q8uu8cW+Nr9x4/uEaOT3R9/PiSvb2kCM++qNhOREpQUlcJ+d9cXvlGZxOoqu60oOn2rt3NgSi2yPltXV2EmIuKE2medDQf27BLYOu83PNH/4Sfu0eBcXKcj+dbAZ19OZJaTqY9SvdFAz4cd3d5gvMzR0t7o4ue8HRcv+bZeTaqKf8Ab0om7nSJnsuxxlMWnb3im0u89amRGUhaV4cu/6QsSb9bH5vw3et75h1+d987pdwhGiit+d493RiV62FM4NifJi0sr99RFSQ7FIjMBJZ5cciPH5kY/67w0PG8qE4zp8qM1H/ZcPlRPDmPs8OHDP/rRj/7mb/7mRz/60eHDhxlb9kGfLe3mTnb70ju7kUd+q2Jm19HnJbnDfePzTuuJkxXZP+PKW/67/7klfUkZO/tP3aP+W4FwdXp9UIG97dRpZ7EqDf3y3S+n4wX2E6/80G5QpaFf/vOX05J/OrrHHBm/NrqgK/vBm2/Vi4xI3cmUX3WOjUwdsNXk/QdqeCTh4JBXjlOR8+VTL1YaSJ31dXxyfnh6YDDoOmqecE8qRLyz7e2jFaasl2Xxrb98Lh1HJz7/xUcjgeFg1Lmn/ohBDU4GgzpLXWOr3UBEFJYyvxUNfuX2LxL3zMnkap9woOuDTwamR65NuE7bU9fhna1vt1eYKDbVee79G6HAZCjqKN4m74XKjU/+843shM7S0OgQmPTgX0kz151qb7UXM6Kov2/Av0icpeX19qwVBaqU3LnKV518pdkhxKWBzl9+FlT8QTlqs/K7X/vJ7sw1A73n3umXff7QPmuB5A/Fqaiu/fgxG0dEx1LXmR/p9wTjhbUvnfqhw0BEdiH2iw9GhkZDrqb1tOkZZzJwJMfUeVUlk7313/9Prek7v3v9o191+2/7puPHHPXN+tDoZCjCVz3XUi8yIpof+XQ99zvvd4+n6ra9wkQxaaDrvc9up2a/rPS5dVdvyHvZc4eEZ9vfbrPqiaiiKPzPnRPe2yH7HvNW2h2hSj73aKzAXvdMKSNigtNZdv2z8WvDdeUNWQc+6sqa3zqxT2Ah78W/77gdZ5Zjr7e5BAq5O/7+06A8KYUbSvUPeQpb17EhO5xvvnXAqqfwaNcvzo0r/qDCGtd40QAirPfF+LAx18X5HZhsrSf2yx9cHe3sutLuyv5JVPqqp/em/85cKLwQTy6CUudjcaLUzpAiS5mBiJi+yMRomorKhQIiYnqDiaNpdVGNU3jaL8cpntxXmKGbVSIqmbbSazY8bmrkrhwhMor2MgMRESuudFqMwyNKIKhEdYE7i0RFtlrL8qpRZ3yDvYOTkjIfjiymlulFY990oKYaleUQkc5SYTEyIiKT6LCbB/pD0mQoajcTEVGBYBNMREQ6o2jQUUiNPvzopLyi2/GMq7Io/Ugz3lbjspfoaR0HwPIWh62YERGpYVkOE+nEqsq1zqphtFTZBEbEBItopqAcj6nJ0ykMfHltWJKV+Ugs9feMKTGVzBa7yE3edn/8q4BoFnZYdjmqHLZiFp3zSwtENPzJO8OfZN34nXmVaB2vL6oajatExAyMEYUD179wewIzirKQufNodK3Vn+u83+jdgLxIVGR3WkxERJxor7H23Z5IVdL6q3dempiJEcVWfCZR7kZU2kpz3/Dt64MyEU31dfz9NSIiis/HKe53ewLOw+WZT5Z8qWhkRKQ3GvREEWOpyDMi0vNFeqJINBYjlR7yFF7H3NdotQl6IiK9sUhPFIlvo2f3t8BWTnqyO3/Ib+98rovzO2Gi4/hR6Z1Pxq919HNxIo6IiML+rnM9XkVX5tx/sraIRWeuffqlP/sVQqdb/qqbuaTLzqpEnK3uWGNybxIR6fR8iYiTTMHasiqMJQtMVVMft1a+PUUDgx9/4pZ15toDh1wip8o3Oz9bdn6uB2DEdERE8awj4dJ3kLkPptu+JZp9rNtDrDFdyHpNYMkHWV37yCGW9fgm/xgqqTPurrNfTMf5nU0th2zGuDLc3+kNJa9eWtf2Y2Hc57vtvzPj9345fMPteeHEa87kJhTVHt3v4nXpWzbwlvUthFXngxMzcSLeIvJs1vdpZ/fYotHmbD1iM7L5id7LA9MP/M113m/yX7/0QOmWXiW/RfWWPdvcnOlHMp1ph7il9sqrM8Oe0QgRUUwJLZvi3xm/NlZX7ixOX17+3Fvjibiup3A6iK+u1OybTJcfPBD6vhgfOOa6OL8jZnYcOhm8+/6gvLQaLTanhIm4nc8d2FPDkyqFrjz6y4OeN5vptizfVfm9jtR8NxZWNnbjIR8kj6majkjeydldzmJGqjwhKUQcX2o0FlmFAvedhQmvP2SrzjS6VOVumEhndR1sqC5laijiyapQHWNEFFeUmEorz8maKsvA+Khcs09kpM4FgiEiHV9WtJXmEk+aTq8vIKKoMhsl0UTz8qQcW/FJdwnT7yg1021ZGhuVakqt3NrXWiYekRfiRGW1DQedIqP5keHsCRIz23Y/Z9v9HJEa6P/lv7gDY1LIuVPkC+jOnCwXWOvSJ6YIz67rcILoXd9nXZcmF0lX1lAn6tWQpCwSFdkbG1yVHEUDE+rSHq7UJ6FYKBwl0UTEitZ1v8wg8jpS5gITIdUmMqLodFBKP2SPUr0FZkuRbnhBvrNosqRPtKzOh7bWYRNRacAdjOssbX/Wnn2C7eRfc2LAF6huFNZ9Yw97CutiekYUmw9HVeKZqkiB9b7jPOxFYztjtDTdoaw4gTzyWx9XfuT5NvlC52TqBKjMWCoK5J++1dPZF3UWB/r6g/EHvtE9iN6yp6l6/OLYrYv/dGao0iIa4/LkpD9qOflnxzfZeW3giVK8Pe/4U8WkYzq9uKf1hap9zrLR/unRjl/90mcT2d3RMZnI7GqqMDPOdKTRF7w8Mdz9C8lXLpAclKJlh944aBV0t4L+gc5uqhdnrvfeXporMU60FJE/FPzs3N+7DRxf0dqy9Maqt+xpqBjpnAx2v/urUbuoV/yjwTjxVU32EkZb7/ihJ4XxlRahX5bHet754JaNmx0dm3vItfVWV8veyQ8Hp3v/5V9HK0R9TJ6SdPWvvuR64G9wvFXgbsxNu7+4ZHSVR8Z7vKkD40id+e0HF64o5l2VpbyOlOnJaSKhzGzSF9ubasr83unBT/7rxM5KWxGLSKNjsmnvqR+3rHXSsumbZ/9pkhERxUJ3FuJEpBPq2lvrRUZksIlF16bnPN2f800VNDo4cCfr38JbRM6nKCNn/1kyGwssDc83r+d+WUnlsxVG//h0/6UzSoXA5vy+25lpmF54lOptrnfwnV7/1V/841eVlSJPc37f7ZC4/8evu7bK6UdCY27fHeKqHfblO/2YWFNv83T6v7rudx1b90fPhz2F9Tq7rWB0TO794JzfXkr+Ef86z1q2+mE/0ViOT8NEWlrq81FWrEEe+a1GZxSLOCoQeC7rlbrU1fa8cweRscjIEenF5hMtzjKdMunt7PBEKhsbLAXEm40cESsyG3WkL+aTa624YoHXkcmcujHOIBiJeDPPEbES14lTr77gqBRJnhhxewPRHTUtJ/ZXYuK7TemMopkjovicfCeU/G96WvZPBEMqZz1y/E/bnXaLQZkc947JrOyZI6+0N9s4ImLCnpOvtDRUl5ki0ujEjGoU7Q7RbHGcfNlp4Rb8Ny6f7wuJB+oqjWTki4yMiDhrY2tbrVlHi8qdkBIvYCxZpSU8x4iV1J849fLhKhsfCwyPjAbjQoXz5Veaa3gixnjeQDqDkNqXzfR8kYl0vFC8ReYY30Xyr1PAi2s3vfS2huMv7DRSXPH7g6rY3F5n0ZFJKNIzYlwJzxHHlxiXftOw68iJN16osZWRNHlrStGJlTX2HUZOKDKSji9L34XJbDYSx5fyjMzOw6cP7zTGZO9nPV0ThobDVbyugBcNjJkdR/bvs5E8MTJwwzcVLXG+0P7qEaueSG878OZbLU21Fj4WHL4xMirrKhubjzeuXFOl5wVBR0SLSqrqFuJUIFT84NW/PHXMkfzLGna90NZWbaY7t3o7LnvJ0eI063RFZmMBERFf0XKizmakeCQkTy+oOt0679fsaH7jpTq7hQWGR0YlXWVLc0NZqgiZ+CjVW1xx7E9eatv7jIWbn/L6PBNzRscPXjxatVUmvkRqLBwnTqhvsK08yJmV2PdW8TqKKTEyLqsiZizldWTkBS510czryCgUGRk99Clc7Gh53rlDRzF5yn+Xe7a5rbqQdEWiUUfEHlJ+azzsT/5x2pQ0B//cS4kEaTQYMa4Y/7//Wkvps56lAw1R6iRo6bOhZS5l5RKJRCJ5/UQikYjd037/6W8/Mfzd75Xv8usA3w4KbzPDXwceH1TX+n3Hx+p3v1e4p+5rNBoijUaj0WgoHacuZy5S5hpEyalIZmVmMniKPULHLtX3xYhxjREAAAAgv2hT/bzkWk/EiJfHAAAAAPlEm2oXp/t8iBGj7wsAAAD5SkuU1e1DjHhZDAAAAJBXtEQJynT7ECNeFgMAAADkFS2ljtVPr+9EjDg7BgAAAMgjWiKirG4fYsTLYgAAAIA8kun7YsS41ggAAACQR7RLE5xUny/V+UMeeQIAAADIL9qlCU6qz5fq+SGPPAEAAADkFy0RESW7fZm1nukYeeQBAAAA8khy7pvs9mWv8kwgjzwBAAAA5Jes9b6kQYw4OyYAAACA/JK13pcSiBFnxwQAAACQX7TLdnVjxJg1AgAAAOQZ7bJDnDBizBoBAAAA8ow29T0GRJT5TgMiIg3yyAMAAADkGa1GQ4lMt28pTiCPPAAAAECeYYkEaTSEEePqcfP43e+VXG8CbEcovM0Mfx14fFBd+S3d902PlBUjv83zAAAAAHmGJRIJjUaT7vYhRrwUbx7ff5rP9SbAtvO73ysovE0Lfx14fFBd67dFG+TapUkPEWLE2TEAAABAntEudfuIECPOjgEAAADyTGa9b+67jIg3WwwAAACQZ7Tpbl/iAV1A5LdvHgAAACDPaCnV7dMkiCir84c88gAAAAB5RktZnT/EiJfFAAAAAPkl1ffFiHGNEQAAACC/pPq+GDGuMQIAAADkFy2RJpFIpPt8iBFnxwAAAAB5RUuU0Gg06T4fYsTZMQAAAEBe0ea6s4h4E8cAAAAA+UVLiQRldfsQI16KAQAAAPKLlkhDiQRRqttHWZ0/5Ld9HgAAACCvaIkSpNEQpbp9lNX5Q37b5wEAAADyylLfFyPGVSMAAAB8g6jkn5LVXG8FrJeWKEGU7PNpElkx8sjnujgBAAA2v/nA4NUuNya/W4aWiFLTndTX2Gb3/JDf1vnvWFsAANtXNND17sc9gdh3vBlVGnrvnz7/OrxBWwWPB2a9WwsjSn6BbUKT6QIiRpyKtyx1dqS7s1epOn6i3qr/trchec52BBwvt7p4tsGbt1JsqvfC+/1yVkZn3CE6DhxqdpQ89L5VaaDzN8Gq0+27zYxInfVc6PTZnj/dUPq4txiyhUc/f7+PjrzyfI0pO61KA52Xpvecbq8wPfh3H92878KFK6zxjeU3qypfnf/Qw7edaLVx67qZ7VMt6l1f79XfjkmyshgnnXGHxXXk0EF7cfpfrc6MDnb3fTU1vUBckVj7g+Mt1elHJBZwX+0Z8Et3FmJEnFEo37u/rcmafNij8ti1Xs9oUJYjcdIV8qJYd2D/vsrMzVJ0enwiWnyE54hIDQc8X/Rf800rcZ2xbGdDy+HnbIalLYzOePoGhsaCQWWR44Xy2rojBzLboMoTk4pxt6CnsN/T1XvTL4UicdJxRaK97tgLe8Ss1zdVnrze5/H6JTmiM5aJ9obGZmfpt339g3WKSd6BK95gIBCKsK5f+AsFW33LkQoz+4b6UeWbZ9+9PLHsk5HO9sIfv9ZQwig21Xnu/RuhZffD17z6J8/vWv5SEvZ1/eKT8ciynLnpT041WzlSZ377wbneYDz7Z1x1849P7Dbn+RN+Xdjqzh9ixOl4q4pKvitji8R818aqTjuLv92NqLG7ijIXjhLxG719K8Ujyryxovntl5OvSmpIuj3a39/zSYeq/+NjlQ+ZysSjckiR59Ovn4uyMqfIMTX1oRaeDDUamQtNBzs/tYjL3lfiUXlOUebVDf57GGy1onrhi06bcNKZnmmpM0MdV6f0e14rW9/El7ZPtcSmersuDVN5dV291UBy0Dc8cu1CF/fWiedERqTOuDvf75Z4R92xRkPUP37tRs95ZnizxaonCo9ePt8bMFZWNTWIJlX6enh8+ItO1fTHp53FTJ3xdLsDpqqDRxs4Fo/I0qjb03vhqvnPjjlSLxcxaVQisc5qIgoHej7qGIpZ6luarTQ/4h7svfCF6fVWl8CISJW/Ov/R5a9JtFc37LOZdbGgu+9qJ1/6Wl1J8sXg67EFwWnRK1+dvzAgCzbXkTpRvzg1+pXPe/mMavjxieRHIDU0evXDCyNRcaej8dARwRCXRq70fn5tx6lma17/eXMsNtV94czgnFBd1dDWIBp1aiTovvbFRd78WkNJ9CH1Q0TRuTAVVh4+3CDqUjfGOKEs2eyIRyIxrszReqTCmPqZTs+XiCs/Q6vR2LzKWZqO1tn0mdsoEq0cEZE6L0eIrz3U4ixKVQDTmXaImPgmsQRtni4j4s0V57o4v7X5qcHJePX+4+LN8+5xqbZe3GLPdmYWK/YdLZCDHf6JkFq51TZ/W9LzO+1spNtdevLxt1FN9v3HG2bOdvcMlbXvExlRbKr38yuy2Pz63m+9lyN/ceVHTvy7I5w+9VfZ7XKKZ97tnwjO7xOLWfj2lf6gvq79tRarnogcVeVCx3t97tEG0cUzU+WhH/8PmV+sdtVVm9+94JmQo85iEyvd9+or+zJ3UllhF+Z/ceFuKKpScjdRNDTqj5c1Wk2kSt5+T8Ry7K225B4kR3Up+5fOa27J3mLV0+xob/+Uce+fvlKf7uDaapyNmRtW5eBExOywFemFopN/UaVPb43DWWPv+NXZgF+OVpj0ROHglc/GdXXtf9WSLoFKm6PpCT3E21c4ODAcMu9tfzPzsGf9+R5WP6krc4LVsusBO2qYUbTZbN88VdUbLDbbrrV3LemMZeKuynzfsfOtsFx3FhFv3vjxlNxjp8qTA8EC50s7rTxZBvqH/LuPVaZ3Lyb381rqHJHx62O3pxUyWqpa2w85hOTb1Yynb+D62O3pcEGZrcJVuZhewpVcWmDbVzbj8fplU/0br7hKafbrgcFrXn/gzgLjhcq9h481iEwZ+82F8fL21vrkDaqzvk87f0t1p49WJ1/CVGnoTIdc/3KrY329ZF1mv2w44OlzD40FpyNkLNvpOrL/YNbeVcg9XZH9QJW/u/+K2Nq85puZukbB6NW71y98LtW2vuhI7p1QZ9xdH3uLWk4dSL2ZRQNdH1xVj5xY3v7nyg+0HpQu9HT0i6808sGrF72L9qNt9QIjmp8auNoz6JeUReKFXdWupsbdVtNaNXzKkr11Yf/Qxe5gZXvbvvz7qMW47E8EjOkYI5XiRBS945+Omp3OzMIBJthrxP7+0cCii2crfpGowMh0pK6xsDMqjfX0+VVLg11IPXpReWxKNT9nNZA6G/DPMZurMrN0yiS6KopG/bcV1aqPSL4glb+wW1z7Q4sq+ycVvsLGMyLSL7uOTs/pMhei05N+tbSp7gE3A49RAS8Wrf2wr7t+4MljCSINaZLdX4wYs8dcF+e3Ewu4byo79jhERsxSX6m7OOAP2TJ7ohdlRZ4Yuxp9tvHY64c5Zby34+qlbovl5d1mNj/y6cWLo1ztkbaTdnPE7+7qHldUgSi1tGB6+PYlv8XVuP+gzWpmsanuzvMTJc1tp06Wsej0+JXOzy/q209WG/TR2wNu2dEi6olU5dZ1nzxNntG9FftERqRKw+MSWfhv3C+tzo70XfVFxYO1yd2iM9fPdbm5+rbXn7caVXls8NKnPcZT7fvEx/5owiMwWg8eCZ3v7f96x+FVbZjYVO9aBePkTDR3ZfDWjN1VyoiisnfglnynYGDStctZTETh4MhoRNdg1K28L1ZS37Y/8EHP+XMhoyxxzrZWRzGRKg10nflMEp7d/1pThVEev9J9+Ywcf/vlPaVsdQ3Pp29LnfH2fNzp5+paHfk38V1JDfknJbW0yVbEiMLKXJgZTPqlfzXTGXgWl5R5lQwrHgtVvu2Tdda9S3ueVfnmmXcv+2NERMaKH5xs37O0SHcsGBPqLDxRdEFWFvVCcdY0SGcUCmjsbihKQlgOkcHBx6bc/Vf6JwNRTqysajqwtyb14XluamyOr965RvMvKvv88yZrhaAnIjWshFTOzJPs6Ry4NhwMMfOuWtfBAw+aUsMGMYlOGzvf2/UbtbHZaTU9/OCMVfVDFA8Hbl66NuLzzzFerKyrO1i31OhVYzOjfV2+4UkpahBtz9QfaHCJa36ojsnDfWe941/LcZNoczTuPWhfOkpEVYLXO656R6UQM5dX7zl4YI91Qw8+2Lq0yT4fRoyrx3VX0Wai+IfGFm11yUMNOKtzN3/H45ayDyjQ6Sz1x1t2W3lDqc3RVCuod4KySqrid0/EbUdaX2ywlfLF5c79x+qEZTMOXdnBV9qPNVSXiwam+AfG5ssP/KDeVmzSG0ptjoMNBsl7K8RKHZVF4YkxOZo8SGVM4S0205xvIqQm364m5vjK6jXekFSKTPb8t7/9+U//089/+p9+/tO/ff/jYa7+RHNyuUbUf9OrlDS1OHYJBr2+2OpsfM4y5/HifDqbDhNrWpzxa198FVrxt3lQwagGm9Oml8cmZJWIotNjX8eESotO8gVDKhHNS8NBVdhdKazxpsr46tajDn3wtiI2vHjEqieiqOxxS/rqQ6db9pTzhtJK17GWGlPwpldKb012DRMRkUqL0kDn+50B44Hjr7XY8v5tUZVHOntv62v3ugRGpKrRGDGOy36eM06vi8cj8ZW/GZWufzYgC66D9qXjB5hQc/z1l1491dLWWCPcGTx7bkiKpu5m1L8o1opmIlJj0bhOt+zTC2N6jigej5Maj8Wi875PO3smCuwHDh07UMXLN89/dHkkTMmJy6hSZK8sWvXnn/+674uhiNjUaEn+yeJKLBqTej7+YpRsTUebW52l4eHLZzpW1SFsMENNe/vJvcVS3yf/5W//4f/8+cdnu7+aUtZ60NeqH4rNDd+4TTZXa9t+l5X8vZ0f9gaiqZ/FY8ERj1zoONB87MAzJmXk4kddnrVe8tXI7YHhRaGu8cWWukpu5vq5jkujmY+1i9Pem37dzqajh5prS6Jjl987NyShJIiIiCUSpNGku32JBGLEmTjXxfktqNKoz889czp9DDUTn6kv8/TcCDZYlw6KN5UJmQ/oHM8xiqsqqXJQpqKsT91MsJWa3DOZm9YJ1vKlHZpBSVlQPnn/p58s3bfOsjNOnLW2gvdO+qZjVsvc18NzvLP1YOzq+TG/3FDKT49NRMzO2jUnMpR9ZIManVOCfnfHJ6EjL73oNCh+SY7Inf/4j51ZvyHsxc6zTYiZHY1Nwa5ud+nJhqJM9sEFQyZblc3Y5ZsI1YtFku92rMx1rG7m4qfjE0pVPSd5/Kp4YK22HxERmcpsFn5ErrCkSio2K8d0QqUlU956wcKzcWl6XrVyK2qYiIjiyvDnZ2K6XUePn6zL/0WBqjL2m4+uSmWNp4+kVmcyxigai2VPdNeYqhKpM0MXLl0J24697FreGWdm0WoWiezVrtrS9z4Y+q1/9w/tBlWanIqY660GIiKmYysn06oajREV63REpGPxBcXYmD76vtphF86/e3lg7O6uuqKQf1zhKypXnmcmFrh26byXXO2HXJm/plFHEZk1nkotN3dU2230zgWPT656Lv97+TnFSmqaWmuaWqPhu5L/tmew//2fDzpfeumYI2tN2lr1w4Sag+2CqaI61Yh11jh2nPvloGei0eowFdgaDh2vK3VUJju41S67+Ot3e657Q44j2c9TZq6sO9a+11ZrTb5EOJwV4kfnegYnQ5V7zHpx3+FDdqGqJtktdux22Qve+dA3FNxzbJ2ngslrTKOhRKbbhxhxVvx4Su5xikpD7mDkTvCd/8u7LK/zjDbuTK3BXVpD+8iyfjFOnKXtrfb61fNYscoh3PT6ZkK6275IicsuWtUq3jv+tVRl9d2OCnvsa0191ziywVElxH513n0rVOtQibiyujffalz1LvZdTx0Kj4Fh14FG6UL/FXG/bSn54IJhoqvScHbMLztKff64eGCnaDNXGrt8/rlKbjxIYrPtERZ2M0qtZE3RESOKZmVW3BRnLNKrIck/E3KW5vfkV1UmL314OVi2/40TmZUJTC+Y9SSFMweoEanxeSWqM5kKsiYudz0XOnsU24uvHnI8+HSHjDcL+rgkz6tUII8FIjv22IyMiIgZRJNuNDIbpczO7nhEXiSu0MSIGUuMHJFQkvkIp3YsAAAgAElEQVS4wowlFiN55UVS5/yjc8YKy/JPPrHAQNfZ/rjrxPHWzGEMxIxGg57mBGGpQ6wXRJ78ciSe56fx2DT0ppJyR0m5/ZldF85dGrzVlFzF9JD60ZfUOEuyboAZhRK9OhuOqWRiJlu1K/vWjaUirwtG5leclYXxNpcz+3KRWGZQJ+5GVDIzTnTsyV4Wp+dFno0rSowIc1/Sptb7JohIgxhxdpzr4nxkoTHPaMzS9FL7q69k/XfqkJOfGXJL0Yf+LjOWGmnOH5xLN1Nj0oS05s4rImK8yNPdieD8Wj8z22tLo36f74Y/tqOqkmdMqHAI874b40P+mFj7wB7eKnFVVVV1Pk7MWFbEFOkBX5ipU2kxc4EjUuOrdtfCE6YX9x2pkPsGR5XU3+JhBUOcWFvBK+ND7hF/XHTYipm+1FFpkL033V6JLFW29Z9ijysWjHHZH8qUejh4KxDlBH7l0tU0ncm2/9VX9/ITl9//2PMNz5AtLezv+fjzCb7x9NKSXCIi/Q6bRR/yejP/dFUeHZGo1G5ZOjrW92lnlywee3nFxFeNhpc9H9VISImSyVTA1NDX/gXBke6+syJrhVn1j0xkXk3CkmdyzmSrEPTEeItdLIjKdzM3pkbuBiNkFArUiDR6p9Bemf2CoUruz8/2zduXTXyJiEzWKqsxLsuZly+KypJCBmH1SnHYSGo0uvxlmbFlk9MH1g+RGltZQfKsyop5jiXPXrbsh9GQFCFux6o16NH5ZfevzkvyPONLjGyNbYsqMwoZ+G8+3GRbYBqiRFa3DzHiTJzr4nxE6ozPHWSVrU0O2/L1tCofGX+/3zfVaK158JEfTNjpsgx09l3u4fY3WEly93d754jMD7hyRYPdfb63p4saGyrMpAR9g0OjrP50e4WJmLmySui93HunoLJ9ZykjoqLK2pKeT7+c5nYeX2Pp3hqiijTl8/SOLooHqgRGrNLl4DuudFxmLXX2Mi4SHL/e/5XqbHvRWcxbi5h38vpwVauzVM8MgsiFJ276AqUu64OmO/AkMLGm5dngO5/MRW30TQVDerHKYXT39svG2jabKTkbthn73deo0HnqUQ5N0QsOpzjUe/XiNV2Lwxzze7q6x6NincvCPWQXgclWf/p17uK5q++dmz/9UmN5/q35jQZ6znX5jA2vndizcqm9aefBRsv73Z1nYnX1Fcnz+0p8Y3vqxC80P9Ldcclvbn2l2bG8Ya/KI+c/GIhW1u+rNXNEaiTovebxs50nbQZVHh+NmF2WzBOQic4Gx3DnpQ86pcaq5Pl9h9Wdx5tEPRGxEtfhPZ6Prp7tWDzY+Iw5cut678DXXNXp6qLo5FXZWNG8dL/qjLfnbG/I3t6+YuJLRMRXHGz0vdfbdT6yt6muVJ3w9PSNq7ZDjgfsZYINoUqe9z5wx8UKp7NCNOpInfd7PUMTVN72jJk9rH6I1JC3652+eWt1VaWtlNfHlYmb19yycOBAuSn5jYCdE6YKR7XFIhhYNOQbHBgl24sOM6PY1MDVIWVn85FqM5v/+tNzFyWzw24rt5g5mpeG3Vf8BtfLFWZGquQ584GHKqvslVbRqIspk0N9I2HL/gYL5r6UWe9LqVW/ieSkh9LrPpHf1vlcF+ejUWX/qGKue8Gyan7LSqvr7O6rPv98jb2ANxp4YeltiXEGE1doYkSspP7ECdbXf/2zcwORuK6s5thRl6dvRs+S5xUvNClFWa8ZhpqjL512uwcGuv6+Yy5OhWXVu59LH3fChIoGh0eWLHUVycMamLnS5Si7K1lcq5buJemMRi4y3PPf/rZnKbPDYm9pP+gsZUSktza/ckLoH/J0nOtUFokzV9a6DlYUMyJz7aFjUk9X56/+bqDuzdcbdx0+tC98uetf3rnmbH+7Pf8PXdocGOOKeL5k+VHezOzYf9x/tztWwNg3FAwxs73hGXfvvKMuU0I19dWT12IV9bZVs5xld8KZjAaVL1iaZjW0vakfuOK+/M7/z94dP7VxpomDf4TeoWVJ0MJN0TXSuAkyCBAl1UAhB2KwwYGvoSCBtRnb68lkdie39f1ha3+8f2Hr6mr3bmp++M7dzs1+N9kk5Xhtn0lMmRTEYAOBsSiUE2VhBIbQjpRqirbVRpJb7KvV/SAhBAbHsYmxxfMpV9fjR6LVUr/devvpt1s3V2OQy5W92dPitOi2bcMb2wLhq7rP517/bGxkptSSdT/zFhZ9vuBaBMb+/PuxjexB+9n3jx/WkcLqtt+y3qFR3/Xp1ThoixzHuhtSo4GpLHpmQrFY6Nqf/nQt/Ydarv78qWZLeWdXfGj8zsDFUARAy3LFQm13bZWdBcm3GDlYIWRu6Uah/fwpy/DE+OiQOwJgMNd3HU//WqTOUttzMnb1y7HLM2PAmARbdU+D87Au6vWFDIIro+sb8nsWlVjcc+UTz8asc4WTp85VFxAgfHVrd2Tg2sTghxPAsEVWR3NnXRn+kMFPivDOng4YmvCN9M3GAQByOaGk8WxtjZBPfqD9EJPjWDedHPd4+795DJDLms22tq7G5O32dJbmrmO6Ua9veHY8DlqDyWKt7ulyHmYJQDQiiguK/i0oA9CXv90am3Dfnp7wTMRBe6BIKGk+60ruNAjv7OyAkcnZ8b7pGABzsMjqaH6vrizbNu/npWn43f+XgOSPGeAUp5umg//DDgCJ9Rv9JhLpRyCRSCTziY3/ZeQSiUQi+fxEIpGI/WfOL37+/L+N9t33yov8OULPBxveq+xVXTuPfJf7vNa2nuqn/xr5DwmLX1x0cye73sJfZdsLP751RWf7ekeYE3/Tsu8uLXzBLfG77xXmZ/+l0WgANBqNRqOB9Tj1//R/If0MSI7JTKQrdMngZ+RHFOwy676bq4CY3/d5hBBCP0a+/fRf2198Nkbhnd8Jz/A89IrQ6phcHY6ufn0k7/MAkDzlrUmP9QTMYx4hhBBCP4QpbjldvNcLgZ5dTiIBGgBIpK7u1wAkMmLM7+f8XjdOhBBCCKFdlgPp09yQwBjjTTFCCCGEUHbJgfT4zmS1D2OM0zFCCCGEUHZJ1X1xitNtpgghhBBC2SUnVeJLXtefSGgyYszv9zxCCCGEUHbJWb/UP1nt02TU/DC/7/MIIYQQQtklB2CHKiDmMY8QQgghlF1yXqEqI+ZftTxCCCGEUHZZH++7XRUQ8/s9jxBCCCGUXTaP98UY400xQgghhFBWyQFI1vzSN3fFGGMc74sQQgih7LRe98UpTreZIoQQQghllZzkz9jCE1PMYx4hhBBCKMvkaFJDO9PVvlSMecwjhBBCCGWZ5HhfTUa1D2OM0zFCCCGEUFbJebLahzHG6zFCCCGEUFYhCUhoIHVz10QCY4w34r1unBu++17Z60VA+xE2vFcZrh3008HWld1IqqOTrvZhjPF6/Or4xc/ZvV4EtO98972CDe+VhWsH/XSwdT271/QgIScBCQBNAhIAgDHGmTFCCCGEUJbJSdb5cIrTJ6d73TgRQgghhHZZTiKRrvNtnmJ+3+f3unEihBBCCO2yHI0GEhnVvo0Y8/s+v9eNEyGEEEJol+UkADQZ1T7NRhUQ8/s9v9eNEyGEEEJol+Wkan7r1b6tU8zv4/xeN06EEEIIoV2Wk7yfa7rat9EBwvy+z+9140QIIYQQ2mU5myp/GGOcEe9140QIIYQQ2mU5iURG5Q9jjDPivW6cCCGEEEK7bL3umzGFJzKY35/5vW6cCCGEEEK7LF333ZjCExnM78/8XjdOhBBCCKFdlgMaSCQyKn8YY5yOEUIIIYSySw4kQKPJqPxhjHE6RgghhBDKLqm678YUElszmN+3eYQQQgih7JKs+0Ky2gcJ0EBGjPl9nkcIIYTQD1ElcUmme70U6Fkl676QUfnDGOP1GCGEEEI/IBqYHBvwYOf3tZGzbeUPYPuKIOb3Vx4hhNDzUQMDH10eCsRecDZUmvr4X2/cC+/SUqGfBvZ6Xy8kY3wnpGPIiDG/f/OvL/podrB/WCnt7Kqx6F7aiz68fbHPa25+r2mb1wz5Bj4b1TadP1Fu/JFzVQL3ZP1hawFJ/lfyXrjiNRx/96/s+bu14OjFqdLcyLDHF5QjMdAyeZzZXNNwtMbC7MKs6crti72D4lo6oTXkcUVvvNXksvOp+WOreBr60Dc89vWcJCtrcdAaDpqdTccabflk/eEV/+Tg6N2l5cfA5PGVb3a2lBWmHosFPGNDblF68DgGwBi44tqjbfWW5BasynPjw15/UJYjcdAeYHm+uuHoEWt6tqAuzy+o+U0sAwA0HPDenBj3LStxraHokKvl+FuCHgBUcfTDT6flrUtscp0/1SokVy6VFxYVQwWX2qfQsOi91udRStp+27ZpP6NKcyOjXr+4rNADRYLgrK+rEfRk65zRrotJ0+6R6WAgEIqQgT+LBzihpqWpxEQA6MrXn14ZDsYzn82UNX/QVWEiQOU7lz66tbDpyEgrvP2rc67krv4pzXIDVRZHBqd8QVmJxEGby1lKG08etXPppv3onvsvQ5OLy5E4w3LWuhPt1YUv7fvwFUeS3R1IXd2fwBjjdLzXjfP5qZJvZG4NiG98rrTH8bJ6A3RNCa8ueyZ9Dr6G27yXUgPu0XlZMcfiO/71TjOVfRPXpgt73j9erAMAIAbO/ku7jtuNThXaJao4denyXyS2tKbByRtAVaSFmcWBz+O686129oXnTmNyOM5WHm1xmAgAjazKsiT6fVc/CgbOdrYKemwVTxVbGh64PgPFZdU1Fj3IQd/M7HjvAPN+11s8AaArnv5PBiXWXt1ep1fF+fFvhq4S/XstFh1A2H/r6nDAYC2td/FGKt2bmZ+52U+Nv+px5BO64h30BIyljSddDIlHZMnv8Q73jpl+176+xmOSXwK+2mIECAeGLvZNxcw1Lc0WiM56Jod7bxrPtzo5ohNcp39TomzsF+KS++bwch7PalMJGro395hzmI0EgD6aHR64NrkcAzBEopmFRlWc+PjyXWP18Z4WMwurS56J/svX6fnke0Q/ndjSYO+FyVWurNTV5uINWhoJesZvXmNN51wFhEblCLCVx1oceanVQLTGg7wp+R91NQwHrMePu/j1dU0Yrmi947tzs9xAV2733phSeZvjaHERhBcXp32+q5e1hvcbinUA9JGv7/Mv/Lk219G3OAj4vVNf9hPDqXds+pf9Ib2SCEBGtQ9jjLfEr6Xo0uRivOxoJ3/nqmdeqqx5ifv/XJaNTU0s2jrKMsq7VJr2LBET89xH3PH4xvec0VJTb3nh5US76JF/3BMw2M+dTx2fAFTU1B+nagx2rcaiZVjzYWu67lP1VkO1t6/vet+Y8JvWciO2iqdgipu6/r6J0aU+uwqng7/w0cRCMHqEzyfh+yMTQV11x7lkr8JeWsz1fTzq8bt4J0uM1mMf/EP6D8uc1WWmj3q9C7LqyDeSwiNnzxxJv4i1xMZF/9z7MKRSYAkAgBryi/GiOosRqDQ94Y2Y299vc7IEAOxlheTf+8c9kq3FogOm0GIpXJ8NVeY8y3FzrcvOpl6VysGFiMku5BEAqgT9cn79qToy2T++6T1GlzzzCl/T3VBSSACAKW84qgR73ZP3nR0lP/I8E/oxwkH3TMhU25HRKxXKHXUZz9AaiviMLXcLhrOYDwtPHLI+tVluPI0UHjnz3hEdk0rZq+wl1z/sCwYUWqwjatA74gd7V2eys2uvPMT3XhmYuCtZX+YX4quLAED6ZDdOcbpp+nqi8qI7mOt495CFBbN7YkqsaLeuH+nSR97efp+52h6Zvz13f1kBg7m0teOYnSNPewhAlRanJr3TC5IciTNskf34iVZ7wTY7EKJlrU4+6BsXhdb0Hk1ZvD2jdVbzntHV1FKEJd+kd8ovBh+sAZMnOI52Js+RhRe/uOLVVZeC/45PjFv/WzW9MTQTAYDlz34/C5Br7fhVT4l8/aLXeLKt2cKo4uiF4XhNbcHSN3f8YogypuK6Y931qb2wKt0dGb3jF5cVmssJ5Y0tdXaOUGnq3z76y3Jm+bnozQ/ex73hC6AAoNWxPLu5p0t0qQawU+N5+ur7AaTA3lDt/WjCPffocHU+CS9+sd4qAGIrPs/I5OJCMBRj8sy22va3K/jkTMOBr78a8yzICj3ACSX11QX+UdHa1VbDEYDokntsaFKUlDVgucNlzvq6Ckt29JvIpqNOQrSEAIU4AKgPxGXV5HDw608gnK2cn5jwB9acLNnyhwC5BqIFus3ATlWaGxoVqdllWz/ho8pzS9T0lkUP9FFAXCWC05rutRh5Z0meX7yvUItu03YXC7gn75GSbkd6c6SyuKiwJQJLAIBwFe+crQD6aGryyUV4cqnWFHFRUkuMeJL7p5XL8nm7+xn/QLPMkN7JbPyXJL9lqBKQwuwhp7D+3UfyrQ4L6bsfUJw8h7v7dN0XMjo98MQU8/sz/1qKBTx3lINVdp4AMddYtdfcYkioSJ1mgjVZkRfmxtRf1rWfP84o88N9Y9cHzebTFaanPERi0sLdIBxqOtVsMT5eGL858OUtnu/YOrAhiS10FQUvjc9KZidPACC25PYqZQ2N3F3P+lPCwTm/nOts6uo2a5WZyf7hm4NmrseeT2NRRQpO961wZVWNHSVWK2+qKn1rvPfjbwq6//bEYR0AAJXvK8pDGokDAA2vysFvr4++0djS+t87QHTfvD56a8RyqlVgqHz36sUJ6jjec9LMxlcX3DeH+iYMZxqK+Zr/5X+tSS4Gle9evexh6kqx4/tCiN5sK6SDY5d615qb7IfZLZ/mjo3nKavvmV7WUMgb4r5gSK3O18Wi6VYR9o999tWK9e0TH1hNRJG8w7eufsX8uqPESB9O9fUPi/rKpo6zNlNM9A595RbDelaNA4DkHrjwlcT98ui5+hKDPD8yeOuCHP/t6aqdClavLRoSFyVaWC/kEYCwshomemNGD5Ro9SyJS0qUwtbBslS+75O1llreuJG5c+GjW2IMAMBQ8mZ3R/rjovJcMMZVm1kA9bGsrOm4/IzukdbA5cLcw5AKfObpIXl+ZCZqaag+vPECq0tzq2zZIdMPrAU9X8aTz6cG3aY2l2CCR/fcYx5Zq6WrkRgFXbatwleIkXcI5OrwwBe0rtlhMW73SVMleLtvbNovhYipuKyqsaEq45AyHg7cuT4+6xNXCctbq6sbqwUTAfXHNMsM0cBMkLKlxSwBiIaWV0FXZsgsExvydCBJkThg3xcgJ5G+pD99wVMyxvy+z7+WFHFqbk2oLjERAGAsjgr2gdcjZV5QoNWaazpbKiysvlCw11dy9EFw/c40Oz3EFNe393TUlFvyjSzvrHdayMMleW2HJdAabdVOuPu1/xEFoNLseLDA5eAyCwMmW0PP6eM1tkKTsaC4utbBx+Xg43TdxlB54ten62ps/A994SXl2VuOv2UtNLKFdpezWBeVpCgFKk17JUNFc10Jb2R0bKG9oc6q3vcGoxt/Rx96BydDwtFmvDrqRZHC6rbfnq7mlKnP/vinf/w//+3/+ezG174VNfXo0xvPtqvvGV8210AA1Nim59OHvkmRlNU123mTjjHywpGGUka8u6AAlRenxLi5qfUdl1DI5lscda21Jm3yDIAqez2SruxYT0tVMasvtDrbW8qNwTvTUrZdvE7l2f7h+7rKWidHAChVY0AYRpvxDMLotPF45ImB+ap0+yu3zDkbbRvbC+HKO8+/e/ZUS1tdOfdg8tKVKUlNvYxfXOMreRMA0Jga12oNm16D6BiAeHzTi0SXJjwSU95YuXFCiSpBv5Jns+b94J7AZD/R8zavjPb9j3/64z/+04VBsbC+QdABVbNtBb5q9OUdHd21+dLo53/4p3/55z9evjR4d0nJ/NDXlqfviNpD9SePNVcWqHO3Pr4ytbFVxVZnvrkPgrO17ajTAuJw/2fDAfVHNcsNNOSbGPSBtc5u0QEAjVMAJjez5RCiZ4Bud95iPyLJn7GF5M2tMMY4I34NUcnvE5k3etZP9BD+jZoi79A3QZdlY9ybsYhLH6AzLEMgTmnqFMj2DwGExTtD43eCy6uhyFocACDX9pQ9CClw1pt9w54lizMycRcqTxw2EvogYykV8fawxxd8qIQfJ69yYblYahHIAUsZ9+ynmgmTZ2Fz15eYYQiEaRxoVAqGIsvyh7/3ZDz3QOXGMtOA+9Z4rLS7SciO09p7jRRaa/7KWvNXNLoiryyLi7e/+o+RCUfPmYbDxqc1nu1X3zOiaxEKkB7tl6SuiNJjWez7P77JSDKHnJTSSChCTC4hfUhFWJ43MfcBAGKP5JiWs5rTjV/HmVkyLy1HqSU/a2pEVJn74uKYVFTXs34nFkIIqLFNV6Bu01UFoCtTvddHwkL7aefmkyTExFtMPICtzFlZ+PGnU1+LFX9l01NpcSliqrHoAQCIlmzttVCqxgDytRkvQqW7I35a3OLMGPJCQ+K8wpZYt55J2BZjcbX/dxcNy6vUUGDSQWj6GhBGR7Jm7b2qSEF5fWt5fasafiiJ972TE5/8cdLx7rvt9nyi448cP2bjSsuT92OxVzhtuR9+5psKVrULDOHKGzs4Y0lZqgzsKLcfvPJvk96FulbzMzbLDOGFiUtfLhpcba2pWgbREoDIWubXFKXRGDDYIpJS430T67/mlawCpu72ivl9nn/tqNKUJxh5EPzw99Ob8lqvv+7Q+hAF7c7b/g4PKXP9vWOScKzn7yp4HUB47tL/HHv6gujMzhpD32DvClC+7WQhyRyORx9O9Q2MqKXdZzrKOQL04dTFK5uvXPlxOyeyzc4sTkHLOto+6BC2HYimipMD01pXV+3LuwHcPkH0hbxQyAs2oeDjT93jc85iq/T0xrPd6nsmNLIiRbSc2bRpHcYByAHbyTM99q1Xc6vK0xoWgdQQ2BQtEAAVfvR9SV5ZVFm8/tmtYNHRX3elRyYQHWfSgRROX6AGQONRRdUajRkFM/rQ29s/pAjvnD1m37kbSlgTp4tLcpRCrjwXiBysEpLnm4meN2r9kUcZAxziEXkNmAMZp8gf+Se8MudsL8s40qCron/VUGJ+tvM/qaUwcgUAABBTAiHVUIp3/nhpdMaCYntBse2Nw71Xrk9+W29zFhKGt1fxmc9heZbMK0oMgAFdQbmjIONBYuAKdPRROAbP1CwzhMWJS73zurrOnvr0EOFcE6sH6WGEQnrYEo2sqpDL7dyB3ldyIFXt2xjlubkKiPn9nX+thOa8/pi5/t2Os2cy/p065mBXpjyS+gxz2BZVV0NULzhKkvsVGnsc/sHTRiTf3lCulVdZV3Xxlv4ljcph4KwVh5N9cbomh5/Ww9ASABr7cSeqiJ5jGVUKytu+57A4NLhorD+KF7jtFlV5uLVJEC0BoDT+PI3nWdBH/lFPQCe4yjbXZZl8zhCXFlee/CUEwvIsrIrB1fXXj8kLwVBs469kMZRuL+HgtwGV4dhsuUFsWBy6fGOBrevp2DSCWXdQMOtC09PpnQOV/bMSFNrMG1fH+r7sH5D59tNbOr5U3bwiaSSkqGA05hIauic+5uzrRXSSZykxUXF2IX0qPCx5F1eNQkl6IJQa8H29QGx1Fbwuc4aS/8EBm/WZur5UWVnJWB6qiO65KGct4fDg9qdF1S3DSgjJOMTc+qiqrCigZ1kGAIDGtrYg+REl+SxDfrhZZs4zMHW19y5Ut2Z0fAGAsFazUbnvFdfHudFHC9MBypUUP9NphOxHEpDQgCYBoElW/pLDPNdjzO/n/GuGrvg8QWJtrbdvKXZSNjL/yYRvqc5S/lzfBMRQyOuiovvOLFt1mAl5R+/KsfgPDhUgvLPn/RLCPjGaluRZOK3X752yvuksgoBnakGJw473pyJGvlCnzrsnRa5OeOb7kjPFtU7u04lrX+pb6kothlhg7o7bE7J2tB3h12ZvTgT4unOV292nAj0HNTDy2efuGGerrLALJoYARIKeUa9IDnXa8nTa52k8O6NhWRL9897p+YVYYVPX0a0/laLjHC6zt//WNcObzdWCga4sTHungnnNpxqKudJGx51Lo7eGmKMuC0g+9/B0KK7NS/6V3cFPDY9dG9e22E0x0TswOK/y1U5zVpQN1cDQlQGfwXWuq4rfsgUZDzXWmT8Z7L8Qq64pSd5IVWLrOtZ/HSA6O9h3XTS1nmm2b748iMqzVz91q9aaI5UmBoBGgtPjXpEc6hb0VJ73R0xOc/qwgfAOl32m//qn/VJdafL+vjP0UGe6p0If+UfvKryr25rZs6FhcV42lDQ/02VJsYD7xoXp+OHqaoegh4joHp4OMPae2q1vF+0uKnk//tQT50scjhLeoAUaFae9UwtQ3PaGiQCVvBc+9YK11Ga18AZtTFmcGp0Nm4+6zAwADU0PfDgatZSVWoVCVhdXFu6Me2SuoaHYCABPaZaxJffYlHKouaks+RJXr3ioo63niR9U0pmdjbZvv+i7RoNV5cn7+84R+6kKrHgkkWSnR5Ou/CWtx5jfz/nXC5VFv2Kqftv8xO6eFJZV2zxjPjFabstlDXqW2/haIozemDr5uPNDOqH13bqrn49d/tNfgOEcTU677AXdE2eOiJY15KmG9PhLYuI2TmkRpoBl44wWgOQ7T7bKnw8MfvrJIBwQautctpDXwBAAwugNBr3RuGnOOsHV2RC6erPvXyaAdbT99rjeYNAbdVoAIMY8AxvfOIVF9EaDPpY8L8Y7z50/MD7hG7w4IUfiWtZsr621cYQGJkem5WXo/0N6VAhbfvY3Jw7jsN/nprM0n32Xc3vc02NXkzef0uaZbbWnG6rKWQKwY+N52urLRBhWF/dM/Mf/PpFO5RZVun57cmNsaKrl6LQApNDR+mvGOz7pueAejMTBYC511VVZdMk73ba2xwa++Pw/3ADag6XNTXbv4P3kiXne1faezj3iufXhzdUY5HJlb/ZsGnv6GguLPl9wLQJjf/59xmiTg/az7x8/rPfAvgAAACAASURBVCOF1W2/Zb1Do77r06tx0BY5jnU3pN43lUXPTCgWC13705+upf9Qy9WfP9VsKe/sig+N3xm4GIoAaFmuWKjtrq2ysyD5FiMHK4TM6ppRaD9/yjI8MT465I4AGMz1XcfTN6uiyrfeZcbZVbrplho0KvpCBsGV2fUN+wf+fGU+kvrf4B/+t0FgzG3vd9RwTHFL53vs2LXhocsTAKBlSxzdbXW4Uf/UCO/s6YChCd9I32xyKD8nlDSera0R8pM74c4OGJmcHe+bjgEwB4usjub36pI/z0ZMjmPddHLc4+3/5jFALms229q6GlP3NXtKs4xFRHFB0b8FZQCxwPSdhcgaTHz+h42dAxgqWz7oKjOSfHvHKYNnYsQzcfXBGmjzbG+3tuIPW6zT1P+NRwOa9epvIvnLXpsymN+v+a/+ryqAjR+5SCQ2boeWSCSS+cTG/zJyiUQikXx+IpFIxP4z5xc/f/6ft/rue+VF/hyh55P1DS/sv/Hhl6v153e4W9+r7VVdO498l/u81rae6hc7rxIWv7jo5k52vWV5/VZNFvjxrSs629c7wpz4m5Z9V1d9wS3xu+8V5mf/pdFoADQajUajgfU49f/0fyH9DEj9LEX612eTwc/Ijzhbna77rk8TsDWD+f2aRwhlkejs4A1PzOx0lAhFTET0Dn05q3JHBRz/t5vy7af/2v7iszEK7/xO2I3lQS+HVsfk6vAystcHeTUrjph/FfJ73TgRQrsol7cWktHZgc/+EokDMHlm29Fzbzuz7tcrEHr5mOKW08V7vRDo2ZF0dydZ+UvFAJjHPEIoixCTta7HWrfXi4EQQnssJ13nAwCMMc6MEUIIIYSyTI4GNIlUtS9zmsA85hFCCCGEskxOIpHQpKp9kBFrMI95hBBCCKEskwOajGpfRox5zCOEEEIIZZkcSGyp9qVizGMeIYQQQijL5CRrfhnVvkSqCoj5fZ/f68aJEEIIIbTLkuN9NRnVvk1TzO/n/F43ToQQQgihXbY+3jezCogxxlj3RQghhFA2yhzvq8EY400xQgghhFB2SdV9t04TT2Qwvw/zCCGEEELZJQcSCUiP70xPNRrMY36vGydCCCGE0C7LAQ3ARrUPMip/mN/3eYQQQgih7JIDCcio9qViTUaM+f2bRwghhBDKLjnrNb/1al8iXQXE/L7PI4QQQghllxxIAGgyqn0bMeb3fR4hhBBCKLsQgGTlDxLJOh/GGGfGr4bvvlf2ehHQfoQN71WGawf9dLB1ZTcCkKzzJXCK063TV8Yvfs7u9SKgfee77xVseK8sXDvop4Ot69m9pgcJORsjOxMJjDHeFCOEEEIIZZecjQv6NRqMMc6Mn7kVIYQQQgi9HnI0AJDs7iQSGGOcGe9140QIIYQQ2mU5ie0rfxrMYx4hhBBCKMsk677r1b6NOIF5zCOEEEIIZZlk3RcA1mt+yT5Pqv6H+X2df+ZWhBBCCCH0esjZWvlL9nyerAhifv/ln7kVIYQQQgi9HlJ1361TeCKD+f2XRwghhBDKMqm679YpPJHB/P7LI4QQQghlmZwEJDZV+zZizO/3PEIIIYRQlsnRgCaRUe3LiDG/3/MIIYQQQlkmJ/U7BuvVPg1sVAExv8/zCCGEEEJZJme95qdJd4A2TzG/f/MIIYQQQlkmJ5FIbHR6MMY4I0YIIYQQyjI5yZ8zSHZ3MMZ4U4wQQgihH6JK4pJM93op0LPKAUikq30YY7w5RgghhNDTRQOTYwMe7Py+NlL3eViv9mGM8UaMEELoOamBgY8uDwViLzgbKk19/K837oV3aanQTwN7va8XkkgkNBpNAhIa0GCMcWa8143zBdBHs4P9w0ppZ1eNRfeSXjIw3nd9uby7o6KQZGTlu1d773Atnc0Ck/HkWGC8//oD57mOEuO2MwsvfnFxyniys9nCAIAqjl4YjjeeOn54+2ejPRb23/hkFJrOnCjftIKo5O6/vlzVs9Nafk5RX2/vCKn79ebZUuXu1c+8bFtX66aWtjP6yNvb7xNO9LgyG2w2og99w2Nfz0myshYHreGg2dl0rNGWv/6u6Yp/cnD07tLyY2Dy+Mo3O1vK1j+RWMAzNuQWpQePYwCMgSuuPdpWb0l+7Ko8Nz7s9QdlORIH7QGW56sbjh6xpmcL6vL8gprfxDIAQMMB782Jcd+yEtcaig65Wo6/JeiTL7HUf+WTb0KbFpgtP/ubE+sbO5UXFhVDBaeDsOgdGL4jSqFIHLRMHm+rbn+7itclW1rvv321HN/yxg2lp/+2tRx3Gj+tmDTtHpkOBgKhCBn4s3iAE2pamkpM5AfaD5XvXPro1sKmIyOt8PavzrkKyA+3ipSwb+DPn89HNuVM9b851WxhgK58/emV4eCmRsGUNX/QVWHK8g3+mRBId3q2qfxhfn/nX1uq5BuZWwPiG58r7XHkv5TXJCynj4x6p2tLmy3pXUtMmvb4l0OMW3QJZRt7rbA09c2Krta0U7ecxqKKskojqd0WDa8q8lpk6zcbekVQNbIaWg72f2nmN32vxFV5VVGilALs5peNXqjkae/NfoHrdqz3tOjKVN/Ykq7qXNGzdXwBANZkZVWRY7u8dK+c2NLwwPUZKC6rrrHoQQ76ZmbHeweY97ve4gkAXfH0fzIosfbq9jq9Ks6PfzN0lejfa7HoAML+W1eHAwZrab2LN1Lp3sz8zM1+avxVjyOf0BXvoCdgLG086WJIPCJLfo93uHfM9Lt2O5t6XckvAV9tMQKEA0MX+6Zi5pqWZgtEZz2Tw703jedbnRwBiEciMabI3tpUYkgtsFbHFvDpnQUN3Zt7zDnMOuXu1V63zAnOpmpet7bkv+ubvnWB6j/oKjEC4R2t7/EhNV17pKver8b8LL/jLgbtjtjSYO+FyVWurNTV5uINWhoJesZvXmNN51wF6lPaDwCoq2E4YD1+3MVrUzMjDFdUQAB+uFWkUDUWpYy5/mS1oEvPI4+3MAAANCpHgK081uLIS23gRGs8yGPHN4lAss6HU5w+Md3rxvncokuTi/Gyo538naueeamyhn8pW7vRXG419vtn5HoLn9oRqSs+f5QTODU4u6CUONnUcoSDswu0sNGah3uhrKFjD9nI7KCnsPunL6MabUc7XSuXBoemijqO8AQgtjR8Y0Tmm8/XvqyzHK8Rprip6++bGF1qrVQ4HfyFjyYWgtEjfD4J3x+ZCOqqO861WHQAYC8t5vo+HvX4XbyTJUbrsQ/+If2HZc7qMtNHvd4FWXXkG0nhkbNnjqRfxFpi46J/7n0YUikkN3M15BfjRXUWI1BpesIbMbe/35bcA9jLCsm/9497JFtLanURAy8IwradEioHFyImu5Cn4/K6/65Ut740dke5re8/LgVEWS0x6gB0+RZh4yA/vHAjqOY5O8pfzq5v/woH3TMhU23Hey3pLU8od9Qlo6e1n9STGc5iPrzDiZqntIpNdHqzIOxwSlBrKOIPW7P9xM5zIamRnRpNAhIZMWAe83vdOJ8TlRfdwVzHu4csLJjdE1NiRbtVv/7YI29vv89cbY/M3567v6yAwVza2nHMzpGnPQSgSotTk97pBUmOxBm2yH78RKu9YOsOxcjbS/S+hTlJ5Yt1AABqcH4hxrvaqgL9N30LUXt1skr3SJwOQFGdlSU0LPkmvVN+MfhgDZg8wXG0M3WybGfqQ+9XN6a0rp42wQigSndHRu/4xWWF5nJCeWNL3cZ74ZxWdd4zt6J1tL/XxGOn6KelzbM1lIqDEyN8a/O2X2b00T335Pi0GHjwmLCctfZ4u4vX0Ye3e29Ila3v2JMdF7riGbg8nddyqiH1ZaYGBj4do01d7dbMeTLFDa2NUu9Q3wR/po4Njl2bXrOdbKvhCEB0yT02NClKyhqw3OEyZ31dhcWYGoDxRVA4UrTinRZlY82vT5kzly4sTl0bDFo72o5kX3eJMJmNnxAtIUAhDgDqA3FZNTkc6a2DcLZyfmLCH1hzsmTLHwLkGogW6DYDO1VpbmhUpGaXjUt9eqo8t0RNb1n0QB8FxFUiOK3rh75g5J0leX7xvkItuh/4sKksLipsicASANBtWhqtjtHu8Ecr3tFFaj5ab372kwDoueWyfN72e9dnbj/o5SOQSIBGk67+YoxxOt7rxvl8YgHPHeVglZ0nQMw1Vu01txgS0mei12RFXpgbU39Z137+OKPMD/eNXR80m09XmJ7yEIlJC3eDcKjpVLPF+Hhh/ObAl7d4vqOG2/LFxVjsb5hmvvUFXcVWBiAamLmvFtVazWZWYK7N3A85qgoJUCXoDYLlbbOJQCg455dznU1d3WatMjPZP3xz0Mz12HcapEEhLA193n9bMbefMhuTg4kvTlDH8Z6TZja+uuC+OdQ3YTjTUEyS72VIMpe6mk4cLuGw4/syGCyNTaGrwxP3Dj45Mju2NNx/daGgue1UdxFRl+dH+m9c03V0OxgjrI5MfrticxYSAFWedn8rP8h1LzoPO/KTpwj8Ea3L8EQvhxTUtB0NfDp09UrIIEuMo63Vng9AJffAha8k7pdHz9WXGOT5kcFbF+T4b09XFZK4KoeWZ+5fF83OuqONgsVEouvzoivTQ5f7Raa61Z59Hd+taEhclGhhvZBHAMLKapjojRk9UKLVsyQuKVEK+i2fBZXv+2StpTZjPIJ858JHt8QYAICh5M3ujqr1ChuV54IxrtrMAqiPZWVNx+VnbINaA5cLcw9DKiTnRWMr/tEB38yipOp54Y2aBpeTT562Xl2aW2XLDm1zPKzKPjFqtGyzbYf8Hrec5zzzQ0fR6MUZeYdArg4PfEHrmh0W41M/8CfbD0A8HLhzfXzWJ64SlrdWVzdWbxR6d2wVW+cbk2dGL03P35PjRl6w19U22jbqMlQJ3u4bm/ZLIWIqLqtqbKiy4PhvgNT9fZPd32S1D2OMN+LXkSJOza0J1cn9PmNxVLAPvB4p84ICrdZc09lSYWH1hYK9vpKjD4Lrd6bZ6SGmuL69p6Om3JJvZHlnvdNCHi7Ja0++uK6ozMZGF2YkFQDCklekFofZRBiL3ayT7y7IFICGFuYlYnEI+QBgsjX0nD5eYys0GQuKq2sdfFwOPt6pLECVxesX+26HS9453+rkCQCVpr2SoaK5roQ3Mjq20N5QZ1Xve4PrfZqDju4zrW85BP7pu2S0ewhf3uKIj9+8G9qyFhXRPRctbnizRsg36vSFgr3RpZemvw1RveAQdPLcgkwBQF2euxfjrGat5AuGKABEpZkg5SqsW4+yAAAIW9Z60q4L3ld41ztNFh0AqLLXI+nKjvW0VBWz+kKrs72l3Bi8My2tL422qPFMR7urrJhPdeworEnu/k/6A4aGznMtQtZ/LVJ5tn/4vq6y1skRAErVGBBmU/2UMDptPP7k4HpVuv2VW+acjbaNQ1PClXeef/fsqZa2unLuweSlK1OSmnoZv7jGV/ImAKAxNa7Vbjp6IUTHAMTjqReJx4KzXvmAvaG5veENozJ77eKAV6bJjotfybNtMzgqem/05lSEr68zb11lquSZEInV5bJg0fcl0Jd3dHTX5kujn//hn/7ln/94+dLg3SVlu134du0HYqsz39wHwdnadtRpAXG4/7PhgJp6bMdWsQWN3HfPrHHVde+0VFuZldtX+q7704e1a8vTd0TtofqTx5orC9S5Wx9fmZKw7gywabzvnlcZMX7l4tcPlfw+kXmjJ3UNNRD+jZoi79A3QZdl46J4YxGX7g0yLEMgnr4aafuHAMLinaHxO8Hl1VBkLQ4AkGvbdg+i42xW0+2Z2aWwmRfvimBpFfIBQFdUYTVc9y2EajjtwswKEU4UJ+s9inh72OMLPlTCj2NxAACW2/7aIxqThj4LUs7Rc77ucHIRaVQKhiLL8oe/92Q88UDlej+etQg40OGlIyZ7XX1wYNBT2O3KS2dVOSgpj5XPP/nHzzeeqjUfigMYhVLBMOBbCNXweZLvfqzI2V69cu3L+QWltIaRvCLlG7Yr+wEAgLFIMLOzcok51TeOPZJjWs5qTrdhHWdmyby0HKUWBgC0nKV4Uzc6rszcuBDTHj7Z2V2d/YMCqTL3xcUxqaiup2l9oC0hoMZimR3dbbqqAHRlqvf6SFhoP+3cXBknJt5i4gFsZc7Kwo8/nfparPgrm55Ki0sRU41FDwBAtGRrZ5pSNQaQr9UCQK7gOtZZXWi3Jmt1ZU4b//9+NHR7OmRvMoXEeYUt2RgskRILjF+/Og3OjmPOrQdFdGXO7VUK6zsOZf1hzKuCFJTXt5bXt6rhh5J43zs58ckfJx3vvttu37jjx7bth3DljR2csaQsVYh1lNsPXvm3Se9CncVufEqryNxOicla3d5RK1RakrsIu6OEv3hlaHIxZK0y6fgjx4/ZuNLyZLXYXuG05X74mW8qWNX+jLeCyWoEMjo9GGO8KX7tqNKUJxh5EPzw99Ob8lqvv+7Q+hAF7c7f8Ts8pMz1945JwrGev6vgdQDhuUv/c2yHORC+spT3eH2iFJmWiHA8VUnTcXar3jczH7Dk+mTGWpe8MdHDqb6BEbW0+0xHOUeAPpy6eGV8p/lqcw0cLCuS+GAt1feFOAUt62j7oEPY2sWlUQAA7Q7DAdFPS3+4oU7qnRjhjwobyTgw5rb3nxwnA0B4p1V/aU6U7YU+Mc43HOIFk9Uw4BNXrcx8EPhmIf/Ze6UEUiNZU7RAANSMzNZhOoY8HQ1J4krIUZjdnV+qLF7/7Faw6Oivu9IjE4iOM+lACqcvUAOg8aiiao3G3IyOy0Nvb/+QIrxz9ph9azd0A2FNnC4uyVEKufJcIHKwSjAQAACi541af+TR+gAHAIhH5DVgDhgJABCjUObMnJGhkGe1wUiUUq3oXzWUmDcf+cQC7oFLE3FnV2dr+jKGtHDQPS7pKlud2T925ZWjMxYU2wuKbW8c7r1yffLb+uQopqe0H11BuaMgYwbEwBXo6KNwjIJx51axeRMmrOB0ZP4/jy/S04WHEQomwvD2Kj5zCVmeJfOKEgPAvi/kQEanJ3PsL+Yxv9eN80cLzXn9MXP9ux1nz2T8O3XMwa5MeST1GeawLaquhqhecJQky6g09ji882kjwpXY+fjC6IQ7SITK9Lcd4StLDcr8yPiszByym9fvQRMGzlpxONkfomtyeL2PQrTJvm3GfAtqOjq7bWu3P7t23f+IAgDRcyyjSkH5ud8Y+ono+CNNJfLopF9JrVDC8iw8XEgPR9mE4StLWGV+yjMrxnm7kE90hXarXp6+45mWwFwqsM/8ukw+Z4jLYijdIsLBbwMqw7Fbh66u0xqFo2fP1rILtz657H3+LeTVFxaHLt9YYOt6NobkAgDoDgpmXWh6Ov3WqeyflaDQZt64Otb3Zf+AzLef3tLxpermvQCNhBQVjMZcQkP3xMecfb36TvIsJSYqzi6kT4WHJe/iqlFIDdWlamzTjNSQFAHmoB4ikv/BAZs1s+tLJc+NS6NR27YdX6DSjMcX4+vrzXi+52Whqrr5y4CQTZ3THdsPAI1tbUHyI0ryWYY8pVVsrfOr0U2vT6OSHCVsgYFss2yqsqKAnmWx4wupuu+T3aDMcZ+Y37/51wtd8XmCxNpab99SB6VsZP6TCd9SnaX8ub4TiKGQ10VF951ZtuowE/KO3pVj8R1PKZI8a2Xh0JdBmbW3mTe+nwgn2LnJ4cU4V3ciNRSB5Fk4rdfvnbK+6SyCgGdqQYmDBQCAMAW8Yc37zd0li7OYTRepCu0nuxjm2qXez9W2jnccBcW1Tu7TiWtf6lvqSi2GWGDujtsTsna0HeGe522iXUT48pZfBj/8fFUVIHlE5LJ5rg4PDUCdq8QEStA3OeUnNcmfvdDxpXaDZ3hCNlS2CcZkb1gwTHjG4YDj1I+5NEXH2R381PDYtXFti90UE70Dg/MqX+00MwA7/rqYUajpOc9cuzL28ZVoz7t1xdl3slwNDF0Z8Blc57qqto4CMh5qrDN/Mth/IVZdU5K8v6/E1nXYU+X56Oxg33XR1Hqm2b65YE/l2aufulVrzZFKEwNAI8Hpca9IDnULeirP+yMmpzndTSG8w2Wf6b/+ab9UV5q8v+8MPdRZz+tSv/3Wv2AssZeZzZyeqCHfpNsPwjt2oypOyIaS5o3XpSvTQ5eGQ7aOju06vgDh+19PrrCOzqcUp9HuopL34089cb7E4SjhDVqgUXHaO7UAxW1vmMjT2g8ADU0PfDgatZSVWoVCVhdXFu6Me2SuoaHY+JRWYSIQW3KPTSmHmpvKTCR678sr1yST3SYUm00MRKUZz4iod54uMRGgkvfCp16wltqsFt6gjSmLU6OzYfNRF979A2DTfR5witOt09cKlUW/Yqp++8maByksq7Z5xnxitNyWyxr0LLfxtUQYvTF18nHnh3RC67t1Vz8fu/ynvwDDOZqcdtkLup1GFBCT1WkvWlUqKzbdbJWY7NWHpiNxV+X6ldkk33myVf58YPDTTwbhgFBb57KFvAaGAICOb+yoU/rcn/zRY+v4VSebZ2DjBi0A0R9u6Tpn6L867lkqOXGYd547f2B8wjd4cUKOxLWs2V5ba+NI8r0YkgUE9JMjhMlj2YLNlxQSk/1op/hwMJZLCADoy0++2+PxuN0D/3ffahwOFJVVvJW+UImYbK43PMNRe3UqQ7jymrLF8VhJjbBdL2fjRRijQU/Z3I1ulqvtPZ17xHPrw5urMcjlyt7saXFadMl74x8wKnkZ33sbDZ7wVd3nc69/NjYyU2rJup95C4s+X3AtAmN//n3GUKWD9rPvHz+sI4XVbb9lvUOjvuvTq3HQFjmOdTekNlwqi56ZUCwWuvanP11L/6GWqz9/qtlS3tkVHxq/M3AxFAHQslyxUNtdW2VnQfItRg5WCJkdUKPQfv6UZXhifHTIHQEwmOu7jqfu9q2zNHcd0416fcOz43HQGkwWa3VPl/OwIer1hQyCK6PrG/J7FpVY3HPlk4wB/rnCyVPnqgsIQEi8K4LQVovDHV4ewjt7OmBowjfSN5u8DoQTShrP1tYI+eQH2g8xOY5108lxj7f/m8cAuazZbGvrakzebm+nVsESgGhEFBcU/VtQBqAvf7s1NuG+PT3hmYiD9kCRUNJ81pXcaRDe2dkBI5Oz433TMQDmYJHV0fxeXVm2bd7PS1P3W88r0c3C6as3HfoXBwAk1gvAiUQCQAOQSMbJfGLjfxm5RCKRSD4/kUgkYv+Z84ufP/uJ262++155kT9H6Plgw3uVvapr55Hvcp/X2tZT/cT9v3+UsPjFRTd3sustC3ZV9sCPb13R2b7eEebE37Tsu2OPF9wSv/teYX72XxqNBkCj0Wg0GliPU/9P/xfSzwBIdkXSd2JNBj8jP6JgRxIZozwxxjgzfu7WjBBC+1K+/fRf2198Nkbhnd8Jz/A89IrQ6phc3ZP34UavKqJJ1u40GkgkMMY4M97rxokQQgi9+pjiltPFe70Q6NnlpH7ANlnzwxjjjHivGydCCCGE0C7L0cBGtW/zFPP7Pb/XjRMhhBBCaJflJCCj2pe8xVUqxvx+z7/UlogQQggh9NPL0QAkNlf+YL3yh/l9nt/rxokQQgghtMtyEgCazfW/dOUP8/s8v9eNEyGEEEJol+WkK39bqoCYx/xeN06EEEIIoV2WkwAAyKj2JX+6IBVjfl/nX7RxIYQQQgi9YnI0AAnIqPYBZMSY39f5vW6cCCGEEEK7LCcBoIGMah9sVAExv8/zL9q4EEIIIYReMRt1381TwDzm97pxIoQQQgjtspz17k6q2peKNRrMY36vGydCCCGE0C7LWT/NnarzpeJEAvOY3+vGiRBCCCG0y3Jgo84HGGO8JUYIIYQQyiapum9GtQ/giSnm92ceIYQQQijL5EAio9qXEWMe8wghhBBCWSYHNBmVP4wxzowRQgghhLILgQRoNJDAKU6fmL46vvte2etFQPsRNrxXGa4d9NPB1pXdSLLOh1OcbjN9Zfzi5+xeLwLad777XsGG98rCtYN+Oti6nt1repCwPt43kdgY67lpivl9nEcIIYQQyi4563U+zQ71P8zv4zxCCCGEUHbJgUQCMqp9GGO8ESOEEEIIZZcc0GggsVHtwxjjjRghhBBCKLvkQPLmrqlqH8YYZ8QIIYQQQtklXffFKU6fmCKEEEIIZZecRLrOt3mKecwjhBBCCGWZHI0m/XsGm2p+mMc8QgghhFCWSY731exQBcT8/s4jhBBCCGWXnFeoyoj5Vy2PEEIIIZRdMsf7bqoCYh7ze904EUIIIYR2WY4GNip/GGOcGSOEEEIIZZmcBGxU/jDGODNGCCGEEMoyqbovTnH65HSvGydCCCGE0C5br/viFKdPTPe6cSKEEEKvAVUSl2S610uBnlWOBiCRUe3LiDG/3/N73TgRQgihV180MDk24MHO72sjJwGgyaj2ZcSY3+/5vW6cCCH02lIDAx9dHgrEXnA2VJr6+F9v3Avv0lKhnwb2el8vZL3ml6r2PTHF/P7N73XjfAH00exg/7BS2tlVY9G9pJcMjPddXy7v7qgoJBlZ+e7V3jtcS2ezwGQ8ORYY77/+wHmuo8S47czCi19cnDKe7Gy2MACgiqMXhuONp44f3v7ZaI+F/Tc+GYWmMyfKN60gKrn7ry9X9ey0lp9T1NfbO0Lqfr15tlS5e/UzL9vW1bqppe2MPvL29vuEEz2uzAabjehD3/DY13OSrKzFQWs4aHY2HWu05a+/a7rinxwcvbu0/BiYPL7yzc6WsvVPJBbwjA25RenB4xgAY+CKa4+21VuSH7sqz40Pe/1BWY7EQXuA5fnqhqNHrOnZgro8v6DmN7EMANBwwHtzYty3rMS1hqJDrpbjbwn6Jxc05Bv67CatP9/qZNOzofLComKo4HQQFr0Dw3dEKRSJg5bJ423V7W9X8bpkS+v9t6+W41vmZyg9/bet5bjT+GnFpGn3yHQwEAhFf8alXgAAIABJREFUyMCfxQOcUNPSVGIiP9B+NlGlry9e95lb32tJfl/FlvqvfPJNaNNz2PKzvzmx5Ssg7Bv48+fzkU05U/1vTjVbGKArX396ZTi4qVEwZc0fdFWYsnyDfyYkAQkNrFf+EhhjvBHvdeN8fqrkG5lbA+IbnyvtceS/lNckLKePjHqna0ubLeldS0ya9viXQ4xbdAllG3utsDT1zYqu1rRTt5zGooqySiOp3RYNryryWmTrNxt6RVA1shpaDvZ/aeY3fa/EVXlVUaKUAuzml41eqORp781+get2rPe06MpU39iSrupc0bN1fAEA1mRlVZFju7x0r5zY0vDA9RkoLquusehBDvpmZsd7B5j3u97iCQBd8fR/Miix9ur2Or0qzo9/M3SV6JNdkLD/1tXhgMFaWu/ijVS6NzM/c7OfGn/V48gndMU76AkYSxtPuhgSj8iS3+Md7h0z/a7dzqZeV/JLwFdbjADhwNDFvqmYuaal2QLRWc/kcO9N4/lWJ7fpg6fS7LUv5+UYF1YB2HQ2dG/uMecw65S7V3vdMic4m6p53dqS/65v+tYFqv+gq8QIhHe0vseH1HTtka56vxrzs/yOuxi0O2JLg70XJle5slJXm4s3aGkk6Bm/eY01nXMVqE9pP5tmEr03fGM4+NhgiK6vwHgkEmOK7K1NJYZURqtjC/itvWaqxqKUMdefrBbWVzRh8ngLAwBAo3IE2MpjLY681MsRrfEgjx3fJKIBSHV/k9U+jDFej/e6cT636NLkYrzsaCd/56pnXqqs4V/K1m40l1uN/f4Zud7Cp3ZE6orPH+UETg3OLigl6VpOODi7QAsbrXm4F8oaOvaQjcwOegq7f/oyqtF2tNO1cmlwaKqo4whPAGJLwzdGZL75fO3LOsvxGmGKm7r+vonRpdZKhdPBX/hoYiEYPcLnk/D9kYmgrrrjXLLeZi8t5vo+HvX4XbyTJUbrsQ/+If2HZc7qMtNHvd4FWXXkG0nhkbNnjqRfxFpi46J/7n0YUikkN3M15BfjRXUWI1BpesIbMbe/35bcA9jLCsm/9497JFtLxupSA0N9Y+IT4yOoHFyImOxCno7L6/67Ut360tgd5ba+/7gUEGW1xKgD0OVbhI2D/PDCjaCa5+wofzm7vv0rHHTPhEy1He9trEqh3FGXjJ7WfjZmQVemb17bUuIFAABi4AVB+OGuqk5vFoQdTglqDUX8YWu2n9h5LiQBkKrz4RSnm6d73TifE5UX3cFcx7uHLCyY3RNTYkW7df30YvI8r7naHpm/PXd/WQGDubS145idI097CECVFqcmvdMLkhyJM2yR/fiJVnvB1h2KkbeX6H0Lc5LKF+sAANTg/EKMd7VVBfpv+hai9urk4f4jcToARXVWltCw5Jv0TvnF4IM1YPIEx9HO1MmynakPvV/dmNK6etoEI4Aq3R0ZveMXlxWaywnljS11G++Fc1rVec/citbR/l4Tj52in5Y2z9ZQKg5OjPCtzduOOqCP7rknx6fFwIPHhOWstcfbXbyOPrzde0OqbH3Hnuy40BXPwOXpvJZTDakvMzUw8OkYbepqt2bOkyluaG2Ueof6JvgzdWxw7Nr0mu1kWw1HAKJL7rGhSVFS1oDlDpc56+sqLMbUAIwvgsKRohXvtCgba359ypy5dGFx6tpg0NrRdiT7ukuEyWz8hGgJAQpxAFAfiMuqyeFIbx2Es5XzExP+wJqTJVv+ECDXQLRAtxnYqUpzQ6MiNbts66VcVZ5boqa3LHqgjwLiKhGc1vQwBiPvLMnzi/cVakl1jOgj31e3/Iajvz4lXetbyZgxlcVFhS0RWAIAuk1Lo9Ux2u3fL13xji5S89F687OfBEDPLZfl87bfuz5D+1ED3v7RVfupd9mJ/vGs2/JeZem6L05xunW6143z+cQCnjvKwSo7T4CYa6zaa24xJKTPRK/JirwwN6b+sq79/HFGmR/uG7s+aDafrjA95SESkxbuBuFQ06lmi/HxwvjNgS9v8XxHDbdlX8VY7G+YZr71BV3FVgYgGpi5rxbVWs1mVmCuzdwPOaoKCVAl6A2C5W2ziUAoOOeXc51NXd1mrTIz2T98c9DM9dh3GqRBISwNfd5/WzG3nzIbk4OJL05Qx/Gek2Y2vrrgvjnUN2E401BMku9lSDKXuppOHC7hsOP7MhgsjU2hq8MT9w4+OTI7tjTcf3WhoLntVHcRUZfnR/pvXNN1dDsYI6yOTH67YnMWEgBVnnZ/Kz/IdS86Dzvyk6cI/BGty/BEL4cU1LQdDXw6dPVKyCBLjKOt1Z4PQCX3wIWvJO6XR8/Vlxjk+ZHBWxfk+G9PVxWSuCqHlmfuXxfNzrqjjYLFRKLr86Ir00OX+0WmutWefR3frWhIXJRoYb2QRwDCymqY6I26jXdNtHqWxCUlSkG/5bOg8n2frLXUbpx5pvKdCx/dShZrDSVvdndUrVfYqDwXjHHVZhZAfSwrazouP2Mb1Bq4XJh7GFKBTx6WeG4NBQqbz5bzsrT5JVeX5lbZskPbHA+rsk+MGi3bbNshv8ct5znP/NBRNHpxRt4hkKvDA1/QumaHxfjUD/zJ9gNhcehLL/1le6M11zvxxPNjK/7RAd/MoqTqeeGNmgaXk9/2oDomz4xemp6/J8eNvGCvq220bdRlqBK83Tc27ZdCxFRcVtXYULXdcOP9KGe97otTnG6d7nXjfC6KODW3JlQn9/uMxVHBPvB6pMxTiVqtuaazpcLC6gsFe30lRx8E1+9Ms9NDTHF9e09HTbkl38jyznqnhTxckteefHFdUZmNjS7MSCoAhCWvSC0Os4kwFrtZJ99dkCkADS3MS8TiEPIBwGRr6Dl9vMZWaDIWFFfXOvi4HHy80/XCVFm8frHvdrjknfOtTp4AUGnaKxkqmutKeCOjYwvtDXVW9b43uN6nOejoPtP6lkPgn75LRruH8OUtjvj4zbuhLWtREd1z0eKGN2uEfKNOXyjYG116afrbENULDkEnzy3IFADU5bl7Mc5q1kq+YIgCQFSaCVKuwrr1KAsAgLBlrSftuuB9hXe902TRAYAqez2SruxYT0tVMasvtDrbW8qNwTvT0vrSaIsaz3S0u8qK+VTHjsKa5O7/pD9gaOg81yJk/dcilWf7h+/rKmudHAGgVI0BYTbVTwmj08bjTw6uV6XbX7llztlo2zg0JVx55/l3z55qaasr5x5MXroyJampl/GLa3wlbwIAGlPjWu2moxdCdAxAPB4HAFDFiS8moraWo3Z261qmStCv5Nm2GRwVvTd6cyrC19eZt64yVfJMiMTqclmw6PsS6Ms7Orpr86XRz//wT//yz3+8fGnw7pKy3S78yfZDH3q/vLVgcHW6tj0pF48FZ73yAXtDc3vDG0Zl9trFAe92t1CjkfvumTWuuu6dlmors3L7St91f/qwdm15+o6oPVR/8lhzZYE6d+vjK1MS3pACAJIXOWTW+dKnvDGP+b1unM+BSn6fyLzRs34NNeHfqCnyDn0TdFk2Loo3FnHp3iDDMgTi6auRtn8I4P9v725/2kjThNFfxvdSFdtQJoUorb0p2gYMGNlnjEIaEpJAGhQQdMgkTNKb6emeZ+as9sOj/TD/xOroaM/unNHRjs7TZ3af7u1upTOdnNAJggi6IQEaJubgllFMMMQ0lbFHhXDiCrZjs7fX54NfMG/pvDYJXD9FpduX7XKRul2+66qrqsLSnaHxO4GllVBkNQEAkG/ZcgvC8haz/vbM7GLYIEh3JTC2ioUAwJZUmbV9Hl+ollf7ZpaJeKJUBwBAFen2sMsTeKiEH8cTAAAcv/W5RzQuD30RoLyt+0J9WWoRaVQOhCJLwY9/68p54b7qzDieM4pY6PCjI3prfUNgYNBVfLquIBuNBQOy8lj56rN//GrtpWrDgQSATiwXtQMeX6hWKJA99+Ml9nbH8vUb8z6lvJaR3RIVGrdK+wEAgK5ENHCzQZMhPTaOPwrG1bzZkO3DLG/gyLy8FKVGBgDUvLF03TA6ocx8czGuLjvZedqx+4sCqTJ37dKYXFLf3ZSuziSEQCwezx3objFUBaDLUz19I2Gx/ax9fWac6AWjXgCwVNiriz/9fOpbqeqnFg2VFxYj+lqjBgCAqMnGwTSlsThAoVoNVJnr658nB9uPmre67IM0r3Am88Yxcdw/3nd1Guwdx+wbd4ro8pzTrRQ3dBzY9bsxrwtSVNnQWtnQGgs/lKX77smJz34/aTt1qt2ac0LbFv0n7nd+M7QktF6oLCabL5CWL9Yd63QUW82pDG6F3SL8v58M3Z4OWZtyv6dEb3a0dxwUq42pTYTVZhIuXRmaXAiZa/SscOj4MQtfXpnKFlur7Jb8j7/wTAVq2p/yUjC7GoFUni+ZvsLrxrpPjO/h+E53zmcXk6dcgciDwMe/nV4XV7u99QcyJQrq7X/jt3lKmevvGZPFY91/VyWwAOG5L/99bJs5EKG6XHC5PZIcmZaJeDydSWN5q1njmZn3G/M9QcZcn7ow0cOp3oGRWPnpcx2VPAH6cOrSlfHt5qvO1/KwpMjSg9X02BcSFNScre3XHeLGIS6NAgCotykHRK+WpqyxXu6ZGBGOiGvBBDCGtg8218kAEMFu1nw5JwWtxR4pITQeEES9WTvgkVbMzHwAhGax8OlHpQTSlaxpaiAAsZzIxjIdbQFLQ7K0HLIV7+7BL1UW+r64FSg58vOubGUCYXk9C3I4e4IaAE1ElZhap8vPGbg8dPf0Dyniu+ePbU7NZhFOz7MJORilkB+c80f214haAgBANIJO7Y08Shc4AAAkIsFVYPbpCA1OumYePIabV/755tqshv/9oxHD2788Z/J7V7Qmw/o9n7jfOfDlRMLe1dm6ebgcDjjHZba61b77a1deO6yuqNRaVGp5q6znSt/k9w2pKqbt+k84MD65FIksXf39/NXsLAKDv5sZqz5z7qcWjU6ssOfOXVsscOpAJLohM0I40W7LfVwglGio72GEgp4wgrVGyF1CTuDIvKLEAXDsm8n7gmot/7duivG9HX+zhObc3rih4ZRj3WCQrniGJ6ZcsrXlOU+Cp7GVENWINlMqjUrjj8MUtkurEN5kFVwjoxNLESJ2ZX/tiFBdrnV5RsbVQeZAsyFzDZow8JaqstR4iK4Gw4n0tY2IOjW2zZlvUW3HEXZy4NoX12Ndba2WQkI0PMfE5EAwJuLZ/a8XVjjUZLr69WRMnR50Ek7gQPIForX85mJuRqg2cTPzU66glBCOioWEZaxmjWf6jouRwfC2yG3+gG0whbw24ZZCMUdRquOFA9/7Y4yF21i6mqHWiUfOWuX+y7c+u7z6Xpd91x4oCEtDl7/xcfXvrZXkAgCw+0UDOzs9LdcKqe8QDXpnZShuNqydHeu50T8QFNrPbhj40lgY2JxqIhoJKTHQ6fIJDd2THvOOTPadFBhNejqZc6WXsOxeWNGZTDxL2MbOX5sfhmm6n8RlV9/oirnl2CGzwMcXhh7sszTlDn2p7Prmy9GoZcuBL1B5xuWJC60Nht26Gl8/NBYDls1NxZJ1g9Pt+o/O1HnhjKzEM9v4qGfwlpe1tzeViwZN6uplwDJrb4iF5AgwFZtq0GNRSjRrn0+jcjBKuCIt2WLZYsqyAhqRw4EvAABJ3cAruZb9xTa24Y2s96XLHleAmFsbrBvyoJSLzH824VmsN1Y+128C0RYLbFRy3pnlasqYkHv0bjCe2PaQIikwVxcP3QgEOWubYe33ifCilZ8cXkjw9SfSIwxSYOTVbq97yvy2vQT8rimfkgAjAABhigTtqvu7u4tGeymXTVIVW092Mcz1L3u+irV1vGsrKj1o5z+fuH5D01JfbtTG/XN3nK6QuaPtEP88fyZ6iYhQ2fKTwMdfrcRESO0R1VlcV4eHBqC+zqQHJeCZnPKS2tRtL1ih3Kp1DU8EtdVtoi41Gha1E65x2Gc78yynprC81SZMDY9dH1e3WPVxyT0wOB8THHYDA7Dt3cV0Ym33Beb6lbFPr0S7T9WX7r6D5TH/0JUBj7buva6ajYN73YGj9YbPBvsvxh21ptT1fWWuvsOaTs9HZwd7+yR967lm64Zr8QZnr37ujJlrD1XrGQAaCUyPuyVy4LSoocF5b0RvN2SHKUSw1Vln+vs+75fry1PX952hBzobBDaVFRY12eRcDOZZEhcMBiMHoen5oNbUvPa5dHl66MvhkKWjY6uBL0D4/reTy5yt8wnJafRyUdn96eeuhGCy2UyCVg00Kk27p3xQ2vaWnjyp/wAAywul2Q01fRhk1T6OF8ViXfqOgP0+nclaYTDwGhILeSadXhDfteoJxBedY1PKgeamCj2J3rtx5bqst1rEUoOegag84xqRNPazJj0BKrsvfu4Gc7nFbBS06riyMDU6GzYcqcOrfwAAAAFVOr+XyfZhG9uZ9huFBiWvone8sznnQYorHBbXmEeKVlryOa2G49d+lgij0TH7dAQAtn+KFVtP1V/9auzyR38Chrc12a1BN7DbVRQQvdluLVlRqqvWpWOJ3uo4MB1J1FVnzswmhfaTrcGvBgY//2wQ9okH6+ssIbeWIQDACkc76pVe52e/d1k6ftbJFWi5hFYNQDRlLV3vafuvjrsWTSfKBPt7F/aNT3gGL00EIwk1Z7AePGjhSepv0XIM/gb+KAhhCjiuaP0phURvPdIpPRyM5xMCAJrKk6e6XS6nc+D/7l1JwL6SiqrD2ROViN5S95ZrOGp1pCOEr6ytWBiPm2q3uPtX7ocwOq2Gcvlrw6y6tvdZ54jr1sc3V+KQz1e83d1iN7Kpa+Pv0ykFOb97ax2eCDWnL+T3fTE2MlNu3HW3eQtLHk9gNQJjf/htTqnSfuv5D46XsaTY0fYh5x4a9fRNryRAXWI7drox/cWlQck1E4rHQ9c/+uh69o1qvuHCmWZjZWdXYmj8zsClUARAzfGl4sHTB2usHMiehcj+KnFdkk9sv3DGODwxPjrkjABoDQ1dx+1bjVAJo9GyGh0LQKOSJ6QV63KGviGva0GJJ1xXPssp8M8XT555z1FEAELSXQnEtoNY7vDjIYK9uwOGJjwjvbOp80B40XT0/MFasZD8QP9Zv5YIo+M0Wm3m14c1NncdY0fdnuHZ8QSotXqj2dHdZS/jCEA0Ikk+RXMYKgA0le+0xiect6cnXBMJUO8rEU3N5+tSGw0i2Ds7YGRydrx3Og7A7C8x25rfr6/YbV/v56U69P7/l76blwqSScA2trPt4Y/skHNz42QyCaCCVF1EMpmKJ9ce5cSSyWQy9fpkMpmM/2fe3/z10x+43ejPf1Fe5O0IPR/seK+z13XtPPJc7nWb27odm67//UzC0rVLTv5k12EjDlV2wLP3ruhsb88Ic+KXLXtu3+MFv4l//ovC/NV/qVQqAJVKpVKpINNOP84+hOwrAFJDkexZSanGX5FnOFhN0pWdqWwftrGd20YIIfQMCq1n/9b64rPRie/+SnyK16HXhJpl8tnN1+FGr6u87BFuVc7Rbmxj+82r90UIIYR2AFPacvb9BiwoeGPkpQ9iZ7J92Mb2WhshhBBCaHfJg7UaTsA2tte1EUIIIYR2lzxYqxsGbGN7XRshhBBCaHfJS+Zk+9Jn9KfbGN/rcYQQQgihXSZPlZPtU2XuagAAGMc4QgghhNAuk/f6ZBkx/trFEUIIIYR2l/R1HtayfcmcLCDG93gcIYQQQmh3yUsmcy5rhW1s57QRQgghhHaZvPTtDFLZPmxjO6eNEEIIIbTL5KVvYJtMQubWBtjGdjr7ixBCCCG0u6TzvumpKqeN8T0fRwghhBDaZTJ5382ZP4zv+ThCCCGE0C6TpwJVMifzl0wms5k/jO/xOEIIIYTQLpOXhKQqJ/OnUqmymT+M7/E4QgghhNAuk8n7bpwmMY5xhBBCCKFdJi8JSRVksn1rbRXGMY4QQgghtMsQgNRwJ5Pty7QxjvHXx5//ouz0IqC9CDve6wzXDnp1sHftbgRS2b7UwW5sYzunvdOdc83f/DW304uA9pw//0XBjvfawrWDXh3sXU/vDd1JSNX7JnOyfZkBEMb3fHynOydCCCGE0EuWqvdVwVqtZybzh/E9H9/pzokQQggh9JLlwTZZQGxje6c7J0IIIYTQS5YH2ZxfKtuHbWyvtRFCCCGEdpW8TGUnTnG6eYoQQgghtKvkQTIJmWwfJNcyfxjH+E53ToQQQgihlywPVADZPJ8KkjltjO/1OEIIIYTQ7pIHScjJ9sFaFhDjGEcIIYQQ2l3y0jm/zVlAjGMcIYQQQmh3yYMk5Gb+YC3zh/E9H0cIIYQQ2l021vvCNhlBjO/FOEIIIYTQ7pLJ+2Yyf5umGN/DcYQQQgih3SUvm/PDKU43ThFCCCGEdpe89J1rkwCgSuZk/jCO8VfS4xBCCCGEdk6eSpUq7wSApEoFkEzmtDG+p+M73TkRQgihN0BMlhaDdKeXAj2tvGQSQJWT7Uu3VRjHOEIIIYR+SNQ/OTbgwsHvGyOV983J9qXbSYxjHCGE0HOK+Qc+uTzkj7/gbKg89em/fXMv/JKWCr0aOOp9s5BkEjIDIFVybTCEbWy/yfW+9NHsYP+wUt7ZVWtkf/jlMWn04nDi6JnjZbpneOqFhP1DX91aLDnS3SI+ccbR2f7rTvZId9PT/B1oZ4S9Ny9OqFvPNZauX0kxaeLiYLTh3InKl9t5AKjivxfUlJmLyEue8W5EH3qGx76dk4PKagLU2v0Ge9Oxo5bCzH8dXfZODo7eXVx6DEyBUP12Z0tFcfq5uN81NuSU5AeP4wCMli89eKStwZhambHg3Piw2xsIBiMJUO/jBMHReOSQOTtbiC3N+2KFTRwDADTsd9+cGPcsKQm1tuRAXcvxw6JmbQljy+5R59RcIKCsMhxfWu1oaswuAw36FhRtFZ/uWjQsua/3uhRT24dtOdsEGl10TYxMB+TgSjwBjFYvVDham6oE3Gq8cnF52jkyHfD7QxEy8AdpHy/WtjSZ9ASALn/7+ZXhQCL31UxF86+7qvTkRbrlGqosjAxOeQJBJZIAdT5vLD968oiVz87j0T3nn4YmF5YiCYbjzfUn2h3F2CNSyLrMH2zIAmJ8T8d3unM+v5jsGZlbBeIZnyvvthX+4OtpeEUJrkYSz/bUC6DLM5NuBYji8tgMh4TtBzCURh6sBLVRTCq8xmgsElKU/MimlUTDDxVlNRKnoHu5Y1Qa9Excny7u/uB4Kf6U/YD44vBA3wyUVjhqjRoIBjwzs+M9A8wHXYcFAkCXXf2fDcqc1dFer4lJ8+PfDV0lmvdbjCxA2Hvr6rBfay5vqBN0VL43Mz9zs5/qftZtKyR02T3o8uvKj56sY0giEpS9Lvdwz5j+V+1WLv25slcGwWHUAYT9Q5d6p+KG2pZmI0RnXZPDPTd1F1rtPAEAGrx79dKteyBYKuoOiXp1POAaHevnit9zFBEAoKF7c495m0FHAOij2eGB65NLcQBtZN02IexzDs3EjY4jDZyaxlaC0rzzu6GrbNGHTTj6faXii4M9FydX+IryurY6QaumkYBr/OZ1Tv9eXRGh0WAEuOpjLbaC9PefqHX7BT15oW65hi7f7vlmKiZYbEdKSyC8sDDt8Vy9rNZ+0FjKAtBHnt6vrnnzLXVHDvPg97qnbvQT7Zl3LZpt/pa9JZ33xSlON0/fWNHFyYVExZFO4c5V17xcXfuEseXOiMmu6aix8YTV9823Ltnehjld9OwSCdwjegpMaVPXf29i2PRGoMpuEy5+MuELRA8JhSR8f2QiwDo63kuNKqzlpXzvp6Mub51g54jOfOzX/5B9Y4XdUaH/pMftC8ZshTpSfOj8uUPZDzGbLHz0Dz0PQzEKHAEAiIW8UqKk3qgDKk9PuCOG9g/a7BwBAGtFMfmP/nGXbGkxsvDIOzyxqD34y3O1mVGqWGmrz86YBgO+iN4qFhAAqgS8wcKGM/Vksn98/R+psxz/pSXnscVAlq6MK7jP/IqFA86ZkP5gR86odN3qA1BrS4Qy8+aM7fN3y7V5kOJD594/xDLpkLXGaur7uDfgV2gpS2IB94gXrF2dqcGutfqA0HNlYOKubH79fhB3Qjrvu24KmyIY35PxNxQNLjgD+bZTB4wcGJwTU1JVuzm7pxuXp8f6xhfkB6sJpsBgtjY02ivTR4ho0Dd1bWbWK4Uooy+tP3a6YcshaXzZ4xqZXPAFQnGmwGA52P5OlUAeTvUM+MQTp+uy27jobH+fi2vsbthiOxPyub1g6KwQBO7At/1unyJY17ZoNOTzjEzc8fpXQMebf1Klz/n5iskLU5PuaZ8cjCQYrsR6/ESrtYgAXXb2X5XEw+Ly1OSCP8YYLfaj9YbItPPb6ftLEeBEe9up+lTNRlhyDwy7fYGVuDqfN5ocjQdrxULcEv4oaMg3OTg8v7i0EmcKDGL5oUaHVWAAqH+4ty9if6/DlD6YnlNmQxVpZHDCLQUjcbW2xGCpqztqig78e/9MBACWvvjtLEC+ueNn3TZNeJuZy87+awHTUXHZ5VpYXHpMOIP9ZHOzeS+tdMLkfpEJURMCFBIAEHsgLcX0Nls2OUp4S6UwMeH1r9o5suGNAPlaoga6xXgyJs8NjUrUUGfJHG6OBecWqf6wUQP0kV9aIaLdnP2O6wS7qcAr3VeokY3IngCUvrNdcQINSgsKZxI5AgCEr3r3fBXQR1OTT/x76aN7zgmnUmBpFF52rQ3aLJ8TCp4nefHc3TL3XSyz8SFZAUhVRclh7oA9W1pDCs02I+m971fsAr+Hvv3bIclkUqVSbZX5w/hej7+Z4n7XHWV/jVUgQAy1ZvV1pxQSq/QEAIDKd/oGJbax7e+ri0GRXJPzkhwt4wsBgMaXbjs1R1ta/74DJOfNvtFbI8YzrSKzYe5h79gXXy+b3znxa7OeKLJ7+NbVr5mfdxg47eq9Sfdi9YnUEJPKd8dnVnT2IYDpAAAgAElEQVQn922xjaHLnklZW91pZIEYquy6/tuekKUhPWimsvvq5T8Fjbb2C3YDCXqGx0YCq2z2KKrvbgAONJ1pNuoe+8ZvDty4JQgdtTzElZWluYkhONh27m855W5/z9hF7z69WNt24bhWcff3uAdHDxjbjGzMP97vXBKOvNdl4uiyz+W55wtZxUL8gfwRxKTJLy+7FKOt/RepNXvz2pUV9YXWSm41rKwoykosUxmRU2YTvTd8a0o50Hmhs1Qb98+5XT5ZqbD/9B/+7vB4z6ffFZ3+byfK2NTMJ7aZeSIWDC3NjPVHrK0dZzpJyD34zXDvn8T/1vrSS5DfEDQkLci0uEEsIABhZSVMNDp27WtK1BqOJGQlSkGz4ctLg/c9QbXx4NqAkgbvXPzklhQHANCa3j7dUbNWpDsXiPMOAwcQexxUVlm+MGego9by+TD3MBQDPhwMgcbKxRddEyMTC/4YI5jLGxoPpnfI6cri3ApXcUD/VGOV+L3+K198FwIAUPO2jtZWMx7dfsV0gk0kV4cHrtH6Zptxy8omqgRu945Ne+UQ0ZdW1BxtrDFu8dV7/m6ZI+qfCVCuvJQjANHQ0gqwFdrcNLG2gAVZjiQAx74ARAWZgU4yXeSZaWN8r8ffSIo0NbcqvmPSEwBgjLYq7orbJZuajQwA0PhKnBTZzYJeR0BX0WysyHlngbXl+GGzBgCsdXbPzC1ZjtINY1/60DMpkYoTzVaBBQBWPNRY7v3qrk8xWW3l/Mxdl/SozFoIEPdPzwa1pmbzFqXGMenOdKS4waonAECKLTbeOX5n0ZY6ly7un56VdZXdpxrLdABQeLiNBj4Z9KczTUxpQ3tpejaF9ga7Z25iMbhay+cDADCGoy32Mo4AX1UruqWAcLTFXsoB8PZa8W7fg2CYGlm6Gk6o+QrRyDEARnuL0f7qVsQeQyPfX/2/fn918xNqAwAARBen7wY3rtlbTt/DMsfG/aucmdJIjOoM5aWChgVNmeN4mWPL1z1h5hoAAMbQ3FFv5QhAYW2d6OpZDii08iWXIL8ZaHC2f/g+W91h5wkApbE4kEJGnfMKwrDqRGJzgX9Mvv21M8g72i1rX2rCV3Ze0AeVqBK475mZ/PIKvJ8qXaBBr7QqHBT0AEDjsYRarV33GYRlABKJBNBEPB6Lem70e7kD1sZj9ljw3vSdq5eip39xolIHVAl4lQKLueDpVhVT2tT2oXUlrCz7vPOe3l6AU+9af/hsB/QCNJUdHaedkyOjX/3uhprh+NKKmrq61OgzZXVp+o7OVtlwsjIWuO+ZufXpUvyXFzZWHTx/t8yZR8gzMegBc4fVyAIATVAAJj/3cwjRMEC3Om6xF5HUCf2vunIUp2/i9A1EZa9HYt7qzhzoIcJbtSXuoe8CdUaTDoAtKReZ3oFLvf7q8jJRMIjF2YQKYQqMXH76AcMwBMJ08+/fsiQ/Dkq9//xdTpA5YKeUCJW1wp2h7+4vW2qKY7J7Lsr/pGaLmgn6yOu6T8Uj2QOgelONOP6Nc8FRaiskNCovRVmDaS2zpC0WuXx/ZiHD0p2h8TuBpZVQZDUBAJBvyWzI1Fo9n677Umu1RK0t4rXpZxiWQOo8LJ1QaYCrvT0XpUqLKBhFQdiTA6BXgTAltSfrzOvXeFxy9rkAAIDGlWBi05qFcSkUcwjbz1QjWoqHbvR/Gqm0WoxGg8GYWcfrPGnmGgBQc8VCJv9DGA0DCZpIAOy5VU+VuWuXxuSS+uxVUwghEIvHc7/oWwxVAejyVE/fSFhsP2tfP2ohesGoFwAsFfbq4k8/n/pWqvqpRUPlhcWIvtaoAQAgarJx1EJpLA5QqFYDgJokHiva+vS5/1BhtfBXP7nlnHtY5igISfMKZzJzT7umCFtkFIsAxEpblbn3yvXJedmCxZ2vGCmqbGitbGiNhR/K0n335MRnv5+0nTrVbi0krHDo+DELX14pMAAA1iq7Jf/jLzxTgZr2nKzK83fLHGHfxJc3FrR1ba3pvR2iJgCR1dyBLqXRODAE+wNAKu8LyWzmD6c4zZm+eWLylCsQeRD4+LfT6+Jqt7f+QC1PgDW2fvAza2BZ9s5+23NrCUoaznY2ZzZD5Ae3CgkAss9y8ly3dfPBxCLLT8SRG3e8wXKydMdHhWbrFgcqaXD+tm9FSfT/bv0CgtMjV9QbCQCFDQWFawulzPX3jMnise6/qxJYgPDcl/8+lvu63MUnkA9b0Fg7zvEOWfYvuEcn+x/km9/p7K7bfB4GenZEYxTFDRfCC8fuEFhde7x5zW6VhMkJkWJH268Nshy473GNjfSu6Kqbz3dUbb3Ctp/5Np1hb6HKQt8XtwIlR37ela1MICyvZ0EOZ09QA6CJqBJT63Q5CTP60N3TP6SI754/Zt1+GEo4Pc8m5GCUQn5wzh/ZXyOm9jeIRtCpvZFHMcjumyQiwVVg9ukIEG2RlgHgi7I7oURbZNDCdHAV6IrkXdGaDE9X8LBBPm8oAF8wlPOp6JVidUWl1qJSy1tlPVf6Jr9vsNiLCSNYa3J3bVlO4Mi8osQB0j86z98tc4SliS975tn6zu6GbIlwvp7TgPwwQiG7uaCRlRjk89sPoPcUkoTcuk9sY/sNrvcNzbm9cUPDKYeYm36jK57hiSmXbG0xsgCELSo1F5WaKw61RT09VwacUp1Y8YR5AiEAq5RSAAJMIa9NeBaWw9YtLsqrM1st2v7pyfm4IrPmE5Ytfiaji5Mehbd2Npm0ueHIwtDg/JRkN1oYjlfH/IFgrELHAgBQRfbKqyACANDYSohqRJsptXmj8cdhCs/8u0Y0gmgSRJO94diyq/8zp3vRlq4ZRa8Q0fA8s2nNJrSOQhbULANAs0cZ4kogFIHszlUqs2isdNRTeep/XnJPy+XNRlATABpPD26fNHMEAABhaejyNz6u/r21klwAAHa/aGBnp6flWiGVcqNB76wMxc2GzP8/feS50T8QFNrPbhj40lgY2JzDJjQSUmKg0+UTGronPeYdhvSTpMBo0tPJWZ9iSp+oFJbdCys6k4lngRCDRcgfDz4MUyF9TkLkYSACWj6fRmTvg32Wpqcb+saiMaLJKRBNKIEVyvB4XOcVo7EYsGxu1oHkHFDZ+GxMWVZAI3KZpO9zd8scMf/U1Z674GjNGfgCAOHMBp3ze7cULU1d1Iw+8k37KW8vferDCLtbpt43nedba2Mc428YuuxxBYi5tcEqrv/Jp1xk/rMJz2K9UQiMDk6D2VFlEYvZiLwox1mzhjzxljwsJ3AwMeW6b24y6VneVmdw99+6rn272SFq6bJv2j0VKGg+01jKArBCrU3vunlrHPiGXxi2qHdQJKePlr7jsG+sAy6OexcGXAvL5ppSW7ne4+m/UdTWWM5FFkYGnf54OvVLtMUCG5Wcd2a5mjIm5B69G4wnnmnsS4N3+4bv6yyVNpOhmF0JSCHKGvDX8UfBGH9SznvcOWt2zAeGNhtPADijHqZnp6SqVgP1z0wOzK1AauwbW759wymXlNstopGDoBSIgIbXAQDRCcVsbN45KfH1YjH7hJm/5AtTv5Fi/qErAx5t3XtdNRsvp6A7cLTe8Nlg/8W4o9aUupCqzNV3ZO4OEJ0d7O2T9K3nmq3rTw+iwdmrnztj5tpD1XoGgEYC0+NuiRw4LWpocN4b0dsN2XOSiGCrs870933eL9eXp67vO0MPdKZGKqTIfrzGfWnsy97Vo/Vv6SPf3x523mPKuysKYgtjQa2p+alOS4ovDvd8uVBQ21gjatUA8aDXMz4d5esreNz7eZWo7P70c1dCMNlsJkGrBhqVpt1TPihte0tPgMrui5+7wVxuMRsFrTquLEyNzoYNR+oMDDx/t4wvOsemlAPNTRWpj7h6xUVtbZtvfsQa7Ect31/rvU4DNZWp6/vOEeuZKqyBScnmfXGK043Tne6cz4YGJa+id7yzedBJiiscFteYR4qWGU1mn8vZ88f+OAAAZ3q7s97IAsR0BVousXYsiGh0Wk08dYBJqGxvWb423P+vrpKWD7oO2Vp/zrjHJ10XnYORBGgN5XX12bpewltqzBNLfqHGtsUGhoZ98zJjOr3FCXAac30V17sgKZW1Yv35s4VDE3e+/GgsDvvMx4+08pO3tRoCADqx9VT91a/GLn/0J2B4W5PdGnQDqwYAwmn0nD6TTFCz3D5W0aw91O5jYxpCgGgFixhwjveP9yYAQL3/rdauGtwUvjDCajU6Rr35nDXCalgt0TIEAFjjwffOF4yM37n6b2ORBGhLylvOHavlCQDoq4+0S/3XLn3sAmAMtvbjlbcnElo1AFtQWlHkn/zTxZuDCQBgeNvJ1lT2kRXrOhtDV2/2/o8J4GxtH3ZsO3OW26eLF6wtG1ug02o4Zg8d9wxLHk9gNQJjf/htTo3Qfuv5D46XsaTY0fYh5x4a9fRNryRAXWI7drox/YWmQck1E4rHQ9c/+uh69o1qvuHCmWZjZWdXYmj8zsClUARAzfGl4sHTB2usHMiehcj+KjE3u6YT2y+cMQ5PjI8OOSMAWkND1/HsxapY48Huk/GrN8Yuz4wBoxctju5GexkbdXtCWrEud+gb9g784cp8JP1o8Hf/2yAwhrYPOmp5prSptZ113h4dGFcSAPm8aLCebKuz4Y0tXi0i2Ls7YGjCM9I7mzoBgxdNR89nLhwp2Ds7YGRydrx3Og7A7C8x25rfr0/fnu15u2U8Ikk+RXMYKgDi/uk7vsgqTHz1u4m1eWirW37dVaEjhdaOM1rXxIhr4uqDVVAXWN5pbcUbW2So6n4+mU3wqXJO7sc2tkf+8L8AQDKTAU4mk9nnk8lkKp5ce5QTSyaTydTrk8lkMv6feX/z1xw8rz//RXmRt/+YYv6JTy/d5TvO/RQ3MW++N6jj7UGv69p55Lnc6za3dTte7HbTYenaJSd/suuwEfdNd8Cz967obG/PCHPily17Lpnwgt/EP/9FYf7qv1QqFYBKpVKpVJBppx9nH0L2FZAeqmQzdKnGX5FnSNiRJCRVoFrL/oIqc+UHjO/1+HP35r0q6v9uPqgtbxdx4IvQ3lRoPfu31hefjU5891fiy1ge9ONQs0w+i6eRvTkIpAY6oErXfUJODSjG93ocPYvYiiRTo2NT8RZCCKHdjCltOVv6FK9DrwkC2bwvTnG6frrTnfNNwwrNv/rlTi8EQgghhJ4kL5XzwylOt5oihBBCCO0qeQBJFUB6mj7OnRPB+F6OI4QQQgjtLqm8bzKd51OlzuLPZv4wvrfjCCGEEEK7Syrvm72wVVIFqpwsIMb3eBwhhBBCaFdZy/tmMn/JnCwgxvd4HCGEEEJoV8mDzA0LMpk/bGM700YIIYQQ2l3y1mX7cus+MY5xhBBCCKHdJZP33TgFjGP8R+2JCCGEEEKvXibvi1Ocbp4ihBBCCO0uecmcPB+2sZ3b3unOiRBCCCH0kuWpVADJdJ4P29jObe9050QIIYQQesnyIAmgSmf7kjltjGN8pzsnQgghhNBLlpeb7VOpVJDcIguI8b0Z3+nOiRBCCCH0kuVtzPyptskIYnzvxXe6cyKEEEIIvWR5KhUkt8n8YXyPx3e6cyKEEEIIvWQkmQSVSpUa7uAUp7nTne6ca/78F2WnFwHtRdjxXme4dtCrg71rdyOZis9Utg9g0xTjeza+051zzd/8NbfTi4D2nD//RcGO99rCtYNeHexdT+8N3UnIy1R8prK/2Uu7qjCO8Z3unAghhBBCL1meCnIyf2tln0mMY3ynOydCCCGE0EuWl4Rs5k+FbWzntne6cyKEEEIIvWSZvC9OcbpputOdEyGEEELoJUvlfSGd7cM2tnPaO905EUIIIYResjxI1XquZfsge44/xvd4fKc7J0IIIYTQS5YHa3m+zDSZLvXE+B6PI4QQQgjtMql6X8jJ9mEb2+k2QgghhNAuk5cESCX40tk+bGM700YIIYQQ2mXyANLDnXS2D9vYzmkjhBBCCO0meRuzfZDTxviejyOEEEII7SZ5kJPt2zjF+J6PI4QQQgjtJnnZQY4KACCZU+uJcYwjhBBCCO0qedlBThIAQJWT+cM4xhFCCCGEdpW8TM5vXRYQADCOcYQQQgj9oJgsLQbpTi8Felp5mZzfuiwgAGAc4wghhBD6IVH/5NiACwe/b4y87LWsVJlj3unMH8YxjhBC6PnE/AOfXB7yx19wNlSe+vTfvrkXfklLhV4NHPW+WUj2HgZJyN7PQJXTxvgejr+56KPZwf5hpbyzq9bI/vDLY9LoxeHE0TPHy3TP8NSzivluXhyFhq7jlVxudPnbngHJ3NpdV0xywmHfzS9H1c3nGku3Xn4qO/uvBcq7O6r0BIA+cvf0e8QTG2aCfjQxeW5k2OUJBCNxUDMFvMFQ23ik1si8hFnT5duXegal1WxArS3gS9463FRnFdLzp7L74hW39vipn1oLX8In7jL0oWd47Ns5OaisJkCt3W+wNx07ainMfFPosndycPTu4tJjYAqE6rc7Wyoy36K43zU25JTkB4/jAIyWLz14pK3BmNoSxIJz48NubyAYjCRAvY8TBEfjkUPm7GwhtjTvixU2cQwA0LDffXNi3LOkJNTakgN1LccPi5rU5uXjz6eDG5dYX3fhTKuYWrk06FtQtFU8++RFhZg8NzLq9kpLCt1XIor2hvpaUYNbg1cvLk87R6YDfn8oQgb+IO3jxdqWJpOeANDlbz+/MhxI5L6aqWj+dVeVHh65L//x+sLqhnkxpmO/PlujJz+wrtPC0rX/6J1WNsxDbTh+5v2GYgIA9NE955+GJheWIgmG4831J9odxU/xe7gnEEgmQaXCKU63mL6xYrJnZG4ViGd8rrzb9sOjARpeUYKrkcSzPfWsCCewwTGnz17mKMpuxMIBt2shpDxwL9pOlGU3S/SRz7mgaI/w226oErFgSAlGMzml1aCyogTjFAB/7X58MWnqy8t/krny2ka7oIWYIvtmFga+SrAXWq3cU7z/yWg8GE5w1UdabHoCQCMrwaAseT1XPwn4z3e2ihoAIFre+hMry7+MofZuE18cHuibgdIKR61RA8GAZ2Z2vGeA+aDrsEAA6LKr/7NBmbM62us1MWl+/Luhq0TzfouRBQh7b10d9mvN5Q11go7K92bmZ272U93Pum2FhC67B11+XfnRk3UMSUSCstflHu4Z0/+qPbPG47JXBsFh1AGE/UOXeqfihtqWZiNEZ12Twz03dRda7TxhxbqzvzAp8ez2JSE7bw4vFQicOh2goXtzj3mbQUeetKgxaeLTy3d1juPdLQYOVhZdE/2X++iF1N+IXp344mDPxckVvqK8rq1O0KppJOAav3md079XV0RoNBgBrvpYi60gvRqIWrdf0BMAKLR2dHEPojSbLo4sDPXPAq9nUwPf7df1Gp2h+dwZuxLPziMuufqcKzyvSQ18Pb1fXfPmW+qOHObB73VP3egn2jPvWjQ/6v/Q6yqT98UpTjdP31TRxcmFRMWRTuHOVde8XF37mmz/CWewGtQD0/dDtqLMHnzUPx2gJYaSSMAjRcsyWyWq3PcsgXjS+MK5ZvQjeOQdd/m11vcuHM8k6atqG47TWBxeWo5FzXCGMnM271NzuNHh7u3t6x0Tf9FaqQPQGWsbjC/rw3YXprSp6783MWz6/67KbhMufjLhC0QPCYUkfH9kIsA6Ot5LjSqs5aV876ejLm+dYOeIznzs1/+QfWOF3VGh/6TH7QvGbIU6Unzo/LlD2Q8xmyx89A89D0MxChwBAIiFvFKipN6oAypPT7gjhvYP2uwcAQBrRTH5j/5xl2xpMbLAFBuNxZnZUGXOtZQwHKyzculPpcGAL6K3igVPXNTVRde8ItSebjQVEwBgKhuPKIEe5+R9e4cJtyGvUDjgnAnpD3bkjErFSlt9zivU2hIh55u7huiKS9fWTdw/PBHUmd6tM7IA8MRuuW4evKDjM4/ow9sTyyDWN5g1ABALuEe8YO3qTA12rdUHhJ4rAxN3ZfPr8oO4s0gymVRl8nzYxnZue6c753OiwQVnIN926oCRA4NzYkqqajdn93Tj8vRY3/iC/GA1wRQYzNaGRnslT9Lv801dm5n1SiHK6Evrj51u2LJcIr7scY1MLvgCoThTYLAcbH+nSiAPp3oGfOKJ02slB9HZ/j4X19jdkLOdIYVmm0BuzHmD1uJUWPFPB0A8Xl820zcyI4ctqR8qGvLN+4l42qABoMs+j9N51ysFIwm1tsR0tONYrfAD6b2wNHV9MGDuaDskEBr2u0ddU3OBpQhoSw7Ym44cNReSdMmEeKhk2T0tBXW1Pz9nx2qJ50QBQM1yAre+uxA2vZpi8sLUpHvaJwcjCYYrsR4/0WotIplymtqDRYvf3fmhXrcJKbI2OtyfTDjnHpU5Ckl44dolt+5kW7OR2bqLpmYa9n/79ZjLF1ToPl40NTiKvKOSuautlicA0UXn2NCkJCurwPFlFfaG+qpdsu9FmNz/UkLUhACFBADEHkhLMb3NJmReQHhLpTAx4fWv2jmy4Y0A+VqiBrpFYWdMnhsalaihzpLemEAsOLdI9YeNGqCP/NIKEe3m7KhFJ9hNBV7pvkKN7LovXdzvnLxHTKdt2Y0GDUoLCmcSORILPGFRtyw3XVWkBTlm0uFB7lcrnxMKXvD/mAYXRqZXhPoTFg5+uFtuI+ybdMoa+9nyVLmD4pfD3AG7mPntI4Vmm5H03vcrdoHHbT2Q3IGOSqUCyGljfG/H30xxv+uOsr/GKhAghlqz+rpTColVegIAQOU7fYMS29j299XFoEiuyXlJjpbxhQBA40u3nZqjLa1/3wGS82bf6K0RY7bkbk3YO/bF18vmd0782qwniuwevnX1a+bnHQZOu3pv0r1YfSJVFkzlu+MzK7qT+zZsY3RilcgOeGaChwSBAISkWT8YOkWeBwFu3pUUk5UDoCHfzLLO5DDqAGIh37QUE+ynW0SO+p1fjw30uoQP6o3bbrvo8vTQ5X6JcbRaBQJ0+faVARdT23bhhFFLg3OTfTeGtGc6DgmJWDC0NHO/TzLY648cFY163Bg+N6IxWIrp4NiXPavNTdayjT9Ocdl3NwAHms40G3WPfeM3B27cEoSOWp7Q8Eow8H3f6Fs/2Ou2/lhtsaBNeAKhmKOQjUcV5SGNJLbvoiYdfTjV2z8saaqbOs5b9HHJPfS1UwpruFgCAGTnwMWvZf4nR95rMGmD8yODty4GEx+erdl1e0Q0JC3ItLhBLCAAYWUlTDS6nBEoUWs4kpCVKIWNxbI0eN8TVBsPCrq1yJ2Ln9yS4gAAWtPbpzuy/100OBeI8w4DBxB7HFRWWb4wZ3ik1vL5MPcwFANBlzv/+ZGZqLHRsXZqAV1ZnFvhKg7oyZMXtVioEMhXU4NOfVudqIdH95xjrqBaTVcicQrsbluFrxGdYBPJ1eGBa7S+2WbUbfU/TZXA7d6xaa8cIvrSipqjjTWbdinji07XIlPeXZ3uPrFn6ZZpMdk5KlHxWJ0htfVYDS2tAFuhzXk10RawIMuRBOz2se+//Mu/bPfUb37zm1QjL5nJ9kH6HP90G+MYfyMp0tTcqugw6QkAMEZbFffA7ZLTZbE0vhInRRazoNcxemNFc1d7qzV7bkqBteX4YXOxjiu21tlL2agsRzfmUuhDz6REKuqbrYKeZXSCeKixnJHu+hSm1FbOxySX9AgAAOL+6dmg1lRn3lRqrDPYRU3QtyDHAOgjn2eZFcuNOqIXqwwge6RHqVSPO6gxWwUWANjiQ12dP22qKuU1eqGi4aCRjSwHI1v/6RRWZWf/Z/1+bWPney2iDiAm3ZlWihparGW8hmULjbb6w4YV93TmQjzqkqPnOtrrKkoFPCfmRZBiR9uHZx28MvXF7z/6x3/5n//PF99861mOpZ9lShvauztqK42FOk6wN9iN5OFiMHuOy1P0um0/Nl9LAGLxda/ftosCDS5MSQlDU+u7dWIxV2i01bce1KtThaaxoNslsxXHultqSjlNsdne3lKpC9yZlnfbyes0ONs/fJ+tPmjnCQClsTgQhlHnvIIwrDqR2FzgH5Nvf+0M8vajlrUvNeErOy+cOn+mpa2+kn8w+eWVKTmW/hivtCpUC3oAoPFYQq3WrvsMwjIAicS6D4kuTrhkpvJo9drJAFQJeJUCi7mA/NCi6q0nut8RlNHef/2n3//jP10clIobGkUWaGy3rcDXjaayo+P0wUJ59Kvf/dP/+D9+f/nLwbuLSu5/+urS9B1JfaDh5LHm6qLY3K1Pr0xt+FZReXZ8Jl5aZ8+UQDxLt8zMIzQ35Vb0dY2mTBaDJigAk7+uQoJoGKBbHbfYbbID3CfESSrntzkLiHGM/4h99WWhstcjMW91Zw70EOGt2hL30HeBOqNJB8CWlItM78ClXn91eZkoGMTibL6TMAVGLj/9gGEYAmG6+fdvWZIfB6Xef/4uJ8gcsFNKhMpa4c7Qd/eXLTXFMdk9F+V/UrPV0WvGWH1A513wLDkE7X3PEiM2CCwA6ASrSPo9gVA1E5mZVziTtSS1+x6Xp51DrvtBJRqOrCYAQF2yzdYrocx8czGuLjvZedqRyh9QRZKDkWD/Rx/157yOP5h+v5o3lu72BMCPhRSba39qrv0pjS4Hl5ekhdtf/3FkwtZ9rrFMB2HpztD4ncDSSii1BiHfklmBT9XrtkNXIxSAZdatwu27KI2EIkRfJ651eU4Q9Mx9AID4o2BczZsN2cQVyxs4Mi8vRamxcNd0EarMXbs0JpfUdzelv5qEEIjF47n/5VsMVQHo8lRP30hYbD9rX18rSfSCUS8AWCrs1cWffj71rVT1U4uGyguLEX2tUQMAQNRk46iF0lgcoFCd8yFUvjvipaUt9pyNBg1J8wpnMnMEgP7QojLGuva/r6Ph4ArVFulZCE1fB8KwZNesvdcVKapsaK1saI2FH8rSfffkxGe/n7SdOtVuLb4vXzEAAApYSURBVCSscOj4MQtfXpmqUrNW2S35H3/hmQrUtK8d24nem3DLXNV7Ofs8T9sts2KyczxALK05vZOoCUBkNfengtJoHJg90iN+85vfbMj+bhgQp+t9cYrTzdMfvbu+sJg85QpEHgQ+/u30urja7a0/UMsTYI2tH/zMGliWvbPf9txagpKGs53Nmc0Q+cGtQgKA7LOcPNdt3XyqbJHlJ+LIjTveYDlZuuOjQrN16zoC1lBu0c76PAELdzeoPXA0PcbVlFYbSO+sT9YEvSucxZQq9Yr5xr7sl/im9g8dgo5AzHfzD72h7ZaO0RawNCRLyyFbcXrwC8CUON7/oH7TyQ3pRPje2Az+iIimWBCLBdEiFn36uXN8zl5qlvt7xmTxWPffVQksQHjuy38fW/eO5/0topFlOaLmDfp1e1jbd9GY8qTVTSBdApumBgIQg5dxfZPXA1UW+r64FSg58vOubGUCYXk9C3I4e4IaAE1ElZhap8tJmNGH7p7+IUV89/wx6/bVloTT82xCDkYp5Afn/JH9NWLqeDPRCDq1N/Iop8AhEQmuArMv5xD5I++EO8jb2yty9jToiuRd0ZoMevLUiwpExxcBAEBc8Ydi2nK88sePhtUVlVqLSi1vlfVc6Zv8vsFiLyaMYK0Rcl/DCRyZV5Q4QOZkAP/dER81n7Tm7PM85brOosszk+54cXO9IaeYIl/PaUB+GKGQLVuikZUY5PPbDaB3ndzh7+ZMcF4qw6fKZP6SOW2M7/H4Gyc05/bGDQ2nOs6fy/l35piNW55ypY9GErao1FxxqK3zf/3Nh6fNj91O6QeuGU8IQOZAEVPIaxPywvKWb9GZrRbtyvTkvGtaZs12y3Y/k6xgtehDc86h70Jac0V2k8caKs3MsnPU5Y3ordWpfCwNKysxVrBXC6mfyVhkJbaW9FVTyL08pFonHjl//iDnu/XZZbccAwCiLSkgiox32nzVYsrD8Ib/Y6ImAJQmaGwlRDWiLb0zQ+OPN77y+dBH3lGXnxXrKtbnZbfvooQTOFiRAiuZz48HfYFQfO1dQSmUqdOAcOB7f4zhud1SDBOWhi5/4+PquzvWVTCz+0UDG5qeljN/OA16Z2Uothgyew70kedG/0BQaD+7YeBLY+tXJI2ElBjodPmEhu5Jj3lrJolOCowmPZVmfdlD4WHZvbCiE03ZKxjG/J5vfcRSXyWwuTOUvQ/2WczpXegnLypVlpdzlocqknMuyptN218kEb0UNLahrISQnF3Mjc/GlGUFNByX2SOhj7wTboW3H7asq4774W6ZKxwYn1jmqg9a1x3EI5zZoFPuu6Vo9rN8037Km0q333/bfVJD3i1LIDDvi9Pdkvelyx5XgJhbG6zi+g0+5SLzn014FuuNQmB0cBrMjiqLWMxG5EU5zpo15Im35GE5gYOJKdd9c5NJz/K2OoO7/9Z17dvNDlFLl33T7qlAQfOZxlIWgBVqbXrXzVvjwDf8wrD9jw4RqkV+whUAvqk6Z3PFFlvNGtdkQG04kjlbnOh4gaN3pybm+HoTF5kfdy3HIZXXYThjAZleuD1T3mpbu1y5TqztvsBcvzL26ZVo96n6UrPdyvWO9N4iLQ5LCRMJzN+euEttbe/aMB308sT8I1985Yzzluoqq6hnCEAk4Bp1S+RAp6WAVRcLbFRy3pnlasqYkHv0bjCeeIHLJ9BwUJa88+7peV+8uKnrSOWGeT2hi/LlR213vhy9NcQcqTOC7HEOT4cS6oLUu6w2YWp47Pq4usWqj0vugcH5mOCwG3ZFP4n5h64MeLR173XVCBu+lroDR+sNnw32X4w7ak2pC6nKXH1HZhgRnR3s7ZP0reea1w8sgAZnr37ujJlrD1XrGQAaCUyPuyVy4LSoocF5b0RvN2R3G4hgq7PO9Pd93i/Xl6eu7ztDD3Q2ZJaFPvKO3lWEutPm3JENDUvzQa2pOfu5T1rUuN/5zcXpRJnDYRM1EJGcw9N+xtp9cOOfi14uKrs//dyVEEw2m0nQqoFGpWn3lA9K297SE6Cy++LnbjCXW8xGQauOKwtTo7Nhw5HM6WgQC7jHJcbaVbXxuNwT1/Wic2xKOdDcVJG6BYY87fRSQ3vdxgo71mA/avn+Wu91GqipTF3fd45Yz2z6rN1uu9pfspbny5kmN0UwvgfjP3ovfSE0KHkVveOdzYNOUlzhsLjGPFK0zGgy+1zOnj/2xwEAONPbnfVGFiCmK9ByibVjQUSj02riqQNMQmV7y/K14f5/dZW0fNB1yNb6c8Y9Pum66ByMJEBrKK+rz9b1Et5SY55Y8gs1tiduYAhfWVux4IQay7ofVMZoqxHn7mgPvpWtlmDFg6dbVi73D/5hEtT7y5sbqgzOlVQNn776WLs8NND/x//T6Xj/nJXTajheQwCIUHP6Qn7fF2MjM+XGOmPzuS5+Ysrde6VfWQVGb662HzUVEqAst0+nFOyKoc1OY43N50/xTpdzeuzqJAAAqAsMloNnG2sqOQIgtp6qv/rV2OWP/gQMb2uyW4NuYNUAQJ7Q63IRhmMTrok//u8T2VB+SXXdhyfXakMJo9FqNTpWDUCKt+2iTGlTa3t84NpXf3QCqPeXNzdZ3YP3Uwfmhbq291nniOvWxzdX4pDPV7zdva729A0WljyewGoExv7w25xqk/3W8x8cL2NJsaPtQ849NOrpm15JgLrEdux0Y/rvpkHJNROKx0PXP/roevaNar7hwplmY2VnV2Jo/M7ApVAEQM3xpeLB0wdrrBzInoXI/ioxN7umE9svnDEOT4yPDjkjAFpDQ9fx7MWqqPK9e4mxd5Wvu6QGjUqekFasy9lCPGFRmdKWzve5sevDQ5cnAEDNmWyn2+pf/FaU6MmIYO/ugKEJz0jvbKqUnxdNR88frBULCQAI9s4OGJmcHe+djgMw+0vMtub363PuGjj9fczgaBA3Z3OfsK7jEUnyKZrDUAEAEAt6Zlb4g8ctm++hQwqtHWe0rokR18TVB6ugLrC809qKN7bIUNX+7e0dzy/i9PWcjv7bT9JXfgDINFSpux0nk8nMdSGyj3JiyWQymXp9MplMxv8z72/++vlvb/Xnvygv8vYfU8w/8emlu3zHuZ/iJubN9wZ1vOcT9n7z8Y2VhgsdtW/gKY+v69p55Lnc6za3defcu/F5hKVrl5z8ya7D21/OEL06z967orO9PSPMiV+27LW86ot+E//8F4X5q/9SqVQAKpVKpVJBpp1+nH0I2VcApIYi2aPTqcZfkWc4WE1UADnZvpw2xvd8/Ll7814V9X83H9SWt2+xH4/QjovODn7jihvsNpNYwkQk99CN2Rh/RNxL9X+vXqH17N9aX3w2OvHdX4kvY3nQj0PNMvnsnjmNbBcgyZxTnXCK09zpTnfON01sRZKp0bGpphCh10K+YC4mo7MDX/wpkgBgCgyWI++9g/fzQ+jFMaUtZ0t3eiHQ0yPpgU4m24dtbGfbO9053zSs0PyrX+70QiC0HaI313eb63d6MRBCaIflpYc7udlfbGM7W1+DEEIIIbSL/P+C8iH7aFt1/QAAAABJRU5ErkJggg==' />]]>
    </system-out>
  </testcase> <!-- dashboardTest -->
  <testcase classname="com.vinsguru.tests.vendorportal.VendorPortalTest" name="dashboardTest" time="4.480"/>
  <testcase classname="com.vinsguru.tests.vendorportal.VendorPortalTest" name="logoutTest" time="0.000">
    <skipped/>
  </testcase> <!-- logoutTest -->
  <testcase classname="com.vinsguru.tests.vendorportal.VendorPortalTest" name="loginTest" time="2.988"/>
  <testcase classname="com.vinsguru.tests.vendorportal.VendorPortalTest" name="loginTest" time="4.690"/>
  <testcase classname="com.vinsguru.tests.vendorportal.VendorPortalTest" name="loginTest" time="4.597"/>
  <testcase classname="com.vinsguru.tests.vendorportal.VendorPortalTest" name="logoutTest" time="7.429"/>
  <system-out>
    <![CDATA[<img width=700px src='data:image/png;base64,iVBORw0KGgoAAAANSUhEUgAAA6kAAAN/CAIAAACz2gnWAAAAAXNSR0IArs4c6QAAIABJREFUeJzs3X18U/XdP/73Sc5JmqRJeptSKC2lYAsWsAUFLoQhXCLihO0Cb7iGzhv2VTY3h9vcdPv+1Otyujkv2eYNc95eiF/QgRugKKDIrEhx0AqUm0JLaelt2rRN2iRNzknO74/c9OSuTUvv83o+fMRPPzk559Ny8vm8887nfA6z8mdVBBDOrucnDXcTAAAAAHrhcrmi31g2mC0BAAAAABhBEPsCAAAAQKxA7AsAAAAAsQKxLwAAAADECsS+AAAAABArEPsCAAAAwFizadOmsPWIfQEAAABgTPEEvmHDX8S+AAAAADB2SEPe0PAXsS8AAAAAjBGhwW5QDWJfAAAAABgLIs3xldazQ9geAAAAAIDBsnHjxl63Qd4XAAAAAGIFYl8AAAAAiBWIfQEAAAAgViD2BQAAAIBYgdgXAAAAYPSpbTAPdxNGJcS+AAAAABArRtYaZ5pE5VVZioxE1qClNiNf18bXGnljm5sf7oYBAAAAwMgnCMKXX35ZVVXV0dGh1WonT568YMEClu2OeEdC7CubkKteOid+bl5chirc8xbHZ5+37/yXva5r6NsGAAAAAN3cbndXV5fT6RQEQRAEImJZlmVZpVKpVCplsuGcU9DQ0LBv3762tjbPj+3t7SUlJZcuXbr55psNBoOncnhjX1n2nMQNK7S5uh630imXrkpbusxZfMS8/aC1ChEwAAAAwJDr6upqb28XRTGonud5nuftdjsRMQyTkJAQFxc3LC28dOmSP/D1a21traysHP7Yl9PGLV+dsj4/6gaoFPOWpM6bo/tkd8vr3/CYBQEAAAAwNHieb21tdbvdvW4pimJbW5tMJktOTpbONBga5eXlYeurq6vnz5/vKQ9P7KsZr/3JPcnzkvr+Sp1y+br0CeONz+/vahcGo2kAAAAA0M1isVit1j69xO12Nzc3x8fHa7XaQWtXGBaLJWy9yWTyl4dhTkZCTuJjG/oV+HrJZixJe3yFKmFAWwUAAAAAQdra2voa+Pp1dna2tLQMdIt64nK5wtY7nU5/eajzvlyq9uHv6WeEvaatD5jcRcnra5r+hMkPAAAAMUCoKLe8tVm4VOluD57N6ceo1GxmdvyddyuvWzC0rQvg+Ppw5/tbhUuVot3W3TZNPJuZrb1rvWLW7GFsW1+ZTCZp1NgPPM+3tLSkpKQMXKOulDz33346dEdjuRvvTFk5YUCSzbKsSWzDGVuVLYptoV/WLkNuHQAAhp+rtqbl4fWu+lqxq8cL3gXebWru+uen3OQp7MSsoWufhON4cduTj7pbjCQEZud4p7vFaP/sE8X0GfL0CQNyLEunQ6cdxEvKOjo6PJevhSopObVz597a2oZj/zphMrWlpaVyHBdpP263WxAElepKE5898F9+V1xcHGmbYZnvy0yYk3R3nnzA9qdT371MXfae1YiJvwAAAGOX9R/vB4eSPer827vK+YsGs0URWf/+Xm8bbFcUXDtUzek/nuc7OztD661W2++efenYsRMKBed08p5HrTZ+/Q/+c9myb0Xam2dNNIVCMcitjsoQxr5a5fJFqvi+vKKtunP3EXudwBjGxxXmqwsNwQnjxHz98iL7lprerzoEAACAUcbV1XCpxSSq02oueWs0U1T3PKxZVCCnC11v/8Hy8Zng1baIiEi4fClc9VBw1dV4S4aF2o33KRMVpEiSayosv/qZvco5vG3rk9bW1rD1v//dy8eOnSAip5P3P3Z0dG564a9d9q6Vq27qYYfjxo0bzCZHa8iudWMm5OoWGvrwgqbSll9vbvngmPXoN5179rY89UL9M0dCPvNxirnXKvHFPAAAwNjjcjitXaK7yyn4v3l3tvKf/qn1vpVtf+tUrFjBacK/ULT189qsK+cyt3tLxqKOx+5tefABy5FG98Uv+FrvrFl3f68bG0oOhyPscmYlJaf+9a9vIr1q8+YtRmPEK9tEUYw0g2KIDVXel2ULr1Ulhn3K4iypFyfkKNOkE0WMlj/v7KwTZNlXa2+9VmVghfPfWE+1upzEBaXLM3I12Vp7aUf/WsXdtC5tfS6V7DI+X+zsjqzjFNcv0S3NibtqPBtP7qb6rtJvOnYfsdcJ3S9cckfahnymfH/zs593+c9iLjX+4XuT58Y597zbtKXSTSTLX2H4+UK2an/Ln4q6F2XjUuN//oPkQrJvfq35YHPYj6wAAACxy+2w1te2tdo9QyQvOJzeGIFvFcpbiRRu3iG2VbudRKRgVz0ZT2+276oYtOYIHY2tl1sc0UyxTBHFgLRi9lLNfIXzr5/1ZcrG8Gtvbw9b//Heg6GVWSlJDkFobLcQUfGR4z2kfi0Wy6DO+o3SEMW+XKKycDwTWt9WZvr11o46gTSZ+ic2JOb6wt+manstcUu+l/ZwgbeFM/LiV4fddZKy0CAr7ejXtAcVNyOTVXCUm8MlHnMaBSJiDFcn/vxOXW73P40sLUu9PEu9ZE7nn7aavvSEqio2P4tVcJSdxWpYsvreDQqdItvAKEhx1Xg5V+nmWZnBoEjkZIm3GB4Wmp4vclh9m2UkMQpS5CYxiH0BAACk3I7OS1VtnZEizYybE37367jEDudb77oTCtTfWarIm8rRfXpDqX3XLqfxihYlCM/paG6NKvANkaT8zu1s0z/ajoefPzAyud3uSPewOH/+YpyC+3bh1V28EMfK0xP14xJ086ZOUrDy2za91dhu6ezsKavt2fPw3vR46GJfTZJyQphA311V1uW5Us1qdJS3Ua5vUkRafuLDWiY/L5rmsdnjWa7S2Z8PVCG751I196/2BL5CyRfm3cfsdcTNvSHp7gJOMSF+wxq+7i1zVRcRhYnjAwVtICtclXJ/R9Pmb0bXBz8AAIAhJnQYzREDX804lis1r7veUviTxIfuUxb/zPbaaeeqJ7XcVvOOM4PVIrk8TkGdPa4wERaTe7NmNjlfGmVJ354XNVs2a9pv/iNMZve57628++Wt8dpeLuxyOp3Ddbtjv6EJvRlNIhtuTo4sO1eRyBIRJWSp86VTIlSKwrzg6Q2Rdm4wyAfoukEmI19bqCMisfyj5ud3d5TWC8Z6+573jK+fcxFRfI52eVa/16nglq5OvTVnmD/rAAAAjGi802KL/F1u4lT1Q28Z/v5x6i8Xil+872xyEhE5nSI/COleP3ncuMzkVFWvaS8iIqY7+RXPLfp3+eV/WE+NpqSvZ7JvpKemZk9ccc20sE/NzJrw2gNrs8an9bzzK1wteEAMVd5XJQsbniYWpD6dpClrZfLzVWkRF4brhUIrl0486D9Wnp3DKYiIdxSVO7uz9oJQ+o2jM08dT/IJBjlX7vJ/fovPT3ntd70v1+ystuzpUK/OV37/juT210xHr7ilAAAAY5Mo8iF35nLrk6iuioiotsjys5sD71rrFD5+Mmh2qtzQSwTWN07r5Tq72pCSYWmva+MjT1WU68YlyfV6d7ORiIg6na/d2xy6kWFErHXQA0GIGFHdccfKeULEBPiMrAnVUyb3vPOREPsOfxoyLUu9tKC3wNfOl5d17txh/MVva/7zz+aLgd8dcAMWwDMajiEisrvbAq5EFJ0dLqtnAy3TnxyzIBTtMu2uEylJs2FdQoE2qs+OAAAAscYtut0h0aUwflKfdsJOnjqQbSJRsNkbqk3tCt3kTG182KiDVaZmJSUKlq5xvTSVG+C2DTw+8j1zp06/yhV5jV65XqfTafu98yEzRHlfXuj7FV2862JNV1mZ7eg5e3mz2/+n4og3CjRZEivz9oG6XExss7uJ5KSSJ6qIum+ayChUcg0Rkch3iNIPLJ1lLRu3dvpvrqHJSXpugy4j3K6dHfbtO9uyf5A0Y4Lu4ZXhbzYNAAAQ40SnMzSzalt0i+r4P2VtEdfPkmLiVNp7HhyEprk7m0xdmvgJWSnalrZGs8vfTKU+YUKy3NLUUm0V5ctuSzp/inGEX8yL0cRr71o/CG0bSAzD+G+TFsqSlpZ4+XL4p0bG8r29GprYV2xrdVmJosiYumuru8oq7SVl9pKaSFPDReKJJFfOWTtcAzDhgYgEV12l4MyXKzjFwlzFwXrvsgzEsgVz4uKJiITy+v5PWLfWdGzepXziTk2abuBubgcAADB2uLusYRKDolJl+unvVcWfMryTVauT4tmI35/K5eqlN8tSB3TOg4Rg7ayucqaMT56itdY1Wu2kSB6XkEjWukvtnlnKLkOG6dGX0iq/UlHIrGW5XH3TrbLE5EFq20BhWbaHmQldiYldZnOcxRJU71IonJoI6y0H7nwg2nhFhqgF1jaHkdckhp/YILbVOcoqbcWn7WXVfHuvUawnKdvNbax39W/ySIIhLltHROTsclsFIhJrz3WW3aAs1DG5t6T+nFq3feOwJqmWLtTfmicjos7KjoPVV3IPObHum9bNWdzj80fGTf0AAABGErfd2tQaPsUkxqlti1eS57vY7FSDevgmbbqdLbXGzoSECTkZGnKYmtor253S4MCtTZTfdk+8YrTOb+w59iWitkmTkisrFVYriSIx3l9TjG7lMo7r79VdA2eo5jy0OsqMlDshqJb/bJdp+7EuYx+ytkzi+LgJ0r8bz5f0ORfLZM8zPL3Gd4Nlnj9a5r2yjW/u3Pwe9/N1ulwVW3iLofAWyYtarW/s6KjyNrXXWRYRNhBcpR+ZthnSvo8FHwAAAKRcXY117Z29pphEZ2Ntmyo7WTusQVRXe3tlhBtAjHYKhcJms/W8jT0xUWG1+gNfImK7uvj2Di6hl/m+SqVygJrZf0MVgXXxJZUhAWqHo+h0nwJfIpbNvyZOunacs95W1trn+b6+jzPu2krr/77dtKXcPwFXNJa3/vqFxj99YSs3upxEZBcuVto++ajlFy+2dN+Hwi6UG11EYl01L51u4Wx1VLUS8fz5ehdPRILbaBScRMY6ST67y7Fnh+mTOpHswsUO3NgCAADAI+oxcagHT4bpUw63b1uPONGEp0K4bf7r+Q8/P9TLKssjIfZlVv6samiOpMlMfHqDfnLApzR3yY6GZ4r7cMlfQk7SbwMuJnMVb294/tjoWjR61Nj1fN+uqwUAABiL+nBPYyKZJiUxc5x6CLLStQ3mjHT9YOy5qakp0q3diKitzXrwwDcP5QWkeE83dv73/koiSkrUFFwzqeCaSRMmJIW+Nj09fTAa7HJ5k5ibNm2KtM3GjRs9haGbcWyt7/ykUvvDPGmmWVa4LHFhZXOU9/XltKq1K7UBqyjUWfeUIfAFAAAYc1y2yxWmNs8Yz6qycpL13HDlU1ntOMP00bGGwcDQ6XTtEWZ0HP264h+7j+VMTCIKiH0vtninSbS2WT/7/PRnn582pOoKCyYVXDPJYPAG6Hr9oETqfTWEV9sJ/Jf7zUtzEnOlH4V06g3rkp1bTV/2Fv5y2ri161KXT5Ce9/xn+y3lfb/HIAAAAIx0clVqqqqj3i4QE5+i1Q5b4BuLVCqV2WwOWumss7Nr+/tHTp+pJSJ9XHAAebapM6jG2Gz5eP/JT/afUKvjFi3Mu+nGmWq1evDb3rshXWnCWtPx+n7Vb2+Jk65yoJgQ/4sN7OSdLdtOR8zgJuToNtyRNC8wd37xi9YtkV8CAAAAoxkTl5QyPczX5jAUEhMTW1u778Z88lTNe387YrN5L5g6f6nlcAJ7VapaF8dearV/dt50vNYSOi2aISJibDbHJ/tO3HTj7CH9BSIb4lXW3OeLWp5PMvw8aJEvXdzqeyfMPde5u8jyZTnvv5kwF8fl5qkWXhN/fb4iPnBHzjrzG/vtY/MCSwAAAIBhpVQq4+Liurq6urr4/7f98KmygPtZtHQ4XiyqDnhBSOArWQCNpk/LSE9PGew2R2nIVxgWhKO7jM/wqY8vUgaucctk5Gl/mKf9IYmdFld7l8jFydN04ZehcNZ1PP92exlmOwAAAAAMjsTExJaWlhf+uLfmcktQTlcUxaCaHqakKJXsbx6/c/Da2VfDscqsIJTubnp0h7U2/HwFJl7HZhi4SIFvW1nrrzebjrZhdTAAAACAQZSSksLIGIZhghaWYyg4FA7zYoaISCaTvfaXn8iiu/PF0Biupriript/+kLT/5Y62qJ/Ec8X7Wr86VbLeWR8AQAAAAbf735774QJSSGxbVBF6IQHkSGaODHlnbcfUSiG/z7GUsPZGr7Z/sG79g92cgXX6lbO1xQaIgTivOtiTVdZma3oG9t53AwCAAAAYKjIZMz/PLe++Ovy1/76sdXuvdZNDIx2meAKYhjmP9cuWvnteUPc2miMgEi8iy8tMpUWmTSJiquylNmZytwJXCIrWluF2pquksqusj7fshgAAAAABsy863Kvm3PVzr9/uWPnEaLgyb7SyFcuk/3Hd+Z+97sLR9I0hwAjIPb1sbY5S9ucpd90DHdDAAAAACCATMbctnrhbasXnjl7uaam8UJF/eVaU0NDmyiSQiFXq+OumTXpxqUFWVlpw93SXoyg2BcAAAAARrjp0yZOnzZx+U3D3Y7+Gqn5aAAAAACAgYbYFwAAAABiBWJfAAAAgNEnI10/3E0YlRD7AgAAAECsQOwLAAAAALECsS8AAAAAxArEvgAAAAAQKxD7AgAAAECsQOwLAAAAALECsS8AAAAAxArEvgAAAAAQKxD7AgAAAECsQOwLAAAAALECsS8AAAAAxArEvgAAAAAQKxD7AgAAAECsQOwLAAAAALECsS8AAAAAxAq2ry8Yn9Lnl8AIUd8i9Gl7s8UqiiSKIsOQKIpE/kdvgcjz6P+RfP8PqAwirWeYvv8aAAAAMHpIwwEmwsAvrfcXJZWM50dPhed/DMOIorcyXhMXfXv6HMj2NX6CUc1zdomiyDDSR+9Z6DmbA09jabyLwBYAACDWSeOEyLFvmG080a0k2KWwgW9fIYkLEUkjXVEUiRgi0XeWeWJcxpfH9VYGnoPh876IiQEAAGJTpFA1JIb1pthCo17Ps9LAt6/xL2Jf6Ikk/PWfap5ZENIIOCAN7HthD/sczBYDAADAaONP8fp/JPLk1Cg0E8wwTOhT0UPsCxEFznPofvScaZIIOOBFUe98wNsLAAAAI1SEi4D8pDGFKIl1A6JeSeDLSOc/9KkliH0hIs8ZFi7G7TUCJn/ojBkOAAAAEDlADRNmBF76FhT1homJ+wSxL0QkDXylqV//85Ith6uNAAAAMKqFuWDNF3sE/OS/1F6a7vXPCY4eYl/ogWd1MwobB0s2C7rizRsK95ASBgAAAPALDHZJcilb9/yHCEtA9HBtfXiIfSEiyQVt4QPfsEGw/6meZzsgKgYAAIgdPc9MCFmwLHzIG5Lu7U+WDbEv9CJ0pbPQtG5oitc32df705C3GgAAAEaQCDFqwLQG6eaRQl5flCz2L/BF7As9CUr0Bt7VoqfAFxMeAAAAIArB0W3w093BRvcsCGnUi7wvDLwIUx0CpvlKTzxPuheBLwAAAPRVwLwHUXp7C3/I2/+o1wOxL0Tkj3rDliVBsDQO9n9PEdUhxL4uTAIAAACjSpRBqiciCLyJsSdICAh5w86F6BPEvtCLSFFvyIczMeT0C7r0LfzuB6PNAAAAMEJECgECw9agKCI43g0Nc5H3hcHQfUNjaQQcGgT3cAr6ouQhajEAAACMEtI8WsRAIdLqv95dYH1fGFDS5R2IYaIKeYNSvJj4CwAAAFHqIWwICnm9d8VgRKzvCwOue1JvaBDs3UIS7yLYBQAAgCsXLr9GkpC3z3e18Ijp2FcmI5VSFqdgOJZh5QzHMkTECyIviIJL7HKK9i63O4avxQqa5xAaBPsnM/Q84QEAAAAgkp6zZv5QImzIi2vdoiKXkT5erlHJFFyYv5dSwSgV3fUOp2jrcps7XS730LZyxAid5xA4IZ0JyfuGeS0AAABAr6RJs8DVHq405PWLrdhXLqMErVyvkTOyaF+iVDBKhTwhXm62uto7YjcCDl3VwV8MdylbxBkRAAAAAB4hIWzwag89btxPsRL79iPqlWJ8LzdbXW0dLndsRMCB9yUOfkr6Y8hmQSfrYLQOAAAARruesmNRBrtY5yEMhihJx+ri+xX2SvcjowStXMYwLe1CjGQyw0146GmzSJD6BQAAAKkrzONifd+IZDJKT+bilAOWe9TFyxQc12DiYyT76xFhwkN/Xg4AAADQDwMSTlxpKnTkS08ZyMDXI07JpCdzA7vPUYQJMdwtAgAAgLFmkOKNMZ73TUmQxykGJTKLUzIpCfKWdtdg7HzUQfgLAAAAo8JYzvtqNTJ9vHzw9q+Pl2s1Y/kPiIgWAAAARri+hitjNnSTyyg1YdCz2qkJrHzM/gkp6OuG4W4LAAAAAF1hfDJmA7dEnXwIojWGoQTtIKaWRxTM8QUAAIBhMYBByNic78vKSa8ZopBUHy+PzXteRH/mYYEzAAAACDUsqbSxGfsm6Vgaqj8mw1CiDhe99cRzZvM1n7+46YMyS/CzrEqrT0nLnDy94LqZhXlp6qFrF19z4JUXdjSlr/rBj1dkR3Hcvm4/Qtkqd73w0qGW9JWPPHRD5uj9NQAAAPplbMa+ysFZ2yESlVJGhNi3F7bGC5UhgS8RCfYO0+UO0+WK0n/uflM3afGaO9YsyBiSkMzeUF5nEez8xVaesgdh+xHKZqprsAh2utDC35A53I0BAAAYYmMw9uVYRsENaeyr4BiOZfhYudfblVFNe+C3P5yr9/3IW1oamhoam2pOHT/0VYXJcunQm78/VXrHIw9cnx67CygPMl7yCAAAEGPG4LVuGlV/fym5PGe6ZtF0ZWLfpwr3/6AxjtOlZE6dcd31t9z/8DO/37A6X0tEptL3/rLjgm24mwYAAABjzxiM2Pp5Mwu5PCdXNUUnU+m4Kal9/rMMcaZ5TOJSpt/y0MN35auI6PKhnZ/XIDMJAAAAA2wMxr5yed/DUG/gyxARb3FWNPd51QZ2DP4hhwOXdv2dN+eyRELdoQMXzMPdHAAAABhjxuB83z7fbCIg8HWUljvb+n7dWn8CbgiHS599Y8GB8n91mMpLamzTZ0iuerPVHN974Oi5i00tLa0WgVhVUnrmhJyC61csnp4SPDmYbzl19MDhk5WXa2saOwRiVclJmbnzVqxYMCM93HV0vKWy9PMDh06eqzRaBFaVnJYzedqCVTfODbsxEfG8ueborp2fl1QaLQKpkidk5k5bvPiGuTm6MBvbaksOf/l16aXKmjqTnVidITNn6nX/dv31hWEu6Yv2d+Sbvnz1lS3ndMs2bliTKZw7vHvXgTOVjR36a+/55f2zvVuaq44ePnTo6ws1lzvsxOrGTSq8ceWqBRlR/TMAAACMUWMw9mVlfQlD5bIsSca3f4EvEbGIfQeMKj0vjf1Xh2CqKm+wzcjxxId8zYHXXth+1rtQBKtKTmZtptbL5a2Xy0+VlH/vlw/Mk1wbZ6vcu/n3Oy8Jnt3pkvS8xWQyln+1u/yrzwvue/jBBWkBobKt9sCru/eWthKxuuQknbnVYqorM9WVlV0yP/rDZZkh19zxllM7/rzl00sCEatL0vEWi6mu/Ku68q+Ofn3XDx9cnBEQozYU/2XTu6Wm7mabTcaLpcaLpYcPFPzHj++TrjLWl9+Rt1ysaRXslsrykzt2frC33O79Vex2z0wRW82Xb2x6r9S3L12yjloqDr3zwtHDi9cWYDIJAADErjEY+4rU77V9sVDDSMDpx6XpqcJEHQ0mgXI8lZaG8ksW1rBg7Z2rrpua4o0XbQ1ff/Diq0cbS3fvOjX9wUJvzpWvObpt1yWBkq67756112XrPfEib6n8eu+2HSVmc3DkZy//dC9p81f/5P4VU/VERLz51O4XXjp02V6xa/fJuQ/N1gdtf273m2XCuGv/4+611+fpOSLiW87seOm1A5c7Sre9t3/yT27xh8u2CztefbfURKSadON961YVelYvttUc2vrCO6dMpR/8ZVfGb9ZO9UW/ffgdfYTKve+V27nJ1/774sXzCnPS1J4j22o/f2dnqYWItPmr1919ozdnbD534C8v7X6zZgy+6wEAAKI0BqepCq6+hLAud3W5vcIiEhGnUxbkKvqxyEOfDwo94tQqb7KX98epyXMfeu7NV//v/Yv9QSERqdOvu3lVgYqo49zXl3yTg/mW8pIagdjJi1f5A18i4nQ5C+78zabnfrMiIySRy05e/cMfewNfIuL0M25cc10SEdkrj1eGTjoWhOR/u+eXD96Q59s7lzJ9zUN3FKiIhEsH9p71vcJWuXf7gctE7KQ7H92wttB/2w515uJ1D/67gYgaD+0+2tCP31HSFrtu8Y9++ZsHV12f5wt8iVrK9u69KBCpCu57+McruidL6PNufPC+ucmC0Pu/AQAAwBg1BmNfV1/DUJer8orD3z4fFKLA9b7Ery5lnJaIbBYL3+9v8pPnrlkcFBDrMgsmqIjI1mG2heyXnbJixcygZDCXMnvVikkskaXcFy6bLx362khEyQtWXh98/zR13opV1+mIhNrDZU29Nbyn35HNvXHFjOTAOkvl1xV2Ipq4YNV1aUF/Qv2Mm1flq3o5IAAAwNg1BmNfoc+LNHjD30ve8FfRjzXO+nNQiIC32W1ERKxaFSFK421ms6mhpqry3IUas0BEgs3uCwu5lNyZmSwJFz9+Y8fxmtDINQSbkhFyqRxx+mQ9EQl8mNA3c3pe6AuIS5k8SU9EltqLLTwR8ea6GhMRafMKwt2oWT8hP1NFJDSUN4Vfybin37FbyuQJ+qC22EwXG+xENC5/Zpj7g3C6zNy0sAcEAACIBWNw5p+T71cK1uUqL7cLuaosOV/R1udItp8HhTB4c2OTmYjY5InSEJO31JQePXT4eMm5OkuPX9pzmQvuXnPhhe1nL3769pOfEqszZGZm5OTPvK5gWk5KmCiUU6uiSDBLttcnqcNtz+nTUlgyCXazjSfieJvJRkSkG6cPG8Gr9MkqIjtvtth48k9KjvJ39FMHR75EfIfZRkSsPtxJip5ZAAAgAElEQVQvS8TpU7QqIntUuwcAABhrxmDsa7W7k/X9mrTrclWe6azs70H79ToIZW841yQQUcqETH9gxzd9/tL/vFNmJ1JNzC8snJg0Tp+s1qvUKs789c53vmoN3IM688Yf/nFB07nS4sNfnz1VVnexzHixrOTAdkoOXlqhPyLHyYFTErjeImqeiKg7xO3b7xhFOzkWt4UGAAAIMgZjX14Qnbw4lDdac/IiLyDvO0BaLhwu6yCi5Mkz/UGq+dyBXWV2IsONv3h4bZ50rQO+5nKEeRHqtLwFq/IWrCKyNZw7e6r0+KFDpxqDl1boD5tNkqmVNsXWahOISKVXc0TEqZPULJFgN9n4cAGz3WyxE5FKr1P7FmHo8+8YFqfVq4ksgtlsD3dg3mzuQNIXAABi1hic70tEtq4hzcIi6TtgeNPRXbtL7UTshMU3+iNU3ny51kJEyVMLMoMW+bI3XOw1IapOz5u9bO29j9w9jSVqLD1eE36CbbSEmrOVIQulEfENpRcaiUiXMTmFIyJOn5GpJ6LWc6XhZvS2XCqttBNRymTPbOAr/B0l1MmT01VE1FB6oSVMM1srS2v7sDcAAICxZWzGvmarWxyqPKwokrkTse9A4E0l215546tWIpq4ePUNkptKqPUqlohsrebAKNJWefTAqT4mMXuditAr+9ldu84GRb98w9Fdh+qISJc7O8ezBoR6woICAxE1Ht79ZXC4bTl3YK8nxL8u37sUw8D9jrqc66aoiISLB3Z8HbSIBN9yau+ucqxxBgAAsWtsxr6CILZ39Ov+bH3X3uFyuTHh4YrYGs58vuOtpx998qV/GgUiXf4dD66RTkvg9JNn57BE9rPb3jlwzhd12mq+fOPV3ReD9sXX7n/u0fse+O8XdwTkd/mWs3v3nhWIdJOnhr8GLHosa/rqtSde2nWqwebd96kDLz73XpmdiJ20YsU03/Jn6pwbV1ynI7JXbP/tn984XOVpOG+u+vKNV1741EhEExevvN4b4vfld+xNSv6NKyazRB2lb/7PC9t8i13wpnMHtv7+5RILOwZnOgEAAERpzI6C7R0ufbxcNsixvdtNQxZkjxH2s68+8uNXIz6tmvitOx5cOztocS4ufe7atWdeeOeUpWz3c4/sVukMerW9pbFD0E1bsdi+/9NLkkymSq9TkWAs/fjt0o/f1iUb9GqOeHtLY6udiMYtuH+NZGnevp7+LBGRasbKtbqjW/756abffEoqrY7v8K3JoC1Ye4c0XU0ps9c+UGt+6dNye93hN184/Car03EWi9278Z0/uP/GbH8c3pffsTfq7BvuWn1x03ulFnv5p28/+SmpdFre0iEQsZMX33dd07btZ+24Dg4AAGLSmI193SI1twtpSYP7Cza3Ccj5Rkk9bmo6e+piaASn0ianpGVOnl5QMG1GXkboNWRERMRlLr73qXFfbtv+8deX7XZLK6efVHjzigULCnNsB04dumSbOMG77hiXPPfBX6YXHth7+GxlZZ3JZLSYiIhUyZMKChasWjVPssiDKj0njf1XU05umPV31SlTM3WHGrmM7rUmvNvXZuZOnXvj9TMWHN218/OSSqMn8FVNnrvmzpU35ARN1SV93qpHfjv9yx27d3x1yU6CxUK6cZMyJ09ZcOONc4PXm4j6dyQiLmlypuqQSZU5Thf2D6bOvP7HT074fMd7O76qsxPZLXbduCmFN65YtWCquuHzQ+zZmvQrzn8DAACMQszKn1UNdxsGUZJOnqjr13pnUWizuFotYznp+/4zE4e7CQAAAAC9YH2x3qZNmyJts3HjRk9hbM739Wu1uLocg5KYtXWJYzvwBQAAABh7xnjsS0SNJkEY6MV3BRc1mXq/WS4AAAAAjChjP/Z1ucWaRt4ycMuQWazumgYnpvkCAAAAjDpj9lo3KZGouV1w8LLUBJau5HZvIjW3CxYrVvMFAAAAGJViIvb1sFjdti5nok6uVcmZPua7RZE6bK42i0vAFF8AAACAUSuGYl/PPN3mNler2ZWoles0UUXAbjdZrK72DpcL2V4AAACAUS62Yl8Pl5tazK4Ws0upYOJVsjiFTCYjmYzkDENELlF0u8ntJrvD3Wl3O3lM7AUAAAAYI2Ix9vVzOEWH00WEeQwAAAAAMSGmY18YmUQRuXaAEYFhruTq4KGDTgNghBgVnQZiXxhOGLEARrKw79DhHdvQaQCMZCOw0wiF2BeGFMYtgNEu6F082KMaOg2A0W6IO41eIfaFoYDRC2Cs8r+7B3Y8Q6cBMFYNUqcRPcS+MIiufPTC+AcwxPo9Gg3IeIZOA2DUGd5Oox8Q+8LA68fYg+EKYISI9GaMfnDqx3iGTgNg9BqWTuNKIPaFARblgIRxC2B06ceMPVEUo9ysHw0AgBFu8DqNK4TYFwZMNCNTn0YvDHUAw6JPAWvPG3s2i7QNOg2AsWHIOo0BwUpDbJHIfyjUoz56vY43V75BZCNr5RSAEa+f4Wav8WsPXUfoYIZOA2D0GBGdxgBipfuVHgH1qI9SzyNQD89Gforpcf5Q8G6iaSQAhBXpXejrCkTJlmLIs0G76mWs8n+0RqcBMHoNS6cxsGSh7ZP+VqhHfc96HqXCPiv6SOoYUSTPf55NiESGobD/AcAAivxGEz1jmOS9GZC17fkNHulw/XsWnQbAyDH0ncaA/wqs7zeRZAElPQXqUd+DSGdkpJM7sILxfeAjz6AV5c4BYAj4OwHpPAX/h2SGYXw/hv/uMlI6p+f63irRaQCMXIPUaQxG9jdwvi/KKEd9hkUf+IZkazznd8DQhQu9AYZLD99Fhm4m6SoodDwLHczCzvGNVB+hBp0GwMgyZJ1Gr/X9EzjfF2WUryDwjWYAi2b0wlgFMJR6eMeFjVBDx7MeBjN/TdBRPCMZOg2A0WhoOo3Qgw5U+Mv6OyA84jHoMdJJ0/fAN3gACx0Foz9QoIH8EgQgZvTyzpJ+ERRaH248Cx7MgjoQt9sd2qWEVqLTABiphrrTCBuHDFT4y/ragUc8Bj+GFU3gG2kA63n0Cp3b5/+uM4j082HP5zcA9CBsoMgwjCgGv7nCDmDSH4MGM2nmxlMOO8/BX4lOA2BUGJpOw3eswQp/kffFYx/yvn0KfD3vhNABrOdA2VtivO+isFkffL0JMOAkb3npW5iCZiz0MJ55BjPJ5Whh3uwhkW7oWxudBsDoMEidxhCEv6w00PFE7pIy6mO6Pho9BL6hI1C4wYwJvZClh9VOMKsPYMCFxqNBT0kvUvFnd4IGMP+A5HsXRxzJgg4hCYjRaQCMDkPcaVx5ojcI8r54jDbv29tVKd0jkyj2lLkJ3Mz7aS9o6Op5uMJgBjAgehjAgjI3vo1F3xDFhA5gIbkc7wul/UnQ15q+mQ8UNlWMTgNgpBnsTsM//6Hn8PcKA2LWn/PzBj2SLCDqY7w+6Dzr+UzqIfCNNID5v+kIewhJjifsgQDgSkUYP8SwY1jgV5Zi0GAWblQLmMkX+eO0v9Ng0GkAjHCD2ml43uA9dBpRtCQqyPviMeJjr2+AkHKvgW+YASxkP/6EkPf//mc9ew4a/ACg36RZmcjEoDFMMmKJ0o/Q4XI5ASNZ9x4DJ+yi0wAYLQa10+gh/L2SSDcUKwl3iCRl1KO+p/O6L4Gv/2vNSAOYf/SSzAoKM1xF//0mAPRKOjiFPhV2lpN0DAsazKSJn3AjWfAkPyJiGJm005A+hU4DYAQa4k4jdMbUQIW/yPviMeJj98kbxZgRFPiGy9yEHcD8j56XB9VHPK40b9S/Ux8gVvUnBJS+F6WBrKQg/eQsSnsS6dzfwH0GdBr+5X7RaQCMMEPRaUjjYN/c314P0c9o2Jv3JenhUUbZdyKGHUvCJn09F6CEJF2Cx7CQAaz7i9HQoUv6bWbYo3sq+nHeA4A0ERv0jPSHoGHJUxc6mAWNYdKj+L4kDZr54K3s4UskdBoAI8rgdRqhV7Z5rgHodeZD/8Jf5H3xGPExyrdBpAxNaOBrbOPVcTLR7e7Ld48YpQAGVdi3mNjbBuQZyVi5TC5nFJwssANxS7sRf4fgeUo62yG00wh6qs7eoWdUoqtPExbQaQAMqsHoNMSgTkPyY+/XvfUV64tOGEmkgjLKTKShJmwaWHpOhg18LzUIr++2VDcKM6fEPfGDcax8AM9hABg2guC2d/FWm1PBMSwrC+1G/I9Bka50Ml/YTuNMV/P/rT94rqtlgS5zS94aBYNeA2AsCNtphE29SSf++g1IHCzzz0T2BNcooxxl3lcy24ECQ97gMazLKf75b+bqRoGIVizQIfAFGDNYVqaNV+p1Kt4liqL0sjYmpE8g38wH/3XiETsNm5vfWPvJua4WIvp+WgECX4Axo0+dhm/mwwBfqyrzHQyPeAx9DDt/l0JrIiWDPfX/+Ke1uc3lqb8qUzmApy8AjASqODZOwTmcLt8la5FWZvBM0g29HJb8nYbb7Saizc3/qnVaPPUF8eOH43cCgEEk7TSCZkD59RBg9PBjNLx5X/8jScqoj/n6iIKSvkGnqefyTP+Ppyqd/m10Gllfz1EAGPlUKs7tlk7bJU9GJySLwwRNAg7baRy21vj3nMiphvU3A4BB0Wun4TEYqV+Z9Msm8l5JK835oT5263s9z0IHNs9rgy7Qrm8R/C/hWKwuBDAGcazc5XaHpHWZoP7Br4dOQxTFKke7f89KTHgAGIs8nUZIfje404gm6u1rWCzrvkuHJ7RGGWVJucdzK3xqOOQrThJcfTonAWD08eVsSDpRzzOBIWArpjuL4+ffzN9pOEX0GgBjXNhOI2wUG9ppXGEOWNa9C2lwjTLKkU+sSJ/DgvI3/hRO309LABitpG9/z4gVaY6vrx6dBkBMC9tphN1moDoHz+RLRpLEQxllabkXYYc06ZcX0ewEAMYGTyzbQ5/Q87VuROg0AGJLNJ3GgB/UE/tK9y6ZA4p61PuEnHzBsXG4/I3/MxwAxISg260FZnG6O42gSklAjE4DILZIO40eUr8DO+2hO+8reRRDalAfs/XBpJ/DesvfBJcBYAwLmq7gL7t9l7MECZ3pG1oGgLEt7Hs/bOp3ANPA3XlfPOIx3GP0gr6z8JQxhgHEGjEoi0MU6bM0Og0A6FOnMTBkkm6GQRllaZmiJvlys9fJEgAwZoV9+0tnNUifQqcBANF3GgNIJglwRJRRlpYpou55e2FPTemoBgCxJty4xfjDXP/YJv2AjU4DIJb1EOz6K0On/Pabd77vSMgyojwiy0Q9zrzpfk3AsnyMfzBDCgcgpkje+Iwk2BVDexL/tkTkXwoNnQZArJH2A/6acNfTR7zKqK+8831HQpYR5RFZ7p1/kAv5fOYt9mVnADCK+UeicF8NMYEjFjoNAIi20xhYMu9iNN5j+OsZ1KOe+gWZGwDoUz+ATgMAhrIfYD2BtmciluRjt4h61FNvpFmcwJyNKDmPe90NAIwRoQuB+3uSHr+sRKcBEKMk3/x4wghG+pT/OoEo77cVJV/eF494DHmMIPwZGGG8wneXALEm9F3PRPgsLUbYGABiSph3fdigYqAud5N583wMib7JFkGPqI/Z+qh5T8Rw8/YAIEaFnb0XVECnAQB+PXYaA6k778tEyP+hPmbrPaK5W5v0fI30FACMef4vKD0/ut1uSYcQ9IG6u2MJursbOg2A2BH0fpdGEaFPhZb7N0dKxjAkipJsH8oo+8phRbMKvf/cxdw9gJgS9r0fNGJFGsDQaQDEoF7f+4Nx7xuZJ9DpzvahjLKvHKWQa1b89X3YCQCMaoERrfQZJnQbdBoAINVrpzGwZP4Zn96gB2WUfWUAAACAMUYmiiLTne1DGeXuMgAAAMAYIyOGkWT7usuoRz0AAADAGCMjUZRk+7rLqEd99CJdmInkMUCsCdsDhF7Fgk4DADyi7DQGkMyT8/Nl+4IfUR/L9T2L8npMXLINEDvCxrih5R4WTESnARBTeu40eq7sN5n3lnH+bF/gI+pjuT5KkbbEAAYQmyK99/19BToNAJDqtdMYWDIiSbYPZZQDyn2DcQsAQvXQM6DTAIBQg90zyIgk2T6UUQ4oh2J6/RAm+gzKCQsAo4GkH+ip02AYz+dtdBoAsS7KfsDTaVzhsWQkyfahjHJAGQaM2HSus7jOPdzNiIa79lxniXFUNBVg7HJbS5rPljiHuxnBhIrWskNWYbibAXBFWP+yrgzDiIGPqI/x+uhOIYaGbD003rF7c+MbNf7DyebeMf7xa1kiInvXzrdbihITHlsdn8YRETmNHc9sNpV2eBtpyFQtX5a0Oo9tK2v+9Ufi2h+kLkxiiIharX9625KxOu1WlfX5tzomrBn3/Ux+5+vNxZkpT9wSF09E5C4/aNxcH//EuvhEos66ji17LaXVvLGLSUhVzl2UsHZOXCIntlVatnzUcbRGcMZx+dfo7r5FO1klaXmr9Y332mhFXKHK9vzmdm7FuF8UsL7nXKd2NP65WfvEel0GR511HVt2W45W8+0kz86KW3JDwvI8TkHuU7sa/2yMf+IeXQZHRNR5zvTUfrptMfP2Fktd4B8p4ZqUp66x/3E/3bk+dZ7O93d7vaXk6tTHF7Hluxo3t2qfWKdN46izuvWpt7vy16V9P0dORJ2Vpt9sdy65JzXjm/Y/dYjP3aP1/CUBBpSnYxmiTqPLXvaz0x/vdvkPnv7M1XfepWGJiJw1L1d8vI9b9HLOtIky78Y/Ov3xfu/G8hx19rqJy9YnaIymPXfV0iNX3XyTiiUicpx95PyJnKzv3M9V/Oz8NxnZax5TW14v//s+7a2vZ47XExEJp2t2POaY9XrONINMuGw6/Lv6c0fslmZROT1+yrr0Bbcl6ePc1tPNh5+tP1fsdOgU6TelLdo4LtMg6265sf2fj1S33j9taqEifGtJMEY4aHZl9fbHHPmvXzVnioyIyNy+f/1leiR3WQF/7EcVFfMnr1mvZYmIhJpnyw/Upqx5OU1PROS2Hqr++5O28c9OWTJf6f37Hane8aTjmten5HsPSkKt6fBjLuH9q66ZKGktwGAa+Dm/MiKGRNGX5/OGPp4y6mO+foSxu6o6KOHqxMfWpz29Pu3pDWkbrvFEkGLtN+27jWQtM++p8Y1ydt5oZ65amPLEesNjd+iustu37DKfsovWVsHYbNv8nuUiT0TktAu1rUKtXSQ7X9sm1FncZHfVtgrnP2/Zcs6T2xCtRt7Y6rLy5Gzt+PPrpn3lroQ8/YY7EpdMEMu+MJe0ic46yzOvtR0l5erVyeuv5ayVlj3npHkRsbaso4Tn5ubIyc4b24Qv95tP2b3POes6txzjjRbeKpDT2PH8ZtO+SnfGnMSfrIqfYLe98XrTlkoXkbu9VTCWt/1pf1enp0kdQp2Rd4zTP/7jtKfXG+6/Wk6s8j++Z3h6Q9oTK1Rsq1DbKrR3id1/t1ahzuhyevbTxluJiCjeoM7X8nt2tJVYRLLYtuzoNCZpCg1sdr6CqjuOGkfgGQDQR7ypwq38Vvq3389d837uml3Tbr3NE/iScNl0dGsXWcxfvWHp8m9c65bPG/ft93PXvD5pdqG76ndVh0sEweIwV3ade6zqmwqBiKhLsF52mCoFIt5U4WitdbjIba10WIob9mxq9by3HM0OU2WXxUJkNO2/q+Lr3Q7l/LQbXsqcVcg0bG08VykIl5v33nWpzKKZ9cykG++PZ0uajx6ySzoNt/mIsaJZOXW+KnJrIx3U7TA6LJXmLx67XGMmIiKLw1zpMBtFcvCtlQ5TJe87kMtaazdfdjg8e+yylr3cZibH2ReajN5juB1Ge2ul3WTp/h4obnqSgTrL9tmR+oVRjCUKkwVEGeUrvrpysPLBmiRlYV6cQlpld3x2hM9YmLy8vnXLF/ZbM+N9CUsmMTOuMI8liks02o4eE9p5SvS0rbr9z3sVT69SKcIfhLg498H3TLkbDEsN/jqx9puOkg75ku+lbyhgFUR0re77RETUVuYwEnfTquTVWTIi7fJVgfviXeXlPGnjs1UMeULe5s7t/9LmLlIoeOHofvN5wbf/so6yLnbJPeMezmeJaOnVSs2LxoNf2FfnxBERsUxVUcsbWeMezpd798zKM7JUGeRWlMs4lTw3Rz1DR0RibZR/SlXc2jsSzm9u27xTvpw6D3bFbbhXm8GR06A0CF1Ha4TlE7hIfx+A3vSjAxmUTkNJ8onx2fMT4gJqBePWFmNGyop1jv2bGisu6/x5TdagzpyfoCGamNFVta/Z2uwiHZGS5NT5xSOXDe9kZyojtF0pd/zt0t7pqu/e7v/Ox20+1FRRKZ/0P9O+e7uGJaJV6d8iIqKuElurhct7ZNK3FiuI0q75UdDehNZimyNVa0j1pXjDtzbsQb3tYc80ffy7+DufTdZH93eyFjeW1aoXvKC/8EjjseJxKxZHePPr4iZmuL86ZDGv0yTHhd8EoH+GbnFvmTfnF5gF9JVRH+P1I5BYV9R4288vrfr5pVW/athdJxJRW2XHlx3cknxVwXwVV2P50j9XVXBXHWt7fZfp9e3NfyriNZmaq1RERAqt6u7V8fQv0+ZSPsJsOlnGtUl3j3e+sb293OKvdBvrXbw2bmEOq+D5z16r8bchMVNTqOU/eK3xDx9ZiiqdbXzQ3ly1HaJCx3nzTXHy/Fy2qqj9aKvYWWPeViOfm8tquvevXJjpmw6hU8wYL7PWd9XaiYjRZOkfXig/urPlk2gysl2Ozc9Vr/L8of7LeLAt/EsUE3QbbomznjZvOU1zVyYvNTBEpIhjDSq3sU4YcVMNAfrOIdq2Xnhx4tE/TDz6hyknDpYIRERG8/F9vOG21ImLU7OVncf2+Sewio7Tzf98turgs5V/f6SpWRc/dTpHxJCSy/5VVj6ZPn6q2ewIfxzl9NQlv1Ibf3fx8Gn/O8dtPuNwpMZPm69iyXHhkRJ/G+JyEqfmCKd/dPbvz9aXHekwdwXuq8tlvizIdUqNJ86O2NqwByUikqfGz30mTbOvev/71qB9h9dlv/BOhzA/dWpB0jXzqeqdNlOkl8Vx+omso9ZmifB3ABgFZESi59M2w/g/c/vLqI/x+hGI8c552JD29I9TlkxgiHceLbI7M+MLDUz8+Pi5WuGTIs/EAC9nh7Pomy66JuW36/z5YErITfzJMrZst2lfvSvsYTgtt2R18lx7x5/22owBX+6JTiLiuIWr057+njabdRm7RNJpNvw4/efLlFTf+frm+nueatxZLdmt4LbaRS6OUfiy0RPmJyxRdW3bb9n+kY2uTlg+Xha8f98vy3EMkch7g2nZVUtS7s/kt2xvK7P3Fv6y3E13GJ5en/b0+rQnvqcviJifYTLmJN2ZKUu4OvHufF/Mzck0LDk73MExPMBoxPjnPNzx/lX/VsgSuU37mqoc8fmLlaw+Pn+l0rLVeNkseYWDr99tukyJ337fM89VJCIyJCx6drz+yOWP/9ZpDXscJWNYmb3sJuHEI9UX/J9PlUTk+TCuzP5V7h2vp09MdVktbtInLHn/6u/8KkFZazq8/sxfZ586eEQaSwoOC5GOkxP10tqwB/U8Uzjh5ifijb+7+FVJcCfX/bMvwO06Y/ymlMm+TauJU068TceWNp44E3FSg1LHkMPVhdgXRi/W9zWTL9uHMsrd5ZEoaM5DZ03H7kp3O7Xc8/MWb1Wr5ahRtZCIWFn2nMQfFshXHml6dJf5s2vV38/xB/SyyfOT19c0/WmngxdkGeEOpEhS33+n9qnXWl8XRBpPRDLDeDn3jbOk3jVPJ1ckKWcQn8B5xw6FTrlwkXLhIiLe8b8vNu4+aF9yb3yid0+MgmWkcaRCFXfrDXFF77btiVP9ZF1cwhHPQCbLyGS5bxxH613zdHIiIovjaLWLS1IaVFTleSXLLV2dXL65efNekWd7/L6RlU3OUs0wMEREFrFIxdRF3pYXRF6Q/HPzIk9EuNANxoTQOQ9my/GtHY5a+nD2vz70VjmO7rNPXElEjPLq1G89mapc1/D32y9/tTUt+zGd7zMhE3f1uJt/1bn9Z9X1JConhj2WcuqvsuvXnz/4lNvlUBHJ9DlKZXPXhTN83kQla9BkznOcUJq8G+s1U+/STL2LqMt6bP3pL15unVWQ7ptFIJMriRxiT629XR7hoH6y5FWTVpSe/fvPal0O2SQiUsqVOnJUdFm7SBNH1OUwNrtJx8nJcXmrqbmZb7699ITvxWe3mucWJlI4LkS9MNqxRN5Znt6gB2WUu8sjkbXVUXJO1BARJ8tIl5d9YTMmqjes0k5giYh4u23bzs49/3IU5PtfwWRco1/yhXHf/s6l67XdO+K4hSuTy41Ne+ojRvnxWQkP3+J8dKfd6t2PrrCoZd/bDe3ztXMzZe2V1jq7mEFi05HGRz9y5V4TPzeP07RaS42iIlPeHTqycoOKnB0uK08aX5PS8hPvniOWZSUuTJL5pucyGdcm3vpN0wdbm2iJNp91HCzqLGuTX79CncH5Yl8i0qnvvlNXtdk/S7jPeLtwvtxuZYk4UiQqc7UhWwjuNjtptHJN2NcDjCoOcl3urDoiiyMipTxpuoYONV6oVEx5JvOaKZ7wka96oeqbrUbjTd2hHjslee5txh1/qy27Le+a7n3J9Ksm3Xzm7HuvRJ5HoNcteHai8fZLlxxEJNMvHjcl58LpH53esW5cfoG860ybsVk0EFn3Xdj6WKd+ZXLe/HiN2XzujKicr+j+OBvHagwyVwXvILc5UmtXpkc4qJQie+PkBafPflHsJiKKU2XPV379Sv3BN7i5hXLroYYTpTT+GZ2mtvXAPiHp/kmLblKyRERu8+7LB3c3nq3QTyUicrWWmKssciKS65SGq2VWo4t0Sr3uiv9pAIYL65/l6f2yG2WUu8sjjEqeoRIPnm579rTnZ1nBdxMNRiZ/ScKSfIUvE6ygSsfmGof5GtaglRt0MiIiVdyty9Rl+7vKO7SFWnmCVp7oiUx1qjvvSKx6vSE+lm4AACAASURBVFOjYkjl256TZ2hlVq1MQZ4pAck/qW56wy7jiBRJ8T//sWzPfktRWfufi0QiZsLVCXNT5YmJ+pXnTFuK244WE6dls3P1G5Z41kcj8sToBjmVO412MqjYBK3cEMcQxy29M20pEZGoSJJpdKyGJeLivn+Pgd5t+WCv6SARl6i86Y7kuwtYIpdGK0tQyTyzJuKzEh5e7XzqoMw7gZgYTaJco5VrfHMqNFp5oooS4nyfXjh5hlZWmyRTEJOglVGbbfPbNs8zhjmGTasVCYlyQxLrezl1djiNgjw3Bxe6wejH6VPJ8c+GD//ZQERETPoTU+fVOthvjVtwW7LBF2saHumseayzvi5Fn8FqUj0zDRTj143PO1J/+bTjmvmcPpXTePoSUmRunLzo9IWzqSwR59tepsxQKC1Kpeei1CmpK561bH/WpVESGZKWvZ9reKXx3KH6j99wETG6ZWl501kNpc1dbDv4RsPlN0ieoUgqMCz5VaLkojS5fjonP2JtbeYdpRFaW0vjwx9UpjRwcalujVJGRKTXzn4hq/6ueqWeIWIzfzjl21T91SsXd1iISJ56f/aNt6kc/6wzZyQuuj91qn8hswzX5ZLaqtOufAOndPAVj1dUeJ7ISVrzfpqx1q2+WqvHhW4wejG3bKxkfNk+URRRRtlf/tszE6W3FpTMiCD/zVfE7p8kdaIoip7tRVEU1/+ueyrdrucnDd/ZPmzaypof3eqY+4Px63NG/pKYYu0XjY9+Lv/JxtR5uhGa+4cRSBTF2gazknN77ojOMP5LBmQMI71+IGB9X1EURZHxTIn1dBqe+0rOvviGf8+X5/5iqH+Z4ddVUvXuXW2Gl/NvjbTewjARKuq3396oefbq794UfsELgD7wdxrk6TMY8pW9P/t/JP8W5F0Txt+reAoc6/1x06ZNkQ63ceNGT0HGEPmzfSijLC3360yGMBJztNcbxPLq0bByAu8qLxcSrtbmI/AFGDZx0w2zCsh4pCuqVRqGjtt62mJO1V8zD4EvjGasSMQQI5Iv2+crSx9RH6v1MEBUcavvSVvKjoZZBJx87qq0fC0XH8W2ADBI4jTXvJCbSaoRNrNApl+cdVshZ4hy0WCAkcmTI5Zk+3xl1KP+Cs8tkIpPUoySaJKJN4yWpgKMYaxBY4his6GmVyHwhVFPJnpuaUvkX+LKV0Z9rNcPzikHAAAAMGxkDOPJ83kmDqOMcnd5uE9OAAAAgAEmC5f5QxllEXlfAAAAGHu86zz4sn3esigpoz5m6wfnlAMAAAAYNp75vuSd5emb68l4y6iP6fqhPBEBAAAAhoCMYUgk8ub/AjN/qI/x+iE9EwEAAAAGn0wUA7J9jD8LiPqYrx/hnM3nv/ji2IV2frgbAgCjAt9ecezTI+fbR8E9ZgBgEMm8OT9ftk/0ZwFRH/P1I5ut4sMtr7725ptFjRjIAKB3zsYv3nrzrVe27Km0DXdTAGA4efK+3Zk/lFH2l4f75AQAGEiemBdfFQHEOJYYEkVv5g9llAPKIxTffPLgzj3Hz1a2ElHNh68+XpycNW/JnTfNSvXdMrj9bNEHe46cqWlqMdt5TpeemTFl9sKVS2aN10R5CPOJ9958dV+tfsl9v1l3tfdF1vPv/OGlTyqF0K3TFz7wm/8zK2FgDg0AA81pPlP00Z6iMxU1RNT6xV//cEGfNuumW26dP9H3vrRVf/HRzoNnqhtMLTaB1ElTcrKnLVxy6/zsiG9ca9XHf33jvVPcvB889OD85KiaEeElzvaq4n0Hj5ytra5pMpMuPTNjyrTZS2+aMzWB825QffC5Z3acDZOt1s3+wU8fWjRuFNwsHWAkYckT6OARjyGPI5HTdOzdV186WNudubG1NtS0NtRcKC66/tHH/3NWAt98ZMvTrxxv8W/AWxoqzzRUninybtDrMfj6L9556cMLNiLz2Qstzqs1noHF1lRdEybwJSIb72nOlR8aAAaYs/30By+/ueec3V/DtzTVtDTVvHLySMl9v/nBnFSF+cRbf9x0sEnaq1Scaq04ddy3QehezcfefWNrSSsRnT1nss5PjuKzbfiXOKuLNj2z7WR3XOvrNA4W3/v4Q/+exRGRraWqOvw0DZ5HEhug71hPoEOSoAdllD3lkYev3veGJ/DlUqbOmzdr1pQ0vZps9Sf2vP9lRUtTs42nBLK1NLUQpcy4YfXS6XpOMFefOFJ07GSDQA3FHxQvnLZ8Ys85Emd10ZvvnulhPmDKvDV3LUxTezMyHHHJWVO8w9gVHhoABpjTVPxXb+Crz5k9f970aeN1ahJaTh7cvu9CS31tOz8nlezN9SaeVNOW3LJ8dhrHW6pPnjhSfLLGRi3FH3120/Q7p6gDd8o3H9n2ZlGr/8co2hHpJeaTH3500kbEpc27/TvLZ08dT01njx/c/v7xBtuF9z44MWfjHMlHZtXM2+9ePoX19j3Ecfq0qeP1V/YHAohF7EjIL+JxZD6OOE7LhZO1PBGpp9/3+AOLUn1DwLSr5yz9T/9WWTc98MxMSs9K9gaaM2ctWjjrxd+8WmwWmiubbNRjAGqt+uStf4T7brEbl5I9c2Z2uJ1wV3RoABhwtqpjlXYi4vLW/PIXS7L878CZsxat8280btGPHp/K67JSvTHurNnzl877f48/82ULmSqqLc4pauk711lf/ObbJ819aUXEl1hbz1ZbiEg/7zt3Lfd8M5Q9Z/larubCc0UWW835euuchO6UMpeaNXXWNHXobgCgT2TeGxmEZv5Qj/oRx2azCURE+rR0X941DEVylj/6DKROSY78MiKyXfhw2weVApc5c3ZKvxrY/0MDwCDgeRtPRKROTdZH/uipSBjnD3wDqVNSVQGvc17+7K1/nLRRSuHMzCjf0j28hGP1am87Axrt+Umt1qDXABgELNHw5xfxODIfRxyFLisriWpaqeHzl17mly+dMysve3xvg4OzveqLd/9WbCbSz169JKOHaXnWsx+9+mEtr5667t6b+LdOHo+wmfnkP5473lTRYOE5VXrm1FlLbvmPRRPD7jb6QwPAoFCPm5JCZxvIXLTtJa5x6bzp03ImJvT2/Yu1+th7W4tbiNQzlq3Mk04q4Kv3bXvvnJ3LvOGBW8d9cOpkFC3o8SWKcbPmTfqg8pK5+B/bCzPumz9O4TRfKN6xvdhCxE5bODs9oKm2M3tefeyt2poWO6mTpuRMX3jrLf8+DXMeAPqM9Wf4grKAqEf9yKOf9u3vLKx4s6iBWk59ufXUl1uJOH3atJmz5i9cOG9aQMK1/fiWp18ubvAnU1Kmr/vR2vmpkQPl9tPvvfV5A6lm3r52aSb/SeRG2GounPWUeHtD5cmGyjNnah765bqr/NPy+nxoABgkmozl62448cfPa3jL2YO7zh7cRUTq9KkzZ85ZdNO8WQHvStuZrX98bl/3dbT6vBse+D8Lx0u6FWvFR3/5+yWem3THvbdM0Z+I5vi9vYTLWnL/xpY3Xtp3qeiV/yp6xV/PZi65/4ElQbOkhIZzF3yNba049WXFqTMVP9344OzoVpkAAB8ZiaJnIVfGt6yrZ+UH1KN+BFKMn/Pg0//95A+WzU5nPTW8uelk0f5Xn3nqibeONUvucsE7vd91erWc/2zP/hPNka5KMR97f9tnDaQuXHPXwkgLBnmPmDJj2cYn/vuvf3n2mZ8um6knIqFm37ZPKrrnCPfx0AAweLiEmbc99cJjD90+O9M3qcHWcKF437bnHnnqxc8uWyWb8oGrJpjPndjz4Yl6/xbW8x+8tb+GZ6fdvnZ54AzgiKJ4ibXhzBcna4MvMVDrFO3nK1qCqlXTbrrr179/9q8v/n+Pfm9mChFRa9HWj060R9MUAOjGEnlu7eXJ86GMsrQ8IimSpy76ziOLvuO0mloaGiuOF3988HiNTag5uO2dnOxHFnlTIKnz739l/v1EvLW+9uTJot1/L64p2b/JlvzMLwISOUSSS7D1M+9bN2e8gijsneJSp99xz5pqzdT5s70zHDSzv/MAZ3niD8UtZKqo6L4gpi+HBoBBp0iYOP/W++ffere13dTSUHui6OAnRZfM1Fr87rYpUzbenOXJ/qpn3fvEu/cSka254sKJooPvHbxwdt+bL+qTn7o1W0HmE+9v+aSG1HnfuS84HRtJFC+xVu3567biBqKU6bd+94b5M7NTyFR99vie9/efLPn8pQbSP3HbdA0l5C27755sypo9e4pn0rJ+1vK7HzL/8ckPa6ml6mwLPysBXysB9IF/vq93mifDML4y6mO+fmRTaJLHT0keP+XqefOyf/vUjgreXl3ZaF0UtNAmpxmfPX98Roq56skPm/iaE9XmheNTA3fUfn7n+yfNRGQ++dIjD78kfapm/+P379fPWPPLny7JUuinLloyNfClCelTU7niFl6wmkPTulEcGgCGDqdJGKdJGJc1bdb8vFcff+2MjW86W2+7OStoyqw6dcqsf89M4+uf2XpOaDhe1XJTtr5m/zsHW4nIdm7HL+7fId265eDL/+egasq3H3j0jquknY+1oveXPDT7zLEaov+fvXcPj6O48r9P1fSMpBnJkiWNbcm2bIOl2DIxjm2MDRhYEy4J12QhIYRkyYWQQPIuzr4k2YQ32dxZ2F9MnmXJZskvITeW7LIECGQNPLABc3Eg9toO2MSSsS0bybYu1nUkzaXr/aO6a6ovMxpJo4s138/jpzlzpqd7RlSdOv3tU9U0a/2NH7t+jfwa4cYNC2tDnXfcuyPW1tTckWiMBCmycMNFCz1fcm6YjsYoEUskiJD7AjAK7HUepNpHTLPhh3/aEe/ubB/wZJkq7AeDRBQf6Gztdu0Ti/UMuj+VJpl9ffhYLEEJIkp0t3cOON/qbjvYniAio6ImHBrLqQEAE0pioL2z230nJ6iCRjBERDTQfqzb1bcTgz092rNsRihZGvSGpZw+4iyPcn5FIor1yPfjPe3trvqHWHvz8RgRBcPVWRa9AQD4YZDPg90ciiD8heufbgy8+dNv/su2DqNm2dq16xuXR0uCQUrEul79zWPNCSKqXL5ybmTg4C+/ec/WtpK6jZdctX5BeZASscHWfX96bnsvEQXrGheVE1Gifcd/3verPQNLL/nCTZsWVZx5yzf+/qKOwfRgleh68Wf/vq2DqHrNJz5xydplCytC1P7q//3q/Xtiwcrl69eev6a+Okg9rTu2/nZ7BxGVN56/fBYNHPzNyKcGAEwe8eanvvHNZ9qClcvXnLlmdUNthREkSrTvflQ+vyZcv7YuHD/8/N3ffKSZ5q659JLzl88KBynR3bVv57atbURENcuXVIcotPyaO79zZquWqSbadz/8wEstROF3X/35D69dvqgqRD17f/PTH2/rrL3045+/siGSy0e6e5eWv9TR07v9V4+cWf2R8xeFiWjg8LZf/mpHDxGVL1heEyaK7X7wnru3dQWrF69Zs2HtyspySrbueP7R548SUfD09WtrkPsCMDoMpfxRBkUQ/gL2TzOCs2rLDepItr21/Xdvbf+d4z2jbtN11y8rJ0ourZlFbb0t2x6/b5vr4wsuunJNbYgo3rt76/bmjiR1PP/cpvWfXB4ORRc26tUI8WPNclpMuKp+mbUiUri2YWn5nj09Xfu2PbNv2zPa3rPWf/S6NdEgxWeNfGoAwGQSroqGqS3WtW/7/+zb/j/O9yrXf/SaNdFgqHvuonJq7ji+48lf7njSuUv1mqs2LQgREQUrFjU4nkpe3bs1+FJLgsLRJUvlqt7dh7Zua+rooY6nn9+3sWFtRQ4fqTjzrz+wct+De3o6dvz4zh0/dpx71poPXL6ygoiC0WVLqrd1dXQc2v70oe1P67+u8cYbMYsAgFETaFj//xBjJOc32VP9HVv4C9X/ofd6hcqxiMFPvDSs7I9cUpF13+yttfxdZ71nUbi/p2+gp2fYlM7grLoVZ13/uVs+dtGiSIAoEF645j1LKxNDfcOx/oFhkyhYUr1gycr1m2747EcuOS1MRBQIlkUGm/cd6hqe9a5N555Z6VFNAjzVtnvbgYGaNZddvnaOHFlCFUvOe+/6pWWDXW3HOmLWycN1az582y0ffc/sAOV2agBmLr39w0ZAMMaIiDFm3zpijJF64RdDZMCxXzAion87+b/K88UF5475KwXKFq1bv7gsNtAdO9ljd1sKz12+8X23fOHjVzSWB4ioeM6K9Y3zzOFYwg4s4cq60+vXXnrNrZ94X2NFINPBu97c/ubJ0pXve+95C8NERMUl5am2fW+2x4oXnL9p9bziHD5CgbLT1p67Zm4ZpcxUItYzmKCS6roly9ds/OtPfeRD75kTsH7E6os21VcOdx4/3tVv6cglNas33Xr7R86phegLTmG0oMFk0LBt67V6SWoPssKII8QQBbj1cvv27ZlOt2HDBusjl99+YOJ/HTgleeSuOiIS9ooPQgg1SgkhpF+kX2k+IYSQ+wshxKfvSj/L8/F/Wpynbxfb+7Pvfff5rroP/f03rxzDs4Jju3/2vS07lnz+O59aO45sHAAgEUIcbespCpqMMSH03JczJjy5bzqqCMGITBlMhBCy8mrN2/9XHfnI2Xfk5yvGjzz8ze//rqXyoq9+9ZMT9GTggYMPf2/Lc+XXfe/2jVHIsQCMhAoao899hSv3DRrWyy1btmQ63ebNm6XBhRWDBDGCDVu3ZzDxw9se3d67aOOm5Uh8ASgYZMI7YUppon3HU8+1VW24bCUSXwCmMwYj+8a3INiwdXt6E1566XU3VvcuyvgoimyEas788Gcaat+9BM8ZBqBQCM07/8aPUGvlhtMnqAApWL78klvuqFqJ5wwDML0xBAlGDFtsvdupbpwjEKo98321Y/7wvMY1+f06AIBpTrBi+carlk/gCULRhrVYwxuAaQ+XKY5U+zxb+AvaP9WNEwAAAAAgz3BrdhIJIubYwl/w/qlunAAAAAAAeYYzpm5wO5U/+AveP76mBdkYgEJmDBEAQQOAQmbyIgC36juFS/8j+OGftFYIAAAAADA5cEvz81cB4S9of25NCFINACB3BIIGAGA05D9icKX8uVVA+Aven/fWBgAAAAAwtXDGKK38wYat2X4NRj3lLSPas1gAAAWKFgeyBQ05txZBAwCQYxywJuSPDy4EpZU/2LA1e7SNCUMXAMBLlsiAoAEA8DLRkcFe50GqfbBha3aObSiTqINRDYDCJFPfV7ECQQMAoDNi0MgvXAhZ8WmpfbBhK3sM7cnVfHEfE4CCwtvlR4wACBoAFDJjCBrjhxMjIex5/bBh63ZW9Napt139Km2CrtgAANMW3wjgquRzvUTQAKCQyRI0lD+/CTEnQYxZah9s2A4bAAAAAGBmYem+ttpHSvmDH/6pbpwAAAAAAHnG0n1ttY+U8gc//FPdOAEAAAAA8gzPr1II/4zy54YzSxaaP+/NFQAwTXFW5unvCO8+CBoAAJ0Rg0Z+4flVCuGfUX7/BjryfExVoo4p2wAUFL59P9O8WFc2jKABQAEyYt+fiFUguFfzwxZba5u5nbmcmSZmYtY2AAWF7O/ejFa+cu7rs480EDQAKBxc/T3TCjA5ZiM5wkk+wMvW/GDDTtu5tjB3loyhCwAg7DCihQ7hMtQOCBoAAF1HUz7fPcep/nLryErngw1bt30Y1RiFAQ2AQsPb67PEgVHtDACYkUx2XsGJLJ1P3oBKK3/ww58B75WZ886m0J0o3QOgcPD0eqG/46rt06IMggYABUqmoOE7ZyBfN4iM9Ilcyh/88I8JrY1CvwGgQJGpLct2B8m1MwCgoFFBYxKwdV+5wISu/MEPf24w6xDKJufFGTJgAAoHq7/71u05VRwEDQBArkEjv9j1vuqsni38Be0nctU2uLYK4ZgeJ3D7EoAChGnocUBeUnvuYOohQjg/CwAoCJy9Pn1J7LvIgyv9GHOsSOu+2GLrs/VH+F2fpZHtGCUPABQm8krYGRyEWv5MW8gsHSMQNAAoZPyChoXz1lB+YoSz3hdbbF3b3NCv2BhjeoUfJBwACgdXf88izyBoAACyB42JiwQ8/ehaRrBh6/YoEXrZA2OuedwAgALBId/Yaq7vxTSCBgBgVEEjP/D0o2v1x9jChp2h1XlrbrzSjn6xxhg7fb6hXiaSE9iaAQBTRTyRChrc1felwTlXg5urqFe+5Q0a7y6Zo14Oi9Qk/g4AwCQRT6SMAPMNGllmGeVFDbZ0X3ubVv7gh1/H09rcKxfJqS1eFUcIWjg3nfsODJrjb7UAgOnG4FCCMVW0R84SXqHig8Tl1Bb9tYLGu4qq1ZF7k0NT9aMAABOHN2jooq93Pr1LkxtPEmzpvvY2rfzBD38ujCT9CiJ6/4aS0hLLf/REYsyNFQAwPUkkzYGB4aCR7vVZ9JtcgsYnKleVB4qk/8BQ12T/HgDABDOqoJH3s3M/5Y8yKILwF5Y/E5mao5/0yxhjc2YH/u6G8pIiRkSPv9CbxA1MAGYKyaTZ2zd0oqO/uCjgWqFM12988121FJo3aCwMlv9o4RURHiSif2t7PSFwvwiAGUKOQcP1qfzmwQYjJjTlT3vKAfyF7h8JOWK5vfq6nkII2VyX1Bj3/79Vnb3JcDE7dqJnNE0UADBNYYwCnHFGkRJu569e/UYPJUKItMyjHUcf+aygcUbRnJcbPnV8aKCcFR8/1jd5vwoAMGF4g4YqkbJ3YN78QwhibOSkJHcMQYIRwxZb79a78JCryFe2UXu4Sm9lg9acUkYW0QpDyLet0j91QOUhIjJNYTd3x+nsQwEA8onzwTSkj0Ocu+5CMr3jK5lWG8Mc+o3yqICgdtCDhvoO6qU8BhdUW1yKoAHAdCOvQSOt6cocN8P8tmzFvqPVgw2V6Gian7LhL2h/Fuw82CH9akOXf/rrHNis/qO22sHT5qhaMwBgDNiLizk8LuwnU6gtcw5X6THM7vVq4ppjJJO5qTojggYApyL5DRr61bK3tkGJvnks/LV1XxluvPof/AXs92q92aVfl98lBsvdTFPW7QklyejCj3xLa9+uexwY1QCYEFxjinOM0YciV6dmQgjOOZFQAxvn3DSFb/2Dlsimg4ZrB845ggYA0588Bg2VDfuKu3kXfbV633QCRI4t/AXsH6ndO6Rfb7LrbO6k94EMbVUfzHwriT0rqwEAxo3vtBLXc8v1qWj6Dq5hSR/DPMqu7OPCNjIFDULQAGCaM9FBQ7tTlH/Rl4i4nHqQVvssm+CHfwwt3nuhpurwtPU71UfsuyCOt5SHETEhSP3Le+sHAKgBRutozO6XTPVKvavKjqne1Tum3d8zjWG6xEuuHRA0ADglmISgIfFWFeerRxsO5Q82bM3OpQNI6df5krQZJ/5KsNxdrwdyajMOyWf8rRwAkBldoZH4935Pwuq4s+m6a6nX6WqRIV3z4HkLQQOAU4WJCBrMFTT0I+e9UxtZ7lNjW+Bbre361PI6PaQqH+zivPSe3sPqGbN92cf0Mr4s6DNmpGP83QCAQsKhqvrBXG/JIcqu4lVHcK/Kqd+1VCsz2E8tZurGpZrupkZBFTTUZxE0AJhOTEbQsM5kBw01k15/N18ysK37alvyeOAvTH8uDUgbyZhpmq6Z3drolV7DSO0v/epIzsOSd7kiRQa9BwAwCrJkjc6ZZGmH2l3v4PYY5nPX0u7yJGew6U7foOFMeRE0AJheTHLQmLiuCt0X2xF03xGlX1u2SY9Y+timDijbvCrf8ebHRHJMUoVEQh/bMl/aQcIBYFS4RyfLq3VxTa1xSz6um5KqYEEpOq7d7PzV9BveTD1o6G8haAAwnZiMoOGaGyCDhn3jyH3qTJ4cMUgFGqn8wYat7KyosUcfqLzpr7aip/WWKutRco4+4MlXmk6THkG1ToWhC4Ax4xq6vL1JL7ATzuWKXLINY0zodQ5e8UZVAPvdEkXQAOCUYJKChja/Tbj6eH5Lfg2aBvoittNz62j42rDkaO/u+5jpkUwfwPQmLmv7dDmHSCrH6fJ5IYR6NowH/28CABgtGYYTawCTKyeoZ0moW5BagqrKed3jnOYTrnedM12Et9oPQQOAacuEBg3fq2VvQpL1m+SEpfumtyTcHvgL1u9pZ9nHDzWSEQnTTD+gxavlqJ4gm7R9UUh6Q8+eagMAxo/eJV2o9NTOLFXHdKSzriMowzSVlJttiFKXykIgaABwCjDRQcPlzMQ4ZWCuAom1Jeb2wF+w/qz4dgA1/Mh5KmrQUTszxqWfMeKcydmcqjuYpjBNoZZE0RlPKwcAjIi3xzm7pNVPOSfOmergjHFPtpqeoO0SbLRbn47yQQQNAE5FJiFouDLmfGEQI03tgw1bs/0aurBrfDM5XSOZkn/kPUrG0vcl/Ur3lN9VwJc+W9YpLACAUaBuTbrql+Sbuu26/6jllkK/synnu/jO7PZWA6stggYApwqTEDR0Zc178ZyX2l+DhDsMydTHtw4Y/oLy+7YY1wq+vk6mlegxRkTcNE3O0wOYazlP1wG1OyDuE0m0oY377gAAyIp/z5LYBXnM5dTnXOsvZX5rmsQ5Z8zUBjYLGR90j9eJoAHA9GZSg4Z2TN8TjRfDqfZZW3KrgPAXpD9DE/fW1bmcmgAs3zJla5dreXpHL98KPyJ5r9NXfk6fefx9AIDCw7sSgvYec9fneTupvfi8UDNaOBdEphBWtZ+u3Mjhylv/oDsRNACY3kxq0PAs5EJZnGPAIKfaBxu2sr3NRWg3ODyjjntwkm7OmX2b0lqrSEk7escQQmhzsd33TJ27+fc9AMDYyHAbkanqW328Ud3W7uCcMaGW7+WceUv31Af1TNd1NHlKBA0ATgkmNGjoyq6rVsrrHBsGWatK2NFHKX/ww58V2bIzCcCqHXt2VvV51tBlp9HMb2ADAEwSrh4nU1ZtsLFWbJCrjWlTuU015cX+INkRxS3SqGtmbw0fggYApxyTEDRcl9D5glunFfbJ5VyDtA1/Yfs1M0hRXwAAIABJREFURhxXlABDxGSVnis5VpNaNKk4vSSwPTk02xiG6dsA5JEsHUr1RNUxGWNEgrH0DR/vmKR6N+f6Mp8ZQ4cmyiJoAHAKMNFBI8OMVf9zjRlb98UWW9+tTZZxxTnwMDXz2qsN25IPdz38Quo6+iio7nJmen4MAGD8SPXU65b3JWWPlC7GrEeMKnVHDmFKx1WGNqpJKZfJ0c131rY8nh0QGIIGANOcCQ0aslNnCRqubzLmy1ouVKCQmTls2Ladven41f4yz/hEquHaxXmOQctbmSdva2ofF+ofY/Kfw5n9SwIAPOh9imS38vYpYeEuJ9AKdtOpqW8lgxrJfIUcBA0ATh2mLGi4+nu+MJjK0YWADVu3s7QbvRXarTM9I9ul2ahBzvddNcLpx5dFP67livRv5BznAACjxrtgi8KekW3tqI9DfpqNHTmcKySqR6/Jpw2r253aIMf1oOFXuYugAcA0YpKDhjf9zVf9kiF/jXVEe8ITk49Thr/A/Ta5XG/pw5t3iJIH1zuAdrOSlK6jXT7m3obz0xMAKBhy6s4eT9pW9yX14UqWN2gT19JDmpzH7XsWPWiYpumUexE0AJgmTEbQUD1dBY0RE90xZ8NWvS/TIopHBYS/gP3+DVp4bKaK2T3LnznGMO2zsr0KWeFumqb9RVwHdzdrz/eBhAPAWPDec1Tv6C9Uj7aL+dK5o2u48i7+rdf+Elk1fOpN25lx2gCCBgDTiokLGt6FzOw5AEJ/15vsji39NYSKQPL09jmlDX8h+0dsPb4DlX0k5k18j8XiZdwQ9oiVAZbBzu4EAOSLTF3M+0BHMgI8wEUwyJ1jmM+NI3sHubwRzzFoJGKdSV6eMrPLuggaAEwt4w8a/ksfuua95QuDqW+tEiDNhr+Q/eSHrwyst0lNqmFEQsozzQND/+dA24HY8NrKsnvX1Aex5BAAM4Jk0hwcSvTH4iGDGYaSeXxEHT3TVUFDl4qVZCuDBo8d4EfuDQ0d4BWri864m1hwin8qACAf5BI05J52pYTj43nJg7l1l1ttGbk98BeqPzu+k1H0MUyJN0Om+HbTOwdiw0R07cI5SHwBmDEYBi8rLaqYVZI0XZIt88QEsosc5L2lbEGDiSHj8Hf50AEiMmo+gMQXgBnDqIKGWv0wv+s88LTOZx2e3B74C9XvbW2Zan8zicHS/6ujHW1DCelfUREhAMDMoqTYKA4Fh+Mpe8pappUZKMN0WFJBQy7UwNv+neLHpJ/PWj4VvwkAMIHoQcNbASXJkmBkeZkLHt0XW2xz0H1doq/uVM8mVS939PSrfSqCxkjHBgCcepSUBE1TL+0l1zKf2vJGjDyiryto8P4/qSOzYPmU/jIAwIQwYtCQTIT0y9NTbdWkN9iwiXJpZ96BTd62cE3QbonF1UdCnGU9JADglCRoBFLyMaaeFRtcoq9rH2/QEEKwoaPpQ7PQ1P0sAMBEIYOGR9/1qXzIMRvJHa7WeSA76YEN27cRedqWf7m55xYnJfJapgMAmIbYmg1pEi+5njQhg4ZScRRqt/QKviIxid8dADAF+AYN3yzWGzTGqQGndV9ssXVtM5G1BMc9mzu/9ekAgGmOZzGHTI+8UfEBQQOAgsY3aPjuk6/gwNPrucqzwoZt27k32UzzWnI+DABgJqDWKRvbXDciBA0ACotcgkbeT8qJsbTap9nww+9pnTruggc//UZdwwEACgIZAdRNTKeKkw4aLqf+vGIEDQAKCj1oZJF+81v2wOXjDCy1T6SVP/jh9yVLEbrXmKArNgDANMRVrqBs057O4sJb6eu1AQAzG9++7yv95lEG5lLzs9Q+pqmA8Be8f5S47llIG2MYAIWGcKk4RJkqGRA0AACjChr5gfupgCKDOgh/YflzR7u56b4mg4QDQOHg2/31qgb9LQQNAEDuQSOP2PW+Su0TLkUQ/gL2ZyRdt+fbNPVRDQBQaPiNW+mHn6uxTdd1EDQAKGSyJLvK6S35HTOOel9Sz1J31X3CX5h+T8vLUnPjXJaP6eV9eWmpAIBTAq3jp+OArGTwFPPpIYK5SoEBAAWCHgeUx28+vTv9GHOssHRfqfzBhu2wc261enuVhtZqoeQAUCiouOF3a4g5RywEDQBArkEjv3D1SA3G7CpP24a/0P1jAsoNAGBUcQBBAwAwmXHAsB4ql1b70jb8he7PoaUqw6nZCK0dT1zrBQBML7wLgat1G7LerETQAKBA0e78yDTCMQ1AzRNwP1NgfHCSR0yrfUxTAeEvbL8//i0ww3iFe5cAFBreXs8yrFwmMuwMACgofHq9b1KRr+luXGl+ltonNBUQ/gL350qWuj0AQIHiW73nMhA0AACKrEEjn3CyEx1L7WOa8gd/gfudTVC/CPMu8qD8md4CAMx4XOv1mqapBQTX5XQ6sLie7oagAUDh4F3PIdMlsW8SMrYaKU6kKX9pW8APvy+udubb7FTbRe0eAAWFb993jViZBjAEDQAKkBH7fi5Zx2jhROrGN2k2gx/+3Buu9kqvUh9/+wQAnBo4M1r9HebdB0EDAKAzYtDIL9yu7Ezf7IYN27IBAAAAAGYWXGhqH2zYuj3VjRMAAAAAIM9wuayVVPtgw9btqW6cAAAAAAB5huuPNiDPYw7gL3R/bmSamAntGIBCwzcCeGexIGgAACQ5Bo08Yum+ltpHaeUPfvizN50c52NiyjYAhYNvjuu1fZ2ZjgAAmMFkDxrZnWOGC7Kn1DEmSBDZyh/8Be/PsQ1l2hEDGACFSaa+r2IFggYAQGfEoJFfOCOyHiwp1T4STLPhL2T/aBsTxi0AgJcskQFBAwDgZaIjg13v61D+YMMW5L/ALxvxIkzYTEyLBQCcAmhxIFvQYIyIGIIGACDHOCCDxjjPpdX7koANW7fH2bYAAAAAAKYbhtT35LW5EIIREyRsG/6C9ufWhNjkZcmJ/od37t/SY52uMjzr+mV111cH3njrrVtbhqUzFCpaPWfu5vro4iBRavjVAy0PHBt4cyhVWlyyek705iVVDUV8eKD9zj+2vJi0D2vM+vZZ87reOvxq5fy/6j78/c6U46S85Na1DX9TYRARpWIP72x6MrLoR40VZfb7nW3Nn2uiT5912iUlXH7LV/c2bemLbF61cEMR937t0uLIBYvmb15UVkZEw32PNr3zcEfscFyEQiXr5825+fTqBup/eNehV6sX372k+I29+789WHXvqrmLA0REfR2H//YA3bZq0ZqiCf9jAzAxyMAyuZfWZmfywJ3Jgcbgsi8EikkM/TGx90Fa+PVgtMYKc8mmxFt3meVfDy1cxJw7ExFRX+rAlxLDV4WWnScOSuN9nDvOIOJvJt66ywzeFHrXRfItEfvv+K67TCuchKhknXHaF43KKtH+f+JHyDjj74yQ/VnHnkRslbHq7mCp1clNe3/e8/344bjR+BUjXEREYmhbfO8j7LSvG313xU+uCzZeFzDsn9vxz/GWuLHsKrH/9mRfv33cSt5wv8EfTHgPsvgLvPVvEyf7SYc1BlbeG6TnE4ceSvW2EFWyWesCtTcZ1TWM+lJNt8ePNVt7Bpfy2dcGl6wym29P0k3WH8dsS+69PRn4Ymj52c4/FQCjZbwqrxfDSnRstU9oyh/8Be7Pe2sbL2by0LConD33K0vKQomhV48eu39PS9XZC0IDSSou//KyaA0l2jo6Hzj6zpaysh8uNHY0Nd3eMlxaVn7rkvKivq6ft7R8bsD85aq5VYmhNpOtqKu7uToYIioKFdeHBrcMxg8P8rMbl94/kIoPdz+wr6OrasGXFxaHeLChTA0pidbBZFNP66O1pVY2nOj7+YGew0MlXQmiEiKi4e7jD5xIEJ184HDV6obSIs/X3tl64uGmIw2zl10fGXp4V9OWHlEzu2rz6RHq63mm49jD5WVfr0weGowfHkjFKdU5GG/rfOdbB8I/bCgrI7NvON42YHaaU/p/AYBTDdG/NdnZRfR8ou0yvqSeGZVEzakjzwdmf1Tmi+bJR5Ld/YF5pT47E5EZF4PHxFCXSNqGSeRI6IZF+4OpGJH5ULJ7XaiyjIgo3iLMUrbgK8HykBhuTh15MHloK591LRtqEUMkksMUsi9h03uWEhEZ83ipurodJmv/Pho6JgZ3JZpX8caruUGUPCaGWigZouJS0fNQ8uQmHq1iRJRsSh19QvDPcN6VjMep6ovBeXWMiHgpm1VJ7/gdxJwbOO1eNtQvEi8lmx4RlV8MzqtjvJL48/E9d5mpeXzO5wOl8VTbQ8l9e8WK+0MVcTHcRcFNxulXcdZlntyaPHZfYtb9RlWj2H9foq0xNH+eeOcHie5QYNnS/KctAIwbqfsymfpotr6Fv0D942OC9GBWVFK2urq8jMrPKBravrP3jUGxmijEi86YXd4QJCqjV0+0tA0mh4djvz02XFo+/0er5zUEiahqfaTpU03tv+2r+jQREa8qL9tQbQ8ww4Pyv6UlpWtKiAYTj/LOeCSyurrUR2A1B39x4OTFq6K1AfNQ6zu/jenvJXYePdlVNu//q+799pETOxeVbijyfO3g4LMn+w7Fzb5k+6M9on7B0h82llcREUWvd34ZC84PtxzaUtbw9Zpg/v+cAEwUYwghExQ0OlPvbBWlN4VmvxR/54nU/L8zQvVGzbrUgSdSvVcFKsvIbDOPv0ThGwIVVYw6k+6dczhDsjl5vJnN/YoxdF+i9TWz4iJbFS7lZasClWWUnCfaHzHNUOY/ir3nCISo99/iB+uK6t+jXHz2tYGSl1JtL4mqqxkn0b811V/K689jvIWIWNHSQOUK+7zDZoaDsHB9IExiqCvFQ1TSGKisZzScOniXmZoXWHZ/MFrFiALRpYldd6ZaXzNnrSIiMpby2e8JGMRLyezcJWJxvuTzwa5bEwfvSpiN5uFdrObuYHUVcl+QM5PXWAyl+dnFD8Kzhb9A/dOb5OETA208dEYJI6J4vO8XTYcrSfT39byYDH28upgGu1uTbNGcWYusjJHXlEdq6MQbPcnhciIz9eKf3zj7z0REofL5v3x3ca6n5YFFs0uo5/jDJytui/T95PBwfbS07aR1t3J4oPvhDvOMd1WcURE84/CRh08MrV5YXEREJDq7T/zL3u4QpQ53nGwLVV1QxvtODHXyog/Oi1SRuf/gW59qGoxT4PwVy+6p1s/HSsvnfrm8e8tfDj0ZOX11Xv+CABQCIvZaqifOT1/Hy0r5Oz9Idd4QqKlhVdcGjnwp1fqaWXER638p2Ut8ySZuZNh5pFOYJ59IxZcG564KDK1LvvVIqv88Pkv2+2OpfVdY17KsMXDGZdwg/9s2+p4lN4RW3aIKGNJwouB5wUWVyYN3xWfdG4rYfmOpUbMqdfCJZO+mUEU81faSKN4UrKphZguZcdF661Cr/AKrjFXfCWQ6iA/9YvAYBdfxcit/ZaGlvLQ01b9LJFcRxSn+UvJAV4qTGHjeTNYFquYxXhY4/SvmwO2pQ3sp8pnQovcg8QXTE8N6fq1U/oSADVvZU904fRFtrc3vlaGcAuvrT78gwl+Vr8xUW3fv9mTJ5tWnXV9pDPfKocM70JhERJytWGDVPJRFIot5v2e3jJSWz72+6MiWA621kb4dwcqvz0ttOSm132TTkfY3ePndlUVFRfzySn7n0fameQvPSJ85vvNEX1uk+t6VCzcUUSsRmWKYiIg3LDjtR2V9j771zqGB5HC164SBM5Ysvm3gL1vefOfL88z4aP9gABQ0fWbbIyZfFyqvYqFVRnlp/J0nzOgtgVCjEV2aansiFVvFjz8hjE1GVQ2jvpTvztnrVc3DqbaXaNYXeXERC13Gi7em2nYFZp3NiIiVsvlfCZaXikSL+c6/pQ5tNc+4yv8g9p5ERMVLuTfxVcFs9k3BZEv84A+Si1bZbxSxqqv4kW+Zx/eaRlfqZD9beBU3iOJEPERVn7dqHox5vDQkTmY6iO+3IqLsIadf9LxkJhuNM75iVJQREQu9x1h8mbm/mZ92lU/6DsD0wCCWVv5gw3bY0xJZOFvKg4vLwlVBIhomolCo7OPvWthg9vzg9QM/P9h9fnm0tqh4cUg8e6K/ra50cYCIzLae/sNm4PJIsIi8NQ+j+grGhtPnPPXHo1t6jMtXzWngbZZ7sPfhY4P98cFbX+i09+x6tGPOGZVExKoq5tx2Rjl1H/3bP534xbHo6iXhskhxFQ280THYV1lWFiw+Y7b5RpAd8j0hL76icdEbr7/97QMizkvH/KcDoNAQQ7uS7c2UaI7/8QnbtzV58loerWI11/Ljd6VaHjJ7u9jcqwKhzDtXZT1F9xOpnn6ibw2//C3LNfSIGVsVIL2S4T0mvZY68FJq6LKA/2FyrHkg4mWB+V8M9t2eOLCLRKmlyBavMqJ18eMPJc1+k68LRhcp6cJV8yAyH8TnK5XWUcdes7dTVFcxIhFvNvu7KLSUGSQoRKHzjNM/ys3/Tez5UvLoa4FZ72PyIkHEBS7SwfTGsGqs0uovbNiWPS1RhbN+FJVdvyjy1F+O/eJkxVeqZ3369PJX33zn9l3DH59T3NbR+Wj7IJXNuaI8SAPj/RKhSNVtp/eF+io+XVUUkjoKmYdOnHg1WfSB5QsuLmFERGb82f1Hnj3afag8XTNcVjH3b+Z0fulw6wvzTrukPPrB2Se3HGr63ED0g3NKaKD3hYEUzclwyqKK286Yc/hPx3diohsAuTIsOh8xk0sDSz8TKAoREZnHUod+kHrnJVF1NS9eZ8yeFz/xiAicF5xbx2jYzLTz7PMcR002myf/l2QOG6oyW58XRZuMJVfxABGRSLyWbHok2dbMq4io3+zbleKlZHal2naRsYmH5JG7RM+u1FCIiMiYx0jbUwq0s7IWWvCawNKvmHtuT6WnBpRxmcp3EJv3xYBWwyWGm1NdcXuuW13Wg7go4jWfCbTfntp/p+i7KmA0p9qeMIcr+aJ1TBPCWajRmL8qdeDBZNc6VPeCUwVrnQdN7YMN27KnHdyoKQpUhgLOySe8qsSoolApJyJeO6/248cOvdAx1FddVjt/8Y/Mljv/0vGPnUQUqI/O3bys9owgDQdDVaHQ4qJAxiNzoyoUoBLDPdGNB2qDgbYSo4iMhkVL7yEiomHDKA0FK4OJ/V2Jqjk1H6+tqLUObNYk+nYe6N2fmqcdPLh+8bzze9t39qUumRO+flVD5cFjvz3RteXNZJyotGz25tnFRXzI3p9XlQSqkgH5Tcsqar/8rsHbDwbKsGIQALlg9ps9XazqJmPu2WpJMpbaZR5+zYxfzYvL+PwbeM+DouraQLiIzM6MOyc3saJKMiuZEaJgKSWeT771vLVH5S18qJTPv8lIS6111Lsr0bdXzK0j6hdH74wftfyBhht4qEgUV5LYlWr+kjVLoOSG4Luce7JGY+W9QVkxTEVUXMkMYryMQpUsVCnzThZ6T7Dh8+bercyuK2Dh84xoY7xnnjHfXlqBV5JB1PmDhHUjqpQv/YmR/SC8lIUqqdi+uWSsCDbeTfu/lTp6l0lERasCSz8fnFvDqM/6g3AiKuLRm4z2u1I9x6i6iohYcB4Lxa0sH4BpCbv08/sZszU/b+0v/AXs/+09S4jSjxaUj2iSubF6+IpIv9J8Qggh9xdCiCt2vq0a3B8vWTN1rR0AMFEIIY629RQFTcaYEMSYWiKcMya09cId6/sKIZcUN2UwseOPKHvrA+rIJRtfmOwfAwCYFFTQIBkzGNm29Vq9JLUHWfUKKqpII2hYL7ds2ZLpdJs3b5YGt9Q+5lL+BPzwAwAAAADMMDgJu76TCDZshw0AAAAAMLOwdF9ssfXZAgAAAADMLLgs2CRL84MNW7MBAAAAAGYWXM1yEkSwYTtsAAAAAICZBSe5kqul9gnNhr/g/QAAAAAAMwtOjISa2M+YZsNf8H4AAAAAgJkFt6b0K+WPacof/AXuBwAAAACYWfBJUhDhPxX9AAAAAAAzi7Tuiy227i0AAAAAwMzC1n3JUvvcW/gL2Q8AAAAAMLPgwlL4BDESmuYHP/wAAAAAADMMzmSZJ2MkCDZs3QZ+JLqbX/3vF/d3x6f6iwAAAABg9Bhyer8Qgjm3MgGCv5D9U904x8rAkVeff2br07vb66758u2bFoV8dvjT89te3HPo8IGjHQkjXD1v6fL1l31g45nRIBFRvHP380/9btve5pbeYPXiNVdc97GLlkTsj8bbd//03l/uiC0OLt383trgJP8yAMAYydLru9/86T0/fq4l6fu58LJLvnT7NfUR3zcBAKckhqzslGof02z44Z/qxjkGEq07Hvvpz/5nXw8REbUc7I6RK/eNt+/+6fd+vK1DOZKxjqN7tj2yZ8/+zd/57NqK2N7/uO/up48TUThsxDoObXtwS1vsjq9duTBERBTb9+RjO3oo/O6NZ1Yj8QXg1GCEXk8Uj/knvkQUa+vsSUzWFwUATAqGoOmoOMI/HfxT3ThHSbzz1Qe33LetK+s+x1782S+2dRCRUfPutWvXNC6PliTad//uP15qDoaDRNTd9Nz240SVG++447Mrw4e33veNXzc1b9t+eNPC+gjFD297dFsXBRd/8MNro145GQAwDRmx11es+Ow/fvt9BzoHKJ3kxpr/56f/sbeHqHrl+uUVU/r9AQD5xmDEhKX8CZfyB3+B+6e6cY6SROe+fV1Es5Zv+qulrc/87q1B7y7dbz3z6J8HiYzlH9q8+UpVybBi7UU3SCve2tkRIwovWFtXTkQ1yxtrgk0tPZ0dCaqPd27/zTPNCaq59JrzF0H0BeDUYMReT0QUqlq0vCr9Mt754taDPUQUrL/yigbUOwAww/DRfbHF9pTUfSMNN3717y+iqkXRxKtbnvHbo6d5294eIqrZ+OFNS7KPZ7b+E5TybpAS3X9+6r/+PEjla67P01gYj6dig/FkyjzlrjJAvkh9/NIJOW64lC9YFLnuxsg5Gyfk+KcSo+j1ioEDT//XzkEiqtl0+QaU9QMw4zCU8udSAeGHf6ob56gJRRcuIiLq8X873tvc2ktE5YsaKmJv/vevn3luR1NbYlbdssaLrrz6vcvLiSgUrqoOU3PP0d0tPRsqwh3Nuw8niGrmlSeObn10eweVrPzA5Ut7dv/3k3/ac7g3GF1y/hWXrx3T0BiPp3r6hsb5ewHwJ9Zv7n+z77t/T1/5TmTjhVP9baaUHHq95yNHXnx0ewcRhRuvujTXdBkAcAphCBKMWFr9hQ3btqe6ceabWG93jIiIul+97849zdKm3pY/b//Znw+23HH7J1eWU0X9ZRsXbH/y6LZ7vt9cQx1tvQkylm88k/Y8trWFgqdvvCy6fcs3n2mWsvBbTTt2HP3EV2957+hLIAYGsUYamHD6H/l1oee+ufR6J91/fuZ3byWJqG7T5WuiEH0BmIFwRiTTXxICNmzdnurGmXeSiQQRUc9be5rL19/yjW//279+/3u3/9XSIBEdf+5XzzQNEFG4/gO3fOlDK+vKY21tsfK6xstu3vz5NZ1bf9uUoMrzr2xs/d3zzQmqu/S2e35wx43vnkWxvb959E/to89jUylzIn4hADrinZap/gpTTi69XmPg4NZHd/QQUfmav4boC8AMxRBEls6HLbbO7VQ3Ti+J1ud+/J0H92o1DUbdplu+/IkVOc3DDpZELBFn7mWfuPb8pWEiiqy55pMfOviNXx9KdDQ1dyTqI0EKVZ155WfPvFJ9LLb3V7/Y3kPl66+5sq73ly1JCi4+f2NDbTRY/cH1z/35mbYDew/HNmDZBwCmIzn2eotE646nnmshImPpFZesxPIOAMxQuJ3okJb0wIZNYpo+2C0Rc7xMxnJfejM4q6baICIKVy2tCStvde28MBElEh0Jn2PFD2//zfPHKVz/wQ+cWZ4YjCWIgrMqyoNEFCqfWxEkivXG/D6YnUCAj/YjAIwWNr9uqr/CVDOqXt+9f+tv98aIqHrtB9cvxPUsADMVw5rX71X+4C94/1Q3Ti/B2os2P3jRWD8dqmpcOo/eOkqxzua22IYKORAmOlqPxYgoWFIT9tT2xTt3PPpUc4LqLr1mQ20w1C4/MZhIJIiC8cRggoiCwWBw1EWBkZIQ5rqBiab02o9O9VeYakbR6xOHtz/1YgcRlay84hKs6QvADIYTS6t9pCl/8MM/1Y0z7wRrNv7VyjARHd/6s0debU0QJbr3PPXT/ziUIAqevqHR86i27reefnjnIFWfd72s/AsvWFRNlDi+uyVGlOhp3t+aIKpeUBvOcMLMhEKB8rLioMFn3pRCMPWES3nDirKvfb/QJ7rRaHp9++7/evJQgohq1n9w/TyIvgDMYAwi+3EGU60ywj/d/FPdOEfJwMEn7r3vN/ojLXp23P2FHUQUrDtv8x03nFlBodq1n7yp6R/v397Wtv2+L2+/T+0Zrr/xxvW1ruFuQC51NGvNhy49U4pAkQUXXbHy1Qf2bL/3W801JT1tXQmatf6KjYvGNE6GQoFQqGSsvxbMCJ56aaq/wcwnt14fa3r+mR09RFSy5gOb6jHHDYAZjWFVdlpqH2kqIPyF7p/qxjlqYjGfZ7kRUSKWtM1gdMPH76xt3Prk83/ad7StJ0lE5cvO+9gnrvGuYD/Qtv3FA8nwskuuX6Me+BSsPf9Tdwb//ce//lNz2yAF566/6ZO3bKgiAMD0JadenyAKEpWvvvyv16BHAzDDYZfc9pe08qergLAL3n7sn5YQkXrIhZDPPZZZshDSL9KvNJ8QQsj9hRDiip1vqwb3x0vWTF1rHy2x1n0HE3UrFkEEAmAkhBBH23qKgiZjTAhiTN064ozp95GkkY4qQjAiUwYTIQRjJIQoe+sD6sglG1+Y7B8DAJgUVNAgGTMY2bb1Wr0ktQfJMJKOKtIIGtbLLVu2ZDrd5s2bpWE4lD/YsJ1KcGETrl2+Yqq/AwAAAADyCSch632JEYMN22EDAAAAAMwsrHUesMXWZwsAAAAAMLPgVoYKyy9lAAAgAElEQVRja36wYadtAAAAAICZBbcmL9lqH2zYaRsAAAAAYGbBKT13n0gQY2nlD/5C948LpM4AFDJjiAAIGgAUMpMXATil14twK3/wF7ofAAAAAGBmodX7asofy6AIwl9Y/pxAjgwAyB2BoAEAGA35jxiZ6n39FUH4C8sPAAAAADCzcNf7woadteBBPeUtI9qzWAAABYoWB7IFDfkkSAQNAECOcUAGjXGeK637YouteztKMHQBALxkiQwIGgAALxMdGbgQ2i1v2LA1O0cyiToY1QAoTDL1fRUrEDQAADojBo38YliPM2BEgmDD1u0xwJjjkxjJACgo5C1LfbgaMQggaABQyHjrHCYhCHA5vclS+zQbfvizo7dOve3qw94EXbEBAKYtvhHAVcnneomgAUAhkyVoKH9+E2LOyF/5gx9+AAAAAIAZBpdLXAmv8gd/wfsBAAAAAGYY3FL7bOVPOJU/+AvZDwAAAAAww7B1X0v5Eyyt/MFf6P4ccVbh6HNW8t1aAQDTFWdlnv6Ozzw2BA0AgM6IQSO/2LqvpfzBhp22MzTQkedjqhJ1rFcPQEHh2/czzYt1ZcMIGgAUICP2/YlYBYLLR9emlT/YsG07SztzOTNNzMSsbQAKCtnfvRmtfOXc12cfaSBoAFA4uPp7phVgcsxGcoQzYoJEWu2DDdu2c25hwrUDhi4AgBCk5BzlcxlqBwQNAICuoymf757jVH+5THQ0tU+z4S9sf6bGOZoGhgENgELD2+tHFU8QNAAoNCY7r5C6b1rtE5ryB3+B+zO2O8+VmfPOptCdKN0DoHDw9Hqhv+Oq7dOqIBA0AChQMgUN3zkD+bpBJHXftPIHG7ayx9akMHoBAEYVBxA0AACTGQc4acofbNhOOyeYthqw38UZ7mACUDhY/d23bs+p4iBoAAByDRr5hZN1m1sweRrYsNO2heu+g2f+CunzWuQraDkAFCBMQ48DsrzBcwdTDxHC+VkAQEHg7PXpS2LfRR5c6ceYY4VhV3baah9s2LadudkIIayVqBljwiMR2wsVQbwBoBBxXgnbPkGMuVTedIiQ+TGCBgCFiQwavqmsHjQYy0+I4EIIRsxS+2DD1uzcm1Gmdewn7qEsAIBpSKbu71VzETQAAKMKGnmEW4+xlTof05Q/+OEfHUIXe2yBB2MYAIWGY8yy7136xhMEDQDAqIJGfuBkPcbWo/zBD3+GFjpi5Y3rmaXLSovVy7iJe5oAzEDiiVTQ4L7PK+acu0qB1UAn3/IGDRFuSB9axCfvZwAAJot4ImUEmG/QyDLLKD/PNJaan1cFhB9+vaH4Vu95dvBRcYSg08JFarf+ZGr8rRYAMN0YHEow5ijakwmu1G9UfJC4nNqiv1bQMItPTx862T9FvwkAMIF4g4Yu+nrn09MIacko4CSENQOXmGVb+h/8Be/PgZGkX0FE19VUlhmWunNoYGjMjRUAMD1JJM2BgeGgke71WfSbXIJGMvrXIlAm/WasZbJ/DwBgghlV0Mj72TkxeVZL7SNN+YO/0P0ZyNQc/aRfxhirKQp9d9nCcIAT0UOHjiUxlRuAmUIyafb2DZ3o6C8uCrhWKNP1G998Vy2F5g0aIlSTWPItCpQQUfLof5BITt1PBADkkxyDhutT+c2DDRL2MlW29Ky28Be6fwT899LX9RRCyObaEC5+ZE19x1C8lAeOHevNS9sFAEwtjFGAM84oUsLt/NWr3+jXukKItMyjHUcf+aygYZY0DK/4TXKwO8FnpY4NTN6vAgBMGN6goUqk7B1cQYPyu7qZxLAqOy3lz7GFv8D9rrV7vUv5yjZqD1fprRDkdBIR40LMLQkJ+bZV+qcOqDxERKY9H851OvtQAIB84l2OV6/ad3qY3vFVha5pCn3Ekn3fNK0Oq8cH7aR6hBGmKS+9VZcXRGSaPFBcyYUQxghBQ6skRtAAYMLJEjQ4Z06PN2hYMwFcia/tFLrEq22zFfuOVg82SNB0VBzhnw7+zNiDlkP61YY3//TXNfipEcszbS5tjqo1AwDGgP7ICeWxDeXXxyFr/NKGq/QYZvd6sieuOUYymZuqM44haMhvIoOGnkvr7wIAJpQsQUOhd9LsQUNz+tQ2KNE3j4W/BjF5YFv5E5ryB3+B+z1ab3bp1+V3icFyN9M0ZWNWkowa25SCo7Vv1z0OjGoATAiuMcU5xuhDkXCOTEwrdUgvW6bLwJ56hvRx7DzYsQPn3BU0hDUBN50TI2gAMOWMKmhondrq5nrQUNmwr7ibd9E3o+6LLbbZdV+v9OtNdp3NnfQ+kKGt6oOZz/nlmDfaJg4AyI7vtBKtJzKtPzrGKvv2pY+io2fJWsqrxjDHW86t6yNk1zkgaAAwXRhn0NBzWd+god0pyr/o69R9scXWtc3Q4jNIvK6X1m6q5s+5m0PL8ZTlOYoCtRP5nB0AMB6cAqqXdEGtVrSQLlRQb2k1vkwI0xUH9GkA8qR6NbC2NRmTsrHDLyUieyaAdz6AUEmwt4AKQQOA/OINGowxLTt15ANqFy3BdbylbhNlqHYYQfQdG4Yl8AkilZrAhi38JBQPSvp1viR9xPKVduTuej2Qc3By6MTjb+UAgMzoCo3EcSHqWX7IUfXrKdfzGcP0OW3qNqjrLb3wN8egkf0XAQAmDJ+g4b9fzkHDVdzvqmLKeyZg2CclkmvPKBv+gvdrbddH6HV6SFU+2BW9pI9nrjFMz5jthR2YXsaXBX3GjHSMvxsAUEiku3aGHZjrLTlEKenXK+p4E18hXGdh6salmu6mVz7oO2cKGupsSn5G0ABgUhhj0LA1XXUE97W0HjSsM1nVwOnSS/1d31qLMfweQ7tdRbBh63YuOG9imq6Z3drolT6yU+ZJH8l5WPIuV6TIIBIDAEbBiFmjp//51D9IQ1Up+HZ/vdpBndq38kEvfiAiufCZ9137yzC9yCF7yELQAGD8ZAkankIIy+G6VJZHsBNf7/RZlSeQPR9uQpC6r6X2MU0FhB9+vQlnkX5trTed5nrvY9qz4ph31NSLAm3NWdbtCT0hzjywQcIBYIy4Sut0W3vWkqPkwHVT0t7TfbMy/eG0tMO952WMq6Ch3tLGV8edUK+hjmefK0vQQL4LwJhxp7SWV+tVmsTr1om9QcPex/+Jj/bVsinXjfE9dSZPjnAZKxxbknWf8Be6Pzva2OZat8jdIrWVjOQloCMDdvUQOQrqBfLynxDqX9qJxBeA8eCZSyr/Cec/S7yR/5Rt92tBZDKrcEq4DPvejqk+pd61bdM+lPuztmHKYgk7Rfb9Mu4vbL/r8zMBAKOHaWMxqeHYNRCr5xN7LoCVFqbrwcwTgtKJryrz9VRP5QeDqaIKtdirrQLCX+B+R8P3SL96m9Z20Nel17Ne/faoSUS6BkwklWOmVzuoZ8N48P8mAIDRkmE4Yb7vuqRcxoReqOdXk8fsLNb/RHrQcHp87w6RazaMS/3NfjcWQQOAvJA1aMg+aElget2CVrUklJTr7cuuxNf1bm7fJCe4sCcq2cpf2oa/wP2jbWfabUohVyNyKrhynSOhO+WFo3Ryzjh33wFxocqFAQDjJ3uHclbokmkKu75WyNuR+hH0QwkhI4CsdEq/q+/gfLy5FTRcO3gOa8rd1Zfx/aqj+o0AgFGRpUOp4VuN5vaSiA5h2HUElRKooDGafGOMGJbmJ9Nt2LA1Ozt6Ra/eHKWsayXQzllr8opQ7aArOjIr1lRkd8vG6AXABOF6vprmdxQsuQQYl0CrooHq+KrL+t3WFM4TWS/lIjF60PAeQeXT9u2jdNDw/V0AgAlixKAht5xbdRGyR2pisOMBjdpdX+49Sy4ruuSOIewaTW2WLmzYPgOJnun6PujYlQ3LwU/O41ZZL2PpYgb94s9VKWEX9XpHL+Y7yAEAxoBTOrUMrXw//Wam+gfXS/2WpTfT9dY2eLJnVdjgzqrt43tvhjq+iDNo6GUYY/oDAQCcqHoGv64tnAHEUbTguOOrlUPISXKqh7oKn3zrmsafBBtMTjyy1D7YsNO2L64VfH2del0vY0TETdPkPJ31qp31PV0f9/oV2oDNfXcAAGQlmyBqDzCuGy/kynFdL1XW69SD5ftqvRf9kC6nSluFEnTlMKe+ldrN+1L/8hl+VPq8Wf8yAABf/IdjiS3W+tytVSKu/lKGB9MkzjljppYNe4/pe6LxYtj1nVOvMsKebnamJu6dOOJy6pM6hRCMmbK1ywWAvSmvSxxSo5pc/8j7HfTrwPH3AQCAh0xzq31kHqFNfdPedfRNzn1mm3mdavkIbU0YYQcNcupMzq+VufIh008DAIwGx3Wv+z3rItZxW8Y1sttPrLCCBuecc0Fk2gHEfVfHudwhZXGOAXudB1vtgw1b2V48qzq4nXpGa1f2qMJ2azDz1vvaW6ZlvUROSy+rQBUfAHkky0DiLdVVfk36Fa4gkKnA17dWyles1Rb8Thf1Zsp3s4OqXwDyTobaA6YeN6MnqSoIqHpfxqz5snJinH3jiLzKrp7pjrjyQ+4YggQjllZ/YcO27RGbvne+pxKAVTv27KyKeq18V00F9cuGAQATToa7K/7lBHrK67309ei4PveIsvgzfDH3zLZM0QlBA4DJxNvf9XnqaiVTua6pKupVWa+W1JJ9B8lH2VXlwnn85gbJRMeKaLBh63a2Vu5Fr8DjnLyZsVMYlpeDQpUL22NqtnP5jq8AgLyjibKWR69k8E5f8+3smatvx+bXv1K2FR4AABNE9ttE+mIvakkHOfHdWwGsPqULwFYCMpKyO07p1yBL98UWW/fW2zq9eFZ+SNfnebVhu4lzfUkH+Y6q9bGbPtNTZFebH3NzBwC4yHQhqVf02nv61D94P+6c5Zbp3Uy9ONO73gxb/2JZPkhIjgHII/I+rdctk1o5jEsXY0wtBG5X9Ko7vY71HHQB2E5q0+lv9tlHY/sVlu5rq31pG374s6MLPypP9SS15MyA5Q7pTNeVOtudSj+5fhz3qaV7pG8KANBxCbQ57eYZgXwihDdd9ttBqBEu826UuRJD+wbCHShyHgcRNAAYFa7rXuF7fatfmvrW+9pJbbqwwa+2wZH+6stE5HN9X4fuK/VqrwoIf0H6s/UDrdXbLTK9jINL6HXNYPNOcPFeR8qiH9caZ3pP85V/AAB5wXeMyV6JlL0YKZPcm0v90qhqnHLbGUEDgLHgrdRX2Ms4WDuqWzEZhF75VNf0Dnp+LNNfuSiqnvLmMf2Vuq+wdD6m2fDDb5Pj+KQt6eDOa6UerHcAfd6MNJm2qvBoBjtIOADkmVw6YJayB++eWbLiHMLLyLm1d2cAQP4YyzWq7lBqrp7j6gKwnh6o2t8RE90xZ8O27qsrf7BhO6+0sjRxTdNNl0BkSXy1z6Zvj3KenuvmOfiIa9dDwgFgMhjDY8Zzn5w6hgmsmPMKwCTjWoJXf0d/odIAuwLYfQWrp7yuhR2ciz+45715k92xpb+Gj/IHG7Zl59QNXNmts+k73orHU8kUMc6SySxPiGEZ7OxOAMApzRj6NUIBANOETJ3RPdYbBhdCGJxCoYAr8fXW/nrnveULw15Q2FL7YMNWtm+L8ZWBvRNQ1Kw1qekS0UAsWVERDgQ4hFoAAACgYEmZ5snuWGnYkLPZ1KqFHg3YnWDkq+qXkzVlz1L7YMNO21nxncGmJ75K8WWMDcdFVWVpgCPxBQAAAAqaAOfVlZGhuEp202mDK52wKx/yXOPESepzdq0l02z4C93vaW2Zan8zicHSPzScLIsUjaF1AgAAAGAmwsrCRUPDSVfCoJMlwcjyMhds3dfeCs2Gv9D9mXGJvq5mKusm1MtUiniAZz4YAAAAAAqLgMFSZjpVkI9/8+a7EyH96rovttg6tiO2M+/tCXnbwrWqA+OYkgIAAAAAHcYZ8+i7PpUPOWYjucOlQJdW+2DDVvYIbcu/3Ny5wBkJQVlXdQAAAABAIZJIOpY3zfTERyX9KsapAXOy709bah9s2MrOQNYSnLToa9c/YHYbAAAAAPzRcwaZ5uZe+zs2tHpf4dnCX+D+nJusS+vVb17kpZkCAAAAYOahHmKVKZGYCAWNC03tE1oCBD/8ntap4y548BN9fVbmAwAAAACQyLRBpRiZpN/8lj1wxkhpfmmbBPzw+7aYLEXoXgPPHQUAAABAJnwTBl/pN48yMJdqnbA0P1LKH/zwj7Itue5ZSBuJLwAAAACyIFzSL9HE1kxaui+22Hq3uTcj2WyZ9oA3/a38N1sAAAAAnPr45gx2IcRE5Q9K98UWW/c2c7NJF/v6Nk09FQYAAAAAyEKWZFc5mafkd8xwRnZlsRCwYeu2t+VlqbnRZ7mp+gescQYAAACALGipAlMe5jOfPuMso9HCBRFTah9s2Jqde6vV26s0tE9D/gUAAACADyp99bufPPLzZceGIQU6S+2DDVuzx9ak7Os3yL0AAAAAyAlNO5twyYwLImJkqX2wYWt27i3VmSinNWDUPAAAAAAgE55UgelvuYx8Iet9SWl+0ibNhr9g/RnajH9WnGF/FDwAAAAAIAs+qYJvUpGv6W5cqX0sgwoIf8H6cyZLsS8AAAAAwMj4lvxOxIkMl/IHG7ayXU0wy9Pa1GPg5I0LPffNYx4cPzn0ysv9fzgYP9SWihm8tqborHNmXXNmKDK2o/UNvb43WdEQWTH7FEjV4ycH//DCwCtvDzd1mFQaqD+t5OLzZ51bG8j5AKJ7b+c/PDIcvSh6x7mh0Ji/x+Dggw92/iEZvuPTlStK9K83cP8DXW9GK/7hxrL5FH/mV+0/P8LPuTZ6W6OR8RedUn9/AAAAE4Hveg7y/rL3LXXfWdm6M3cMOUXfnt0vYMNWtm+LEc6VR/RFHnSnthCJzw6jxzz0x657Hh9sJyKiYDEPJ83WI4OP/2aoNTn3jjXB0R9QtL588ocvJmvPMe6+onjsueBk4Pjt4VJO/am9e/r37hl49tLqOy4ozjH1725Ptg6ZibZkgsaR+w6lDrWJGCXbhwSVpP+3Jvrih7qph4bbh8rmF1MiKRJDZiKR5UCn0N8fAADARKGS3UyPc3Nlt8Kz/NkYMMjOTdTkfNiwlZ1jw3WuaKZ04vG2TsVAS8+9jw+2Ey1aPfvmSyMNZYzIPLG//z9fji+O5q596oh4kogokaQE0XTOvdRvrz+n6taLSuaXMKLUmy903vv08N6nOx+Mzs2irU4NwdDlN9WeO0QVZTzzTqfM3x8AAMBE47xjnOdM14uhshVssXVtpw2pN1+JtRIFF5bffnXpfEvk5XMaZt3WQCRvxP+k82UjcsdNsxtKiCj52sMn7m8J3vCJ6kuiLH4y9tBjPS8fSfYMUXl10aqzy66rNx/6Sdcr/URE7a+1f+I1ourINz5XuYKGn3m65/d7h1v7KVwRXNEQef8FpStmMyLzzSdP3LOHXXx5Ke3p+0NTgqIll19afk7x0OPP9b/clEyUBs+5tPLmNVJPNQ/t7nnslcFdR1KxYr5oSeSjV5Svms3i7X33/Kyn/bTya0qHn90z9E5J5Kufnj2nrfuBp2JvtqdiSRZdWHzxBeXvbwyG/H57eEnFrZeG7d8eWHFB1c1tx/5pj/n6HwdP1JdVdPscfHFy6A9P9/5+73A7GY2NkbMM/VpEdLcMPPZC/+sHE+1DLLqw+P2Xz768LkCU2vVk+717+MWXlsT29L920Gy4es7oZfXUrqfb793Drrkxek0dz8ff3/utqq/u777nZbr8xug1ddw66WPt//K2cfPNVevKplPjBQAAMM0w1EKs2GLr3U4LBpNNrSYRLW4sjvqmYUOpQ+2ix0i2D1FDCVEi1dqeinWLwycFVSRfeazr902ivKb4goWcTg6/8vTJULTqwgsitHPglTYKVpdc2MCj0fB8EX/q1+0/PyiCFcGzVga63x56/bXu148kv/Pp2Q2G2d6ejPWLx3/TFV1YPL8iubdt8KEHB//ToIqa4sXVyb0diRee7j2roXpdmXjnj53/8PhQrDR0waWzVtDQUy/03fMwffemimhfvLVbtO/svp+IigP1pwUjg7FfP9L3ejdbVF/SMJt1Hxl86DGqXVi9rsz3txc5f3ugYXkovGco1h5vT1LEe3AR/8PD7T85SEQULk3t3tmzW/twvLXnnp/0NSUDZ64rv64m9frL/T9/0Ax+LnpJhXmiLRHrp8f/a5iIojXF9bP9tNvk8K8fOPaUVu+bGEy1pl/Ig7CmkybVpPLy9/d8q0CoX8T6E4+9MHjhxyIVRPHWgf/cmegpDUam1VUbAACA6YdBJBgxt+bH5IQn+AvaP20wY0kiYhUVfNQ3x4cSb7YLKi25+SYrp7xN+huC4ZPDr7QlK04rveGK4gjRwNtdzx4UVFx8683V585m1Df44AMdv28beHx/2R2N1sGiq6vuvjYcGRx68Eftv++g6Lrq715REhkcevCf23/fHd/dbq4z4s++PBQrLrr15uiFUUYUWUzHv/Z07A9ts66zjmG8/6boDQ1GiGig5WRTNwWXlN9xY9mcjNKq/dtnB1y/PVjGI0SxpBhIKl/64PGW7mcPEhWH/ubT0ctrefxk7Oc/63y2Q+6W2vXKQFOSn3PjnNsbDSI6Kyq+9pOBF/bGLzzHynTD9RX/cH3Z4hLKRE93sqd7sv/+jm81u7TxhZO7Dw681h6+JCoO7RxoSlL92aX1ZRm/CwAAACBzX+aj+QmCH/7c0RemVms+uOyxY/BoCVG36O4246OtDS0OnXVa4IWdgz/80bH6qDG/pvisNeFVUa+WKQbak+1E4YUl9aWMiKis+MJG4/cvJg81JQYarcy0dkkwQkRGoLaEiNj8hdbLaBlRtzkwJOIn403dRMnh+7ccvT99cNbeZ5LMySpCZy005E+IzC5eVdP/+4PdX/vn2OJaY/GSkgtXhue70k312/vMODnS30SfOUBEBouoct/0wUV3e7ydKLwwclaUE1FodsnFjcazLyaJiAYTe1tMInrlV22vaAeMtqcSZP1lFjcWZ0l8ySi6dXP0Qm19hoGWk1/71/5W7575+fsbPt9qdsnljb27dw6/sDd+7mrzhb1JKi66eOU4pvEBAACYCnzXhso09S0vqHpfPxUQ/sL2Z286vpPhvKtA+C4EMTqCxuKaALWlDu0daj8nNN9PInX5BhLpz667eu7djQN/2Dt8qG34Dy8OPvtK/9WfnvPROs8hDCKiRNL9o+LpqwDm+iHBYIbfVVr8N9dEFhvMOqxhLK4z6G15Fpb+qmUlN3167qo9A6/vTxxqGXx8T+zxlwe/enPlKr1cNf3bh7tXBzV5OPnmnuEYUbimOJ0u6wcnShCR5+doBC64uiKdvxo8urAoQvIPx4JGnsJNXv/+zm8VqF9Xsmhnf9OOgV3F5mvdFF1dugrLpQEAwCmFvqiZ8nhXmhrbWmaZ4LbC56cCwl/w/lzI1Brz9xDCQP3q4lqixJGeex/vP9Rnfc0Tb/f/+rGuP7SaZPCQQTSUah80iSjeHW/Sb8cHA4sbZ910bfQfvlB799VFwWRi195EnFiojBHRQF8qkSAiFpltRIkSbbFd7SYRUSK5/0iSiObXGLlP9QqVGbXFRP2JQxRa0VCyoqFkxWnFi7MkZCWhVWfPvvljc777pXl/u5xRx9Drba4/mvXbY03dP3wu1i1T08HErq1dD+wTRIFzzy6u8Dkui8wOVBAl2oaa+oX+c4iIDGPxbEaUOtTOFssv2VBSH3XXVOSNCfv7R2pKL15C1DFw/+ODPWScs873TwEAAGC6kylhmKBHZRlqYQkmzw0b9lgfGpj3J24rIqdV3H516p7Hhw7vPPmlnSfl+r49SSKixprSc1aHzlrCXt+XeOgnJ5oajfjbg3vtNC9+sv+eH508VFa8amEgQuah/cMJ4ovrjBCxaE0wSon2fV23b+mNlgUvvrz0/fWxnzTFf/Kvx15vDEVODr9yhKii5P2NwRClcv2iZcWXXxB65an4C79qa1pSsiLKBtqGXjlCF9w07ybPQmTdezu+9vBQcEnxiigPDiV3NQkqLqqPuv/w6rc3vdj5mRc7y0tZT7/1d64/v/KGBv8l3iI1pRfXxB5qG3rgVx17F3L5NSyCxlkXRBYd7D/8SsdtB4tWLTQiffGX9yUqzo/efdHYFozLSJ7+/kn/oweD684t+c+Dgz1EwSWlF9ZkWVINAADAKUN+VV4vgdPO+nz6VabnccEuSPuGyyrJTS6tUejlv0SUMlkkPE5VkVUsiFy4Mlhhiu6BVFe/GDapvLro/IsrP3t2UUmAL64zuvcPvt1rtg/y+rPLL44M7+wxNq4vXT7bqJtNfcfju/4y/MaRFEVLrrmq6vpGI0AUqiqqNxJ/PpDsGTJ7TGP12bMuWV2yqMTs7k/+5UDicC/V1pfe8uHKdVWMAmLgcOyFd/iac8tWzWYUoL7DsW3tgY3rS5eVMwpQ9+GBV9qNjeeVLivjFXXh9TU0NCiOvzP858PJofLiC/+q/JrGUESkdu4aGphbeuWqUCRARFRcakQj5rHD8V37hve2i8r6yE3Xzj5/jjeBs357JG729qWO9xMRBSuKLru86rPn2w+2SLoPTkFjWWNReSx15Mjw7uNm2eKyG1bzt5qS81bPurAuUDK75Nx3GTRk9h0ffuNg4hgZq9aW33BuyZwS6jsS26Z+qQ+ppjdibxtF7z87PKdIc8dTu3YNdUUj16wtmhWkvoOxbe38rHPL3lOVl79/xm9VXMq79saaYmz9pbMvqUXuCwAApxKxwbgRkGmuHtsZY8RsVOahO/R0RBoBbr3cvn17ptNt2LDB+shFn91rzUjCFlvn9sktS3U1167cFfrkNrUVQvc57OEEj1aVTlznAQXLwNtdX/vJQKtcHjjL5DwAAADTj/bO/qKgKXNfle9mz32JrLvUrtxXTQjZsmVLptNt3rxZGtzS+bDF1rvNidz3BCC/pN58bbCVqH5NpB6JLwAAzEzyn5rW06EAACAASURBVGZwaw0qbLH1bgGYziTM2KAI1kSuW12Epc0AAADkiJG+ze1V/uAvcP+4YPa6EQBMDMHghZ9YcOFUfwsAAAD5YPJuI3OZ6Ahf5Q/+AvcDAAAAAMwsrHpflkEFhL+g/QAAAAAAMwsuMqiA8MM/MU0OAAAAAGDK4LryBxu2QwkGAAAAAJhZcKEpf7Bh6zYAAAAAwAzD0n2xxda7nerGCQAAAACQZzTdF1tsndupbpwAAAAAAHmGM2JCqX2wYWv2VDdOAAAAAIA8wwUJptQ+2LA1e6obJwAAAABAnuEy0fFV/uAvcP9UN04AAAAAgDzDrXTHT/mDv8D9U904AQAAAADyDGdEmvJHmvIHf6H7p7pxAgAAAADkGS6INOWPNOUP/kL3T3XjBAAAAADIM/Y6D1Ltc2zhL3T/VDdOAAAAAIA8wwUJRrba59jCX+j+qW6cAAAAAAB5hhORoLTOp5Q/+OGf6sYJAAAAAJBnOCnNjxgp5Y8x+OGf6sYJAAAAAJBnDFLKHwnSVED44c9jO2vv7M/j0QAAAAAAxoZBRIwoPdMfNmzbzmM7W1BTnsejAQAAAOBU52hbz5ScV9b7kqb2wYadtgEAAAAAZhKcVMWnY0vwwz9BbQ4AAAAAYKrg6YpPx5bgh3+C2hwA4P9n736D2jrzfMH/JD3hCAlxZB+aMy01IsggjFxSBcq4cYz/4EAZF07sdjxOxsmkpydzZ3bq1s69XXtfbO2L3do3vVN1p27v7O69XbN9e6aTm2Qct+OxHbPBaxLwv4YYCrlEWZg/FkYO6jlaDtYBBBI+ivaF/iAMdpzEtkB8P5V68tNP4pxj6dHRo995zhEAAOSKNjPC0ZAGMeJlMQAAAEB+0WZGOAlKIEa8LAYAAADIL9rU/7PHOYgRY9wLAAAA+Sg99s0+vo0YMeY7AAAAQD7SronKIuK1GQMAAADkF+2aqCwiXpsxAAAAQH5J132z2sSKDPIbNA8AAACQX9J136xWsyKD/AbNAwAAAOQXbeqna1OVP8SIl2IAAACAPKPVaDSUyFT+ECNeigEAAADyjDaRSJAmVe1LJCgrRn6j5wEAAADyTKrum24pK0Z+o+cBAAAA8kxW3Rct2uUtAAAAQJ7RajSaRFa1DzHiTAwAAACQZ7SJREKTVe1DjDgTAwAAAOSZpbovWrQPtQAAAAB5ZqnuixbtQy0AAABAntFqSJNIJFLVvnRMWTHyGzYPAAAAkGe0CUoOdBIaDWViyoqR37B5AAAAgDyTrvsutbQig/wGzee6cwIAAAA8Zem671JLKzLIb9B8rjsnAAAAwFOmpazKHy2r+SGPPAAAAEBeYbQ0vxMt2mVtrjvnMlFp9Gq3xxeUIzHScSbBYqlr3FVn5Uid8Z7r8Nn2H6svYbneSAB4etTwSH/ntbEJeTYWJ85oFm3bdr/iLi96puvE/gQg/zHKqvahRbu8XSuigYHTn3wp8ZV1jW7RSFFF8g+NXzof159ocRoXZWVWkWMqET6rAPKFKnk6Tl4M6qucO2tFM7cYDgZHRnvPtuveen3bsxyWYn8CkP8YUUJD6VmeCcSIl+Jcd86MmZEez6TR+eaJveX6ZGZr3c69ajRGeiI111sHAE/dXPBGb5BqWt46XJGq8zq3vdysRqOkx5gUAL4fRkQJWqrzIUacHa8JKhHp9LzI65elmZ5Lh3E1FvZ1egdG74UUMloqW9r2OIXkJ+T8RN/1rv6ApCwSL2ypcu9s2Gotojn/5dN9ppbDddbkMucmL525orhaj9RuYkRE6pSn45ORitefbYUJAB4lrpKOt5geftNnbqszd/r6ewYDk9MLjBfs2/cerBf1RKTOTAx6+wbvTgRnY7oCwVbb2lZXXpSezCC47dExz+iUznXw7X1C1N/f2T02EZqN6QpL7Vtf3rfdyT96fzIX+OzUF5OW/W+22p7ptAsAeNa0RKQhTbL6ixjxQ/GawAwWR4kauH76nPeOsmqZN64M9XnVioMn3v7LEw3WyPBnnWNhlYhUqe/Syc/H1YqGN//6p+8e2KrzXznZfmtKJb2RU4O+geB88u/DAa83GB7puyVFiYhInfUPSWqRCRUmgNwoEp0WTrp26Wz3+FR05d2xie6Os4NxZ+vRf/vvf/rTtq3k+eLC4IxKpCpBr3+Bd+15+69/+pev1/LT/R3XAlFKTmaQ/b1dPSHOtW//q9sFCvSf/sQrC+4j/+anf/Pn+936qWG/HKVH70+YQRBKBNGgX7k5ALCuZOq+6WrfUow88msEK6lt/SnvvXpt4ONfXSeusNRic7rcdc6S9IeQTmepO9S8tYQR8c6dNbfvDAVldatZlb0eSV+151jzVjMj4t0Hm++/d+7WoFTdJFa6hVt9Q9KcvaJInQkMSnpLWZFyzxeKWW2cKt/zyQZ7g4jqDkCOGKrbXntz0HO199L/3RvXGc1WW4V7u9tpNTAiUgJ9o/Ple1vrbMVEVGRz7q4f/3jwbrjGXSJsffX1rall8Nt2Vg2fDk7NqbbUvmKz68jxxnI9Ec0PX74t89VvHnCX64nItqPNRkSkTj1yf6Iv2XH4UA6fEQB4WpJ1LU1m1i9ixJk4150zGyux1/3EXvcTdX5KngoFxm98/rurva5jxxu36ImIikqFonSNluM5RnFVJYrPyDGdYLdk7tILFp6NSaF51Wq2u0qu9o5NzlVsid3zTXOOA/V872ce31TUJir+UYUra7Jwj94eAHjGWHF57d7y2r1qdEYOyZMjt65+9MFVR9NbbVV6OSgpC8r5D39xfunhOktZnIjU+75rvTdGZCUyH4nFiYg2L8bTD+GtNjE5ClZjihzXizZhtSru6vsTAMgXyff3UuUPMeLl8RrDDCWirUS0OWybPvior2fUXe4iIt2j5iYwIpXiS7d1xIiiFCdiZnu19Vq/LzgjRMYkrmK3RTC6Snp6xiYVThqdNToarTi0CbAGMH2xaCsWbWV2seO9Do+voaKO4sRZWt9pqxMeeuurk92XPvXodhx+bbe9mJEqdZ/5wJ91v06XtVyi1Ye0j9yfAEB+0BKl6r6UqvMhRpwdrwlR5f7cQx9STMeIVDX+qD8hIuKKBWNcDoQz0wXngncno5zAGxgR4y1uixrw+DyD9/maSlHPzLZqazzo9dzyKQZnzcMfqgDwHMXC8szyib6McRxRPKYS40We7vvT8/WzLCryPBO3umzFjIgoPhdZXL1iywzWUoMqB+VVJhMDQJ7L1H3Rol21XQOik1c/Pt8XExw1W502M8eIIkHPNW+AlR1ymBiFH/mHesHpEge6r1/o0TU7zbGA91LnWFSsdacmMxTbaqx03tOnK913wMyIiLc6S6+f7fXpLLu2YOgLkDuqNHz2/euyUOasqbSLBkYUk4avXhtTrbucImOsot7hOdvddYka6ivMpAR9/QMjrO5YW5lg20TXbvUNleysMav+vp7APK0+d4kT67fbR690XNzU3Fgp0pSv95ZcsavF8ehtik4NdPdJ1voWF67+ArC+sUSC0hdy1VDqRiJ5iSvkN3p+jdBbm954Tejz9A1eP9tPREQ6k8Wx/fXGbdU8I7WANxp4wZD+NGKMMxRxhUWMiJhY3/q2vu+q58p7l2djVCBU/fhYszszmaHI7nRaJv38tvQF0Qy2+kpL6B6//UUMfQFyiInOYycK+3o93stdHiIi0hmFLfXNRxqqREZEhuoDrx3zePr6Lv1D+2ycCkurtr7cYCkiVlTbdEjuuNB+xtNOfEXt7pcskYBJR0RUwBsNRp7LvLMZX3XwaPxS+5WPf32dqKC0atvLAseIHrk/Uecnx+8FaZvqws9eAKxvmqa/upXrbYA16v/5ewcRZS70m/y9t2Q9OJFIpC4GvHQrK5dIJBLJxycSiUTsgfZHP+Rz/a8BAACANeSrPyjcC19rNBoijUaj0WgoHaduZ25S5hGUvkJDplCn0RDRCyx185e//OWjVvfzn/88GWgpQUSaxNJRbk12i/yGzgMAAADkFy1piCixNJKmRHaL/IbOAwAAAOQXljXVMz3XEzHiBGWmgQMA5MQDNbH4AAeh4FsoeEGTOfYN8CgsPdBJV/sQI07Hue6cALARfZ1IhKbj4dm4GsdeCL41piOziZVu1mlRwYFH0CbPX0rO70SMODsGAHjOorGv73y1OBVWMfCF70aN01RYvfPVYjT2da63BdYobfrsOaL0xc4QI05VfwEAnqNEgr4KPYgtJrIy2BPBk8ruLbHFxFehB+g+sKrUfN8VbWreJ/IbOb/WSJIyM7ug1Woj87Fcbwt8X0YD9/XXXxcXF4qluP4dpEjTD6Lpge9C9OtI9OtEQoMCMDwhpiONhoyF2kJOS0TRxYQ0/eCPhBdyvV2w5rClgU7WMCg57xP5DZ5fU24PB3/wg2KrdXOh/oXMVf1g/UokEgvRBwsLi0PDwZpqS643B9aE6ZnUr5QvRL+Of03uqsLNxbpcbxSsJ9Mz8ZGJ2ELs6+Twd3omjrEvrKTN1PwyP++VmfeJ/AbPrx1Dtyd/ZN0sbC4yFBZg4JsfNBqNobBA2Fz0I8um2yN/yPXmQO49UBNfp+dnRqJfO8o5DHzh29pcrHOUc5GFVE/6+mt6oK6xQg6sAdrVDnyjRUtrZ5qUFJr5I9FcVKR/gsfC+mMyFf5AMEkhJdcbAjmWuZxZ8ochMfCF72ZzsS6R0GTm/uIyebCSdvm8T8SI19x835mZeb0eB63yWWHhCzOz0VxvBeSYVpsKNBqNGs/xxsC6psaXfvBWu2Y+y2Dt0GpIs1TtQ4w4K14jtDptYWFBrrcCnqHCwgJciRMAAJ4PbfIHvFLVvtSpTskY+Y2eXyMiEVzVIc9pNBpcuwOe0L/7+f+S600AgPVNmz69SZNIEKVqfpqs056Q38h5AAAAgLyipayaH2LEy2MAAACAvKJN1vxSlb+sGHnkAQAAAPIMI0qkf80LLdplba4755N7IA12nvqX26ZDf/ZndZsy2ZmxnjMXem9PhBf0JVt3tb51oKoYl4sAAADY2BiRJpFIZFX+ElmVP+Q3eH49eHB/4HcfnBqMMlWlWfUBUXJ8+2Da8+H73Qu1R37+5z+iyZun/vn0e6Y/++/2/hCj3+fgzL+0E9HRn7TlekMAAAAepk3VfSkz11NDWTHyGzu/LqisvPHdf//mPivLSj6QBvonN28/fqhGLDaJNQ3HX/kj6fc37y7kcDs3ijP/0v7JmfZPzrQnR8AAAABryrL5vrR6FRD5DZtfD174gXtXbdVmtjw7F5qYK7RWbk6VeV/YXFm5eeFfQzMPcrKNG0dy4JuMMfwFAIA1SEuUHOOkan7pWIM88uvYA3VmVi3clPVzcIVFhSwqo+77LGUPfJMw/AUAgLWGESWHO6lqH2LEWTHAt3D0J22Y4wsAAGtcsu6bVe3LipHf8Pn1ixUW0sL96NIUh4W5BdILhTndKAAAAMi1pbpvqtqXFSO/4fPr1gtFVmvRwtjY9IMKwwtE9GB6bGy68I+suMjZs7RyzgMRvX4UxWAAAFhDluq+mtWGRMhv7Pz69YJY32Cd7j91YUiamZWGek99/q/ijpesqPs+S0d/0vb60WXDXAx8AQBgrcma77u2Ko7Ir4X8OvBgevC9/3h6MEpERBP/1384S9ZX/uLnh8peEGvfemfuw49O/uIKEenL9xz56cu4uO8zlxzpJqu/GPgCAMAaxFap+SUSpFmtFoj8hsuvAy9sdv3F/+Za9a7iyt1//T/vfu5btNFlxrsY+AIAwBr08HxfokcMjJDfiHmA7wKjXgAAWLO0yZ8zSA53ECPOjnPdOQEAAACeMm36pw00WT9zgBgx6r4AAACQh7Sr/ZgtYsSo+wIAAEAeStV9060mK0Z+o+dz3TlTjEZ9rjcBnq1EImE0cLneClgf/v6X/2uuNwEA1rdM3Xdl5Q/5jZ7PdedM+frrrxcWFnO9FfAMLSwsfp1YK9+1AAAgv2k1Gkoklip/icRS5Q/5DZ7PdedM4YsL5zH2zWvzCw+Ki/G7I5CSSCSYLtcbAesZ01ECX6fh0bSJBGk0S5U/jWap8of8Bs/nunOmlP6g+P+bmp2bW8j1hsAzocwsyNOz4g+Kc70hkGNcgTYZaDQajYamZ+K53iJYl6Zn4hoNaTSpjzCO0+Z6i2DN0S6v9iFGvBTnunMu2er44VfBsDw9Oz8fW1MbBt9ZIpGYn49NybP/KoWrq36Y682B3NNqqOCF1HjFWKgdmYhh+Avf1vRMfHgiZixMjXcLXtBo10oZB9YQlvwxr0y1DzHiTJzrzrnMVscPpZAy+YewVqOJzMdyvTnwfRkN3NeJRHFxIQa+kLG5WPevskpEhZx2Ifa1d3QhkSAVA2B4MkxHGg0ZC7WF6Vrv5mLMnoFVsPRAh7IGPZnKH/IbOp/rzvkwsZQXS/lcbwUAPCsCr1Pm4guxRHL4W8hp06cfAHyzh3qLvkAj8Bj7wioy832zq7/Z8z6R37h5AIDnSaPRWEpeeCiTu82BdSa7t2g0ZC19Af0HVsUeqvyl4wTyyAMAPGeFeq3TzoWm4+HZuBrHbgi+NaYjs4mVbtZpMfCFR8B8X8TrY74vAGwQWo3mjwT2RwJ7oCYWH2D4C99CwQuaFxg+vOAbMKJl8zsRI86OAQBy5QWGcQwAPH3a5LSYzPxOxIizYwAAAIB8kvxdN0pW+7Jb5JFf7+Ymx4elx1wNbX64/Z///v3eyejz3CgAAADIpeQVZChZ7ctukUd+fVNn/Ncud1wLzD3yEQVC1Ta3q4xnz3W7AAAAIIdY8rJWq1X+kEc+v7ESh7sp1xsBAAAAzxPLqvZlX+010yK/cfO57pzZYlM+z9X+cX8wHONMFsf2g69sFfVEc+OfnvHqtzuNo16PP6SohaWO+lcPbOND1977aFAmIur8P/62k3Slze8cdsd6T3YvumsNE54xf0Q4eKJJGOn8NFh9rK3KzEidm/Re8wyMBkMRMpaWufft2m0vZkSqErja2esNyJGYzlhqcdTX73aJRbl+OgAAAOC7YekK38NVQOSRXzvmRq5//PmU/ZX979rNTJG83VfOfs691Vahj80rUnDw4nxN4543XjHFxvsvdFz/rFR8e2fjX/0Ht/eTM11s17uvVyWHqnO+WTl4t0My2WtrDzks5bxGksOKPBsjInXqxplLHq6u9cR+q1GVR/s/u9hlPNq2Q1y8031lQCk7dOJQuTE2Oer1+CWlSizS5/oZAQAAgO9ES5Qa4yR/0hYx4qx4bVDv+/oDrKqhySma9VyRaNvRWMkFbvuV5N06wbX/YL21pKjYWlNba9UpwfuPPnutwN762rHmbdW2TdnD12jg1qCyaWezc4tg0OuLra6Gly2z3kFZVdVIVC2yVJaLBn3Rpi21e48ddlsx8AUAAFi3GFFqjJOs9iFGnBWvDdGpgLQgB9r/082sJFfmVlUiIlYgWEyp4SjjijgdqfHkPSsxzmy3GFac26YqAUmOyB2//nVHVlbYrqrMYHOUdF3s+CBS7XRYrRaLVeBwahwAAMD6xYgyZzlpiJa3yG/0/NoQJ2KFjgPHjzkND92jykREum8xGmWrPlYl4kpr336nQVxxt7629V2LJAXv+TzXr7bPFtU0vdG2tQTjXwAAgPVJS6ShpWrf8hb5jZ5fG7hiwRiXxqcefbWy1TAiIjW2+KgacPZDjaUmpkgT8qoPZWbRWl3b8JN33v4ffvZjLuAdlL55iQAAALA2Zeb7ZrfZ8z6R38j5tUEvuOotqu/Khe5RSYnNyZPe7s9++9G1iW/4TQqDaDOok7d6Rqai3zRYNdvdTl662n5lIHB/Ljov+b2ffnTqXwZn1OjUjXOffdozOiHHVDUmB4IRMgi4ygMAAMC6xbIOdq+c94n8Bs+vEazE1fIW5+3p95zs64zEyWiprG/YZtUTUw1G3mQ26tKP1HFGgz7OMUZETKzd3xTs6Dz/Ow8VOtoOt/IGvZEZl+br6vR8oV4xcESktzYdPyz0Dnjbz3Qoi8SZ7TXu3RXFTB8rr9o02f/lycudcSLiBNeBFid+DAMAAGDd0uz9N4NZwx20aJfajv+zmogS6bPeEkuTgymRSCTziaVbWblEIpFIPj6RSCRiD7Q/+iGf664OAAAAa8hXf1C4F77WaDREGo1Go9FQOk7dztykzCMoVaTL/ApBMniBpW7+8pe/fNTqfv7znycDbVbl76EqIPLIAwAAAOQVbbqqlyDSZMWEPPJP3IsAAAAA1getRrNU+UOMODsGAAAAyDPJuq8mM08TMeKsSjAAAABAXknVfdGiXdnmunMCAAAAPGXZdd90SysyyG/IfK47JwAAAMBTptVoNInEUrUvQQlNet4n8hs8n+vOCQAAAPCUaZMDnUy1T5M17xP5DZ7PdecEAAAAeMq0qZrfyiog8hs+n+vOCQAAAPCUaTM1v5VVQOQ3eD7XnRMAAADgKdNqNJRV+UOMeCnOdecEAAAAeMq0iQRlVf4QI16Kc905AQAAAJ6yzHUeaEWL/EbP57pzAgAAADxlmes80IoW+Y2ez3XnBAAAAHjKWPqyVpRIJCir8oc88rnunClf/UHJ9SYAAADAKn70Qz7Xm/CtseyfM0CLNrvNdedcsh7fWrDeffUHBR1vzcKrA88Iuta3sk6LU1pKV/geqgIij3yuOycAAADAU6al9MzO9CxPSmWQ3/D5XHdOAAAAgKdMm6rwLVX7aFnlD/mNnQcAAADIJ9pUhS+72pesAiKPPAAAAEB+Sdd9H24JeeSfa08EAAAAePa0mShV59NkxcgjDwAAAJBHlsa+qTpfVuUPeeQBAAAA8omW0jW/FM2KFvmNnAcAAADII1pK1/xSEita5DdyHgAAACCPLM15WKUKiBgxAAAAQB7JGvuurAIiRgwAAACQR7RP8BgAAAAAgHyAsS8AAAAAbBTaZZe1yjrOjTzyAAAAAHlGu+znDLLOb0IeeQAAAIA8o03W/FI/Y0uUqQIijzwAAABAntEma37Jal/6lw00Sy3yGzgPAAAAkGdYIpHQaDQJIg1ROk5oSIM88uuNOuXp+PjavP2VlhbnJpaV/v2pCz3q1jePN1j1Od1AyFOqNHDylCdi2/PW4aqiZ7miOWl0JMTZqmwlyZ6s3h/45NylAOdsa3vVWfws17x+zQ+3n/tkMJyV0Rk3C/b6xpZa8SntD2J3Os6dHdXtPHroZSv3dBb5zdSpwUsftt+NLGV0nNEk2rftbnSW8+xxf5r8+zlpZPS+0V75JA9+3HLkW6dP9cqWPW+1VZkft6TY1MhYgESnoyQfd8OxyZ6O072z1n2tR2pLvtcT+nSpM3eG7sU2VzishjW0Vc/Ypk2b7t+/vzL/wx/+MBNrswc66ViTFSO/cfPrTTwihZWI7Dnf0eWfX0pHZyV5ISZPKbFcbhzksagiS5FFWZYj6rNcjXrfd7Gro/2Lq4FM946r8Xg8Hnumq13f1HlZChMRX1Fdu91V/1K1w2KITocGL5473Tf1dJ43NaZMh2ORcFCJP5XlPZl4ZFKOEJHOJGw2C5tNRl08FgkHBq9/+H7HgPSNOztV6v/i7MWujj75ez4JamRKVhYVSfqGzq8EOtuvdJzrHVG+3/rWJFUavnQtGFFnR7p7fcoaejtGA/0X2q+cvXg7vIY26pmrrq5eNf/iiy9m4nTdFy3aFe1z7KtPV7iv/bL1nRbn96tnAKxJWQMsVrLj+NvOqK6oCF398QpEV8NBpyF5Y85/+b1TvkD/rUnX3vJ1XoTkXU0/bU0d0FKV8a5PLvWF7nWc6xPeafyGf5pKRKSqqkr0HHvP8/x68NzEJjzeILPsaxZ8Hb4bHtmx72kdUnhq8vJ5f5QdO3b4/f5QKJSd/MEPflBfX5+5yVIzPpPVvuUt8hs8v45F7n56ziscr1u5B1Ll8Rt9Y/7A5OT0QlxXKNgqm1sbtvAsNTUiWtHSYLrT7xuRYmZb9e59biHk7eobmwgtsM0v7m7bvyN5TFO9P9zX3zc4OTm9QEZzec325n1Va+lAF6wZ6vyE53qXZ1KaXohzZoutrK6hzm1NDsLU8Eh/57WxCXk2RoWCrWJnY73bWhD2+/qGAhP+YCgS13EmsebHh5qr9IHLH57yyURE8aEz7w0RGWua3z1skzqzjrY/el1h36WPL0pC4y5H5PaNwXuhCPGW6ubDu6o35PdDPV9i1JESnY3E5oc/P3fBb9p9vHWHyJLzpj7sDtsOvPYTZ3HqSWvYbpm+5RmRmaPlrbYKJo1e7faMBGUlpjOWlrkb6nc6CpKLVZXxrnO3fSMhhQpLnQ1HDmwtYUTRKZ/nlm80OBEMx0hnLC2rb977ss2QenxHry8YjsR03GbRUVu7u9ZmZkQUk3yeq/3jE8FwTFdYat/a1Lx9yxO8UoyvaDq8S37/in96bMBfV+40rLq7K6fxs+93jkSIiJSb5//TTaLNzjfe2btF/2TrVWfu9H159WYgOKcrtVW47YtZ981PeLxe/2QgEFJixPGCvWH/wVqT3H3ug145TkQUvPCrX12gAvuBo8dqTdHJ4au9t/2BkBIr4C22+n27dtgMT/GFfj5UebxvaNZo+7GzqoQN+joHvRPbW6pTk59iE53nTg/p6l7ZRkNerz9MQln9vgYnC1695h0JhFWj4Ni3/1VXCXvcvkKd8lz6uFu2NL/2qquYEUUnB06e8ahVLW+22vTyrdOnehXbrn0WyeMZnwgtML6srm1/kyU2cOpMR2CRiCj05W/+7kvSle47cfhla/6/5XU63RtvvHH9+nW/3z87O2symex2+65du3Q6XeYxqev7JhIJzYoW+Q2eX590lr2trVWF8eCXZ7sDcw/fG5v09HbfHJuMm7bUVNqFuDw+eKF7fC4zNSLku9DulTmzwBbl8cGz/3Tytx1jUWOJwFFs+m7X5bEpNT2D8PKYxKw7DuxpqiqY7O/8pDMQzc2/F9ay2MS1Cyc/ypR3lwAAIABJREFUHwsqzFpVaefng6ODFz767IakEtHcyJUPz3hGQrPEWxx2kxrwXbjolaJh37XevsF7EaOlpqZMZLPBm10dg/dZaWX99koLR8nD9/Xba3e6RP2yo+2PWZcaC92XY7Mjn3d8NjRfVCoYKa4EfZ09wY3XadU5afxGpycYJ+JLeN28LIVjkSkpkqyLxSNSOBKbDYUW1MyTdrmrezAU1ZuFUgMpty+c6uwblxUm2KssfOReT/t1X3JQR4v+y1d6huQoEcUXQoPXu0dmiGgu4Ll02Tcik1hV6bCZoqG73R19E1EidcbX8UXfeJj4spqXqh38vK/7Sk8wlhzofHDeM6IUOPbuaW20UcBz+px38sleKsaXOS0FRAvB4P3oI3Z3UaNY2+BylOqISLf5xdrtrp31lSJ7wvXGJq91fHx5LKgsEiNl3Nf5+VhmFoOqBHq6PYOjYc5SWVNVqp+Thzq/GJjUCVXuHS6LkYio0OZy1m+vrbWZSPKe/uiKZ3SBr9l16MA2MTre+ckXA993CsbzF5MGvf6YyV5rNes3OV4q4yLjPUPp6TRqTJFnY5FQz/krvohB4HWR0N3uU7/7h4+vB1STuFkXj8hD3X0jc4/fV8QjkqzEZkPSQmqpiiRHFuVQOKqm5pzIg12fdN+LGksEI8WUez2d3knVZH2ptrbCTETECTUvueobt20R8n/gm8QY27t3789+9rO/+Zu/+dnPfrZ3717Glv3b2dJh7mS1L32wG3nk1ytmdh/YL8ntnptfdFgPH6nIvo8rb/6T/6k5fUsZPf2PnSOBu5NzVen5QQWO1qPHXMWqNPDb978MxQsch4//xGFQpYHf/tOXISkQim4zR8Z6RhZ0pT9++506kRGpZUz5Xcfo8ESjrfqZnugE685ccGBQjpPJ9frRV+0GUmd87efPDoX6+oPuA2a/Z1wh4l2tPz1QkT1nQXznL19Ox1H/F785NTw5FIy6ttXtM6jB8WBQZ6ltaHEYiIjUmSdaV5sl9ZjNrrffabTqaW7k0m/OjCmBoBy1bYwTQBdHzr/3i/PZGXPtPrdVPz/xjX/KVx453uQUGJEq9VweiZCu1PXmiawZBerMABERGSv2vHl4m8jue8+duzC6MDkejjqLixwt/+5/bEk/8v6NU7/rDNzzhWLlm8MToUUyvth6/GByv/Fq8jHRSU/fvRhX1nqitU5gRNVWmvrtZZ8vtM1qe4IT6RhnLNIRkRqLq4/a3UWrqusb9Mq9kVC4yOZuarbqiSg62fMk641KA0MyUaGj7fAR1yam3ve2n7swlBqTMX7rmz/fmnleJrvPvNcr+wLhHTu3NhXppJGgX93kbtzr5olofvicNxgvrHnt6E+cBiJyCLHffDQ8MBJ271xXh9CUQM+gTJtddRYDEZlt2xz83cF+70TN/i1ZHwe8q/XdNps+Onnp/fN903Fz7Ws/bbbqo5Of/dN5jyJPTMec9Jj3r/jNm6ErbT5xeIfIVOX26X/s8suTk5HtO5x1TfrwyHg4wle+3Fwnrqen9ZnDfF+0j2xz3Tm/hyJby+Fd8kfXRzouXW1zZ98TlW53dd8KTM+G5xbiyXqNOh+LE6UOhpgspQYiYnpTEaMQmcqFAiJiekMRRyF1UY3TXCggxymePIqUoZtRIiph2iVkUSP35QiRUXSUGoiIWLHdZTEODSuTQSWqm5xeJDLZaizLe4065evv7h+XlPm5yGJqll409s3nLj1mXWpq7Gu02gQ9EZHeaNITRTbSSXJ8RbVdKEg906zYWlPpFA2kzn/T35Gx9EVbqlq2GA7NE5Fgr1rtC4NOdJaJeiIyWWwm3eiCGo2pRDQ3eeOyxzs5pSgLsdTLGYtG46Q3b7GZBofunv1vp8TNm0TR4nBVbhE4VZEnFaL4vY5f/7pjaeEFshIjepKLSMRj0TgRMU7HHrO7W+EJ16sqU9IckdHqqtjEiIhtcrhsxqHh1OUm1Jk7fV/2DEmyMh/J/GuV2CpTiqOzAWmBiIbOvzeU9Z3EOD3/fOcff0+q5PPeiRBFxy68fy+Zis4Rxcf7RmfKa4vT/xCdkJzMwgy8XkekEyyb9ETEDIKRSIlFo/HHvn+fYOzLi1aeERHjDEY9kRKPbLxjOt8Ke3jQk135Q35j53PdOb8XJjoPHZDeOz/W097LxdN777nApTNdg4qu1LXrSI2JRad6Ln4ZyP781+mW73Yzt3TZWZWIs9UebLCkPxN0en6TuGEOJ8G3lNXDWLKDqWrq69bDg8/oZP8n5z2yzlzTuMctcqp8q+Pz7OtYfad1qal+nN1BdURE8Q0z9l12rttjqCvHhezh9/UjThvSsczOY+lPZnwXOzpHF402V8s+m5HN+7uv9CXPwGHFzrajfNWYb3xSkiRv75in79bONw7v5lSViIxlzQfcmT0K40yi9cmuYTc3dSe4SFRosW3SzwU+ffzubvk//UnXG1+1myWvMnnp9OVQnC/b2bzHZowrQ70dy64ul3oYEUsvwVRzYJeb16WfNgNvWVdXQJsL3rgZihNRfEGeXsi6Y9Hf55VqGtNza3X0yAG9bvnN1d+/9MgHLT16RT+Fx0HdF+0j21x3zu+JmZ17jgTvf9gvZ2pmamxWmSPiyl5u3FbNkyqFr377D389bzbTPVm+r/LbnalPidhcPl64B74nZtwkGCkUkQbHZ7a4ihmpsl9SiDi+xGg0WYUCz/SCfzAQti1dGFVV7s8R6azu3fVVJUwNR7xZPVTHGBHFFSWm0sNX63zcuvSE6/s9QoFeryNaVJR5lTgWDQek2cc8WLCYdEML8sjtie3ilieZ4KQuSsoikcnRUO+2cxSd9KtLx5iIGaxOt9XpJlKnPO2/uRgc8Yd3by8R9BSKhCUy77Anx51qVFl87GrSa1MCXecuDUaINlfusBnUyON2d8yoI6KoMhtVSc+IGZ9ovcxoMhspFJFHQvPVRQZKdzMiIopH5IU4UWlN/W6XyGh+eCir3+kYY0SxeXkuTjwjZhL5ApqeleUCa236OhVzM+uqWKlOjXp9CvEvtb3bassass/7Pjl1dnSsx+8+5njSZT32/auL6QuIKKrMREksonl5XI6tGDU/Yrk6RkSx8FyUREzJy8JoabhDWXECeeTXP6583/5W+VzHeGoPzowlokCB0N2ujmtRV/Hktd5g/Al3IUv0lm07q8YujN698I8nB+wW0RiXx8cDUcuRPz/k5J/JPwPWh9Ct0/84nhyS6piOjOLLzdt3uEpHekMj7b/7rc8msvsjozKR2b2zwsy4on0NvuAV/1DnbyRfuUByUIqW7nlrt1XQ3Q0G+jo6qU6cutF9b2n4wDjRYqJAOPj5mX/wGDi+oqXNubT2Issj10Uk5eL5WAeYwVol6AKhwMVzH/htfCwwFHrco0tcjbuHznUHfR//k2S3GKKyJMUrjvzJ9scs3yaaekKz3s4v+J0VNNLfN526R1Vun37/yqTR4rCY9bQgjQfjVGixmFiR8PJ2y8jl4OCZk0FbmWWzIRYaHwmS6/ifvGpfZc6DMtj1XiBZxJ+XlUUi0m2ubDlcb9UT0WN2d8wolvAkK+Ndv/m1hzea3Qeanmi9RbbaKvPIzfDguc/UmhIWkUZG5fR9HG8VuJuzIc/lz4zu8shY12BWKVRvtvG6kUi456N/HuENRlv9wZ3VpYHBUP/5/+wvs9tMyUUVbT/6bvM6mZgalT199+IkOF2W5bVqg722gh/13ekfk+yVT7q0x71/WdRuEXplebTrvY/u2riZkdHHfENbRs9bRM6nKMOn/0kyGwss9fsPujatj6f3GdPSUp2PsmIN8sivNzqjaOKoQOC5pfc2K3G37ndtJjKajByRXmw63Owq1Snjgx3t3oi9od5SQLzZyBExk9moI30xb2RERFyxwOuoyJxaGGcQjES8meeI2Cb34aNvvOK0iyT7hz2Dk9HN1c2Hd9kx8N2o9EaB1xHRojIdlqfD8nQ4FJJD48HJCLPuO/RnbS6HxaCMjw2Oyqz0xX3H25psHBExYduR4831VaVFEWnEP6UaRYdTNFucR153WbiFwM0rZ6+FxcZau5GMvMnIiIizNrS01ph1tKhMh5V4AWOM5w2kMwm8joh79LoYJ5iMpONL09XiIrPZSBxfkv+XOGMGs1BIOpPAF6x6t1i7/2CViWgh6A9G+Loje8s4KuCFQiLGlSafNNPSyEYvvnz8cOtLZaVs1j8aVOKm8qoKsSj5KhiE1LF7pudNRaTjhWJGhi2vtLZWmWn6bnf7lUFyNrvMOp3JbCxgRtvuV7Y79LP+wcG+mwHFWLnv6OGDDgMRE3e2vnv0x64KsyrdHbw5JpFYf6Bl98MnuumMopkjovhsssvJyiLpTLbtrX/15y11Ipfc2kfu7oiK7LsO7S3jiWJKOKTEGXvC9XJbmtve2Ftp0YeHBseCqtjU9mMbRxxfYmRkdu09trfMGJMHP++65DfU763kdQW8aEjODK5ra6otLaD4gjwdjjIdZ2t8+53mnTUWPhYcujk8IuvsDU2HGtbP1LHYfJR0xip37Yqxut62rd5WQNHZOZUz8gYig8BzRESM4wXDUm9kXPL9KxoLHvv+Jb2t/tArZUaKK4FAUBWb2motOioSTHpGjNvEc2QUzKnXiZlEXkdGU6rKy1c0H661GSkeCcuhBVX3LSs9+Uuz+y8GKZEgjQYt2ofa//c/11D6qmfpQEOUugha+mpomVtZuUQikUg+PpFIJGIPtD/64XcfGH71B+X7/DnAd4OOt5bh1YFnBF3rW/meT9dXf1C4F77WaDREGo1Go9FQOk7dztykzCOIkkORzMzMZPAC+xYVu1TdFy3aVVoAAACA/KJN1fOScz0RI14eAwAAAOQTbapcnK7zIUaMui8AAADkKy1RVrUPMeJlMQAAAEBe0RIlKFPtQ4x4WQwAAACQV7SUOlc/Pb8TMeLsGAAAACCPaImIsqp9iBEviwEAAADySKbuixbtai0AAABAHtEuDXBSdb5U5Q955AkAAAAgv2iXBjipOl+q5oc88gQAAACQX7RERJSs9mXmeqZj5JEHAAAAyCPJsW+y2pc9yzOBPPIEAAAAkF+y5vuSBjHi7JgAAAAA8kvWfF9KIEacHRMAAABAftEuO9SNFm1WCwAAAJBntMtOcUKLNqsFAAAAyDPa1O8YEFHmNw2IiDTIIw8AAACQZ7QaDSUy1b6lOIE88gAAAAB5hiUSpNEQWrQr27Xjqz8oud4E2IjQ8dYyvDrwjKBr5b103TfdUlaM/AbPAwAAAOQZlkgkNBpNutqHGPFSvHb86Id8rjcBNpyv/qCg461ZeHXgGUHX+lbWaY1cuzToIUKMODsGAAAAyDPapWofEWLE2TEAAABAnsnM9819lRHxWosBAAAA8ow2Xe1LPKIKiPzGzQMAAADkGS2lqn2aBBFlVf6QRx4AAAAgz2gpq/KHGPGyGAAAACC/pOq+aNGu0gIAAADkl1TdFy3aVVoAAACA/KIl0iQSiXSdDzHi7BgAAAAgr2iJEhqNJl3nQ4w4OwYAAADIK9pcVxYRr+EYAAAAIL9oKZGgrGofYsRLMQAAAEB+0RJpKJEgSlX7KKvyh/yGzwMAAADkFS1RgjQaolS1j7Iqf8hv+DwAAABAXlmq+6JFu6IFAACAx1JnJvzSnJrrzYAnpiVKECXrfJpEVow88rnunAAAAGudKt/tutjnj+R6O+CJaYkoNdxJ/Yxtds0P+Q2d/559CwBgw1KlgQ/+8Ys7c993MeHBz/7rJ6Php7RVAEBEjCj5A7YJTaYKiBhxKl631Jnhzo5upfLQ4Tqr/rsuQ/Kebp90vt7i5tlT3ryHxSa6z33YK2dldMbNorNxT5Nz02PXrUp9HZ8GK4+1bTUzInXGe67DZ9t/rL7kWW8xZFOV22c/vsW3Hmqxcdn5aODa6Wu0+2hj+XfthKuubcrT8fGg+dDx5YtVp26c6hipaH1z5xO++ss7T/5SlfGrnQO+oKxE4qQrEKyVuw/scgrpf7M6c6fvy67+8VAkzvGCvWH/wdqS1POq3vd1X//9qCQri3HSGTdb3Pv27HYUMyIiNez3dvUOB6RwJEY6ziRYXtzd3FCdWSypsn9cMW4V9EREUel2V7fHNx6O6QoEW3Vza8OWrL2KKo/fuOYdDEhyRGcsFR31DU2uzDbM+30ys9UXUWzSc72rLyBNL8SIOKNQvn1X605rUdY/NOz3Xe277Q/IESoUrLb6xoY6m+G5PMcbl6oEblzz+ialkBJXPv7nG0Wie++uHVbumzpebKLjzIc3l3+j4avf+NP9W4pIlW+dfv+KP5Z9n872yh+/Wb/840Cd+v1HZ7qD8ewcV9X07uGtZkZzvku/OT+2vBJt3vmnR5usy/ZRGxZbWflDjDgdr1dRyXd1dJGYr2e08pir+LstRI3dV5TZuSgR/7S372HxiDJvrGj66evJUYgalu6N9PZ2nW9X9X980P6YXVU8KocVeT69k1yUlVlFjqmpL7XwvETnw9OhkY7r9hP7t2QPRuZmZYVFn/IsQGa2V4rXrnR8bn2rrSK9ttjEtS+6ZFPLK08+jn2o8+QpderGuS8GoqLDtau8lObGxwd9vrOf6IzvNJbridQZX/v5T0cKHPW7XhZocsQ7cLGDGY++6jAQxSa6L302ROVVtXVWA8lB39Bwz7lL3DuHXxaZqox1XRsnW21rg4GpMSV4z+sZPNte/O4Jd+qbhxq+M7oguCxFjKKTAydP9Sti9e627fq5ewO9g2fbi98+7haTb/aR6x+fG46KZc6GPfsEQ1wavtr9Rc/mo01WRkRqJDgyXejYZ46OdJ3tnjTaK3fWi0WqdGdobOhyh1r0x8dcybF4bKL7wuneMF9RWd9aLxpJHuq72tEnvLP3qX7vgmVU+dbpj65MMIuzpuFli4ljcWVk4Gr7deHE/i36x3Y8ikciMa7U2bKvwphamE7PbxKT7+fo7BwV2vfurRd1qTsZJ5SuqIOo83KE+Jo9zS5T6i6mK9osJj9EorF5lbPsPFBr02eWYRIx8E1jCVo7VUbEayvOdef8zuYn+sfjVbsOibfOesakmjpxnY0EmVms2HGgQA62B/xh1b7eNn9jMpprbLGey7eFA8+8jMr4ra0HpA/PXe6wmY+4NjGiuZHrFzyLjgOtbnSWh7CSHcff3qHnUs+Lc5uz4rP32oOTilquZ9Gg9+oIOQ8fetVhICJnTZl47syl3tuSvU5kXPm+w/92H6dP/eVWt0s8+X6vPzi/Qyxm/NafvLN1aS2OCpGkkyMzEZWSY19VDvojZqfNxNQZ3zWPLDSkB7tVDpvhg1MDv/dX/sRhoLng1c/HdLVtf9WcPkBltzl3Li14LjAuGyuaBFYk7Hn3v89sTJW7tsr8/jmvX466iouIopOeS54Fx2t/fNCZHArTFnvFjufzDG9cqjxya0ItO3ii1Z2p99sr6lLR4zpeMseMos1me8TughOsli22bxyq6oyl4hb7Iw716A0Wmy372zhksFxXFhGv3fjZdLlnTpXH+4IFrtfKrDxZ+noHAlsP2tMH/pKzAiy1zsjYjdF7IYWMlsqWtj2p41DRKe+1vhuj90JzBaW2Crd9MV2wSx4dtu0onfIOBuSiureOu0to5k5ff89gYHJ6gfGCffveg/UiU0Y/PTdW3tZSl1ygOuO72PF7qj12oCq5g1OlgZPtct3rLc4nqyXrMgdm5ya91zwDo8FQhIylZe59u3bbizHMWUt0ZmeD03el01NyZPU5J7Epn+dq/7g/GI5xJotj+8FXtor62GR3R5dae6TZlqr4TA6cbb9na2t9OVWhmR8+d6GH3/v2vmWj2iJHw6H6qZOdVwZKW+vYeMfFcc7VetBZzEgN+/s7u8cmQrMxzmSxVe5orHWKXHICxsnuRXetYcIz5o8IB0/sMWYtUFXGu9r75lytP/mux0nWLKbnHr7JZomISFUmpTm+zJ2ZGMCK7S4ra783qbhFgRHjsmumjOkYI5WWHWImIqLY1IinaygmvFQlpmcqyIFxha+w8Yyi8p1pEhvKMqMjvVjp5G95/FNRh41C4wG1ZGetuHpxVp0JjMicLbk74ZY/psDIdKSqqdWNBhS+8lUH9gnPG+PNgnH1Z/3RHQ9yjyWINKRJVn/Ros1uc905v5vYpOeWsnmbU2TELHV23YW+QNiWKcUtyorsH70efanh4Im9nDLW3X79s06L5fWtZjY/fPHChRGuZl/rEYc5EvBc6hxTVIEodXQ4NHTvs4DF3bBrt81qZrGJzo6z/k1NrUePlLJoaOxqxxcX9G1Hqgz66L0+j+xsFvVEqnL3hk8OkXdke8UOkRGp0tCYRBb+G7/MqzPD1677ouLuGoElj9ueueTh6lpP7LcaVXm0/7OLXcajbTvEZ/5swregM1Xvawie670qtjStKNjMjVz/+PMp+yv737WbmSJ5u6+c/Zx7q62M40m65vXX29w8EcUmb/r807PSTclttRURkTI5GJjX7ytc8enKWRv3N0nnLp3pGNFNSULt241WPVE00H/6E49idR38U7eFyb7uy5+emdWdaKnmSZ2blYN3OySTvbb2kMNSzjMpvayodOvsqeuSsP1YVb4NfFeYnxwKqnxlOc+I5sOhWdJXZQ9dmNGkJ0mKxEl46ClXw4FxSS3ZaTNl7gj7Lr2XmlJZYNm+/0h9Zug7OzE6y1eVmRmpkVklqhN4w9LiWEERr4tOz0ZVVVXCKmfmSfZ29PUMBcPMvKXGvbtxa2pBEWkkVLCl4eFNISJVvueTddbtyYPki4o8rxcEnTzadc3j9YeJtzjqa3fXWlHye5aYYK8UevsvnGP7mrdXr/IqZcvueClqbGrk2iXf0LgUNYi2F+sa691iZr8Rn5u89VnPsC8wy3jRXlu7u3b1CrGqBG+0Xx8ckcLMXF61bXfjtqVXXY3JQ9dOD47dkeNFos3ZsH234/EnkGwg2mSdDy3ale0T96K1RAkMjC7aaivMjIg4q2srP+31SNlzGnU6S92h5q1W3lBic+6sEdTpoKySqgQ8/rhtX8ur9bYSvrjctetgraDLXrKudPfxtoP1VeWigSmBvtH58sYf19mKi/SGEptzd71BGrwbZiVOu2nOPypHkye7jCq8xVY06/OHVSKKyj7/LG+vWqXIo1JkvOu//N2vfvG3v/rF3/7qF3/34SdDXN3hpuR0jWjg1qCyaWezc4tg0OuLra6Gly2z3kEZV5Ncc/Ti7n0Vck/v8ENn96v3ff0BVtXQ5BTNeq5ItO1orOQCt/0KM9urrTTlC8wQEc1JvoBqqRAoMDw5R0QUDgxPkui2rTYkZZvcrXsdFAzELC1tblFPRPMTg7flouojrzU6rcVmseLl1l1b1ECf/366qxTYW1871ryt2rYp3QcX5wK9Jz+6Llt2vXn8u58Yuk6oYV9vp4/sDU6rnojUuErEFWSPBhgzcKSqK95aqjzc0X1PX7PdnTXEMTt2vXmi7Y3X9ux7SYwNXjrdPRlNPlgJjigmh93EiEidj1FmrkJqJRxLrTyuxKIxqeuTyyNk23mgqcVVMjd05WT77bBKRBSeHJM4m2PloCoq3fi8Txbcux3FRESqGo3Fo5LnbPtw1LKtpW1PvS3u7+w42zeFXcQzxUT3seN7bPGxs7/+9S/+42//68df/H5kKrrKAx/qeEnxWHDYKxc6G5sONr5YpAxfOHXJm9mpx2aHbt4jm7uldZfbSoHujo/TvWu5xdDgrYCubOeBPU01m6KjVz44MyBljldG7vUNLQq1Da8219q5qRtn2j8bmX8mT8Q6xBIJ0mjS1b5EAjHiTJzrzvkdqNKIL8C9eCx9EJOJL9aVertuBuutmbOCqKhUKEp/mnA8xyiuqqTKQZlMWV+tmWArKfJMZRatE6zl6Q+hqByUlAXl/Ie/OL+0bp2lLE6ctaaCHxz3hWJWy+ydoVne1bI7dv3saECuL+FDo/6I2VWzWn2AUfZ5D2p0VgkGPO3nw/tee9VlUAKSHJE7fv3rjqy/ELav/ICG3GNidbNLunD5tnhg69ILHZ0KSAtyoP0/3cx6KFfmVlUm2NyW3ku+YLimmAWHAzprU+OLvvNf+oLz1XY14Jtitr22R8yQYbxQXVroVytsydKlGlPkuN5SIWb6urHExlNPIByt3UREjDPbLYbs7hcL3Tp7Kl7kanorPS0nj835e09fHDfWt7Y4k98lmI4RRRaz30eqOh8jji1/KlRl9NNT16XShmP7ln87YAbRZhOJtjirndaO97o9vlqxTqBwYEzhK+zJCh8r0FFs+fmOakxNrTxu1FFEZg1HU/NknFUOG713zuuTK18WF4OjMmdzCw99IVGnBs59dnXOdvD1pdndTEex6Xj5iZbUlUacFeX6cyc9tyZdONftmWJF1q0HT2w9qM6H5anA0K2ec7/rsf74zaPLvkau6HhEVGCr33OotsRpTxZiq9wO8V/e77oxGHbuK2FC9e42oaiiKlXBdVU7N5/5bb/X32B1Zlfy9eKOvXscQmV1slrs3Op2FLz3sW8guO2gjTPbaw+2bbfVWJPva6erQjx1pqt/PGzflvfv9CfBNBpKZKp9iBFnxc+myz1LUWnAE4xMB9/73weX5XXekYay1BzcpTm031rWH8aJs7S+01a3chwrVjqFW4O+qbDuni+yye0QrWolPzh2R6q0+u5FhW2rVHGSC3/ovAdnpRD73VnP3XCNUyXiSmvffqdhxYlMeX6O/vrEzM6GncFLnZ5N+zIzauNErNBx4Pgx58prTjGby8oujgUUCxuSmHWPXSzRWahzaDIsLPpCzNYmfrsj18u/EzGWnXloUEc6zsSzsCwFpUiF+Zlfyy+X5gK9p8+N6RsOHduZOe5SYOYNJN3PnKBGRGpkNkoFgnHpkI+qjH/28ZVg6a63Dm979NXjWNHmEqM6LkXixM8HRmaNFZbke5kZTWYc2s0pAAAgAElEQVQWV5R5ldKnPamLc0pcL5r0jDGjQU+zgrA0j0IviDwF5Eic5iaHpYLy1pJlY1f1vvdcR5die/WNPc7M68U4nueIM1mXZlNxvMXEBmeVGBHGvs8BM5hFm1m0Oap6PzjlGwhus6avz7NaxyMiVmSrcmcvwVgi8rpgZF4lYvpN1a5N2Us3Cpv06sxcTKWi7C7Iic5t2RPf9LzIszFFiRFxjLe5XdnLMImlBtV/P6ISxr5EpE3N900QkQYx4uw4153zWwuPekdilp2vtb1xPOu/o3tc/NSAR1rtgNESZiwx0mwgOJs55iT5JeURlVXGizzd9wdXO37EzI6akmjA57sZiG2utPOMCRVOYd53c2wgEBNryp54vxNXVVVV5+PEjKUmpkgTq89x0Km0mLnBEanxlefiwHNm2NLYYPH39gTSLw1XLBjj0vjUqj90UGSptnFTXo/PG9TZakQ9M1hdFhYc9nhuS1yZ2/LEl2hlBkHgonJQTvd1VZFGpLhRKH7U+IfxlQdPtNbR8NmPu3z5O4kmOjlw9txtqm15aPzB2y1Fyj1vIP1GVmf8g5OqULE0KXMu0PXJF36+4Vjb8oGvGptbXsudU+5HqEDgdGpEGpkudNjTb3S96CglafBe5tmNSmM+RWepKtETFVkrrca4LGd2OxSVJYUMglE3F7wbYhZHadbEcXXGd7HjkiwefD1r4EtExAmOMp5mJ5XMl+GYEpxVOdM3n1oA34ManX/oCoaMFRCplD4h8hEdL/m3sWV/Gg1LEeI2G1iydy0/UBCRZ1RWzHPs4WUsX31UmVLIwPPcKtumzkvyPOM3PeLEvA2HaYgSWdU+xIgzca4757ekTvk8QWZv2em0Ld/LqHxk7MNe30SDtfrRJRAmlLktfR3XrnRxu+qtJHl6OwdnicyPeHBFvcNztrvrEjXUV5hJCfr6B0ZY3bG2iiJiZnul0H2le7rA3lZWwojIZK/Z1HXxyxBXdshuepI9T1SRJnze7pFFsbFSYMTsbifffrX9CmuudZRykeDYjd7bqqv1VVcxbzWxwfEbQ5UtrhI9MwgiN+e/5ZsscVsN2MXlkl7csa/y5EdXIuxFIiK94Kq3eDuuXDD+uKnWZlSn/IPegaCpKfmzF0Wi28Y+7PfQZtdbFi41GqbzPf0kbG94xCUAVsVZX6oUfN6Oi5taGyv5yPjVzut+srS6HncaDuNtLScOG89c+PSjjrnjLTvEfBsuqZL37BmP6mp9eMYCkd7i3u24+2n7BTW4rTp5fd9R5jy6NXWAJTrZdeaSz1j/5uFtD70Kc/4r77VPWRpqnaKBEcWksd/33lXFPXaB5obGklclSz2UFTsaawdO9Z48dX+ny6KfuzfQO6yIu15NXnyGr9jd4Pug+9LZyPadtSWq39t1bUy17XEKi5O9UzrLnqz1zg93tn8WMLccb3KueD2LbLVN9nuftndQ4/ZaCwsN9nX1zYr79uf7BO7cmr9z8dTZgGFLzVanzcwxisnjA73DMu8+aDE8vuNRdPLS+x3+ogpnlcUiGFg07OvvGyHbq04zIzU8eOm9a/PWqkq7rYTXxxX/rR6PLDQ2lheRKo92XbvHb9+1w8qpkvfkR16yVzrsVtGoiynjA9eG5yy76i0c0fydi2cuSGanw1ZuMXM0Lw15rgYM7tcrUPRNSs73pdSs30Ry0EPpeZ/Ib+h8rjvnt6PKgRHFXPuKZcXenpVU1To8132B+WpHAW808EJmXMgYZyjiCosYEdtUd/gwu9Z74/MzfZG4rrT64AG399qUniWvOl5YpJiyBgWG6gOvHfN4+vou/UP7bJwKS6u2vtxgSR6bZkJFvdMrS5baitS0QrPd7Sy9L1nc9tUPK+uMRi4y1PVf/q5rKbPZ4mhu2+0qYUSktzYdPyz0Dnjbz3Qoi8SZ7TXu3RXFjMhcs+eg1HWp43d/31f79omGLXv37Ji7cum/vdfjavtpmw1neT8njDPzpofmZTKx+lBz8OO+Aj0jIlbianmL8/b0e072dUbiZLRU1jdsS38kctZat23cy2q3pjJ60f2SxX9TV+96/NCX44wGngyZU6n01u1vvmG62nPr7D9ej8TJWFrZfHxPcmYOKzLojcy4VDrS6fnCopiJIyK9+PLRw/r2jp5r/z979/vUxp0uCv4R+g4tS4KW3RRdI42bIECAXFJFFHiEDRhsWEOBg8dhHBeTyZ072Vv74tR5uf/CfbF3a2vqvLi7dXLm3JNskmP7OL6QmDIunIANBI2hUFYUwggsBTlSql20rTaSLHG+OtoX+oH45fgHNjY8n3J1PTwSrTb9SPrq6W+3fKbuPfY1b/HAzKw3sgqOr//BsZbVVLd+3F2hJYXmznMap2PU6eh7uArKAtOptjZTutEe9rvdwdUIjP/1L+Nrv3nI/MFHJ8pMTWfjk6OTjr5bTxKg1BTzgq2lo7a8CKIud0gj1OWOTlWGmg8/KhgdcU4MuiMJYPTmrk5zZv4S4W1tZyND1xw3P3UAwxYbLS1d9gpdzDcsgqF1bcIDlfzOuVA8Hrr2ySfXsqtWcvW951oMBEih+XRbeGBoeODrSVCyxYdN7d3pVw/0qqgrT3W0jU1Oz433TQEAKFmurLrlTw2ps5mfWngqQ0t3k2rM5R6Zn0iAUqMzGG093dbUt/3pLE1n6dSE0zX4wxOAfFavN7V3N1p4FQCNSUteP1dRCwaG8NauThidmp8YmIkDMIeKjZaWD+0VRSS1bW1xx+SdGYfTkQDlgWKhtOWDOvyevyxFw5//vySkvswAl7hct7z5380AkMxc6DeZzN4CyWQylU+u/ZSTSyaTydT9k8lkMv7veb/59Yt/N9pPP8sv8+sIvRgsvDfZG7p3wv5vLk9yp7uPGV5q2BkLOC7eiLf04plqu+AFSouKrs+v+mt6u6xvXkm+ai/5TPzpZ5n51X8oFAoAhUKhUCggE6d/zv4I2XtAak5mMtuhSwW/Is/RsMvt+67vAmJ+3+cRQgg9B61w5s/Cy69GZbD/6c87sT3o9SBKLcMwyme4J3ozpK7zAJA65K3IzvUEzGMeIYQQQk9HuCM9fz6y21uBnkNeMgkKAEimz+5XACRzYszv5/xuFydCCCGE0A7Lg+xhbkhijPG6GCGEEEJob8mD7PzOVLcPY4yzMUIIIYTQ3pLu++ISl1ssEUIIIYT2lrx0iy91Xn8yqciJMb/f8wghhBBCe0te5lT/VLdPkdPzw/y+zyOEEEII7S15ANt0ATGPeYQQQgihvSXvDeoyYv5NyyOEEEII7S2Z+b5bdQExv9/zCCGEEEJ7y/r5vhhjvC5GCCGEENpT8gBSPb/sxV0xxhjn+yKEEEJob8r0fXGJyy2WCCGEEEJ7Sl7qa2xh0xLzmEcIIYQQ2mPyFOmpndluXzrGPOYRQgghhPaY1HxfRU63D2OMszFCCCGE0J6St7nbhzHGmRghhBBCaE8hSUgqIH1x12QSY4zX4t0uzjU//Szv9iag/QgL702Gewe9Ilhaex5JD3Sy3T6MMc7Eb47f/Jrd7U1A+85PP8tYeG8s3DvoFcHSei5v6eeEvCQkARRJSAIAxhjnxgghhBBCe0xeqs+HS1xuXu52cSKEEEII7bC8ZDLb51u/xPy+z+92cSKEEEII7bA8hQKSOd2+tRjz+z6/28WJEEIIIbTD8pIAipxun2KtC4j5/Z7f7eJECCGEENpheemeX6bbt3GJ+X2c3+3iRAghhBDaYXmp67lmu31rAyDM7/v8bhcnQgghhNAOy1vX+cMY45x4t4sTIYQQQmiH5SWTOZ0/jDHOiXe7OBFCCCGEdlim75uzhE0ZzO/P/G4XJ0IIIYTQDsv2fdeWsCmD+f2Z3+3iRAghhBDaYXmggGQyp/OHMcbZGCGEEEJob8mDJCgUOZ0/jDHOxgghhBBCe0u677u2hOTGDOb3bR4hhBBCaG9J9X0h1e2DJCggJ8b8Ps8jhBBC6Ono4yWvGKa7vRnomaX6vpDT+cMY40yMEEIIoaei0o/DNya9kd3eDvTM8rbs/AFs3RHE/P7KI4QQeiFUnP78n7+7F37Z1YRmrv/TVwuhHdoqhBAAkJz5nZCNISfG/P7Nv73o4/mbgyNyeVd3jUH12h700Z3LAy59y4fNWzxmyD10aUzZ3HuyUvuca5UD9yR1mfEgSf0oui5edWlOvPc7c+FObTjaATFx+lvHpFeUIglQHmC5IpP9eIs5vddeTnxppP8Lh5T9Wckc0HK82W5vNGFV/DIq+0ZvTruDkhxJgDKfM5Q3nj5u5jJ7hj6+N/m34Snfg0iCYTmj/WSHrSj9/KWP3CPj3y+IkryaAKXmkN7a3NRoKiQAADTkdQ075v1iKBIHJVPA6d9pbLVXZlcLVPL6ZE0VpwIAiIl3h0ecbl8orsznhMrWdnsZSwCoONn/L98+SGzYYk35+/+5Lf1CQaNet0SEuszLRjzgvH1tRCw+fe53ZnXu/3LZ4xqdmvf6Q1SjMwiVdc3WSnYnqg89FZX9d8Zc7oD4QE7Il/71jpa3njh+1MAAQNg99NevF9f3gnX1fzzXYmAA4kuDV7/4Yf0nGrbygz+eLNMCANBwwHXLMeF+ICeUmuLDda0njglq2CgecI4PT/rFh0/iAIyGK6k93l5vyL7DbFN1CACApIY7kD67P4kxxtl4t4vzxcVE9+jCKhD3xEJ5j+V1jQboqhxeeeCcclv4Gm79S0wsMDm2KMn6+MZ3uV9eqeR2XJsp6vnoRIkKAIBoOPO7ZhXH7OCGo5dEw/6hy4POCG+x2OuLD0BEWvL6XDcGqaq7w7j5Het5JSJyVHmosqO1XANAY1FZXg74frxz9WrgVFdPHa/CqngKunyn/7vpGG+yHC8phrDPN+N2932l1HzUUKICoI/dA19/48k31R0/xkHA45q+MUg0586Y1ADxpZGh63NQUmGrMahBCrrn5if6h5iPuo/xhMqLw2M+EGztdjWhcTl43+Wc6Rso/LjXWpT+OBK6t/CEs+i1BGKB6YuXp2S+srGzVhW+P+2Y6Rso/PC8lSeEt7R9yIdi2XmidMX17biH5XWZT880EvQ8PGBq1hEAGg6Mfj004X8CoNTE4xTU2fG7ODlw0UHNp05+fE5HZNE9dvvapRVV5kUDvSJUmr3y5e0lojdX24/pCxiSkD3TowPjXO/JMi2NxaOU0deftgmZvUCYAt6QepImIpE4U2xuay7VpG9UqtiDfGrcGg4MXx6YjutrWlsMEJ13To3039L2tlnXv62EPbf7RgIaY3l9Ha+l4r25xblbg1T7+x5LIYGnVN3r/Ru9qQhATrcPY4w3xG+l6NKUL1FxvIuf7XMuitU1r/HZns+y8WmHz9RZkdPepeKMc4nomBd+H0ok1k6i0Bpq6g0vvZ1oB9HQ3KRL4po/6jyWLrUKa52dxqKUvPzAN41oeUEQdNlKrq8TJ4cujnw3yp9rExisim2RoqPnPzyqYtJ/OfMRc+n1TweCAZmWqEgs6Br1gLm764xJDQDm6sN8/9Uhx13RWMMTpqS5+++aGVX6N6usFv7iZw5vMHqULyRs1e8+qlp7FFMpD+JFz+MIhdTYl0pBb0RnFgoIfewec0qcPTPsqDAJ6s8vT3/vLf+dSQ2qQoOw9uE87P0uGCuwdlZmX7LCfp+kKW3hCACEg4siU3W2V+fuH4/l/h9josu5rLF0tZh5AgAq4Wjrb/2fjU8s2Epe2yf//YhKntklerijt31tVGosrcm9i0qtF4SybY71Ec36J3VmteKMwxXRd3zUbmUJAJgrisj/OzjhFE2t644oao1NH/99tj4rrLYK3Wf9Lq8UsxRq6WPPU6oOpce+mYPduMTluuXbiUq+yWC+5b3DBhb0k45pf9Va740+dvUPuvU2c2TxzsL9BzJo9OVtnU1mjjztJoCY6Juecs14RSmSYNhi84mTbVseziZK1mjlg+4Jv9AmZJpwsu/OnNJq451jK+mtCIvuKde0xx98uApMgWA53tVcqiMAYd83V10qWzl4Zt3+hPF/sdHvhuciAPDg0l/mAfKNnb/vKZWuX3ZpT7e3GJiYf+ziSKKm9uDSD7Mef4gyuhJ709n69OtjTLw7Ojbr8T+QaT4nVDa22s0coeL0v3z2t3UHWYt/+/FHr/PjwR6UoEC0hbxm3R+RqNJtuV/Y3bVmzYLL6X0g0wPFprozp4/wz/QZieFtddaZfpczWC+UasO+bzJVsd2uBwAIB77/dtzplWR6gBNK620HPWN+Y3d7DUcAaMg7dXNkcenBSpwp0AvlRxtsZn4vNJKJitn4I0k9E6kcEMPsYWv2aDIpNFoMZOB+QLbyHAGy7uMqIUpCgMLmYzfxZY9zeC7OvVuR2XdU8vtktlRgCcSkew+Btx/Ojo5UfLmZnXV6l2MmYd2upsuuMR/VH6/XZzaYPvZ7JEZIH0bSmU5cMAGEfe5NW7DVBQaeBDxi2FL4nHOs0PMhrI7T7OirJ40G/CtEsBqz8xO0vLW0wOO/L1ODKvehyIZ2Sr6GKIFSAHiOqtuvMn1fyBn0wKYl5vdn/q0UDzhn5UNHzDwBoq8xKq9N+kNCVeaz9aokS96F8di79o7eE4y8ODIwfv2mXv9+le4pN5G46L0bhMPN51oM2ifeiVtDN27zfOfGiQ0pbFFdcfDKxLyoT33gji9NuuSKhkburjNzl3BwwSPlW5u7z+qV8tzU4Mitm3qux1xI41FZDM4MLHMVRxo7S41GXnek/NhE/+c/HDz7n0+WqQAAqHRflh/RSAIAaHhFCv54feydxta2/60T/JO3ro/dHjWcaxMYKt3tu+yglhM9p/VsYsU7eWt4wKE531DC1/yv/3u6MUGlu31fORl7OQ58Xw7hjKWcY+ra1e8am+1WQb3hz/kLu/tGtLqh6YNTBXHf1LXB8evF/If1Rc+0Q4hO4PPvBAJyrFQVj65VxXa7njyaHhgc8aurmzs/MOniftfwt5P+sJqNJQBIzD915SunbLB0/NGqJ5J75NY3V1eUvW2V7Cv6o+2WaGAuSNnyEpYAREMPVkBVkTt0IZoCFYhiJAEbn9005PeJtKheKMjeEHIPfZqe0Jmvrz15ti479F1ZWlhhKw7rCNDIihxTcmxOVZB8LauMPVyJUcgdyoQ8zkmpwHq+dK0RGBE9D/LL7Fu+0ORQFZkExukcG9afbDQdJGHRNeIUQUnllQgFLT67XxXCGcs5x9S1ftLcWlu55V6icWlu7MrM4j0poeUFs702O0cfAGh82TM25J7ziTE1L7xT01Bn5RmgTyR5VcUV5oxQlRouHxYehWLAb/9Rhkr33ZLSUMtr4Tmqbt8iSUimz/FXQDKJMcZr8VtJ9k8vrAqnUu8fjMFSxV51OcXSFkO296NU6mu6WquKCABrrq++e28uKNHU4Hi7m5iS+o6S9K8XWuut7gXHkrS69dgXlFqTzToz9L3nnTPmQhDnJ4IH685xqodr99CZGnpMmdhWa5nzzwSf0MxZSprqk3/oLn3mbk2BufXEMaMaAMx1VvfcbVGMUkEpzrhETVWPvZRXAQBjbrAvfXbbFYyWrLXAH7luToWEpgt4dtRLI3zNhd6CiTHn8JefDirzWY43Wqx1FiF1ztRTd7eSs5zsSI2Zqm22Gd9E8FEMip5t7ytVDAOJ1XWHv4Fut+sNGt+0P6FvbjtTV0QAwGJvi4n/8u0qAABEl2buStrKnvcayrQAUHisnQY/uz3pfVRm25HT9d4QNOR23HSDsdNsUAEATVAAJn9dK42oGaB0Ux+VSvODI/dV1Z25cy51puMXeivD4RXR75uZGboCnR+2GlQAVA565AKTsYAAUBqNA7N+tEEYAhBJrHuQmOh0+InxZN3aKxWEAosiI9T/0tAXgClrbu9KfDd09eIkACgLBIutscI1FFylNN3gQq8C4a0959Wjt6b6PnEmlAeKBcFss9aYirLDVhq5PzmnttrsZogueebvXB0In0vNJgeARDw479JUWhtaamKiZ2b+2uUQ9LZbmXgsoVRqlLmPQ1QMQCLxlNNFYuKdbyclztZhKgQAeMaq28dI6mtsIXVxK4wxzonfQlT0uP3MOz2Zg5iEf6em2DX8Q7DOsDaa1BZz2V4IwzIEEtl3iK1vAgj7Z4cnZoMPVkKR1QQAQL7pKS8h5KC1Xu8ecS4ZrBHHXag+WaYlNGfsS2X/nRGnO/hIDj9Jnf3GcvH0JpADhgru2Q9TEqbAwOZntphhCIRpAmhUDIYiD6RP/+LMue+B6rVtpoHJ2xPx8rPNAh4S3REqvqLl/YoWoGFJEoMB1+TQP47pms93HTMwT93d+Zy+IP1OSRgtowSaeObxSiIWj4Myf/1x8213PY2EIkRXtza9kLA8r2PuAwDQuCwlVPrSta6SpkhgYcIfitkO7pkKCXsdV274NHXtbekPHkRJACKruU/l1FCVrP/7U3nhm8vjYrG9Z8MlXIiaFwQeoMxcaTYMfjridNv4Gg5C/kWZLU0fsyb5SojH1r1c0DhNP3g2s7ww6ZKL6jsP5/y1o8EFiRGs3LMcolYVWTvPW09Hl2WqZQtVJH5vwAlEzeDA99UiWkNVR29VB42GpGX/3OxE/79NGH574VyNQUV0RltHZ61QbUg95cyWUv7y1eEpX8h4REfyhbqmLluROX0Bnwqrif+fnw3fmQmZ7UqiTCQiueNcSmNxgEKlcputoMvT/ddHw0LH+5lT2Z6p6va19HzfZObbvDZ1ATG/j/NvnZg47QxGHgY//cvMurzS5bEfzrRpn/Lk3+YmeWGwf1wUmnr+SxWvAggvXPkf40/fEJXeWqMZuNm/DJRvP11Ecifk0UfTA0OjsfKz5zsrOQL00fTlqxPrfvv5Xp0I2Xz/BAUla2n/uHPrqV0x/9TQjLKuu/b1XQBuvyBajtdyfFkFr/1sYHIqaOV17qfu7hd/L4qF/OKqijewKoC1Cyltu+tj3l8qrPXdTkI2Zt5qYb/jSv+iyt7VU5+dUJ2vY9UgPsqeoAYANLISg3wup+tGZd/1S7eDxcf/0H1k+8koRHuoSEN9YiQBbNTvWdGU6lMjHqIp0JGELEcpZAaidDUsJ1R8wVpbLhycnBBV1W3rTsIPB+bF/JL2oud4jhJ1EZd6iBW/GFfxOpzw8JoQtY4XdLxgqnB8ftk9HTxiMDKEFayW3PsU8MVq6n0UoaAjRCtUWHPXoCniWWUwEqWkgNcqPZHHORMcEhFpFZgDW+9N+sjVPzgsC2c+aDJnpgg/U9Xtb3mQ7vatzfJc3wXE/P7Ov1VCCy5PXF//XucH53P+nWuysMvTTjH2DGvYEo2thKhasKQOIgONP/nl764kheaGSqW0wtbZNl5miEalMHDGqrLUWJyuSuGnXflMSQBo/PkGIUTNsUxMDEpb/p/D/uGbPm39cTzBbafQ8KPlDTVBGA0BoJQ+5+5+9scU5yZdUoHZpl/Xl91+1xOWZ2HFH1zJbGhc8gZD8cxvcUxMWvstKoseMaFZN+nwLRYLTPf13wVbW87AFwAIa9Rr5fsufzSdoI+9MwHKlZZkTzMK+4e/+s7L2ns61w98aTy8vqsWlh9FIJ9jlDQieh4eMBkz/XUVbyoGcea+lLl7TFx0y0p9RXZQS8U5pzvO19frc//a4eCPD4jeVPwspxvSsLQcytmcsH/WIzFC9fOMm9Hzo7FobMPznuQDUIDEFrfSqChFCXswNb+cxuLrJ72ExAgwh9SEFBhKddQ/75Uzt4dFl29FK5RucQSAPnbfGByS+I731wa+8ExVt9+RJCQVoEgCKFKdv9Q0z0yM+f2cf8vQZbczSIxt9eYNHS/KRha/cLiX7IbKF3reE00Rr4r6J2fn2SNlTMg1dleKJ37xQDDhrT0flRJ202xaUmDglC6Pa9r4W2sxBJzTXjkB216fimj5IlVscXLKz9mFZ37dYkpqrdyXjms31K32coMmHliYnXSGjJ3tR/nV+VuOAG+/UL2X5nHurui9b/u/8hDBVG6u0LMqABr1TjkmH6gtDQYdoc+zu38ZDS8v+fzuGbc7AGWt7Y3ChrHRU3Z9eaNl9srY7WHmeJ0BRPfkyEwooSxI/Zbh3XLO7Rq8cbC9oZyN+EZvjntB32755ammbz4quvquOqmlfeOMBQCV3tpo+vGbgWs0eKQydX3fBWI+V5X+VBgLDF8dcmvqLnRvvPhG2Hv704Flvd1m5tUEIC4ufu/4kfJNRg7Cc4vZq5IBAJBCU4Nt+rLj4uVH9Ra9Knx/2jEv88fPZGfeh+9/P7XMWrrWjV0gGphbVuqbnumiHzTkGugfjfA19iNGVhkXZ4fHfgRTa+MW34aAdlD03o3LfX51WXWVWdAxBOKSb9oxL7HWDr0aIHrvxtVros5sEkr0Ogai4pxz1K+2vl+qIwCxwNBng15tqblCr+fUJBZyT016QDhj1hEgvKXOPDd4/ctB0V6eur7vHD3cVc+rAKi0MDx2n61NfX1GdP7mwHW/ru18i3nDM/UXq27fI6lBjyLb+UvJxJjfz/m3C5X8HllnO6Xf9GZBiipsJue42x+tNOWzGjXLZc9+JYRRa9PHkra/SSW0vWfv+3r8q0/+BgxnabaaJReoNs29IkpWUxDTZKfYER13cO1G5iDLJhglACm0nm6Tvh66+eUXN+GAUGuvM4VcGoYAEEat0ai12nVrVgl1XQ2hvlsD/+gA1tL+n06oNRq1VqUEAKIt0LCJtcOzRK3VqOPafAIAvPVC74EJh/vmZYcUSShZvbm21sQRGpganZEewOA/ZGeF5HyZEHoh6srOcx/opyamXINzqVm2+ZxQ2nq+tsaoBoCn7W62QLe2/5SMRq1KbJxsCqDUaJj43O3//n/ezqY0+sqOj45bM9cgS1dOqiq22fUApKS5rSM+9M3X/zYJoDxU3tJsdt28n3o0laH2wgcFoxOzff88HkmApri89XzTNmdzvl3igZlZb8FN7foAACAASURBVGQVHF//g2Mtq6lu/bi7QksKzZ3nNE7HqNPR93AVlAWmU21tmQughv1ud3A1AuN//UvOHKdD5g8+OlFmajobnxyddPTdepIApaaYF2wtHbXlRRB1uUMaoS73L6cy1Hz4UcHoiHNi0B1JAKM3d3WaswddQv67fhDaa9cfhQmLbhEMrbmfduNLN69+MZX5JrAbF/+PG6Astv2p186rio6d79Z++93QjcFJAIAD+ndbuporNl04Fu0sdeWpjraxyem58b4pAAAly5VVt/ypIXWpO3Xlqba4Y/LOjMPpSIDyQLFQ2vJBXU3qA4nK0NLdpBpzuUfmJxKg1OgMRltPtzX9vWtaoaP3nGHEMTE2PBkB0Ojru0+krvULMWnJ6+cqasHAUMnvnAvF46Frn3xyLbtRSq6+91yLgTy96pCi/k9OBSgy3d9k6pu91mUwv1/z3/4/RwDWvuQimVy7HFoymUzlk2s/5eSSyWQydf9kMpmM/3veb3794pdK+uln+WV+HaEXs+cLL+z57tMbK/W921yt7832hu6dsP+by5Pc6e5jhpf6k8YCjos34i29+MVsu+AFSouKrs+v+mt6u6xvXkm+ai/5TPzpZ5n51X8oFAoAhUKhUCggE6d/zv4I2XtA+mspst8+mwp+RZ7jaHW275tZJmFjBvP7NY8Q2kOi8ze/c8b1VkupUMxE/K7hG/Mx7rjAvn0D3zeXVjjzZ+HlV6My2P/0553YHvR6EKWWYZjtrsOA3jzkzew4Yv5NyO92cSKEdlA+bywiY/NDl/4WSQAwBXrT8QunrM/2RRoIoW0R7kjPn4/s9lag50Cyw51U5y8dA2Ae8wihPYTojPYeo323NwMhhHZZXrbPBwAYY5wbI4QQQgjtMXkKUCTT3b7cZRLzmEcIIYQQ2mPyksmkIt3tg5xYgXnMI4QQQgjtMXmgyOn25cSYxzxCCCGE0B6TB8kN3b50jHnMI4QQQgjtMXmpnl9Oty+Z7gJift/nd7s4EUIIIYR2WGq+ryKn27duifn9nN/t4kQIIYQQ2mGZ+b65XUCMMca+L0IIIYT2otz5vgqMMV4XI4QQQgjtLem+78ZlclMG8/swjxBCCCG0t+RBMgnZ+Z3ZpUKBeczvdnEihBBCCO2wPFAArHX7IKfzh/l9n0cIIYQQ2lvyIAk53b50rMiJMb9/8wghhBBCe0tepueX6fYls11AzO/7PEIIIYTQ3pIHSQBFTrdvLcb8vs8jhBBCCO0tBCDV+YNkqs+HMca58Zvhp5/l3d4EtB9h4b3JcO+gVwRLa88jAKk+XxKXuNy4fGP85tfsbm8C2nd++lnGwntj4d5BrwiW1nN5Sz8n5K3N7EwmMcZ4XYwQQgghtLfkrZ3Qr1BgjHFu/MxVhBBCCCH0dshTAEBquJNMYoxxbrzbxYkQQgghtMPyklt3/hSYxzxCCCGE0B6T6vtmun1rcRLzmEcIIYQQ2mNSfV8AyPT8UmOedP8P8/s6/8xVhBBCCCH0dsjb2PlLjXw2dwQxv//yz1xFCCGEEEJvh3Tfd+MSNmUwv//yCCGEEEJ7TLrvu3EJmzKY3395hBBCCKE9Ji8JyXXdvrUY8/s9jxBCCCG0x+QpQJHM6fblxJjf73mEEEIIoT0mL/09BplunwLWuoCY3+d5hBBCCKE9Ji/T81NkB0Drl5jfv3mEEEIIoT0mL5lMrg16MMY4J0YIIYQQ2mPyUl9nkBruYIzxuhghhBBCT0cfL3nFMN3tzUDPLA8gme32YYzx+hghhBBCT0OlH4dvTHoju70d6Jmlr/OQ6fZhjPFajBBC6MVQcfrzf/7uXvhlVxOauf5PXy2EdmirEEIAQJLJpEKhSEJSAQqMMc6Nd7s4XwJ9PH9zcEQu7+quMahe00MGJgauP6g821lVRHKy0t2+/lmutatFYHLuHA9MDF5/aL3QWardcmVh3zeXp7Wnu1oMDADE/GMXRxKN506UbX1vtMuofLfv0izb3tW2bi9DzD92ZQwazzWU7GQR0mXn4KUZXdf59auly3cuD3pK2y/U5xbg09YjTg5+Eyzv6azSPdsvvKWo7Bu9Oe0OSnIkAcp8zlDeePq4mcv8n+nje5N/G57yPYgkGJYz2k922IrSf1f6yD0y/v2CKMmrCVBqDumtzU2NpkICAEBDXtewY94vhiJxUDIFnP6dxlZ7ZXa1QCWvT9ZUcSoAgJh4d3jE6faF4sp8TqhsbbeXsanVLH//5dWRYCJ3g5mKlo+7MzuFRr1uiQh1WogHnOPDk37x4ZM4AKPhSmqPt9cbtABAH7u++rdrvtUN/3GmtOnj94/s7Z2766jsvzPmcgfEB3JCvvSvd7S89cTxowbmlwovvjR49Ysf1n+iYSs/+OPJMi1QafbKZ7e98dzblMKp31+oO7huZz61eMLuob9+vbi+E62r/+O51HsKIpAd9GzR+cP8/s6/tWKie3RhFYh7YqG8x1L4Wh6TsJw6MuaaqS1vMWRfoOLijNPzIMRM+uuEirWBa1ic/mFZVavbbkRE41FZXqGR9IsaDa/I0moksc290a6LRUMPH3gGx429J3M/n9DwiiST2A7PAiQ6Yzk/dnvwW8Mf1j47xZfGvhuWCtpOPftQJxGTQrIUjT/DXd9idPlO/3fTMd5kOV5SDGGfb8bt7vtKqfmooUQFQB+7B77+xpNvqjt+jIOAxzV9Y5Bozp0xqQHiSyND1+egpMJWY1CDFHTPzU/0DzEfdR/jCZUXh8d8INja7WpC43Lwvss50zdQ+HGvNf3Jg4buLTzhLHotgVhg+uLlKZmvbOysVYXvTztm+gYKPzxv5QkAjUoRYKubWi0F6R1HlNpDfHYv0kjQ8/CAqVkX8wz3jQQ0xvL6Ol5LxXtzi3O3Bqn29z2WQkIKzZ3d7MMozVZaxDc8OA+cToUD31eJSrNXvry9RPTmavsxfQFDErJnenRgnOs9WaZ6auFBIhKJM8XmtuZSTXplShV7kE89n2MrYThgPHGijlembyQMV3xw4858WvHQWDxKGX39aZugyq6jgMeBbwaBVJ8Pl7jctNzt4nxh0aUpX6LieBc/2+dcFKtr+NfyBqDVVxq1g545qd7Ap19tYstuT5QTuFhw3iuXWtn0doSD815a1GgswDemvUOjqxbiE7fucqdfeRuVsFXtp8Uv+m8NCrqzloMEIOwZv+ZcNZ1ut76eWn+LkKKj5z88qmLSfxfzEXPp9U8HggGZlqhILOga9YC5u+uMSQ0A5urDfP/VIcdd0VjDE6akufvvmpnM8LHKauEvfubwBqNH+ULCVv3uo6q1RzGV8iBe9DyOUEiNfakU9EZ0ZqGA0MfuMafE2dODXagwCerPL09/7y3/nUkNAABKTTFfZty6Wx/2+yRNaQtHtFzTx3+f3ZgKq61C91m/yyvFLIVaAKItKln70BUPjDgkbemZutd10GufopJndoke7uhtt2b7/cbSmnT0tMJL5YiGFwRhm5cLhjPoy4RfHKo+rXhApdYLAh4t3BJJz+xUKJKQzIkB85jf7eJ8QVTyTQbzLe8dNrCgn3RM+6s6jOrMbY9d/YNuvc0cWbyzcP+BDBp9eVtnk5kjT7sJICb6pqdcM15RiiQYtth84mSbedOncC1vLlW7vQtijE8djI4FF71xvq79SGDwltsbNdtSR0sf+2cCUGw3soSGRfeUa9rjDz5cBaZAsBzvai79hZFT7JHr2++mlXU97YIWICbeHR2b9fgfyDSfEyobW+1r/xfOaowtOheWlZaOD5t5fBd8xZQ6s93svn3TWXS2bsu3oviy2zk65fMGQ3GmQG+q7ThVxavigZHBYWo72yqkOz6B6b6B+0Jn+7F0hyY6339tgj3xYfO6Ua3WZO+qW7548/Z0cXsN8Q3e8DGW9g5zIQEa8k7dHFlcerASZwr0QvnRBpuZz86cWbXa1EvORW+E6+ht0uSskMq+4YHJsKX9d6/pOMnrQ1TMxh/JCgAAUDkghtnDViHz+kAKjRYDGbgfkK08R4Awuc8aQpSEAIXNx1/iyx7n8Fyce7ci8zSjkt8ns6UCSyAm3XsIvP1wdnSk4svN7KzTuxwzCb/wrKSP/R6JEWo4AgDM+jvna4gS6BbHFKjkG51Z4e0nTewz/HXQyyGsjtNs/ZK9feGh3UcgmQSFItv9xRjjbLzbxfli4gHnrHzoiJknQPQ1RuW1SX9IyLbiViVZ8i6Mx961d/SeYOTFkYHx6zf1+verdE+5icRF790gHG4+12LQPvFO3Bq6cZvnO2u4DS95jMH8jm7uR3ewrsTIAEQDc/djxbVGvZ4VmGtz90OWI0UEqBx0BcFwSq8jEAoueKR8a3P3Wb1SnpsaHLl1U8/1mLcbfFAIi8NfD96R9R3n9NrUZOLLDmo50XNazyZWvJO3hgccmvMNJST1fxkW9eV1zSfLSjkc+L4OyoLKZnuw3zHKt7VsatiEPeOXvl02njr5sVFHZNE1crvvW+YPnYcZFsQxl7dOsLIAEA/84PY+XBF/EK0GQQsAcmDGH1U1H9j07soYGk62iP1DVwc9ymWRs33YYFABxPxTV75yygZLxx+teiK5R259c3VF2dtWyQINr0jBHwfFAqPN1mXSl7BEzKwrJs72XR4Xudqeir028N0kGpgLUra8hCUA0dCDFVBV5A5diKZABaIYScDGZzcN+X0iLaoX1g7XhNxDn6anVObra0+ercsOfVeWFlbYisM6AjSyIseUHKteWx3J17LK2MOVGIXU/akcvDMwPuMRQ0RXUnGkseGIIfVJKCJ6HuSX2TduCgBQ6b5bUhpq+U1NvfjSpHOJKe+pfsZp3+iFEc5YzjmmrvWT5tbayi32Uq7cwkuj8WXP2JB7zifG1LzwTk1DnZXPvm4kwoHZ6xPzbv8KYXmjzdZo27pDvG3xAACNS3NjV2YW70kJLS+Y7bWNpk0tm/0qLzXQyXb7MMZ4LX4byf7phVXBluqeMgZLFfvQ5RRz5zQqlfqartYqA6suEsz11Rx9GJTo029iSuo7ejprKg2FWpa31lsN5NGStPHMEgBQFVeY2Kh3TowBQFh0+anBotcRxmDWq6S7XokC0JB3USQGi1AIADpTQ8/7J2pMRTrtwRJbrYVPSMEn280OpbLv+uWBO+HSM71tqamC4oxL1FS12Et5LaNii8wNdmPsvisYTf/CIcvZ823HLAKvxZe710XFNzaXShOO+Q1n99NH7ik/qbC3mHmditHywtGGcsZ/1ysTnbHSAMtu/2MAgLDo9lN9KQf++UAYACDknw8AbxW2GpKSg9b2EyYI+uP6tk4rrwKA6NLMXUlbefa9BrOhUMeXHms/Xkb9k95HmaLKN7a/19N6pFI4mPk4tBr2Oy5+OS7pj184/9pODN0tNOR23HSD0W42qACAJigAk5/79CBEzQDd3E6l0vzgyH1Vda01Z4ijMx2/0Nv5wXtNze/y8ZmhKyOBWOrOctAjF5hSk5poNA7M+nm3hCHpBwcAgNUHM7N+5eH6000t1QdjC7c/vzotUgCAUGBRZATT5kFVTLzz7aTEWRtNGwuDivMTc/GSOmsJHul+9Qhv7TnfJCQW+z755L/+t3/5p0vffe9Zjm1xxw2Fl5KIB+dd0gFzQ0tHwztaef7a5SFX5q0I4itzP9wHwdrWftxqAP/I4KVMda23bfEAAI3cn5xb5Wz2M602I7N85+rAdU90i3XsS+TN6TJi/MbFbx8qetx+5p2ezEFMwr9TU+wa/iFYZ1i7ooK2mMuOBhmWIZCgFIBsfxNA2D87PDEbfLASiqwmAADyTVsOUVWcyai7Mze/FNbz/rt+MLQJhQCgKq4yaq67vaEaTumdWybCydQ7E5X9d0ac7uAjOfwkngAAYLl4ZlvW/8fi4vClIOUsPb32stQm0qgYDEUeSJ/+xZlzxwPVmXE8axBwosPrR/jKVot47dZd/nTV2n6MLfvFJ5J/4P/6IeeuzGErpYQTrHrHkDsYqi4kwXm/0tDS8I7767+5g9FKI/W7l4lwQtjm4DVhucriA15aKqRalzQuSwmVvnStGagpEliY8IditoMAQBidUa/Ora74g9m+ywmtpeUPpyv2/AUBwl7HlRs+TV17W/rQClESgMhq7lOZ0mgcGLL+T0HlhW8uj4vF9p7m9Z8OiJoXBB6gzFxpNgx+OuJ02/gaDkL+RZktNaY6fCRfCfH15zvSOE0/OKj4oyeaTFx5ZarhZ66ymvI/veSeDh7pEBLBBYkRrBuP2tDl6f7ro2Gh4/3Ns7uj9xwuka26UI3tvdeDaA1VHb1VHTQakpb9c7MT/f82YfjthXPrPkZuKjwAyBfqmrpsRWZjak9VWE38//xs+M5MyNxcRLjKxk5OW1qR7uBaKs2Hrv7LlMtrN5hzP9I8rXgYndHW0VkrVBtSz2uzpZS/fHV4yhcy4qU/IDPfNzPowRjjdfFbJyZOO4ORh8FP/zKzLq90eeyHM1MUlNs/8be5SV4Y7B8Xhaae/1LFqwDCC1f+x/g2ayB8dTnvdLn9YmRGJMKJ9CxOFWc2qt1ziwFDvltijHZeBQD00fTA0Gis/Oz5zkqOAH00ffnqxHbrVeZrOHggi/6Hq+mxLyQoKFlL+8edm2YN0igAgFK51ZrQq0Z0Znt9cOim82BzdkZtAoAcMJ0+32NWb76/YDGQG4t+WU/mRGJoMvJFSj3cnAuEuFX3AyJ0bj6u/VTrm5aE5GY2DOpAyRSwJCSJQTFSqmP38lti2O+40r+osnf11Gc/EubrWDWIj7InqAEAjazEIJ/TrD13qOy7ful2sPj4H7qPbD+NgGgPFWmoT4wkgI36PSuaUn1qhEE0BTqSkOUohcxpT3Q1LCdUfIGKAADDm4/wOStSsTxLFmU5DmFxXswvaS9a9+ymj1z9g8OycOaDJvOm/RUL3B31UuNp817v3795iFrHCzpeMFU4Pr/sng4eMRjTsxe2KjwAIFqhwpq7Bk0RzyqDkSgFIKqDlZaDuWvXcAdV9HE4TmHdQbztiwcYwgpWS+46CvhiNfU+ilDAsS8A5EHOoCd37i/mMb/bxfncQgsuT1xf/17nB+dz/p1rsrDL005xqwNGz4TGVkJULVhKUy9dNP7kKd9dSbhSM5/wjjkmg0Sozo5aCF9drpEXRyfmJeawWc9A6go1YeCMVWWpQTldlcKZ02iIMjW2zVnvwZrOrrOm1TuXrl33PKYAQNQcy8TEoPTC/zH0qqjLGux6r2PCn5kYwxRymoToW97yiw60+kqBWXY53a6gUqjmVURtsOhJcN7pvCsyh636zcPlbRA1xzExaa0kqCx6xISGK9xuLETY8o7e9hqY77s07Jb27FeyxgLTff13wda2YfzBGvVa+b7LnzkQTB97ZwKUK12blBn2D3/1nZe193SuH/jSeHh9LzcsP4pAPscoaUT0PDxgMmYGGCreVAzizP3sXzcmLrplpb4iNailsfXricnLMqhZlgkHf3xA9KbinInj9LH7xuCQxHe8v8XAF+hjj8Mlc9ZjmyZCoFeExqIbrmBISD4AhcwJkdsUXup34+t3fEiMAHNITVLVtf5AQUR6TEkhy5CN69imeLbYNhoVpShhD25zYt6+QzYPgDbM+8T8/s2/Xeiy2xkkxrZ684Y+KGUji1843Et2Q+ULtUOIpohXRf2Ts/PskTIm5Bq7K8UT27biSIGxumj4RlBize05oxbCCWZuasSX4Own06+CpMDAKV0e17Txt9ZiCDinvXICDAAAhDnIa1ZdP9xdMlizb8NEVWQ+3c0w1670fx1r7zxjOVhSa+W+dFy7oW61lxs08cDC7KQzZOxsP8q9yH8T7SQVf7S5/OKXtyPkHQAAFWep07sGb1/T/LbFJmjosnfGNR0saEl97YWWtwrkiyknHLL8Qc+kR8Pw9cQUcLX255m4whjeLefcrsEbB9sbytmIb/TmuBf07ZannYZDWKGtt1tz9do3Xw6Gz7cd5ffaFUCp6Oq76qSW9o0zFgBUemuj6cdvBq7R4JHK1PV9F4j5XFV6LkEsMHx1yK2pu9B9ZMNeCHtvfzqwrLfbzLyaAMTFxe8dP1K+ychBeG4xdVWy9F1JoanBNn3ZcfHyo3qLXhW+P+2Yl/njZ4zq1LZd/NIFxnKT0cBrlHHZNz02H9Yfr9MnAgPLSn1TzuNG528OXPfr2s63mLfan7Gga8LPmLur8DJ3r0v03o3LfX51WXWVWdAxBOKSb9oxL7HWDr366YUHscDQZ4Nebam5Qq/n1CQWck9NekA4Y9YRoKGZoU/HooaKcqNQxKoSsnd2wilxDQ0lWqDSwvDYfbb2+FEDs33xMADRezeuXhN1ZpNQotcxEBXnnKN+tfX9X7qO0L5BNg+AcInL9PKtQiW/R9bZTuk3DRVIUYXN5Bx3+6OVpnxWo2a57JRHQhi1ljmgJQCw/U0qoe09e9/X41998jdgOEuz1Sy5QLXdjAKiM1rNxStyddW6FzyiM9sOz0QSddWZ+Xuk0Hq6Tfp66OaXX9yEA0Ktvc4UcmmY1CzAxk67PDD5xf/tNHX+vost0LAJjRKAqMtauy9oBvsmnEulJ8t464XeAxMO983LDimSULJ6c22tiSOp/4tmU5cAvSqE0bEFG+ZlEr6yqzV4aTJfRQCAFFna/sC4JqacFydvRhKg0ZfX2Y9kKoQx2KyCz0VsmZpR8dZ39d4flHWWpw99GUajZkGdPZVKZai98EHB6MRs3z+PRxKgKS5vPd+Umu1DtGqVhmjWikKpYg9o4wUMAKj4Y+e6VQODE2M+U/ce+5q3eGBm1htZBcfX/+BYy2qqWz/urtCSQnPnOY3TMep09D1cBWWB6VRbW/qyuxD2u93B1QiM//UvOXOcDpk/+OhEmanpbHxydNLRd+tJApSaYl6wtXTUlhdB1OUOaYS63NGpylDz4UcFoyPOiUF3JAGM3tzVaU6NUAlv7eqE0an5iYGZOABzqNhoafnQXlEU842KYGhdm/BAJb9zLhSPh6598sm17KqVXH3vuRYDAYgHZn6M6W31wjMfJUAvS115qqNtbHJ6brxvCgBAyXJl1S1/akhd6u6phacytHQ3qcZc7pH5iQQoNTqD0dbTbU1925/O0nSWTk04XYM/PAHIZ/V6U3t3o4VXAdCYtOT1cxW1YGC2LR6S2ra2uGPyzozD6UiA8kCxUNryQV0NlkeGwv6fnG/EMAuXb95y+B8tAJDMNICTySSAAiCZilP55NpPOblkMplM3T+ZTCbj/573m1+/+KUmf/pZfplfR+jFYOG9yd7QvRP2f3N5kjvdfczwUh8gYgHHxRvxlt4TO/pt2OiZvEBpUdH1+VV/TW+X9c0ryVftJZ+JP/0sM7/6D4VCAaBQKBQKBWTi9M/ZHyF7D4DUUCR7JdZU8CvyHA07ksyZ5YkxxrnxC1czQgjtR1rhzJ+Fl1+NymD/0593YnvQ60GUWoZh8OzitwdRpHp3CgUkkxhjnBvvdnEihBBCbzrCHen585Hd3gr0HPLSX2Cb6vlhjHFOvNvFiRBCCCG0w/IUsNbtW7/E/H7P73ZxIoQQQgjtsLwk5HT7Upe4SseY3+/511qJCCGEEEKvXp4CILm+8weZzh/m93l+t4sTIYQQQmiH5SUBFOv7f9nOH+b3eX63ixMhhBBCaIflZTt/G7qAmMf8bhcnQgghhNAOy0sCAOR0+1JfXZCOMb+v8y9bXAghhBBCb5g8BUAScrp9ADkx5vd1freLEyGEEEJoh+UlARSQ0+2DtS4g5vd5/mWLCyGEEELoDbPW912/BMxjfreLEyGEEEJoh+Vlhjvpbl86Vigwj/ndLk6EEEIIoR2WlznMne7zpeNkEvOY3+3iRAghhBDaYXmw1ucDjDHeECOEEEII7SXpvm9Otw9g0xLz+zOPEEIIIbTH5EEyp9uXE2Me8wghhBBCe0weKHI6fxhjnBsjhBBCCO0tBJKgUEASl7jctHxz/PSzvNubgPYjLLw3Ge4d9Ipgae15JNXnwyUut1i+MX7za3a3NwHtOz/9LGPhvbFw76BXBEvrubylnxMy832TybW5nuuWmN/HeYQQQgihvSUv0+dTbNP/w/w+ziOEEEII7S15kExCTrcPY4zXYoQQQgihvSUPFApIrnX7MMZ4LUYIIYQQ2lvyIHVx13S3D2OMc2KEEEIIob0l2/fFJS43LRFCCCGE9pa8ZLbPt36JecwjhBBCCO0xeQpF9vsM1vX8MI95hBBCCKE9JjXfV7FNFxDz+zuPEEIIIbS35L1BXUbMv2l5hBBCCKG9JXe+77ouIOYxv9vFiRBCCCG0w/IUsNb5wxjj3BghhBBCaI/JS8Ja5w9jjHNjhBBCCKE9Jt33xSUuNy93uzgRQgghhHZYpu+LS1xuWu52cSKEEEJvPPp4ySuG6W5vBnpmeQqAZE63LyfG/H7P73ZxIoQQQm86Kv04fGPSG9nt7UDPLC8JoMjp9uXEmN/v+d0uToQQeltRcfrzf/7uXvhlVxOauf5PXy2EdmirEEIAQDI9v3S3b9MS8/s3v9vF+RLo4/mbgyNyeVd3jUH1mh4yMDFw/UHl2c6qIpKTle729c9yrV0tApNz53hgYvD6Q+uFzlLtlisL+765PK093dViYAAg5h+7OJJoPHeibOt7o11G5bt9l2bZ9q62dXsZYv6xK2PQeK6hZCeLkC47By/N6LrOr18tXb5zedBT2n6hPrcAn7YecXLwm2B5T2eV7tl+4S1FZd/ozWl3UJIjCVDmc4byxtPHzVzm/0wf35v82/CU70EkwbCc0X6yw1aU/rvSR+6R8e8XREleTYBSc0hvbW5qNBUSAAAa8rqGHfN+MRSJg5Ip4PTvNLbaK7OrBSp5fbKmilMBAMTEu8MjTrcvFFfmc0Jla7u9jN38R4/eG7x27WHVhfNWfm01Ua9bIkKdFuIB5/jwpF98+CQOwGi4ktrj7fUGLQDQjTGZnQAAIABJREFUx66v/u2ab3XD6pjSpo/fP7K3d+6uo7L/zpjLHRAfyAn50r/e0fLWE8ePGphfLrycdYTcw5du0freNitLAIBKs1c+u+2N595HKZz6/YW6g+t+mS5//+XVkWAiN8dUtHzcXaUjEHYP/fXrxfWdaF39H8+l3lMQSUJSAZnOXxJjjNfi3S7OFxcT3aMLq0DcEwvlPZbC1/KYhOXUkTHXTG15iyH7AhUXZ5yeByFm0l8nVKwNXMPi9A/LqlrddiMiGo/K8gqNpF/UaHhFllYjiW3ujXZdLBp6+MAzOG7sPZn7+YSGVySZxHZ4FiDRGcv5sduD3xr+sPbZKb409t2wVNB26tmHOomYFJKlaPwZ7voWo8t3+r+bjvEmy/GSYgj7fDNud99XSs1HDSUqAPrYPfD1N558U93xYxwEPK7pG4NEc+6MSQ0QXxoZuj4HJRW2GoMapKB7bn6if4j5qPsYT6i8ODzmA8HWblcTGpeD913Omb6Bwo97relPHjR0b+EJZ9FrCcQC0xcvT8l8ZWNnrSp8f9ox0zdQ+GHuADf1C+7xaz9IEfZRjAJkR+aRoOfhAVOzLuYZ7hsJaIzl9XW8lor35hbnbg1S7e97LIWEFJo7u9mHUZqttIhveHAeOJ0KB76vEpVmr3x5e4nozdX2Y/oChiRkz/TowDjXe7JM9dTCy12JOH/txqIU58IxABYAAGIrYThgPHGijlem70QYrvjgxp1Jo1IE2OqmVktB+iai1B7idQQAaCwepYy+/rRNUGXXUcDjwDeDKADSw99Utw9jjDPxbhfnC4suTfkSFce7+Nk+56JYXcO/ljcArb7SqB30zEn1Bj79ahNbdnuinMDFgvNeudSa6fSEg/NeWtRoLMA3pr1Do6sW4hO37nKnX3kblbBV7afFL/pvDQq6s5aDBCDsGb/mXDWdbre+nlp/i5Cio+c/PKpi0n8X8xFz6fVPB4IBmZaoSCzoGvWAubvrjEkNAObqw3z/1SHHXdFYwxOmpLn775qZzPCxymrhL37m8AajR/lCwlb97qOqtUcxlfIgXvQ8jlBIjX2pFPRGdGahgNDH7jGnxNkzg90Kk6D+/PL0997y35nU2RVQ0X3txuLm+aJhv0/SlLZwRMs1ffz32Y2psNoqdJ/1u7xSzFKoBSDaopK1D13xwIhD0paeqXtdB732KSp5Zpfo4Y7edmu2m2ssrUlHTyu8tXXEAsMD4/4tPoAynEFfJvziUFWpKebLjNsc6lGp9YKARwu3RJIA6T4fLnG5frnbxfmCqOSbDOZb3jtsYEE/6Zj2V3UYM+8x9LGrf9Ctt5kji3cW7j+QQaMvb+tsMnPkaTcBxETf9JRrxitKkQTDFptPnGwzb/oUruXNpWq3d0GM8alP9rHgojfO17UfCQzecnujZlvqaOlj/0wAiu1GltCw6J5yTXv8wYerwBQIluNdzaW/MHKKPXJ9+920sq6nXdACxMS7o2OzHv8DmeZzQmVjq33t/8JZjbFF58Ky0tLxYTOP74KvmFJntpvdt286i87WbflWFF92O0enfN5gKM4U6E21HaeqeFU8MDI4TG1nW4XUO1QsMN03cF/obD+W7tBE5/uvTbAnPmxeN6rVmuxddcsXb96eLm6vIb7BGz7G0t5hLiRAQ96pmyOLSw9W4kyBXig/2mAz89mZM6tWm3rJueiNcB29TZqcFVLZNzwwGba0/+41HSd5fYiK2fgjWQEAACoHxDB72CpkXh9IodFiIAP3A7KV5wgQJvdZQ4iSEKCw+fhLfNnjHJ6Lc+9WZJ5mVPL7ZLZUYAnEpHsPgbcfzo6OVHy5mZ11epdjpkxLLhwYHnCB/b0PIreveHNWTB/7PRIj1HAEAJj1T+F8DVEC3eKYApV8ozMrvP2kiX2BvxZ6PoTVcZqtX7K3L7wM+tj97W2P5vgfzonXBpZf7Yai9bJ9X1zicuNyt4vzxcQDzln50BEzT4Doa4zKa5P+kJBtxa1KsuRdGI+9a+/oPcHIiyMD49dv6vXvV+mechOJi967QTjcfK7FoH3inbg1dOM2z3fWbJy5xRjM7+jmfnQH60qMDEA0MHc/Vlxr1OtZgbk2dz9kOVJEgMpBVxAMp/Q6AqHggkfKtzZ3n9Ur5bmpwZFbN/Vcj3m7wQeFsDj89eAdWd9xTq9NTSa+7KCWEz2n9WxixTt5a3jAoTnfUEJS/5dhUV9e13yyrJTDge/roCyobLYH+x2jfFvLpoZN2DN+6dtl46mTHxt1RBZdI7f7vmX+0HmYYUEcc3nrBCsLAPHAD27vwxXxB9FqELQAIAdm/FFV84FN766MoeFki9g/dHXQo1wWOduHDQYVQMw/deUrp2ywdPzRqieSe+TWN1dXlL1tlSzQ8IoU/HFQLDDabF0mfQlLxMy6YuJs3+VxkavtqdhrA99NooG5IGXLS1gCEA09WAFVRe7QhWgKVCCKkQRsfHbTkN8n0qJ6Ye1wTcg99Gl6SmW+vvbk2brs0HdlaWGFrTisI0AjK3JMybHqtdWRfC2rjD1ciVFQEQD62PXtsEdj+6COj4+tf8yI6HmQX2bfaoqodN8tKQ21/KamXnxp0rnElPdUP+O0b/TCCGcs5xxT1/pJc2tt5RZ7KVdu4aVQ0Xl7OFDU8kElL4mb7p8IB2avT8y7/SuE5Y02W6NN2LItQuXgnYHxGY8YIrqSiiONDUcM2ZqgcWlu7MrM4j0poeUFs7220bSpZbNf5WX6vrjE5cblbhfnC5H90wurgi3VPWUMlir2ocsp5h5SUir1NV2tVQZWXSSY66s5+jAo0affxJTUd/R01lQaCrUsb623GsijJWnjmSUAoCquMLFR75wYA4Cw6PJTg0WvI4zBrFdJd70SBaAh76JIDBahEAB0poae90/UmIp02oMltloLn5CCT7abHUpl3/XLA3fCpWd626w8AaDijEvUVLXYS3kto2KLzA12Y+y+KxhN/8Ihy9nzbccsAq/Fl7vXRcU3NpdKE475DWf300fuKT+psLeYeZ2K0fLC0YZyxn/XKxOdsdIAy27/YwCAsOj2U30pB/75QBgAIOSfDwBvFbYakpKD1vYTJgj64/q2TiuvAoDo0sxdSVt59r0Gs6FQx5ceaz9eRv2T3keZoso3tr/X03qkUjiY+Ti0GvY7Ln45LumPXzj/2k4M3S005HbcdIPRbjaoAIAmKACTn/v0IETNAN3cTqXS/ODIfVV1rTVniKMzHb/Q2/nBe03N7/LxmaErI4FY6s5y0CMXmFKTmmg0Dsz6ebeEIekHB6Cic3hY5FvaKzePVUOBRZERTJsHVTHxzreTEmdtNG0sDCrOT8zFS+qsJXik+9UjvLXnfJOQWOz75JP/+t/+5Z8uffe9Zzm2xR03FB4AQMzv+MYRNbUeN29x1iNAfGXuh/sgWNvaj1sN4B8ZvJSprvVWH8zM+pWH6083tVQfjC3c/vzqtJipXhq5Pzm3ytnsZ1ptRmb5ztWB657oFuvYlwis7/NlD3ljHvO7XZwvgIoet595pydzEJPw79QUu4Z/CNYZ1q6ooC3msqNBhmUIJGjm5JKtbwII+2eHJ2aDD1ZCkdUEAEC+acshqoozGXV35uaX/v/27v+pjTNNFP0j9A7dlgQtpym6Vlo3QYAAUdKNKHCEjb9gQxkKEjyOx/FxMt45ydm7P5w6P8w/cevWnluzc7fq7lad7Myu5yQ5jsdxQWzKuHACNhA0FgelRCGMwCLII001RdtqIykS+2p1f9AXxBdjx1+CDc+nXF2vHkmtxv2q9erpp19FDELgbgCMbWIxALClNSbtda8/XM+r/dNLRDyW/mSiSuDOkNsbeqhEfkgkAQA4PpF3oUveH5aQBr8IUd56+pyjIr2JNCaFwtFF+cJv3XkP3FObHcdzRhELHX56RKhutUrXbt0VTtSs7sf4UkD6QQ70/ea7vIcy+2yUEl60GZwD3lC4tpiEZgJqY0vzm96v/uQNxapNNOBdIuIR8TEnrwnHV5fu8dNyMZ26pAlFTrKG8tVkoLZE5GAsEI7b9wIAYfQmgya/dyUWp3ouJXXWlg9OVO34CQEifuflG/Paxva2zKkVoiYA0ZX8tzKlsQQwZO1/BVVmr14alUodp4+u/XZANIIoCgAVlmqLsf/CkNtrF+p5CAfmFK7clB7TkEI1JNZe70gTNPPiEb/zqjNm7myzcARg3TElFpqVGdG2/qwNXZrovT4cETve21jdHbvn9EhczdlaTO/9NIjOWNNxrqaDxsLyUmB6aqz3j2PGt8+eWvM1ckPHA6rMXu+fIw0dh0yaTVbKVx/q5HXlVZkMrrXa8saVfxv3+B1GS/5XGlbYf+Swma+sFhgAAEuNzVx44QvvRKiuQ2T0JntHZ4NYa0y/ry3WcuHSlcHx+bAJp/6AzNhXlb7ISbVZ3SfGd3F8uzvnjxeXJtyh6IPQhd9OromrPT7HvmyJgvrxb/zH3KXM9veOSuLh039bI7AAkdnL/zr6mDUQobZScHu8ASk6KRHxSKaKk+UtJo13ei5oLPTKjMkhsABAH070DQzHK0+e6azmCdCHE5eujD1uvepCLQ+LihR4sJIZ+0KSgpqztn/cKa4f4tIYAIBavdma0MtG9BZHU2jgpnvv0VxFbRKA7DGfOHPasvGjjohWI7kxF1AMZFoixsMmoURtgJvTwTC/4l0kYufG89pbWpu0JCQ/sm5QB2qmiCNhWQpJ0XL9pvmnnSIScF7unWMdXaebcl8JC/WcBqSHuQvUAIBGl+NQyGtX3ztUmb/+xe1Q6cEPuuseX0ZAdG+UaOm8FE0CFwv4lrXlhvQIg2iL9CSpKDEK2cue6EpESbJCEQuPvE7vYjS5eOlC3vfX8Ge/9fIN7/6NIzYjFZa1l6x5d9OHnt7+QUV85/3DG/OF8eDdYT81nbDs9Pz9q4do9IKoF0RzlfPTS96JUJ3RlKl62qzjUdntnn7wA9y68ptbq+sY+tdPhg1v/+pcvcDurbbuzV+7lt/L0keRBIU1J/EYwVIn5N1mOYEjc4qSAGAIJ9qs+esoEko11P8wSgHHvqt5X1Ct5v/WLDG+u+Ovl/Csx5cwNL1rXzMYpMveIeeEW7K0PuMnAo0vh6lGtJanD1008UOEwuOGI4Qvtwju4RHnYpSI3blRCxFqK7Vu7/CYWmb2tRgYSM9QEwHeXFORHpTTFTmSzMxxQ9TpsW3eevfWdx5kxweufnEt3t3eZi4mRMNzTFwKyXERP+peMZqKZofU6xzjMsdYYIp5bdI7vxSxiBt7js5QLTLfeNxeElKLJwSWMEargdyYcbsTErPvpGGTzNDmiIbnmXgwJMerdOm+qkg+Kam1F7MAm50wBcJVdnSXeHv7e75Yeee9ls0mH90J4sGJnt67YG/LG38AAOFMBp3re08gVpaecoE+8k8GKW9bLcqMBAa//MbPOc52rh340kSEqnV5pQwR5WEUCnlGTaNSelayzH2sYC6Fgcn7snVvOk0bl+a8itrQXMISje3dXwgPlrNZ4aTsvjUYKjl0wm4WjTQwsEgM9aV5heP0kfdG/4AsdLy3ycAX6COf06Pwtnc2FEKgl4TGY5Ro8gtaCCkEoJC9IPJxHU9o7vrY9DBCMw9LSO7rI8um1sP7TYJAAGgiAkzeKJdG5UeUFHPMup1O43Fg814+riwpoBE5ZpNtozFJjhFu72MuzNt1SPoHvFKr2V9sYxtey3pfuuR1h4iprcmyLg9KuejcZ07vgsNY/UxjRKItEdhYwDU1w9VVMGHPyF05kXxsKo4UmWpLBm+EZM7SnjdqIbxo4ceH5pO841jmKEiKjLza4/NMmN62lULQPeFXkmAEACDMXkG74vnu7oJx9WOYsCWWE90Mc+1y71fx9s53rHvLGmz8585rNzStjkqjNhGcnXK5w6bO9v38s/yZ6EVihf1HKy9+fjtK3gQAYHlro8HTf/ua9u0Wu6ilS/5Jz0SoqCX9sxc6wSaSz8bd8Ib1AwOTGQ3DV2PjwDc4fkzhCmN8q5L3evpv7G1vruSi88M3R/1gaLduNaQlnNh2rlt75drVz/sjZ9r2CzttBlAqeXquuKm1fX3FAgBrsB0yf3+17xoN1VWn5/edJZZTNZlagnhw8MqAV9t4trtu3V6I+G9f6FsyOOwWQUMAEtLct87vqXDYxENkei49K1nmoaTY3GyfuOS8eOlhk9XARu5POGcU4eA7Jg0AEN1eoy6X4aNsgAG5yCgaS9jYzPSS2nA473VjMzf7rgf0bWc2/4oSD3nGAoyluwanufupxO7duNQT0FTU1lhEPUMgIc9POGdkztZh0Gzd8YBoBFGTS9nGYY4lCcFgMHIEgIYnBy6MxIxVlSaxhGOTin9qzC3zzc1lOqDy7ODIfa7h4H4jQyXPxc89YKo0m4yCVp1Q5idGZiKGg40GBiB278aVa5LeYhbLDHoGYtK0ezigsb33pHmEdg0Cqkx+L5vtwza2s+3XCpUDPkVvP27YMFQgJVV2s3vUG4hVmws5rYbjcyWPhDAaHbNHRwDg8XexYtu7jp6vRr/85E/A8NajNovsAfZxFQVEb7JZSpeV2po1Bzyit9j3TUaTjbXZ+j1SbDvRJn81cPPzz27CHrHB0WgOe7QMSV8y1elQ+lyf/bPb3PmLLq5IyyW1agCiqWjtPqvt7xlzL5QfqxBsZ8/tGXN6b15yytGkmjNYGhrMPEn/LdoNWQL0shBGzxWtq8skQnVXa+gLVyFLAICUWNs+YDxj4+6LrpvRJGgNlY2OumwPYYx2mzjvIfZsn2EF21sG/3fqRuvWQ1+G0Wo4WM3usMaGs+8XDY9N9fx+NJoEbWll65nD6WofotOwWqJd7RRqltujSxQxAMAKB051s339YyPz5u4d9jNvieDklD+6As6v/tG5GtXWtn7cXaUjxZbOU1q3c9jt7HmwAuoi8/G2tuy0u5GA1xtaicLo736bV+P0huX980cqzIdPJlzDLmfPrR+SoNaWCqK9paOhsgRiHm9YKzbmj05ZY/2H54uGh9xj/d5oEhiDpavTsukIleGKdGwRSwAiklcCY+tqwQOVA+7pcCIRvvbJJ9dyT1DzTedOtRgJQCI4+X3cYG8Sn/osAXpemurjHW0jronp0Z5xAAA1x1fUtvyqOT3V3ZYdb+2KCKPRshpd9oNBbz18ko6PuT393/0AUMgZDOb27kNWgQWgcXnBH+CrGsDIEMHW1QnD4zNjfZMJAOaNUpO15UNHVQlJb1tbwum6M+l0O5Og3lMqlre831iP3SNLtf/D/535NS8VpFKAbWzn2kOf2CDvx41TqRSACtJ1EalUOp5avZUXS6VSqfTjU6lUKvHvBX/9V88+1eSf/6I8z9MRejbY8V5lr+jeiQSuXnLxJ7oPGJ/rC0Q86Lx4I9Fy7sgL/TVs9FSeoWtRyfPplUD9uS7bq9clX7bnfCf++S8K87P/UKlUACqVSqVSQbaduZ27CblHAKSHIrmrktKNn5EfcbKaZCo709k+bGM7v40QQujp6cR3PhKffzWs0fGrj17E9qCfBlHrGIbBq4tfHwW5M9yqvLPd2Mb261fvixBCCP3kCF93+qO2apxT+fVRkDmJnc32YRvbq22EEEIIoZ2lAFZrOAHb2F7TRgghhBDaWQpgtW4YsI3tNW2EEEIIoZ2lIJWX7ctc0Z9pY3y3xxFCCCGEdpgCVV62T5X9VQMAwDjGEUIIIYR2mIJXJ8uI8VcujhBCCCG0s2TmeVjN9qXysoAY3+VxhBBCCKGdpSCVypvWCtvYzmsjhBBCCO0wBZmfM0hn+7CN7bw2QgghhNAOU5D5AdtUCrI/bYBtbGeyvwghhBBCO0sm75tZqvLaGN/1cYQQQgihHSab992Y+cP4ro8jhBBCCO0wBSpQpfIyf6lUKpf5w/gujyOEEEII7TAFKUip8jJ/KpUql/nD+C6PI4QQQgjtMNm87/plCuMYRwghhBDaYQpSkFJBNtu32lZhHOMIIYQQQjsMAUgPd7LZvmwb4xh/dfz5L8p2bwLajbDjvcpw76CXBLvWjkcgne1Ln+zGNrbz2tvdOVf99V9x270JaNf5818U7HivLNw76CXBrvWjvKbfE9L1vqm8bF92AITxXR/f7s6JEEIIIfSCpet9VbBa65nN/GF818e3u3MihBBCCL1gBfCYLCC2sb3dnRMhhBBC6AUrgFzOL53twza2V9sIIYQQQjtKQbayE5e43LhECCGEENpRCiCVgmy2D1KrmT+MY3y7OydCCCGE0AtWACqAXJ5PBam8NsZ3exwhhBBCaGcpgBTkZftgNQuIcYwjhBBCCO0sBZmc38YsIMYxjhBCCCG0sxRACvIzf7Ca+cP4ro8jhBBCCO0s6+t94TEZQYzvxjhCCCGE0M6SzftmM38blhjfxXGEEEIIoZ2lIJfzwyUu1y8RQgghhHaWgswv16YAQJXKy/xhHOMvpcchhBBCCG2fApUqXd4JACmVCiCVymtjfFfHt7tzIoQQQq88+mjBL0Xodm8GemoFqRSAKi/bl2mrMI5xhBBCCG2Nyt8P3nD5o9u9HeippfO+edm+TDuFcYwjhBB6NlSa+PT339yLPO9qwpPX/+XL2fAL2iqEEACQVAqyAyBVanUwhG1sv871vvTRzM3+IaWyq7veyD754fHAyMWh5KFTRyp0P+Ku5xIJDn51e6H04OlWccsVx2b6r7nYg6ePPs3fgbYHVe72fDkndrbvF8iaOyLzVy9N6Fq7WkTmRb9i8J6sqTDtJU/x4F2OKvPDNye8IVmJJkFdyBsrD504aOGz/3P00T3XnwbH5xejSYbjTY5jHfaSzHuNPvQOjX47K8nKShLU2jcMtqOHD5mLCQAADfs9g86ZgBSOJkDNFPGGNw+1OqpzqwUq++cVbQ3PAgDEpbuDQ27vfDihLuTF6tZ2RwW3uuuoPH9nxDMZkOSoWlsqmBsdLdbcNsT8XpmIjdmjRCLovn1tSCo9cernFs3qHxmXPEOuO/O5TeVN9uaWRuHFHrTQRlQJ3BnxeIPSopJUvvhfd3SC7cjB/UYGACLegd99Nbc2F6xv+uWplvS9Ac/A0FRACkeToGaKBLO943idkD3K00jQc8s55l1Ukmpt6b7G1iMHRM2GF08E3aODroD04IcEAKPlyxoOtjcZczt96163y5E1mT9YlwXE+K6Ob3fnfHZxyTs8uwLEOzZbedpa/MTH08iyIq9Ekz/urudAl6bHPQoQxe21GtYPmNY8kEYfLMvaGBaSvdLisbAS1iaSAGt2JU3EFGU5EXnBvQeAyl7ntcmS0+ePlOFXoq3RpTu930zEBbP1YFkpRObnJ73eni/V2vPNZSwAfeTt++qqr9DcePAAD0GfZ+JGP9GeesesAUgsDA1cn4ayKnu9UQNyyDs9M9Y7wJzvPiAQqswNjsyDaG93aAhNKKH7HvdkT1/xx+dsJekuQMP3Zn/grQYdgXhw4uKlcUWoPtTZwEbuTzgne/qKPzxjEwgA0LBv9Ivembiwz+I4fJTXJKWZ4aFvxt441WIkAECjId+DPeajegJAI8HhrwbGAj8AqLWJBAVNtrclFpzOO4redsTGs5CIhoNej+vrAeBPvWPaOGBCLwyVpy5/fnuBGCy1jgOGIoYkFd/EcN8of+5YhY7GEzHKGJpO2MXsm5QwRYKRAQAq373W65J50XbULrArC7673snbF6nm4+5yXTozcqlvImGob20xQmzGPT7Ue0t3rs3Grzm8RHy3e4aCWlNlU6Ogo9K96bnpW/1U94vT1mICW/c6lM374hKXG5evrdjC+Hyy6mCXMNXjnpNq61+5d3tcck/GjM3HLP5vvnVLtnbM6aIfL5nEb0RPRkr2n/lwP8tkjgGWOkv59Qt9oaBCy1gSD3mGfWDp7nrHrAEAS+0+offKgPOuZKoXCFN2tPu/HmXYzDNrbFbh4h+c/lBsv1BMuJqfn69ZfRVzuQDSRd+jKIX02JfKIX9UbxGLCH3kHXHLvCM77Kgyi5pPL01866/8uVkDkdDw13Nqe+fftWYPAibR0rS64khgXtaWt/AEACKhOYmpOXlO7+0dja/5I5myo93/ZfWmaBH3yH+4HY1iB3mpqOybWqD7Os61r45KTeX1+Q9hNQZR3HjOkPCVJ/+2ks32LYu12tz3x8vBgBwv17FUmnR6ooaO8+02jgCApaqE/M/+Mbdkbl3zSaEzHf74v+X6Z5XNXqX/Q6/HL8etxTr6yLdFr0O5vO+aJWyIYHxXxl9TVJ53hQqt7+4zcmBwOScCNR2ryY+ENDl6fWxeerCSZIoMJktTsy17mpLK/omr0zO+QJgy+jLH4ZNNmw5JE0te9/D4vD8UTjBFBnNDx/EagTyc6B3wi8dONpZkD4Gxmf7rbq75dNMmA++w3+MDQ1eVIHD7vu33+BXBsnoqiob93mHnlC+4DDre9FaNPu/zKy7NT4x7Jv2SHE0yXKnlyLE2y14CdMnV3xMQD4hLE+PzwThjNNsOOQzRSde3k/cXo8CJtvZ3HenjbyTgGRjy+EPLCXUhbyy3NzfUi8Wv2leDHYqG/eM3h+YWFpcTTJFBrNzfbLcIDABE/Lcuj6hbzjRnkrjpSokTXS1GJn3afXg6JEeTao6vqLUfspJvP++fjgLA4he/nQEoNHX+4rRVE3nMytNFO/UNexe+m3pS396ZCMusv0mWAdKVI1KE22fLnU0mxSarkfTdDyo2gSdAmPz/JULUhACFjVn8xJLPPTid4N+qyp6zpnJgXuHKRY5AXL73AATHvtzoiBUqLdyU278UN4uwOB+gJU12YfPdQR8FfDIj1qefqzcfOWsGiMx7t/x7aUTyDLklRmzb5Cw5esEIp+e1z3AEJeyaXa5mGXWmSWPBwDIRbabch4JOsJUX+QL3FWpk819qbf8EKNQSNVAKAFv3ut3z3t8CSaVSKpVqs8wfxnd7/PWUCLojWFNHAAAgAElEQVSnlDfqLAIBYqg3qa+5AmGxRp9OxkhT128G2Ob2v6stASXgHp8LSLEKvhgAaGLxjktzqLXt7zoh4Lp1feT2sPFU24YyzYhv9Iuvl0zHj31s0hNF8gzd7vma+aDTwGlX7o17FmqPpYeYVLo7Nr2sO7Fnk4MiXfKOS9raLiMLxFBj0/Xf8YbNTdkzpZKn58s/yUZrxzmbgcjeodHh0ArLZf40yX83BPuOnmox6n7wj90auHFbEDrreUgoy4uzzkFoaD/znzjlbn/v6EXfHr1Y337uiFbx9Pd6bo7sM7Yb2XhwrN+1KBw8213O0SW/23vPH7aIxVgU+BOIB8Yvf+lWjNaOX6b37K2rV5bV59qqOaDRZUVRRxMALOQqJWg0CUDD06MD00lb5y8aDUw0MHdn8r4Eh3/+3/72wFjvp9/tPfmfj1Wky0kDzseuPLIsh76/PvLmE/v27hALTocoV1nGEYBYeHEZ2Kr8oQvRFrEgSdEk8OveuzQcmJdoSZNYlLsj7B24kCnoLDQ0HDvZmBv6Li/MLnNV+/QEaHRZiat5TrO6OlKo49TxB8txSqkSpoyeA9nT7xqbDoWJvqLWdqi5JrOiqORbLKxwrN+UzcWlwc97xxaTAADcm+2nDluwuPPlIrypkneOX+slR1sbqjfdSzQhT49cnpy7Jyd1gmhxNBwyb1ajH5e9gZjOWM6zAPEfZGWF5YvzRqhqLV8Isw/DcdiigpvK972y2tgg6GDrXgcs9gsAooLsQCeVKfLMtjG+2+OvJSUwMbsiHi/XEwBgjNYa7orHLZWnLy+gieUE2WszCXodAV1Vi7Eq75lFltYjB0waALA02rzTtyUpRteND+hD73iAVB1rsQgsALDi/uZK31d3/Uq5xVrJT991Bx5VWIoBEsHJGVlb3mLapNQ4HpiajJY0WfQEAEiJ2cq7xqYWrOlr6RLByRlJV3363eYKHQAUH2inoT/cDGZSv0xZU0dZZjXFtiabd9a5IK/U84UAAIzhUKutgiPA19SLnkBIONRqK+MAeFu9ePf6AzlCjSxdiSTVfJVo5BgAo63VaHt5O2K3SSy7P/+9e5M7Cs0AALGFybvy+j172+V/WGHfu9VaIzHQihZxr46Azmx7x5wOrzuX/cSVb963d98nIA17nTe9YOq0GFkAoEkKwBSuSaURDQOUbigWoPJM/9B9trYzv+ZSbz549lx1JLIsBeYnJwcuQ+eHrUYWgCohn1JkNhURAEpjCWDWjjYIQwCiSQqQVBLxhDT4paQXa5pOVNPF+57J2xcV+JvuGj2BcHBOYsSmpxv6Ais0vddtkmOKHLw3PTdwaQDOtdc/5XPRMyGC7fQZzfCt8Z5P3En1nlJRtNht9eaS3LCVRu+7pjU2u8MCsQXfzJ0rfZFT6WryfLF7I7cmokKbw6ADAJqIJ9VqrTr/dQjLACSTW1w4EJfufO2SeXuHuRgAYMtehwCApC/of9mVo7h8HZevISr5vAHmzdPZk31EeLO+1DP4XajRWK4DYEsrRaZv4FJfsLayQhQMYok+e3QgTJGRK8zcYBiGQIRuONLElwLSD3Kg7zff5QWZfTZKiVBdL0wNfnd/yVxXEpc8szH+rbpNzivTRz73fSoezJ3P0pfXiWPfuObtZdZiQmPSYow1lK9+udeWiFxhMLuRkcDU4NhUaHE5HF1JAgAUmrNHMrVWz2cGM2qtlqi1e3lt5h6GJZCu/NMJ1Qbo6eu9GKg2i4JRFAQdfjS+IOo9puaDjcLaL0vR+Zv98wAANKHIyQ17FsYC4fhWY1/Ci5XcyJ8ufr5sq90nGgxGY/Em5yuftPKn6tu7QMTvvHxjXtvY3mZJfyklagIQXckfDaSHqmTt24Iqs1cvjUqljvXTrRCNIIoCQIWl2mLsvzDk9tqFeh7CgTmFK8+8x0mhGhLxNSMOmqCZF09q1RCVieNUplzKUmUW4UKvxytXHhBWQrMyI9r4pz5FzXJCGQdgKrdZqwb+cM3lkix4LcHLRXTGmo5zNR00FpaXAtNTY71/HDO+ffZUvZElepO9o7NBrDWmP2Us1nLh0pXB8fmwqU6/2sESwbHrPZNg6zyc+VpF1ESdTK65vJrSeAKgWK3eZAsAAOjSRO/14YjY8V72UrYtex1K530hlcv84RKXecvXT1yacIeiD0IXfju5Jq72+Bz76nkCrLHt/C8soSXJN/Nt7+1FKG16b3X+KUKedFhIApA95hNnTls2FtLtNb8lDt+Y8smVZHHKT4UWi37j6qg8d8e/rCT7/3HtBoLLK1U5jASAAqxNOq1ulDLb3zsqiYdP/22NwAJEZi//62j+4/I3n0AhbEJj6TzD2yUpOO8ZGe9/UGg63nV6tUYZPQdCOKNYsfZEAZWXtWQ+7/aGPbsxwZh+YO4xxvqz/6cxGFzyT09d+3owXmo5+d7Bam7T52y18if37Z0uEnBe7p1jHV2nm3LFtYV6TgPSw9wFagBAo8txKOTzsm5Umb/+xe1Q6cEPuuse/1YhujdKtHReiiaBiwV8y9pyQ/r9T7RFepJUlBiFbKKdrkSUJCsUsYQQrYaFZZ5fraNgeYGDgBxNQiQ4IxWWtZc8y+CVLTLyas+DcHxdhSh6SYhGL4h6QTRXOT+95J0I1RlNDOFEmzX/MUVCqYb6H0YpZD8bEkHXwGVn0tbd1Za7KIVoBJ3aF32UV+CQjMorwOzZPFNBH3p6+wcV8Z33V6tctux1L+0/4bVCUpBf94ltbL/G9b7hWY8vYWh6176mmJ8ue4ecE27J0mpkAQi7t8y0t8xUtb895u29MuAKNIpVW6wTCAFYoZQCEGCKeW3SO78UsWwyKa/OZDFr+yfH5xKKxJqOmTcptostjHsV3tJ1tFybH47OD96cmwjYjGaG49XxYEiOV+nSpZ+K5JNWQAQAoPHlMNWI1nIhUxX6Q4TCjy7VJRpBLBfEclvT4SV3/2cuz4I1UzOKXiKi4Xlmw55Nau3FLEBcrQa6EgeaniItLoeUBOTGtywnVHBChaWuLR68/ocBl89W0VikJgA0kRncbr3y7fujXx3x4ERP712wt+UNfAGAcCaDzvW9JxArS5+Gpo/8k0HK28q41VMtg19+4+ccZzvXDnxpIkLVurxxRER5GIVCnlHTqJSblQwAgBXMpTAweV+27k3n5OLSnFdRG5pLWAAwVhq1IVlepqbMGCUuSwpoTFp1JPT9IjHUlz5VWTaNJ4DNK2KJL0vKCisU7fqvPC8Xjcco0eSPJgkpBKAAyU3upTFJjhFub7a+nEruby6PxMz5A18AIEXGcj0dn/Er5el5HiAieeaXdeXlm5wBoI+8N/oHZKHjvbXl3Vv3OrRa75vJ8622MY7x1wxd8rpDxNTWZFl3HSvlonOfOb0LDqMQGrk5CSZ7jVksYaPSgpRgTRqyoXwyH8sJHDgn3PdNR8v1LG9tNHj6b1/Tvt1iF7V0yT/pmQgVtZxqLmMBWKHeqnffuj0GfNMvDZscppSAy0/Ljttt6+uASxK++QH3/JKprsxaqfd6+2/sbW+u5KLzwzddwUQm9Uu0JQIbC7imZri6CibsGbkrJ5I/auxL5bvXh+7rzNXWckMJuxwKhClrwKqHnwRjfKuS93ry9uyoHwztVp5kUn1uj1uyNJdEAlNDI8HsgDWxMHbbpQhW65tlgoYu3peihOMYAkQnlLDxOdd4gHeIJexWK0dU8vRccVNr+8YfiGENtkPm76/2XaOhuur0/L6zxHKqJnPiOB4cvDLg1Tae7a5bNxFDxH/7Qt+SwWG3CBoCkJDmvnV+T4XDJh4i03O5WckAAEixudk+ccl58dLDJquBjdyfcM4owsHMzLtc+SGH99OhgZ5oQ5O9hPo9gyNzVDxs4VeCziW14fBjJoBY9xcu3bnU6yKVhxrKOQJAl/1ut2tRYz9agpexvkyxezcu9QQ0FbU1FlHPEEjI8xPOGZmzdRg0ALF7N65ck/QWs1hm0DMQk6bdwwGN7b30tSh0aXLw8lDY3NnZtn4OZiJYGy3T/dc/75cclen5fafpvq4mgQWg8uzgyH2uIf3zGbGZm33XA/q2My2Wde/1rXsdysv74hKX65fb3Tl/HCoHfIrefnzjoJOUVNnN7lFvIFZhLDf53a7eP/YnAAC48re7HEYWIK4r0nLJ1fOcRKPTahK6QgIAQnVH69LVof5/cpe2nu/eb237gPGMjbsvum5Gk6A1VDY6cnW9hDfXmZyLQaHOusnMZjTin5OY8pObXACnMTlquL75gFJdLzref6940Dl1+ZPRBOwxHTnYxo/f0WoIAOjEtncdPV+NfvnJn4DhrUdtFtkDrBoACKfRc/psgkjNcntYRbN6U7uHjWsIAaIVzGLINdY/1pcEAPUbb7Z1171ykx+/jliNji1kN1TjEVLIsoxWpwYA1thw9v2i4bGpnt+PRpOgLa1sPXM4fSkSEeo6jkqXb371GyeA1tB03KF2Tum1agA1L+7jnJ7+/zkaBQDYIzYcaTFpAIAVG7uawz23+v6HEzhr+990Pn7lW/TtXSERnJzyR1fA+dU/Olej2trWj7urdKTY0nlK63YOu509D1ZAXWQ+3taWvRQpEvB6QytRGP3db/OKi96wvH/+SIX58MmEa9jl7Ln1QxLU2lJBtLd0NFSWQMzjDWvFxvyhCGus//B80fCQe6zfG00CY7B0dVqy7zsi2NtORgeuOW9ecALDlZqsLV2OKn18flACY2t+li6xcPPKZ+PZ3za+cfHvb4C61P6rcw6BLdnf3QZDbldfn5wAYIoM4r7WU7Z6HOi8XJrq4x1tI66J6dGecQAANcdX1Lb8qjk91Z2m+nhbwum6M+l0O5Og3lMqlre831ifvhaFhn3ueSWRdF/5LO8C2ULxxKmz9r1EJ3acO2Ucco6NDLqiAFpDU/eRTA44Li/4A3xVAxgZKgfc0+FEInztk0+u5dah5pvOnWoxki17HQJV4wfjuQSfKu/ifmxje/h3/wcApLIZ4FQqlbs/lUql46nVW3mxVCqVSj8+lUqlEv9e8Nd/tWmJ4lP581+U53n6TykedH566S7feQbnD98BXqOOtwu9onsnErh6ycWf6D5gfK5RRjzovHgj0XIOf7dvGzxD16KS59MrgfpzXbZXr0u+bM/5TvzzXxTmZ/+hUqkAVCqVSqWCbDtzO3cTco+AzFAll6FLN35GfkTCjqQgpQLVavYXVNmZHzC+2+PP3Jt3q1jwuzlZW9mBU8ojtDvpxHc+Ep9/NazR8auPXsT2oJ8GUesYhnncPAzo1UMgPdABVabuE/JqQDG+2+Pox4gvByRqtK8vDUQIIbSDEb7u9Ed1270V6EcgkMv74hKXa5fb3TlfN6zQ8tGvtnsjEEIIIbSVgnTOD5e43GyJEEIIIbSjFACkVACZZeY8d14E47s5jhBCCCG0s6TzvqlMnk+Vvoo/l/nD+O6OI4QQQgjtLOm8b25iq5QKVHlZQIzv8jhCCCGE0I6ymvfNZv5SeVlAjO/yOEIIIYTQjlIA2R8syGb+sI3tbBshhBBCaGcpWJPty6/7xDjGEUIIIYR2lmzed/0SMI7xn7QnIoQQQgi9fNm8Ly5xuXGJEEIIIbSzFKTy8nzYxnZ+e7s7J0IIIYTQC1agUgGkMnk+bGM7v73dnRMhhBBC6AUrgBSAKpPtS+W1MY7x7e6cCCGEEEIvWEF+tk+lUkFqkywgxndnfLs7J0IIIYTQC1awPvOnekxGEOO7L77dnRMhhBBC6AUrUKkg9ZjMH8Z3eXy7OydCCCGE0AtGUilQqVTp4Q4ucZm/3O7OuerPf1G2exPQboQd71WGewe9JNi1djySrfhMZ/sANiwxvmvj2905V/31X3HbvQlo1/nzXxTseK8s3DvoJcGu9aO8pt8TCrIVn+nsb25qVxXGMb7dnRMhhBBC6AUrUEFe5m+17DOFcYxvd+dECCGEEHrBClKQy/ypsI3t/PZ2d06EEEIIoRcsm/fFJS43LLe7cyKEEEIIvWDpvC9ksn3YxnZee7s7J0IIIYTQC1YA6VrP1Wwf5K7xx/guj29350QIIYQQesEKYDXPl12mMqWeGN/lcYQQQgihHSZd7wt52T5sYzvTRgghhBDaYQpSAOkEXybbh21sZ9sIIYQQQjtMAUBmuJPJ9mEb23lthBBCCKGdpGB9tg/y2hjf9XGEEEIIoZ2kAPKyfeuXGN/1cYQQQgihnaQgN8hRAQCk8mo9MY5xhBBCCKEdpSA3yEkBAKjyMn8YxzhCCCGE0I5SkM35rckCAgDGMY4QQgihJ6CPFvxShG73ZqCnVpDN+a3JAgIAxjGOEEIIoa1R+fvBGy5/dLu3Az21gtxcVqrsOe9M5g/jGEcIIfRMqDTx6e+/uRd53tWEJ6//y5ez4Re0VQghACC53zBIQe73DFR5bYzv4vjriz6audk/pFR2ddcb2Sc/PB4YuTiUPHTqSIXuR9z1Y8X9ty6OQFP3kWouP7r0be9AwNR2urGE5IUj/luXR9QtZ5rLNt9+Krn6r4YqT3fW6AkAfeTp7feKx9atBP104tLE106XX5KjSVDv4fgSs+Ngi2Xvi9gdiYWh3s+ccu62mtmj4wWLw3HInFk/lTwXr3i0R979uaX4BbzgzkKV+eGbE96QrESToC7kjZWHThy08Nk9Qx/dc/1pcHx+MZpkON7kONZhL8m85+hD79Dot7OSrKwkQa19w2A7eviQuZgAANCw3zPonAlI4WgC1EwRb3jzUKujOrdaoLJ/XtHW8CwAQFy6Ozjk9s6HE+pCXqxubXdUcASASq7ef/t6Mblui7WV7/3ntur0AYfG/F6ZiI26rTcV6JLPMzw+4w+EqVZvFKsbj9qqOTwYvHRUCdwZ8XiD0qKSVL74X3d0gu3Iwf1GBgAi3oHffTW3Nhesb/rlqRYjEw+MXPh8Ul6/Mn3juVNtIgMANBL03HKOeReVpFpbuq+x9cgBUbPulZ/YeR7T6xAAAIFUClQqXOJyk+VrKy55h2dXgHjHZitPW588GqCRZUVeia4/ijzhrh+LcAIrj7r8tgr76pAoEvK458PKA8+C9VhFbphLH/ld84r2IP/YgXsyLocVOZbI3FyRlWVFTlAAPLb99GgkMHCp3x0VrFZHU+keiMoL/nnPjX7KdneYNE+xgq0lo0pM/UZ1R2ulFoDGY4qyFJz//s6VK8HjXacbBRaAaHnLWxaWZ17In7Oj0KU7vd9MxAWz9WBZKUTm5ye93p4v1drzzWUsAH3k7fvqqq/Q3HjwAA9Bn2fiRj/RnnrHrAFILAwNXJ+Gsip7vVEDcsg7PTPWO8Cc7z4gEKrMDY7Mg2hvd2gITSih+x73ZE9f8cfnbJlvnzR8b/YH3mrQEYgHJy5eGleE6kOdDWzk/oRzsqev+MMzNoEQwdr2oRCO5+pE6bLn61EfJ+hzQ9poyPdgj/monmy1qVRy9V10UsvxYx+f0hNF8o7cvvbFMnv+yGO+OaMXg8pTlz+/vUAMllrHAUMRQ5KKb2K4b5Q/d6xCR+OJGGUMTSfsYnYvEKZIMDIAwIqN7/2yXEnkPleSkuvW0GKRwKkBACLBwUt9EwlDfWuLEWIz7vGh3lu6c202Pv/o/oTO8/he9xP+B73CsnlfXOJy4/J1FVsYn09WHewSpnrcc1Jt/SvybiecwWJQD0zeD1v3ZtOzseBkiJYaSqMhbyBWYc6Mk6hy37sI4gnjc+ea0U+AhqddHpk/er7zQKarVdkaHTQeo+T5B74ZRCeIoqjP9eSmRsk1cHHom2HhVJvIgM5Y32R8Ua+1o5CS/Wc+3M8ymf85S52l/PqFvlBQoWUsiYc8wz6wdHe9Y9YAgKV2n9B7ZcB5VzLVC4QpO9r9X48ybOaZNTarcPEPTn8otl8oJlzNz8/XrL6KuVwA6aLvUZRC+q1N5ZA/qreIRYQ+8o64Zd6RHXZUmUXNp5cmvvVX/tysAbbYKK5+OY/4vwnFi2yd1blDViQwL2vLW/gtN5VKHveS1trVYhEIALDi/ta3A38YHZu1lz3FN3/0rKjsm1qg+zrOta+OSk3l9fkPYTUGUdzsnCFTYjSW5FakzLoXk4aGRkv6bMCk0xM1dJxvt3EEACxVJeR/9o+5JXPr2rOYW3Qe+si3Ra9DACSVSqmyeT5sYzu/vd2d8xlRed4VKrS+u8/IgcHlnAjU5OXeEtLk6PWxeenBSpIpMpgsTc227GlKKvsnrk7P+AJhyujLHIdPNm1aLpFY8rqHx+f9oXCCKTKYGzqO1wjk4UTvgF88dnK15CA203/dzTWfbsobeJNik1UgN2Z9sqUkHVaCkyEQjzgqpq8PT0sRc7kO0qdT54JEPGnQANAlv9fluusLyNGkWltafqjzcL3whPReJDBx7WbI1Nm+XyA0EvSMuCdmQ4tR0Jbusx09eMhUTDIlE+L+0iXPZEDW1X9wxobVEs8sSYHoigXtmv9BwmoyHSsiecc9E75A6MEKMEWi9WDX0XI9AYjMX73iYRss2lmP27+o0D2l5sZ3TtQJT5WrYwR7o22y1+MONYnlusj81Use3Yn2FiOTPtc5PDLlCywqtJAXqw+1OjKn+CPBb78edftlhe7hxfIm+17fSMDU3V7PEwAa9o/fHJpbWFxOMEUGsXJ/s93ypJ72WiAss/4mWQYAAKoEpQi3z5Y7m0yKTVYj6bsfVGwCT4Aw+buCEDUhQGHjOaDEks89OJ3g36rK7jsqB+YVrlzkCMTlew9AcOzLjY5YodLCTbn9S3GzuGZX0yXPyDw1HGwyZDeYPgr4ZEas5wmVt9hULWw2wcAPQZ8UsRbj9+eXinB6Xvuch85E0DV+j5SftAoEAGgsGFgmos2Uq0/QCbbyIl/gvkKN7ONeal3nefpet1uR/IGOSqUCyGtjfHfHX0+JoHtKeaPOIhAghnqT+porEBZr0gkzKk1dvxlgm9v/rrYElIB7fC4gxSr4YgCgicU7Ls2h1ra/64SA69b1kdvDxkzpVb6Ib/SLr5dMx499bNITRfIM3e75mvmg08BpV+6NexZqj6W/4lPp7tj0su7EnnVHKp1YI7ID3ml5vyAQgHBgJgiGLpHnQYBbdwNKuYUDoGH/9JKu3G7UAcTD/slAXLCdbBU5GnR9PTrQ5xbOO4yPPdjSpcnBL/sDjL3NIhCgS3euDLiZ+vZzx4xaKs+OX78xqD3VuV9IxuXw4vT96wGDzXHwkGjU48D32RHeVM47x69d+ebQUYdN1Kz7v4yEZn1yoe1o90mDWpke7x+6ddPAn7YU00RMkUKTN2K1zYffP16UmB+/1j96vVT4sOnpvoYQvSgU3gkGlXg5m4gpykMaTQIAle/2XHJS65HTJwxcctnvujXY59SeaS4jDyf6+ocCmtqjne+b9YmAZ/BrVyCi4eJJABIPjF/+0q0YrR2/tBmI7B26dfXKsvpc25ra9J0gFpwOUa6yjCMAsfDiMrBV+UMXoi1iQZKiSeDX7QQaDsxLtKRJLMrdEfYOXMgUdBYaGo6dbMwNfZcXZpe5qn16AjS6rMTVPJfXK0ihjlPHHyzHKeQPZcI+t0susp0pX30zRiXfYmGFgyewsuWmlphFxu0eGTQcO2TeSyKSZ8gtgZoqy1EKOnxrvyyEN1XyzvFrveRoa0P1+g4DAAA0IU+PXJ6cuycndYJocTTkavRXHyLPDU/HjM32THqY/iArKyxfnDdCVWv5Qph9GI6D8JivMus6z9P3uh3pH/7hHx53169//et0oyCVzfZB5hr/TBvjGH8tKYGJ2RXRnj4EMEZrDffA45YyZbE0sZwge80mQa9j9Maqlu6ONktx9jhQZGk9csBUouNKLI22MjYmSbH12RT60DseIFWOFougZxmdIO5vrmQCd/0KU2at5OMBd+ARAAAkgpMzsra80bThhKPOYBM1sn9eigPQR37vEitWGnVEL9YYQPIGHqVTRh5ZY7IILACwJfu7u35+tKaM1+iFqqYGIxtdkh8zkw6FFcnV/1l/UNvcdbZV1AHEA1OTyt6mVksFr2HZYqPVccCw7JmUM3+XuvTQmc6OxqoyYf1wDf0oRKg/e67Fpl0a/PzC3//33/1/v7923RVYimfu1ZubT793pN5cotftLbM3WIWkHPoh27XUvPVYR6OxRFdsrLXbjWol9DC+xSutoWYZBpIrax9PpUmPpK1pcZQLOoblSizNDlP8vicUo/L8RCBpONr2TqNYwhUbrY62Br06k8SMLUzelXXVJ99tthiL9UL5gfaDFTTg8j/cWTOW0rDXedMLJofFyAIATVIApnBNESXRMEDphj+byjP9Q/fZ2ob8mku9+eDZc53vv3v46FtCYnLg8lAwvS+oEvIpRWZTUTqNlwBm7WiDMCTz4qviktsZIKbGRuPq9+1wcE5iRDNPnrSpTMXR9i5z0nPl4m/+73/++38e8DJ1h6qKCKxs/EPQC0QE2+kzh8XkXM8nn/xf//3f/uWLb771LeW/H2n0vmt6hbc73mm1m5ilO1f6rvtia9cRW3C6Jab6UG12TEwT8aRarVXnvw5hGYBk8nGXnWzsPE/Z63ao3AB3izhJ5/w2ZgExjvGfsK++KFTyeQPMm6ezZwaJ8GZ9qWfwu1CjsVwHwJZWikzfwKW+YG1lhSgYxJJcioUwRUauMHODYRgCEbrhSBNfCkg/yIG+33yXF2T22SglQnW9MDX43f0lc11JXPLMxvi36jarmWCMtft0vnnvol3Q3vcuMmKTwAKATrCIpN8bCtcy0ek5hSu3lKaPYglp0jXovi8rsUh0JQkA6tJNPpkBAJLK9DcXE+qKE10n7ZmaQyUgyVG5/5NP+vMexzdknq/mjWWb5irQj8cKVS3vVbUAjciyFAp6XAP/Y0R/9EzXASNDlcCdIbc39FCJ/JC+uIXjs1clkkLeUJTpJoTRMWqgSfq0Vywm44kEqAvXnjePSaFwdFG+8NHO1+IAAAtCSURBVFt3XnRPLQUaDUeJvnG1ZphwgqBn7gMA0IQiJ1lD+WpWSVsicjAWCMfte3fMSfOI33n5xry2sb0tMxsGUROA6Er+24nSWAIYsvb/nyqzVy+NSqWO00fXvqeJRhBFAaDCUm0x9l8YcnvtQj0P4cCcwpVnzlmTQjUk4mvesjRBMy+eiyzNujxKSVPnvrz/7VhoVmZEG88+xaayJbbOM7YTsSWF6rhiliTu9bmBaBh8f79cRGes6ThX00FjYXkpMD011vvHMePbZ0/VG1miN9k7OhvE2sxZNYu1XLh0ZXB8Pmyqy70JqXR32EfLWm2rHYuoiTqZXHN5NaXxBECxWr3h9eExneepet1O9utf/3pd9nfdgDhT74tLXG5c/uTd9bnFpQl3KPogdOG3k2viao/Psa+eJ8Aa287/whJaknwz3/beXoTSpve6WrKFDYQ86bCQBCB7zCfOnLZsvFxgr/ktcfjGlE+uJItTfiq0WDavI2ANlWbtjN8bMnN3Ze2+Q5kxrqas1kD6ZvySRvYtc+by9NnTuH/0cn+AP9rxN3ZBRyDuv/W7vsdO9Mloi1galgJLYWtJZvALwJTaPzzv2HC1XyYRvkuOgz8houMFHS9UVAm6P/S5xkM2Qe/tGxiOV54801nNE6APJy5dGct7wrN/FsXDAWmFFYwcC7B6KiBJQc1Z2z/uXF/VF/c/aXev/U5FyPrIay0ScF7unWMdXaebcgXVhXpOA9LD3AVq6ZPFcSjk87JuVJm//sXtUOnBD7rrHl+MQnRvlGjpvBRNAhcL+Ja15Yb0+59oi/QkqSgxCtmBKF2JKElWKFpNy0VCrjGJrW1bcxF+JDgjFZa1p2cxe6pNBaIp4dP3LQekBCvoseDhJ0I0ekHUC6K5yvnpJe9EqM5oYggn2qz5jykSSjXU/zBKIfvZ8Mjn9Mi8raOqmOStStCpfdFHeQUOyai8AsyezffmZp3nqXrdTpc//N2YCS5IZ/hU2cxfKq+N8V0ef+2EZz2+hKHp3c73z+T9O3XYyi1NuKX0qSjC7i0zVe1v7/ovv/6bk6YfPK7AE+aeJwQgexKUKea1SWl+adOn6EwWs3Z5cnzOPSmxJpv5cTMpsoLFrA/Puga/C2tNVbmv+6yh2sQsuUbcvqjeUpvOx9KIshxnBVutkD7qxaPL8dXhiJrCSt561Trx4PvvN3D+25996ZHiAEC0pUVEkRbknTOCeTXRyMOldb9nShgtAaCU0pgcAd5UU5HZpSty5EVMmAdUmnZ55CKL3bAmL0s0PMfEpZC8oXKCcAIHy4HQcnZDE7I/FE5kn8UzcXn1WVSRfFJSu6bo8DUWD0709N4Fe1vewBcACGcy6JT7nkD2NDR95J8MUr68LPfmjQQGv/zGzzlOd64d+NJEZG1WLaI8jEIhz6hpVPI92GM2ZYc3rGAuBWnyfu5dGJfmvIraULU6Na807fYmhKYmQ/7/diT0/SIxmDPfjbfeVBqRl8J5mxMJTPlkRqwt2Rm775VF47H4uvc9KQSgAMlN7qUxSY4Rbm+uaDse9H7rJ2ZHzZrLW0mRsVxPAzN+JfvkiOSZX9aJ5ZtNebl553mKXrcrpIe8m5ZAYN4Xlzsl70uXvO4QMbU1WdZlvCgXnfvM6V1wGIXQyM1JMNlrzGIJG5UWpARr0hDY9CrpDJYTOHBOuO+bjpbrWd7aaPD0376mfbvFLmrpkn/SMxEqajnVXMYCsEK9Ve++dXsM+KZfGh5/iCFCrcg73SHgj9bm1RywJRaTxj0eUhsOmjNhouMFjt6dcM7yjnIuOjfmXkrAXgAAYDhjEZmcvzNd2WZdPZzpxPrT55hrV0Y/vRI7/a6jzGSzcH3DfbdJq91cykRDc3ecd6m1/R3rTrh+/5URu/d175c+IporLVUGjgWgMf+407WosTYb9YQaebXH55kwvW0rhaB7wq8k4TmmI6ORpYX5gHfS6w1CRWv7ofWXYzJlDTb+c+e1G5pWR6VRmwjOTrncYVNn+36h8pB16vLI7UHmYKMRJK9raDKcVBeln2V8q5L3evpv7G1vruSi88M3R/1gaLfuhJoYKnl6rriptX19xQIAa7AdMn9/te8aDdVVpyfNnSWWUzWZDFo8OHhlwKttPNu9fvKNiP/2hb4lg8NuETQEICHNfev8ngqHTTxEpufSs5JlHkqKzc32iUvOi5ceNlkNbOT+hHNGEQ6+k5t8JnL/2/ElztplWfNtORacXlIbDgvsU2wqDXv6eoejQr2jzsSpE9LU4Mj3YG49tP7XENCLFbt341JPQFNRW2MR9QyBhDw/4ZyROVuHQQMQu3fjyjVJbzGLZQY9AzFp2j0c0Njey17LSB/5Ru4qQuPJ9VOAE8HaaJnuv/55v+SoTM/vO033dTUJLACVZwdH7nMNmZ/PeEzneYpet2s8rvaXrOb58papDRGM78L4T95LnwuVAz5Fbz++cdBJSqrsZveoNxCrMJab/G5X7x/7EwAAXPnbXQ4jCxDXFWm55OrJQ6LRaTUJXSEBAKG6o3Xp6lD/P7lLW89377e2fcB4xsbdF103o0nQGiobHbm6XsKb60zOxaBQZ91ySmHCV9dXzbugzrxmaMEYrXXi7JS24c1ctQQrNpxsXf6y/+bvxkH9RmVLU43BtcwSAgD62sMd0uBA/x//X5f9wzMWTqvheA0BIELdyXOF178YHZ6uNDYaW850884JT9+VfmUFGL2p1naovJgAZbk9OqUIh8Avgqa689T7hvGxcU//dLrKtpAXy1vPNNSbNABgO9EmfzVw8/PPbsIescHRaA57tAwBIIxGyxXpV7udmtFq2OT6YlMAtVbLJKZv/9P/czsX0hqqO84ftGXnICOMRqvV6Fh1+vqbs+f2jDm9Ny855WhSzRksDQ1mngCQsqNtHYmBq1/90QWgfqOy5ajFc/N+pl7U2HD2/aLhsame349Gk6AtrWw9c7h+Jwx9E8HJKX90BZxf/aNzNaqtbf24u0pHii2dp7Ru57Db2fNgBdRF5uNtbdkJUCMBrze0EoXR3/12dPWZb1jeP3+kwnz4ZMI17HL23PohCWptqSDaWzoaKksg5vGGtWJj/v8ca6z/8HzR8JB7rN8bTQJjsHR1WnJHiHDgbgDE9oa1h4yI5JXA2JqXpdtiU0nJgTPduq+/GbjR7wIA2GN4q6XraBVO3vKSaaqPd7SNuCamR3vGAQDUHF9R2/Kr5vRUd5rq420Jp+vOpNPtTIJ6T6lY3vJ+Y72Ym8T9e88iY+uu3KSQRid2nDtlHHKOjQy6ogBaQ1P3kfRcvxCXF/wBvqoBjMxjOw/AE3sdUtX/pzvbnl/E5au5HPn9W5mZHwCyDVX6145TqVR2XojcrbxYKpVKpR+fSqVSiX8v+Ou/evapkv78F+V5nv5Tigedn166y3eewfnDd4DXqOM9m4jvmws3lpvOdb6OY9xXdO9EAlcvufgT3QcePw3h04gHnRdvJFrO4Q+zbYNn6FpU8nx6JVB/rsv26nXJl+0534l//ovC/Ow/VCoVgEqlUqlUkG1nbuduQu4RAOmhSO7sdLrxM/IjTlYTFUBeti+vjfFdH3/m3rxbxYLfzcnayg481YheRbGZm9+4EwabtVwsZaIBz+CNmTh/UHxcYTp6BjrxnY/E518Na3T86qMXsT3op0HUOoZhNp+HAb2KSCrvUidc4jJ/ud2d83UTXw5I1Gh/yt/lQugnViiYSsjIzMAXf4omAZgig/ng2eP4e34IPS/C153+qG67twL9CCQz0Mlm+7CN7Vx7uzvn64YVWj761XZvBEKPQ/Qmx2mTY7s3AyGEtllBZriTn/3FNrZz9TUIIYQQQjvI/w+Rrko77UzumwAAAABJRU5ErkJggg==' />
<img width=700px src='data:image/png;base64,iVBORw0KGgoAAAANSUhEUgAAA6kAAAN/CAIAAACz2gnWAAAAAXNSR0IArs4c6QAAIABJREFUeJzs3Xt8FNX9P/737M7sZnezu7mHQAiEgAkYxQAKfBCKUBCxQlvwwqdovdCv0tpabGurH78/9fux2lo/0lpbasXLF/ErWrAFWhRQpAQEFAiXcIkkhIRcN7ub7CZ7ndmd3x97yWRv2YTc9/V8+FhPzs7OnITZc9773jNnmGU/qyaASLa/PH6wmwAAAADQDY/HE//Gsv5sCQAAAADAEILYFwAAAAASBWJfAAAAAEgUiH0BAAAAIFEg9gUAAACARIHYFwAAAABGmvXr10esR+wLAAAAACOKL/CNGP4i9gUAAACAkUMa8oaHv4h9AQAAAGCECA92Q2oQ+wIAAADASBBtjq+0nh3A9gAAAAAA9Jd169Z1uw3yvgAAAACQKBD7AgAAAECiQOwLAAAAAIkCsS8AAAAAJArEvgAAAADDT12jZbCbMCwh9gUAAACARDEU1zjTpCqvGafITWWztNRq4Otb+ToDb2j18oPdMAAAAAAYygRBOHjwYHV1dXt7u1arnTBhwpw5c1i2M+IdOrGvbEyheuGM5JlFSbmqSM9bXZ993rbtK0e9c+DbBgAAAABERF6v1+l0ut1uQRAEQSAilmVZllUqlUqlUiYbzDkFjY2Nu3fvbm1t9f3Y1tZ24sSJy5cv33bbbVlZWb7KoRD7yvJnpK5dqi3UxdxKp1y4PHvhYveRw5Yt+2zViIABAAAABpDT6WxraxNFMaSe53me5x0OBxExDJOSkpKUlDQoLbx8+XIw8A0ym81VVVVDJfbltElLVmSsKY67GSrFrAWZs2boPtlh3HiSxywIAAAAgP7G87zZbPZ6vd1uKYpia2urTCZLT0+XzjQYGBUVFRHra2pqZs+e7SsPZuyrGa39yf3ps9J6/kqdcsnqnDGjDS/vcbYJ/dE0AAAAACAislqtNputRy/xer0tLS3Jyclarbbf2hWB1WqNWG8ymYLlQZuTkVKQ+uTaXgW+frLrFmQ/tVSV0qetAgAAAICg1tbWnga+QR0dHUajsa9bFIvH44lY73a7g+XByftymdrHvqe/LuI1bT3AFM5LX1Pb/AdMfgAAABjRhMoK69sbhMtV3rbQ2ZxBjErN5uUn33Of8qY5A9u6LlxfHur4cLNwuUp02Dvbpklm8/K1965RTJ0+iG3rKZPJJI0ae4HneaPRmJGR0XeNulrywv/46UAfk+UW3ZOxbEyfpJxl48azjefs1fY4toUeWrUYWXUAABh8nrpa42NrPA11ojPmpe4C7zW1OP/9KTdhIjt23MC1T8J1/Ejrs094jQYSuubleLfXaHB89oliynXynDF9cixrh0un7cdLytrb232Xr4U7ceLMtm276uoaj311ymRqzc7O5Dgu2n68Xq8gCCrV1aY8YwhefnfkyJFo2wzifF9mzIy0+4rkfbY/nfq+xeryD2wGTPwFAAAYiWz/+DA0lIyp42/vKWfP688WRWX7+wfdbbBFUXLjQDWn93ie7+joCK+32ey/efG1Y8dOKRSc2837HrXa5DU/+M/Fi78RbW++NdEUCkU/tzouAx77apVL5qmSe/KK1pqOHYcd9QKTNTppWrF6WlZowji1WL+k1LGptvtrDwEAAGDY8DgbLxtNojq79rK/RjNRdf9jmnklcrrofOd31o/Pha62RUREwpXLkaoHgqe+1l/Kmqtd96AyVUGKNLmm0vqrnzmq3YPbth4xm80R63/7mz8dO3aKiNxuPvjY3t6x/pW/Oh3OZctvjbHDUaNG9WeT4zXA17oxYwp1c7N68ILmMuN/bTB+dMx29GTHzl3G515peOFw2Cc/TjHzRiW+ngcAABhJPC63zSl6nW4h+M2728x/+gfzg8ta/9ahWLqU00R+oWjv5bVZV89jafOXDKXtTz5gfORh6+Em76UDfJ1/1qy3t9eNDSSXyxVxObMTJ8589dXJaK/asGGTwRD1yjZRFKPNoBhgA5v3ZdlpN6pSIz5ldZ9oEMcUKLOl00UM1le3ddQLsvxrtXfcqMpiha9P2s6YPW7iQpLmuYWafK2jrL3HLeJS1Wt/kDE3yb3zg5ZNFV2vDWTZm5dnrp3BVpe2vLjLaSNKKUh96n7dGHPHq++Yj7aKxHIL7s5eW8yU72p+odTtC8lTCnRrlulnat2bNrbsbPByqeo192cuGcOEHLfuq5bntmGeBgAAQARel62hrtXs8GV1ecHl9kcHvFmoMBMpvLxLbK3xuolIwS5/Npneatte2W/NEdqbzFeMrngG7QxR7JJWzF+oma1w//WznkzZGHxtbW0R6z/etS+8clxGmksQmtqsRHTk8PEYqV+r1dqvs37jNKCxL5eqnDY6NAokotZy039tbq8XSJOnf2ZtamEg/G2ucdQRt+B72Y+V+Nt5XVHyioi7TlNOy5KVtfd42oNCq8xPlSm4pBXLU85sMEmiZyarOHXNbGUyUX4Wq2HJJjCpo5X5KkYxRlmYxhxtFUnFFo9jFRxdU6BIPew2CJRSmPrU/fpCjtz1gsEhEpEiTXlNWOBLRJqhcEM9AACAocfr6rhc3doRLdLMvS3lN/+VlNrufvs9b0qJ+tsLFUWTOHpQn1Xm2L7dbbiqRQkic7tazHEFvmHSlN++i23+R+vxyPMHhiav1xvtHhZff30pScF9a9q1Tl5IYuU5qfpRKbpZk8YrWPmd699uarN2dMTKavv2PLg3PR7o2FeTphwTIdz3Vpc7fRlQm8FV0UqFgUkR2cWpj2mZ4qJ4Gsnmj2a5KnfvP1ZlJd831/b1LqfvH41LVd2zVBM5RU1MWIGImJTC1KdW6wo5cte3v+xLDBMRkYKIyHtkc/2LJyOvOQcAAAABQrvBEjXw1YxiuTLL6put036S+uiDyiM/s79x1r38WS232bL1XH+1SC5PUlBHzBUmImIKb9NMJ/drwyzpG3tRs8VTJz/93QiZ3Ze+t+y+P21O1nZzSZfb7R6s2x0HDWTsy2hS2Ugzc2T5hYrUk7xBoJRx6mJpvKlSTCuKd+dZWXIF0VWcXcyEuam3ljd/VOslkhcvSF3Yk/tupBSmrokU+AIAAEAP8G6rPfq3uKmT1I8+pZpA5O7gP37V3ewmUpDbLVI/pHuD5Emj8tKZK+YWR/eDO9OZF0vm5n1TfuUf1jPDKenrm+wb7alJ+WOXXn9NxKeuHzfmjYdXmUZnx955osW+pFHJIi5ukVqS+XyaptzMFBersqMuD9cNhVauYcnWyxm0njMXvIVFyhW3J5e9YTWM0903gyOr80i7clakGQuhhx6t//lqLjtW4CubtXrs9tWBn3j+sw+aN5wcXp8DAQAA+p8o8mHfknr1aVRfTURUV2r92W1d71rrFj5+NmR2qjyrmwisZ9y2K/UOdVZGrrWtvpWPHv/KdaPS5Hq9t8VAREQd7jceaAnfKGtIrHUQgyBEjaXuvnvZLCFqAvy6cWNqJk6IvfOrvFNGnxjkKRdB2ePUC0u6C3wdfEV5x7athl/8uvY/X7Vc6ho5clcVxov1Jy2lZkou0N83W7NiqW4CJ54ptZa3x5W+VaRx2RwReStOdpTHk/HlIn8GAAAASHBe0esNG0iF0eN7tBN2wqS+bBOJgt3RWGNqU+gm5GmTI8YbrDJzXFqqYHWO6qapXB+3re/x0e+WO2nKNZ7oa/TK9TqdTtvrnQ+YAc378kLPZwLwnku1zvJy+9ELjooWb/APxhFvEGiCJFbm4/gmIpZ257Z9jpkrVdOWZ04jIkP7tpN8VkHs1/iP2FFj/1qlmpYlu+72rJ8IhldLXWEzvTHfFwAAoHui2x2eWbXPu111/N+y1qjrZ0kxSSrt/Y/0Q9O8Hc0mpyZ5zLgMrbG1yeIJNlOpTxmTLrc2G2tsonzxnWlfn2FckRfzYjTJ2nvX9EPb+hLDMMHbpIWzZmenXrkS+amhsXxvtwYy9hVbzR6b/9qv2Lx1Nc7yKseJcseJ2mgTA0TiiSRXztnaPb2d8OA/qOGkZffspBVjGCLPkX3W8nZaEOdL2+0bt3QsW525ZIx81vIsoojhLwAAAMTmddoiJAZFpcr009+qjnzK8G5WrU5LZqPOR5TL1Qtvk2X26ZwHCcHWUVPtzhidPlFrq2+yOUiRPiollWz1l9t8s5Q9WbmmJ17LrvpCRWGzluVy9a13yFLT+6ltfYVl2RgzE5ypqU6LJclqDan3KBRuTZT1lrvuvC/aeFUGtAW2VpeB16RGntggtta7yqvsR846ymv4tm6jWJU8tcuSEV5Dg+cqp5DwTucne2w3P5CsqbJuK+d56nbqcedbj2+1b3ynhe4PhL9886tH3Ah/AQAA4ud12JrNkVNeYpLaPn8ZERGjUOVnZqkHb9Km122sM3SkpIwpyNWQy9TcVtXmlsa5Xm2q/M77kxXdXy80NMWOfYmodfz49Koqhc1GokiM/9cU41u5jON6e11X3xnYOQ9mV7mBCseE1PKfbTdtOebsyY0emNTRSWOkfz2eP9HQB5eOGc6ann7FSma3wRnjbyOGFSg0/F2Z2dbetOGsh8h36WnXa91wbwsAAIAQHmdTfVtHtyv1i+6mulZVfrp2UIMoZ1tbVZQbQAx3CoXCbrfH3saRmqqw2YKBLxGxTiff1s6ldDPfV6lU9lEze29gPzY5+RNVYQFqu6v0bI8CXyKWLb4hSbqCnLvBXm7uzXxfd7u7vp3I6q7wv1w0NLgNvksYBU99g+Am0WAQbAIRia0Gt4EnMgc2dggVBg+RWF/D+6Zb8K32jRsN26o8RIyGYzgit9lVHWltE9zbAgAAoKu4x/GBXkeUYXqUw+3Z1kNOPOGpEGmb//PyPz/f380qy0Mh9mWW/ax6II+nyUt9fq1+QpfPat4TWxtfONKDC/9SCtJ+vVaX21nhObKl8eVjWDKsj21/uWfX1QIAAIxEPbinMZFMk5GaN0o9AFnpukZLbo6+P/bc3Nwc7dZuRNTaatu39+SjRV1SvGebOv57TxURpaVqSm4YX3LD+DFjItwoIScnpz8a7PH4lxNYv359tG3WrVvnKwx0+tHW0PFJlfaHRdJ8s2za4tS5VS37WuL6HMdpVauWaXOlVfW2neUIfAEAAEYQj/1KpanVN7qzqnEF6XpusPKprHZU1pThsYZB39DpdG1RZnQc/bLyHzuOFYxNI+oS+14y+qdJmFttn31+9rPPz2Zl6qaVjC+5YXxWlj9A1+v7JVLvqQH/6l3gD+6xLCxILZR+INKp165Od282Hewu/OW0SatWZy7pcr8J/rM91oqe32kQAAAAhi65KjNT1d7gEIhJztBqBy3wTUQqlcpisYSsdNbR4dzy4eGz5+qISJ8UGkCeb+4IqTG0WD/ec/qTPafU6qR5c4tuXXS9Wq3u/7Z3bxCmndpq2zfuUf369iTpYmeKMcm/WMtO2GZ8/2zUDG5KgW7t3WmzumbQLx0wb4r+EgAAABiemKS0jCkRvjaHgZCammo2d16xdPpM7Qd/O2y3+9d/+Pqy8VAKe02mWpfEXjY7PvvadLzOGj4tmiEiYux21ye7T926aPqA/gLRDcolV96vS40vp2X9fHbXe4PoklY8MGbmhY4dpdaDFXxwgTAuiSssUs29IfnmYkVy1x256y1v7nGMzMssAQAAAAaJUqlMSkpyOp1OJ///thw6U97lfhbGdtcfS2u6vCAs8JUsgEZTJufm5GT0d5vjNEjLDQjC0e2GF/jMp+Ypu97qgskt0v6wSPtDEjusnjanyCXJs3WRF6Nw17e//E5bOWY7AAAAAPS11NRUo9H4yu931V4xhuR0RVEMqYkxJUWpZJ9+6p7+a2dPDd7S0IJQtqP5ia22usjzFZhkHZubxUULfFvLzf+1wXS0daCXOQEAAABIEBkZGYyMYRgmZGE5hkJD4QgvZoiIZDLZG3/5iSy+O18MjMFtirf6SMtPX2n+v2Wu1vhfxPOl25t+utn6NTK+AAAAAP3pN79+YMyYtLDYNqQifMKDyBCNHZvx7juPKxRD66YGg98avsXx0XuOj7ZxJTfqls3WTMuKEo7znku1zvJye+lJ+9ftSPcCAAAA9DuZjPmfl9Yc+bLijb9+bHP4r3UTu0a7TGgFMQzzn6vmLfvWrAFubTwGP/b1c/JlpaayUpMmVXHNOGV+nrJwDJfKijazUFfrPFHlLO+LWxYDAAAAQE/NuqnwphnXbPv7wa3bDhOFTvaVRr5ymey73575ne/MHUrTHLoYMrFvgK3VXdbqLjvZPtgNAQAAAAA/mYy5c8XcO1fMPXf+Sm1t08XKhit1psbGVlEkhUKuVifdMHX8ooUl48ZlD3ZLuzHkYl8AAAAAGLKmTB47ZfLYJbcOdjt6a6jmowEAAAAA+hpiXwAAAABIFIh9AQAAAIaf3Bz9YDdhWELsCwAAAACJArEvAAAAACQKxL4AAAAAkCgQ+wIAAABAokDsCwAAAACJArEvAAAAACQKxL4AAAAAkCgQ+wIAAABAokDsCwAAAACJArEvAAAAACQKxL4AAAAAkCgQ+wIAAABAokDsCwAAAACJArEvAAAAACQKxL4AAAAAkCjYnr5gdEaPXwJDRINR6NH2FqtNFEkURYYhURSJgo/+ApHvMfgjBf7fpTKEtJ5hev5rAAAAwPAhDQeYKAO/tD5YlFQyvh99Fb7/MQwjiv7KZE1S/O3pcSDb0/gJhjXf2SWKIsNIH/1noe9s7noaS+NdBLYAAACJThonRI99I2zji24lwS5FDHx7CklciEoa6YqiSMQQiYGzzBfjMoE8rr+y6zkYOe+LmBgAACAxRQtVw2JYf4otPOr1PSsNfHsa/yL2hVgk4W/wVPPNgpBGwF3SwIEXxthnf7YYAAAAhptgijf4I5Evp0bhmWCGYcKfih9iX4iq6zyHzkffmSaJgLu8KO6d93l7AQAAYIiKchFQkDSmECWxbpeoVxL4MtL5Dz1qCWJfiMp3hkWKcbuNgCkYOmOGAwAAAEQPUCOEGV0vfQuJeiPExD2C2Beikga+0tRv8HnJloPVRgAAABjWIlywFog9uvwUvNRemu4NzgmOH2JfiMG3uhlFjIMlm4Vc8eYPhWOkhAEAAACCuga7JLmUrXP+Q5QlIGJcWx8ZYl+ISnJBW+TAN2IQHHwq9mwHRMUAAACJI/bMhLAFyyKHvGHp3t5k2RD7QjfCVzoLT+uGp3gDk339Pw14qwEAAGAIiRKjdpnWIN08WsgbiJLF3gW+iH0hlpBEb9e7WsQKfDHhAQAAAOIQGt2GPt0ZbHTOgpBGvcj7Qt+LMtWhyzRf6YnnS/ci8AUAAICe6jLvQZTe3iIY8vY+6vVB7AtRBaPeiGVJECyNg4PfU8R1CLGnC5MAAADAsBJnkOqLCLrexNgXJHQJeSPOhegRxL7QjWhRb9iHMzHs9Au59C3y7vujzQAAADBERAsBuoatIVFEaLwbHuYi7wv9ofOGxtIIODwIjnEKBqLkAWoxAAAADBPSPFrUQCHa6r/+XWB9X+hT0uUdiGHiCnlDUryY+AsAAABxihE2hIS8/rtiMCLW94U+1zmpNzwI9m8hiXcR7AIAAMDVi5RfI0nI2+O7WvgkdOwrk5FKKUtSMBzLsHKGYxki4gWRF0TBIzrdosPp9SbwtVgh8xzCg+DgZIbYEx4AAAAAoomdNQuGEhFDXlzrFhe5jPTJco1KpuAi/L2UCkap6Kx3uUW702vp8Hi8A9vKISN8nkPXCelMWN43wmsBAAAAuiVNmnVd7eFqQ96gxIp95TJK0cr1Gjkji/clSgWjVMhTkuUWm6etPXEj4PBVHYLFSJeyRZ0RAQAAAOATFsKGrvYQc+NeSpTYtxdRrxQTeLnF5mlt93gTIwLuel/i0KekP4ZtFnKy9kfrAAAAYLiLlR2LM9jFOg8RMERpOlaX3KuwV7ofGaVo5TKGMbYJCZLJjDThIdZm0SD1CwAAAFJXmcfF+r5RyWSUk84lKfss96hLlik4rtHEJ0j21yfKhIfevBwAAACgF/oknLjaVOjQl5PRl4GvT5KSyUnn+nafwwgTZrBbBAAAACNNP8UbIzzvm5EiT1L0S2SWpGQyUuTGNk9/7HzYQfgLAAAAw8JIzvtqNTJ9srz/9q9Plms1I/kPiIgWAAAAhriehisjNnSTyygzpd+z2pkprHzE/gkp5OuGwW4LAAAAAF1lfDJiA7dUnXwAojWGoRRtP6aWhxTM8QUAAIBB0YdByMic78vKSa8ZoJBUnyxPzHtexH/mYYEzAAAACDcoqbSRGfum6VgaqD8mw1CqDhe9xeI7s/naz/+4/qNya+izrEqrz8jOmzCl5KbrpxVlqweuXXzt3j+/srU5Z/kPfrw0P47j9nT7Icpetf2V1/Ybc5Y9/ugtecP31wAAAOiVkRn7KvtnbYdoVEoZEWLfbtibLlaFBb5EJDjaTVfaTVcqy/694y3d+Pkr7145J3dAQjJHY0W9VXDwl8w85ffD9kOU3VTfaBUcdNHI35I32I0BAAAYYCMw9uVYRsENaOyr4BiOZfhEudfb1VFNfvjXP5ypD/zIW42NzY1NzbVnju//otJkvbz/rd+eKbv78YdvzkncBZT7GS95BAAASDAj8Fo3jaq3v5RcXjBFM2+KMrXnU4V7f9AEx+ky8iZdd9PNtz/02Au/XbuiWEtEprIP/rL1on2wmwYAAAAjzwiM2Hp5Mwu5vKBQNVEnU+m4iZk9/rMMcKZ5ROIyptz+6GP3FquI6Mr+bZ/XIjMJAAAAfWwExr5yec/DUH/gyxARb3VXtvR41QZ2BP4hBwOXffM9txWyREL9/r0XLYPdHAAAABhhRuB83x7fbKJL4Osqq3C39vy6td4E3BAJlzN9Ucneiq/aTRUnau1TrpNc9WavPb5r79ELl5qNRrNVIFaVlpM3pqDk5qXzp2SETg7mjWeO7j10uupKXW1Tu0CsKj0tr3DW0qVzrsuJdB0db60q+3zv/tMXqgxWgVWlZxdMmDxn+aKZETcmIp631B7dvu3zE1UGq0Cq9DF5hZPnz79lZoEuwsb2uhOHDn5Zdrmqtt7kIFaXlVcw6ab/uPnmaREu6Yv3d+SbD77+500XdIvXrV2ZJ1w4tGP73nNVTe36G+//5UPT/Vtaqo8e2r//y4u1V9odxOpGjZ+2aNnyOblx/TMAAACMUCMw9mVlPQlD5bJxkoxv7wJfImIR+/YZVU5RNvtVu2Cqrmi0X1fgiw/52r1vvLLlvH+hCFaVns7aTeYrFeYrFWdOVHzvlw/PklwbZ6/ateG32y4Lvt3p0vS81WQyVHyxo+KLz0sefOyROdldQmV73d7Xd+wqMxOxuvQ0ncVsNdWXm+rLyy9bnvjh4rywa+5465mtr2769LJAxOrSdLzVaqqv+KK+4oujX977w0fm53aJURuP/GX9e2WmzmZbTIZLZYZLZYf2lnz3xw9KVxnrye/IWy/VmgWHtari9NZtH+2qcPh/FYfDN1PEXnvwzfUflAX2pUvXkbFy/7uvHD00f1UJJpMAAEDiGoGxr0i9XtsXCzUMBZx+VLaeKk3U3mgSqMBXaW2suGxls+asumf5TZMy/PGivfHLj/74+tGmsh3bz0x5ZJo/58rXHn1/+2WB0m568P5VN+XrffEib636ctf7W09YLKGRn6Pi012kLV7xk4eWTtITEfGWMzteeW3/FUfl9h2nZz46XR+y/YUdb5ULo2787n2rbi7Sc0TEG89tfe2NvVfay97/YM+En9weDJftF7e+/l6ZiUg1ftGDq5dP861ebK/dv/mVd8+Yyj76y/bcp1dNCkS/PfgdA4SqXR9UOLgJN35z/vxZ0wqy1b4j2+s+f3dbmZWItMUrVt+3yJ8ztlzY+5fXdrxVOwLf9QAAAHEagdNUBU9PQliPt6bCUWkViYjTKUsKFb1Y5KHHB4WYOLXKn+zlg3Fq+sxHX3rr9f/90PxgUEhE6pybblteoiJqv/Dl5cDkYN5YcaJWIHbC/OXBwJeIOF3BnHueXv/S00tzwxK57IQVP/yxP/AlIk5/3aKVN6URkaPqeFX4pGNBSP+P+3/5yC1Fgb1zGVNWPnp3iYpIuLx31/nAK+xVu7bsvULEjr/nibWrpgVv26HOm7/6kW9mEVHT/h1HG3vxO0ra4tDN/9Evn35k+c1FgcCXyFi+a9clgUhV8uBjP17aOVlCX7TokQdnpgtC9/8GAAAAI9QIjH09PQ1DPZ6qqw5/e3xQiAPX/RK/uoxRWiKyW618r7/JT5+5cn5IQKzLKxmjIiJ7u8Uetl924tKl14ckg7mM6cuXjmeJrBWBcNlyef+XBiJKn7Ps5tD7p6mLli6/SUck1B0qb+6u4bF+R7Zw0dLr0rvWWau+rHQQ0dg5y2/KDvkT6q+7bXmxqpsDAgAAjFwjMPYVerxIgz/8vewPfxW9WOOsNweFKHi7w05ExKpVUaI03m6xmBprq6suXKy1CEQk2B2BsJDLKLw+jyXh0sdvbj1eGx65hmEzcsMulSNOn64nIoGPEPrmTSkKfwFxGRPG64nIWnfJyBMRb6mvNRGRtqgk0o2a9WOK81REQmNFc+SVjGP9jp0yJozRh7TFbrrU6CCiUcXXR7g/CKfLK8yOeEAAAIBEMAJn/rn5XqVgPZ6KCodQqBon5ytbexzJ9vKgEAFvaWq2EBGbPlYaYvLW2rKj+w8dP3Gh3hrzS3sub859Ky++suX8pU/fefZTYnVZeXm5BcXX31QyuSAjQhTKqVVxJJgl2+vT1JG25/TZGSyZBIfFzhNxvN1kJyLSjdJHjOBV+nQVkYO3WO08BSclx/k7BqlDI18ivt1iJyJWH+mXJeL0GVoVkSOu3QMAAIw0IzD2tTm86fpeTdr1eKrOdVT19qC9eh2EczReaBaIKGNMXjCw45s/f+1/3i13EKnGFk+bNjZtlD5drVepVZzly23vfmHuugd13qIf/n5O84WyI4e+PH+mvP5SueFS+Ym9Wyg9dGmF3oinAF9iAAAgAElEQVQeJ3edksB1F1HzRESdIW7Pfsc42smxuC00AABAiBEY+/KC6ObFgbzRmpsXeQF53z5ivHiovJ2I0idcHwxSLRf2bi93EGUt+sVjq4qkax3wtVeizItQZxfNWV40ZzmRvfHC+TNlx/fvP9MUurRCb9jtkkyttCl2s10gIpVezRERp05Ts0SCw2TnIwXMDovVQUQqvU4dWIShx79jRJxWryayChaLI9KBeYulHUlfAABIWCNwvi8R2Z0DmoVF0rfP8Kaj23eUOYjYMfMXBSNU3nKlzkpE6ZNK8kIW+XI0Xuo2IarOKZq+eNUDj983mSVqKjteG3mCbbyE2vNVYQulEfGNZRebiEiXOyGDIyJOn5unJyLzhbJIM3qNl8uqHESUMcE3G/gqf0cJdfqEHBURNZZdNEZoprmqrK4HewMAABhZRmbsa7F5xYHKw4oiWToQ+/YF3nTi/T+/+YWZiMbOX3GL5KYSar2KJSK72dI1irRXHd17podJzG6nInTLcX779vMh0S/feHT7/noi0hVOL/CtAaEeM6cki4iaDu04GBpuWy/s3eUL8W8q9i/F0He/o67gpokqIuHS3q1fhiwiwRvP7NpegTXOAAAgcY3M2FcQxLb2Xt2frefa2j0eLyY8XBV747nPt779/BPPvvZvg0CkK777kZXSaQmcfsL0ApbIcf79d/deCESd9tqDb76+41LIvvi6PS898eDD//3HrV3yu7zx/K5d5wUi3YRJka8Bix/Lmr5445nXtp9ptPv3fWbvH1/6oNxBxI5funRyYPkzdcGipTfpiByVW3796puHqn0N5y3VB9/88yufGoho7PxlN/tD/J78jt3JKF60dAJL1F721v+88n5gsQvedGHv5t/+6YSVHYEznQAAAOI0YkfBtnaPPlku6+fY3uulAQuyRwjH+dcf//HrUZ9Wjf3G3Y+smh6yOBeXM3PVqnOvvHvGWr7jpcd3qHRZerXD2NQu6CYvne/Y8+llSSZTpdepSDCUffxO2cfv6NKz9GqOeIexyewgolFzHlopWZq3p6c/S0Skum7ZKt3RTf/+dP3Tn5JKq+PbA2syaEtW3S1NV1PG9FUP11le+7TCUX/orVcOvcXqdJzV6vBvfM8PHlqUH4zDe/I7dkedf8u9Ky6t/6DM6qj49J1nPyWVTstb2wUidsL8B29qfn/LeQeugwMAgIQ0YmNfr0gtbUJ2Wv/+gi2tAnK+cVKPmpTDnrkUHsGptOkZ2XkTppSUTL6uKDf8GjIiIuLy5j/w3KiD72/5+MsrDofVzOnHT7tt6Zw50wrse8/sv2wfO8a/7hiXPvORX+ZM27vr0PmqqnqTyWA1ERGp0seXlMxZvnyWZJEHVU5BNvtVc0FhhPV31RmT8nT7m7jczrUm/NvX5RVOmrno5uvmHN2+7fMTVQZf4KuaMHPlPctuKQiZqkv6ouWP/3rKwa07tn5x2UGC1Uq6UePzJkycs2jRzND1JuL+HYmIS5uQp9pvUuWN0kX8g6nzbv7xs2M+3/rB1i/qHUQOq0M3auK0RUuXz5mkbvx8P3u+Nueq898AAADDELPsZ9WD3YZ+lKaTp+p6td5ZHFqtHrN1JCd9P3xh7GA3AQAAAKAbbCDWW79+fbRt1q1b5yuMzPm+QWarx+nql8Ss3SmO7MAXAAAAYOQZ4bEvETWZBKGvF98VPNRs6v5muQAAAAAwpIz82NfjFWubeGvfLUNmtXlrG92Y5gsAAAAw7IzYa92kRKKWNsHFyzJTWLqa272J1NImWG1YzRcAAABgWEqI2NfHavPane5UnVyrkjM9zHeLIrXbPa1Wj4ApvgAAAADDVgLFvr55ui2tHrPFk6qV6zRxRcBeL1ltnrZ2jwfZXgAAAIBhLrFiXx+Pl4wWj9HiUSqYZJUsSSGTyUgmIznDEJFHFL1e8nrJ4fJ2OLxuHhN7AQAAAEaIRIx9g1xu0eX2EGEeAwAAAEBCSOjYF4YmUUSuHWBIYJiruTp44KDTABgihkWngdgXBhNGLIChLOI7dHDHNnQaAEPZEOw0wiH2hQGFcQtguAt5F/f3qIZOA2C4G+BOo1uIfWEgYPQCGKmC7+6+Hc/QaQCMVP3UacQPsS/0o6sfvTD+AQywXo9GfTKeodMAGHYGt9PoBcS+0Pd6MfZguAIYIqK9GeMfnHoxnqHTABi+BqXTuBqIfaGPxTkgYdwCGF56MWNPFMU4N+tFAwBgiOu/TuMqIfaFPhPPyNSj0QtDHcCg6FHAGntj32bRtkGnATAyDFin0SdYaYgtEgUPhXrUx6/b8ebqN4huaK2cAjDk9TLc7DZ+jdF1hA9m6DQAho8h0Wn0IVa6X+kRUI/6OMUegWI8G/0pJub8odDdxNNIAIgo2rsw0BWIki3FsGdDdtXNWBX8aI1OA2D4GpROo2/Jwtsn/a1Qj/rYYo9SEZ8VAyR1jCiS7z/fJkQiw1DE/wCgD0V/o4m+MUzy3uyStY39Bo92uN49i04DYOgY+E6jz38FNvCbSLKAkp4C9aiPIdoZGe3k7lrBBD7wkW/QinPnADAAgp2AdJ5C8EMywzCBHyN/dxktnRO7vrtKdBoAQ1c/dRr9kf3tOt8XZZTjPsPiD3zDsjW+87vL0IULvQEGS4zvIsM3k3QVFD6ehQ9mEef4RquPUoNOA2BoGbBOo9v63uk63xdllK8i8I1nAItn9MJYBTCQYrzjIkao4eNZjMEsWBNyFN9Ihk4DYDgamE4j/KB9Ff6ywQ4Ij3gMeYx20vQ88A0dwMJHwfgP1FVffgkCkDC6eWdJvwgKr480noUOZiEdiNfrDe9SwivRaQAMVQPdaUSMQ/oq/GUD7cAjHkMfI4on8I02gMUevcLn9gW/6wwh/XwY+/wGgBgiBooMw4hi6Jsr4gAm/TFkMJNmbnzliPMcgpXoNACGhYHpNALH6q/wF3lfPPYg79ujwNf3TggfwGIHyv4S438XRcz64OtNgD4nectL38IUMmMhxnjmG8wkl6NFeLOHRbrhb210GgDDQz91GgMQ/rLSQMcXuUvKqE/o+njECHzDR6BIgxkTfiFLjNVOMKsPoM+Fx6MhT0kvUglmd0IGsOCAFHgXRx3JQg4hCYjRaQAMDwPcaVx9ojcE8r54jDfv291VKZ0jkyjGytx03cz/aS9k6Io9XGEwA+gTMQawkMxNYGMxMEQx4QNYWC7H/0JpfxLytWZg5gNFTBWj0wAYavq70wjOf4gd/l5lQMwGc37+oEeSBUR9gteHnGexz6QYgW+0ASz4TUfEQ0hyPBEPBABXK8r4IUYcw7p+ZSmGDGaRRrUuM/mif5wOdhoMOg2AIa5fOw3fGzxGpxFHS+KCvC8eoz52+wYIK3cb+EYYwML2E0wI+f8ffNa355DBDwB6TZqViU4MGcMkI5Yo/QgdKZfTZSTr3GPXCbvoNACGi37tNGKEv1cT6YZjJeEOkaSMetTHOq97EvgGv9aMNoAFRy/JrKAIw1X8328CQLekg1P4UxFnOUnHsJDBTJr4iTSShU7yIyKGkUk7DelT6DQAhqAB7jTCZ0z1VfiLvC8eoz52nrxxjBkhgW+kzE3EASz46Ht5SH3U40rzRr079QESVW9CQOl7URrISgrST86itCeRzv3tus8unUZwuV90GgBDzEB0GtI4ODD3t9tD9DIa9ud9SXp4lFEOnIgRx5KISV/fBShhSZfQMSxsAOv8YjR86JJ+mxnx6L6KXpz3ACBNxIY8I/0hZFjy1YUPZiFjmPQogS9JQ2Y++CtjfImETgNgSOm/TiP8yjbfNQDdznzoXfiLvC8eoz7G+TaIlqEJD3wNrbw6SSZ6vT357hGjFEC/ivgWE7vbgHwjGSuXyeWMgpN17UC80m4k2CH4npLOdgjvNEKeqne06xmV6OnRhAV0GgD9qj86DTGk05D82P11bz3FBqITRhKpoIwyE22oiZgGlp6TEQPfy43Cxh3Wmibh+olJz/xgFCvvw3MYAAaNIHgdTt5mdys4hmVl4d1I8DEk0pVO5ovYaZxztvzvhn0XnMY5urxNRSsVDHoNgJEgYqcRMfUmnfgb1CdxsCw4E9kXXKOMcpx5X8lsB+oa8oaOYU63+OrfLDVNAhEtnaND4AswYrCsTJus1OtUvEcURellbUxYn0CBmQ/B68Sjdhp2L7+u7pMLTiMRfT+7BIEvwIjRo04jMPOhj69VlQUOhkc8hj9GnL9L4TXRksG++n/829bS6vHVX5On7MPTFwCGAlUSm6TgXG5P4JK1aCsz+Cbphl8OS8FOw+v1EtGGlq/q3FZffUny6MH4nQCgH0k7jZAZUEExAowYP8bDn/cNPpKkjPqEr48qJOkbcpr6Ls8M/nimyh3cRqeR9fQcBYChT6XivF7ptF3yZXTCsjhMyCTgiJ3GIVttcM+pnGpQfzMA6Bfddho+/ZH6lUm/bCL/lbTSnB/qE7e+2/MsfGDzvTbkAu0GoxB8CcdidSGAEYhj5R6vNyyty4T0D0ExOg1RFKtdbcE9KzHhAWAk8nUaYfnd0E4jnqi3p2GxrPMuHb7QGmWUJeWY51bk1HDYV5wkeHp0TgLA8BPI2ZB0op5vAkOXrZjOLE5QcLNgp+EW0WsAjHARO42IUWx4p3GVOWBZ5y6kwTXKKEc/saJ9DgvJ3wRTOD0/LQFguJK+/X0jVrQ5voF6dBoACS1ipxFxm77qHHyTLxlJEg9llKXlbkQc0qRfXsSzEwAYGXyxbIw+Ifa1bkToNAASSzydRp8f1Bf7SvcumQOKetQHhJ18obFxpPxN8DMcACSEkNutdc3idHYaIZWSgBidBkBikXYaMVK/fTvtoTPvK3kUw2pQn7D1oaSfw7rL34SWAWAEC5muECx7A5ezhAif6RteBoCRLeJ7P2Lqtw/TwJ15XzziMdJj/EK+s/CVMYYBJBoxJItDFO2zNDoNAOhRp9E3ZJJuhkEZZWmZ4ib5crPbyRIAMGJFfPtLZzVIn0KnAQDxdxp9SCYJcESUUZaWKarOeXsRT03pqAYAiSbSuMUEw9zg2Cb9gI1OAyCRxQh2g5XhU357zT/fdyhkGVEekmWimDNvOl/TZVk+JjiYIYUDkFAkb3xGEuyK4T1JcFsiCi6Fhk4DINFI+4FgTaTr6aNeZdRT/vm+QyHLiPKQLHcvOMiFfT7zF3uyMwAYxoIjUaSvhpiuIxY6DQCIt9PoWzL/YjT+YwTrGdSjnnoFmRsA6FE/gE4DAAayH2B9gbZvIpbkY7eIetRTd6RZnK45G1FyHne7GwAYIcIXAg/2JDG/rESnAZCgJN/8+MIIRvpU8DqBOO+3FadA3hePeAx7jCLyGRhlvMJ3lwCJJvxdz0T5LC1G2RgAEkqEd33EoKKvLneT+fN8DImByRYhj6hP2Pq4+U/ESPP2ACBBRZy9F1JApwEAQTE7jb7UmfdlouT/UJ+w9T7x3K1Ner5GewoARrzgF5S+H71er6RDCPlA3dmxhNzdDZ0GQOIIeb9Lo4jwp8LLvZsjJWMYEkVJtg9llAPliOJZhT547mLuHkBCifjeDxmxog1g6DQAElC37/3+uPeNzBfodGb7UEY5UI5T2DUrwfoe7AQAhrWuEa30GSZ8G3QaACDVbafRt2TBGZ/+oAdllANlAAAAgBFGJooi05ntQxnlzjIAAADACCMjhpFk+zrLqEc9AAAAwAgjI1GUZPs6y6hHffyiXZiJ5DFAoonYA4RfxYJOAwB84uw0+pDMl/MLZPtCH1GfyPWxxXk9Ji7ZBkgcEWPc8HKMBRPRaQAklNidRuzKXpP5bxkXzPZ1fUR9ItfHKdqWGMAAElO0936wr0CnAQBS3XYafUtGJMn2oYxyl3LPYNwCgHAxegZ0GgAQrr97BhmRJNuHMspdyuGYbj+EiQH9csICwHAg6QdidRoM4/u8jU4DINHF2Q/4Oo2rPJaMJNk+lFHuUoY+IzZf6DhS7x3sZsTDW3eh44RhWDQVYOTy2k60nD/hHuxmhBIqzeX7bcJgNwPgqrDBZV0ZhhG7PqI+wevjO4UYGrD10HjXjg1Nb9YGDyebeffop25kiYgczm3vGEtTU55ckZzNERG5De0vbDCVtfsbmZWnWrI4bUUR21re8l//Elf9IHNuGkNEZLb94R1r7orsO1S2l99uH7Ny1Pfz+G0bW47kZTxze1IyEZG3Yp9hQ0PyM6uTU4k66ts37bKW1fAGJ5OSqZw5L2XVjKRUTmytsm76V/vRWsGdxBXfoLvvdu0ElaTlZtubH7TS0qRpKvvLG9q4paN+UcIGnvOc2dr0aov2mTW6XI466ts37bAereHbSJ4/LmnBLSlLijgFec9sb3rVkPzM/bpcjoio44LpuT1053zmnU3W+q5/pJQbMp67wfH7PXTPmsxZusDfbaPxxLWZT81jK7Y3bTBrn1mtzeaoo8b83DvO4tXZ3y+QE1FHlenpLe4F92fmnmz7Q7v40v1a318SoE/5OpYB6jScjvKfnf14hyd48JwXrr3nXg1LROSu/VPlx7u5eX8qmDxW5t/4R2c/3uPfWF6gzl89dvGaFI3BtPPeOnr8mttuVbFERK7zj399qmDctx/iKn/29cnc/JVPqq0bK/6+W3vHxrzReiIi4Wzt1iddUzcWTM6SCVdMh37TcOGww9oiKqckT1ydM+fONH2S13a25dCLDReOuF06Rc6t2fPWjcrLknW23ND278drzA9NnjRNEbm1JBiiHDS/qmbLk67ijdfMmCgjIrK07VlzhR4vXFzCH/tRZeXsCSvXaFkiIqH2xYq9dRkr/5StJyLy2vbX/P1Z++gXJy6YrfT//Q7XbH3WdcPGicX+g5JQZzr0pEf48JobxkpaC9Cf+n7Or4yIIVEM5Pn8oY+vjPqErx9iHJ7qdkq5NvXJNdnPr8l+fm322ht8EaRYd7Jth4Fs5ZadtYFRzsEbHMw1czOeWZP15N26axyOTdstZxyizSwYWuwbPrBe4omI3A6hzizUOURy8HWtQr3VSw5PnVn4+nPjpgu+3IZoM/AGs8fGk9vc/upG0+4KT0qRfu3dqQvGiOUHLCdaRXe99YU3Wo+ScsWK9DU3crYq684L0ryIWFfefoLnZhbIycEbWoWDeyxnHP7n3PUdm47xBitvE8htaH95g2l3lTd3RupPliePcdjf3Ni8qcpD5G0zC4aK1j/scXb4mtQu1Bt41yj9Uz/Ofn5N1kPXyolVfvd7Wc+vzX5mqYo1C3Vmoc0pdv7dzEK9weP27aeVtxERUXKWuljL79zaesIqktW+aWuHIU0zLYvNL1ZQTftRwxA8AwB6iDdVepXfyPnWh4UrPyxcuX3yHXf6Al8SrpiObnaS1fLFm1ZncOM6r3zWqG99WLhy4/jp07zVv6k+dEIQrC5LlfPCk9UnKwUiIqdgu+IyVQlEvKnSZa5zechrq3JZjzTuXG/2vbdcLS5TldNqJTKY9txb+eUOl3J29i2v5U2dxjRubrpQJQhXWnbde7ncqpn6wvhFDyWzJ1qO7ndIOg2v5bChskU5abYqemujHdTrMrisVZYDT16ptRARkdVlqXJZDCK5eHOVy1TFBw7ksdU5LFdcLt8enbbyP7VayHX+lWaD/xhel8FhrnKYrJ3fAyVNScuijvLdDqR+YRhjiSJkAVFG+aqvruyvfLAmTTmtKEkhrXK4PjvM585NX9Jg3nTAcUdeciBhyaTmJU0rYomSUg32o8eENp5SfW2raXt1l+L55SpF5IMQl+Td94GpcG3WwqxgnVh3sv1Eu3zB93LWlrAKIrpR930iImotdxmIu3V5+opxMiLtkuVd98V7Kip40ibnqxjyhbwtHVu+0hbOUyh44egey9dCYP/l7eVOdsH9ox4rZolo4bVKzR8N+w44VhQkERGxTHWp8c1xox4rlvv3zMpzx6lyyauokHEqeWGB+jodEYl1cf4pVUmr7k75ekPrhm3yJdSxz5m09gFtLkfuLGWW4DxaKywZw0X7+wB0pxcdSL90GkqSj03On52S1KVWMGw2GnIzlq527VnfVHlFF8xrslnqvNkpGqKxuc7q3S22Fg/piJQkp44Dj1/Jejc/Txml7Uq562+Xd01Rfeeu4Hc+Xsv+5soq+fj/mfyduzQsES3P+QYRETlP2M1Wrujx8d+YryDKvuFHIXsTzEfsrkxtVmYgxRu5tREP6m8Pe675498k3/Niuj6+v5PtSFN5nXrOK/qLjzcdOzJq6fwob35d0thc7xf7rZbVmvSkyJsA9M7ALe4t8+f8umYBA2XUJ3j9ECTWlzbd+fPLy39+efmvGnfUi0TUWtV+sJ1bUKwqma3iaq0Hg3NVBW/1sdaN200bt7T8oZTX5GmuURERKbSq+1Yk01emDWV8lNl0stwb0+4b7X5zS1uFNVjpNTR4eG3S3AJWwfOfvVEbbENqnmaalv/ojabf/ctaWuVu5UP25qlrFxU6zp9vSpIXF7LVpW1HzWJHreX9WvnMQlbTuX/l3LzAdAid4rrRMluDs85BRIxmnP6xufKj24yfxJORdbo2vFSz3PeH+j+Gfa2RX6IYo1t7e5LtrGXTWZq5LH1hFkNEiiQ2S+U11AtDbqohQM+5RPvmi38ce/R3Y4/+buKpfScEIiKD5fhuPuvOzLHzM/OVHcd2Byewiq6zLf9+sXrfi1V/f7y5RZc8aQpHxJCSy//VuGIyffxci8UV+TjKKZkLfqU2/ObSobPBd47Xcs7lykyePFvFkuvi4yeCbUgqSJ1UIJz90fm/v9hQfrjd4uy6L6fHckWQ65QaX5wdtbURD0pEJM9MnvlCtmZ3zZ4PbSH7jszpuPhuuzA7c1JJ2g2zqfrdVlO0lyVx+rGsq85ujfJ3ABgGZESi79M2wwQ/cwfLqE/w+iGI8c95WJv9/I8zFoxhiHcfLXW485KnZTHJo5NnaoVPSn0TA/zc7e7Sk066IePXq4P5YEopTP3JYrZ8h2l3gyfiYTgtt2BF+kxH+x922Q1dvtwT3UTEcXNXZD//PW0+6zE4RdJp1v445+eLldTQsXFDw/3PNW2rkexW8NocIpfEKALZ6DGzUxaonO/vsW75l52uTVkyWha6/8Avy3EMkcj7g2nZNQsyHsrjN21pLXd0F/6y3K13Zz2/Jvv5NdnPfE9fEjU/w+TOSLsnT5Zybep9xYGYm5NpWHK3e0NjeIDhiAnOebj7w2v+YxpL5DXtbq52JRfPV7L65OJlSutmwxWL5BUuvmGH6QqlfutD3zxXkYgoK2Xei6P1h698/LcOW8TjKJmsZfmLbxVOPV5zMfj5VElEvg/jyvxfFd69MWdspsdm9ZI+ZcGH1377VynKOtOhNef+Ov3MvsPSWFJwWYl0nJyom9ZGPKjvmWljbnsm2fCbS1+cCO3kOn8OBLjOc4aTZUz+nVpNknLsnTq2rOnUuaiTGpQ6hlweJ2JfGL7YwNdMgWwfyih3loeikDkPHbXtO6q8bWS8/+dGf5XZetSgmktErCx/RuoPS+TLDjc/sd3y2Y3q7xcEA3rZhNnpa2qb/7DNxQuy3EgHUqSpH7pH+9wb5o2CSKOJSJY1Ws6ddJ9o8MzSyRVpyuuIT+H8Y4dCp5w7Tzl3HhHv+r9/bNqxz7HggeRU/54YBctI40iFKumOW5JK32vdmaT6yeqklMO+gUyWm8dyJ11HGzyzdHIiIqvraI2HS1Nmqaja90qWW7givWJDy4ZdIs/G/L6RlU0Yp7ouiyEisoqlKqY++ra8IPKC5J+bF3kiwoVuMCKEz3mwWI9vbnfV0T+nf/VPf5Xr6G7H2GVExCivzfzGs5nK1Y1/v+vKF5uz85/UBT4TMknXjrrtVx1bflbTQKJybMRjKSf9Kr9hzdf7nvN6XCoimb5AqWxxXjzHF41VslmavFmuU0qTf2O9ZtK9mkn3Ejltx9acPfAn89SSnMAsAplcSeQSY7X2LnmUgwbJ0pePX1p2/u8/q/O4ZOOJSClX6shV6bQ5SZNE5HQZWryk4+TkurLZ1NLCt9xVdirw4vObLTOnpVIkHkS9MNyxRP5Znv6gB2WUO8tDkc3sOnFB1BARJ8vNkZcfsBtS1WuXa8ewRES8w/7+to6dX7lKioOvYHJv0C84YNi9p2PhGm3njjhu7rL0CkPzzoaoUX7yuJTHbnc/sc1h8+9HN63UuPudxrbZ2pl5srYqW71DzCWx+XDTE//yFN6QPLOI05htZQZRkSfvDB1ZeZaK3O0eG0+aQJOyi1PvmyGWj0udmyYLTM9lcm9MveNk80ebm2mBtph17SvtKG+V37xUncsFYl8i0qnvu0dXvSE4S7jHeIfwdYXDxhJxpEhVFmrDthC8rQ7SaOWaiK8HGFZc5LnSUX1YlkRESnnaFA3tb7pYpZj4Qt4NE33hI1/9SvXJzQbDrZ2hHjsxfeadhq1/qyu/s+iGzn3J9MvH33bu/Ad/jj6PQK+b8+JYw12XL7uISKafP2piwcWzPzq7dfWo4hK581yroUXMIrLtvrj5yQ79svSi2ckai+XCOVE5W9H5cTaJ1WTJPJW8i7yWaK1dlhPloFKK/HUT5pw9f+CIl4goSZU/W/nlnxv2vcnNnCa37W88VUajX9Bp6sx7dwtpD42fd6uSJSLyWnZc2bej6XylfhIRkcd8wlJtlRORXKfMulZmM3hIp9TrrvqfBmCwsMFZnv4vu1FGubM8xKjkuSpx39nWF8/6fpaVfCc1y8AUL0hZUKwIZIIVVOXaUOuy3MBmaeVZOhkRkSrpjsXq8j3OinbtNK08RStP9UWmOtU9d6dWb+zQqBhSBbbn5LlamU0rU5BvSkD6T2qa33TIOCJFWvLPfyzbucdaWt72aqlIxIy5NmVmpjw1Vb/sgmnTkdajR4jTsvmF+rULfOujEfli9Cw5VbgNDspSsSlaeVYSQxy38J7shUREoiJNptGxGpaIS/r+/Vn0nvGjXaZ9RFyq8hDMvZkAACAASURBVNa70+8rYYk8Gq0sRSXzzZpIHpfy2Ar3c/tk/gnExGhS5RqtXBOYU6HRylNVlJIU+PTCyXO1sro0mYKYFK2MWu0b3rH7nsmakbV+hSIlVZ6VxgZeTh3tboMgLyzAhW4w/HH6THL9u/Gf/24kIiIm55lJs+pc7DdGzbkzPSsQa2Y93lH7ZEdDfYY+l9Vk+mYaKEavHl10uOHKWdcNszl9Jqfx9SWkyFs3Yd7Zi+czWSIusL1MmatQWpVK30WpEzOXvmjd8qJHoyTKSlv8YWHWn5su7G/4+E0PEaNbnF00hdVQ9sz59n1vNl55k+S5irSSrAW/SpVclCbXT+Hkh23mFt5VFqW1dTQ68kFlyiwuKdOrUcqIiPTa6a+Ma7i3QalniNi8H078FtV88edLW61EJM98KH/RnSrXv+stuanzHsqcFFzILNdz5URd9VlPcRandPGVT1VW+p4oSFv5Ybahzqu+VqvHhW4wfDG3r6tiAtk+URRRRjlY/tsLY6W3FpTMiKDgzVfEzp8kdaIoir7tRVEU1/ymcyrd9pfHD97ZPmhay1ue2Oya+YPRawqG/pKYYt2Bpic+l/9kXeYs3RDN/cMQJIpiXaNFyXl9d0RnmOAlAzKGkV4/0GV9X1EURZHxTYn1dRq++0pOv/RmcM9XZv5ioH+Zwec8Uf3eva1Zfyq+I9p6C4NEqGzYcleT5sVrv3Nr5AUvAHog2GmQr89gKFD2/xz8kYJbkH9NmGCv4itwrP/H9evXRzvcunXrfAUZQxTM9qGMsrTcqzMZIkgt0N6cJVbUDIeVE3hPRYWQcq22GIEvwKBJmpI1tYQMh51xrdIwcLy2s1ZLpv6GWQh8YThjRSKGGJEC2b5AWfqI+kSthz6iSlpxf/ZCdjjMIuDkM5dnF2u55Di2BYB+kqS54ZXCPFINsZkFMv38cXdO47LiXDQYYGjy5Ygl2b5AGfWov8pzC6SS0xTDJJpkkrOGS1MBRjA2S5MVx2YDTa9C4AvDnkz03dKWKLjEVaCM+kSv759TDgAAAGDQyBjGl+fzTRxGGeXO8mCfnAAAAAB9TBYp84cyyiLyvgAAADDy+Nd5CGT7/GVRUkZ9wtb3zykHAAAAMGh8833JP8szMNeT8ZdRn9D1A3kiAgAAAAwAGcOQSOTP/3XN/KE+wesH9EwEAAAA6H8yUeyS7WOCWUDUJ3z9EOdu+frAgWMX2/jBbggADAt8W+WxTw9/3TYM7jEDAP1I5s/5BbJ9YjALiPqErx/a7JX/3PT6G2+9VdqEgQwAuuduOvD2W2//edPOKvtgNwUABpMv79uZ+UMZ5WB5sE9OAIC+5It58VURQIJjiSFR9Gf+UEa5S3mI4ltO79u28/j5KjMR1f7z9aeOpI+bteCeW6dm+m4ZbPv63d+99kmVEP7KnLkPP/2/pqbEuU3EQ58/snNn6amqOqNdlVGQP3XW3CVzp47W9Mc2ANBH3JZzpf/aWXquspaIzAf++ruL+uypt95+x+yxvvecu2bfSy9sPR8hHayb/oOfPjpvVOfdyG1Xju0rPXD6ck1VnZFn1RmjJk6eteQ7c6dmckREZK858K9t+87VNJqMdoHUaRML8ifPXXDH7Pzob+44X2K5eGDPzn2nzleZ7VxaXlH+7LmLFwba35NtAIBY8gU6eMRj2ONQ5DYde+/11/bVdWZu7ObGWnNj7cUjpTc/8dR/Tk0hsjfX1EYIaonIzgdeF882ofiGA5uef+O4xf+jw1h17rOqcwdKb3niF3dOSenbbQCgb7jbzn70p7d2XnAEa3hjc62xufbPpw+fePDpH8zIVJDdWF0TeR4EL+0P3C2n3nrh9VJjsEKwG+tOl249ffrrdc8/MiPFcurt36/f1yztnSrPmCvPHA8eKEycL7Ece/v36/c1Bxplrj1jrj1z/MCZh395/9SebAMARESsL9AhSdCDMsq+8tDD1+x+0xf4chmTZs2aOnVitl5N9oZTOz88WGlsbrHzlMIFt86YtfLeudlqfwVHXPq4iekhKZB4tvFrO7ftw+MWIsqZ9fCPlk/PECr3bXrtw4v22s/f+ufU51Zfo+nDbQCgT7hNR/7qD3z1BdNnz5oyebROTYLx9L4tuy8aG+raeGlIqrr+rvuWTGQDnQjH6bMnjdYHdtV04O1NpUYiYnOumzFj+pTJmSq+5dTODw9WcmqOiNyOlgYTT6rJC25fMj2b4601p08dPnK61k7GI//67NYp90xUhzUvrpfYzv9ry75mItJPW7lu9azR1Hx48+tvn7A2lr6/bfr4R6br49wGAHzYoZBfxOPQfBxy3NaLp+t4IlJPefCph+dlBkaoydfOWPif4ZtzGfnXX58fO98RzzZERMS3HN933EJEaUseWDlvnJqIpt56373nX3j9jKPx+JHK71wzVdNX2/TyzwMAoezVx6ocRMQVrfzlLxaMC77Vr586b3X41lzmuElTJ4dFqERE1HZhz0dnHETs5LvWrbsjOCFB2vmMmvejpybxunGZ/j1MnT574az/99QLB41kqqyxuieqQ7saRTwvsZzfd7qRiPTTH3xgwaQUIsr/5gOrzle9fsRiPX7gYtv0GSlxbQMAfjL/jQzCM3+oR/2QY7fbBSIifXaOmut+8z49dM2FZp6IcqbMygsMjQrd5Fn5HBEZq0832vtuGwDoIzxv54mI1Jnp+qv63t9SWXrOQkQ5c+9eEHXyriJlVDCK7UqdkamKePzuX2JrPl1pJSL95BkTgwFsyvjZk3VEZK86VdMW3zYAEMASDX5+EY9D83HIUejGjUujWjM1fv7an/glC2dMLcofrYkaBFtO/+Ol482VjVaeU+XkTZq64Pbvzgu97COebYiI3NaGBisRcfqxklkVnDozTU9kJGtLi4Py7H2zTfgXowDQO+pREzPofCNZSt9/jWtaOGvK5IKxKVGDYPu5na8/+XZdrdFB6rSJBVPm3nH7NyfriYjc1soGKxHpx12TYj/78Xt7Pjt+sZHX5RVNWXjHcv82YWw1xz7YfMRIpL5u8bKiuGYdRHiJvbnBQkSkz0uTdA3qzDwdHbGS3dRi54mLY5uUAc4XAAxdbDDDF5IFRD3qhx795G99e27lW6WNZDxzcPOZg5uJOH325Ounzp47d9bk9JARzV578byvxDsaq043Vp07V/voL1dfk9LDbXzPGu1ERJxaxUkOw3FqNRERb7fz7r7ahgjXpQD0DU3uktW3nPr957W89fy+7ef3bScidc6k66+fMe/WWVMzQ8JBofHCRX/Rbq48c7DyzLnKn657ZHo62a1tvq9k2g6/9vTpSv/XM9baM0fePlNd+4ufPnh9MLS1n9v8+5d2d16Pqy+65eH/NXd0rHd1rJe47XYbT0SspuuXXZxaxRHxvGDnyc13vw0ABMlIFH0LuTKBZV19Kz+gHvVDkGL0jEee/+9nf7B4eg7rq+EtzadL97z+wnPPvH2sxX+XC/9TGdctXvfMf//1Ly++8NPF1+uJSKjd/f4n/lErnm16gOO4bgPWvtoGAOLGpVx/53OvPPnoXdODk4zsjReP7H7/pcef++NnV2xdNlZNvvXe//rti3/94//3xPeuzyAiMpdu/tepNiISfAs+WC6crtTPetjfadwykSOi5s8277ko2RHfZXEIslw4tfOfpxq6HilEL14CAL3GEvlu7eXL86GMsrQ8JCnSJ8379uPzvu22mYyNTZXHj3y873itXajd9/67BfmPz0unzCl337+yRjNp9nT/7AXN9G8/zFmf+d0RI5kqK63uiWpFPNtID8qpAolZhzQxy/N2fxpXw/bZNgDQpxQpY2ff8dDsO+6ztZmMjXWnSvd9UnrZQuYj770/ceK628ZxKUWLH7w/n8ZNnz7RNytYP3XJfY9afv/sP+vIWH3eyE/NUQVmV2UveWDlvIlqX6fx4F3Vz7x3mTderDTyk/xbqKc+8Mx7DxCRvaXy4qnSfR/su3h+91t/1Kc/d0e0y2pjvYQ4tYYj4gVb1+Qtb3fwRMSpUtREfBzbAECArEvmj8TIGUHUJ2j9kKbQpI+eeO28ux967qmVEzkictRUNdmIiPST5i345vQu03ZTciZlckQk2Cy+sSGebaQHU4/LUBERb6xu6HyStzQ0W4iI0sdlqPtsGwDoF5wmZdS4yTOW/a91z/1gipqI+ObzDXYiIs3Y2QsXzJ4ovRxOnTkx2/9BleeJ0+VksERE6vSJOcE3KZcxepSaiHjeGGFdcHXmxKnf/N6q7xaxRNR4vNrY/e3XI7xEoU/L0BMRGSubJV9I2RsqTURE+uwMNRfPNr37kwGMSIF1HnzZPmIkZdSjfshxt5labGFjTLBX53wlvq3FFPJtYVtjdQtPRGxKji+hG882Urpxk7P/f/bePD6O6sr7Pre6qqXulqy1bUvGlo0lxZaJ7VjG2ICBmGFJTIBkIBBCGLIQEiDv2JmXJE/Cmz0ZBuaJyWcSMgmZhGwEMh525zHhxRMwiwKxxzYgO5aNJdlItrVYsqSW1Evd54+qun1r6VZLai1W/74ff4rTp6urusWtc0/97rm3NCLqPLiv1epcol2NDUdiRFS+sLpcy94+AIBsERvo6OpxJp2aCBpmjVG0t6PDUekU6TDySC1YHtTIX1ZXPZeIKNJ1KLkYS6yz7XiEiLSAsfLMQMfxHkdYiQ329no/Rsdg5I+EzlqxIGAs13BILNfQ02ys3VZUvawylNk+AAALlTwe7GaY8Oe8f7ox8PYvvvXjnZ1qxZLVq9fWLQ0HNI1ike7XHnvyUIyISpcunxMi6njtP7764L6IVrp07eqL6mvKNept27X9iYZOIiqqu2jpLMpon1jHrv/80W/3DVRf/oVbN1SFtPL69UufaN4X6d7+y61V5jMpfv/YgTgRVW9YXx0iomztAwDIDtFD277xrT+1a6VL61fUr6qtLFY1oljH3sd/1xghomDN6gVBosjeh++/b2e3Vr6wvn7d6uWlRRRv27Xj8R3HiEhbvHZ1hUZEFevfv3zHb/ZFTmz/5dbqTR9bV0k9+7b94g/NMSJt8bq6ci3asuO+b209RHPqr7j8oqWzghrFerr37965vZ2IqGLponI/EfU2PvaLn+7sqrzilrs+VKtl9JGipRetKN/d0Nm76xe/XFRkPrfi9w29RFS6zljMN6N9AAAmqlD+KIUiCH8O+6cZ2qzKIpU64+0HGp450PCM7T11wYbrb1xSRETBytrqon37erv37/zT/p1/kvaZtfbj19eHtYz2iXbt3d5wqDNOnTte2LD2U0uD/vDqT3x873cf2tfb3vDTexqSX2rx5TdsmG+IR9naBwCQHYJl4SC1R7r3N/z3/ob/tr9Xuvbj1xoBIbxkUfnO7s7O5obnmhuekz9ed/PN5noL/srVn7q16V8ebGhvb/jRlxt+lNyn5uab11b6iYrmVBXRoc4Tu579za5n7acqr796w1l+Iupp3r6zqbOXOp/bsX997epMPkJU/N6Nn1h/cMvO7t7dW7+5e6vYpWLD9R+ynsSRyT4AAANf7dr/xyjwJGmqv20Lf676P/p37gUpxyIGP/3ysLA/dvk4BAhf0XvOfV9VsL+3b6C3d1g3nNqsBcvOvfHzt3/i0qqQj4jIX7zowr9bW1042N1+vDNi7hVcUH/Dnbd//H0lPspsH59WGBo8tL+5e3jWezZcsKJUI/IVVq24YHlJ37HW1lPDRGqwYkH9JR/53Cc31CTF2mztA8CZx+n+YdXHGWNExBizho4YYyReeMUQI+BYLxgR0c9O/Y/wfPGsC8b8lXyFVWvWLiyMDPRETvVaVzoF5yxd/4Hbv3DLVXVFPnOvVZduqCkd7jpxorvfLKoKVKzacMemj51fKcqQfKH5K9bUz/FFTvX19fcP60RUtOTC2zbdfPH8fCKi/NnL1tbN1YcjMStABUsXLK5ZfcW1d3zyA3XFPiKi/EBRon3/2x2R/LMu2rBqbnEGHyEiX7Cyfu3qiljbkebOCBEFyhfXXXTdLbdduyQZTzPZB4BphhQ0mBE0LNt8LV6S2IPMMGILMUQ+xXzZ0NCQ6nTr1q0zP7Jx0+GJ/3XgjGTrvQuIiFsrPnDORS/FOTf8PPlK8nHOubE/55x/5t5eccyn/nVhlr5dpPGX3//eju4FH/1f3/rQBMmlkb2//P6WXYvu+u6n8TxQANLDOT/W3pun6YwxzuXcV2GMu3LfZFThnBHpRjDhnBuVV/Xv/Ic48tHz7s7OV4weffRb//xMa+mlX/3qp6ZQCh048uj3t7xQdP33N60PY6AH5DYiaIw+9+WO3FdTzZdbtmxJdbrNmzcbhsLNGMSJEWzYsp3jRFt2Pt5wumr9hqVIfAGYERgJ75TOJ4117Nr2QnvZuiuXI/EFYKpQGVkD35xgw5bt6U2w+orrby4/XbV+7gT1IP6KFTd8trbyvYtQiQDATMA/96KbP0ZtpesWT2H9q1a09PLb7y5bnuIxyACASUDlxBkxbLF1b6e6cY6Av3LFByon9ARz6+on8vgAgElFK166/uqlU/wl/OHa1eEp/g4A5DiKkeIYap9rC39O+6e6cQIAAAAAZBnFnJ1EnIjZtvDnvH+qGycAAAAAQJZRGBMD3HblD/6c94+vaUE2BiCXGUMEQNAAIJeZvAigmPWd3KH/EfzwT1orBAAAAACYHBRT8/NWAeHPaX9mTQhSDQAgcziCBgBgNGQ/YihC+XOqgPDnvD/rrQ0AAAAAYGpRGKOk8gcbtmR7NRjxlLeUSM9iAQDkKFIcSBc0jLm1CBoAgAzjgDkhf3wonFNS+YMNW7JH25jQdQEA3KSJDAgaAAA3Ex0ZrHUeDLUPNmzJzrANpRJ10KsBkJukuvZFrEDQAADIjBg0sovCuVHxaap9sGELewztydF8MY4JQE7hvuRHjAAIGgDkMmMIGuNHIUacW/P6YcOW7bTIrVNuu/Jd2gTdsQEApi2eEcBRyed4iaABQC6TJmgIf3YTYoU4MWaqfbBh22wAAAAAgJmFqftaah8J5Q9++Ke6cQIAAAAAZBlT97XUPhLKH/zwT3XjBAAAAADIMkp2lUL4Z5Q/M+xZMpf8WW+uAIBpir0yT36Hu/dB0AAAyIwYNLKLkl2lEP4Z5fduoCPPxxQl6piyDUBO4Xntp5oX68iGETQAyEFGvPYnYhUIxa35YYutuU3dzhzOVBMzMWsbgJzCuN7dGa3xyr6vxz6GgaABQO7guN5TrQCTYTaSIQoZD/CyND/YsJN2pi3MmSWj6wIAcCuMSKGDOwyxA4IGAEDW0YTPc89xqr+KeWSh88GGLdsejKqPQocGQK7hvurTxIFR7QwAmJFMdl6hEJk6nzEAlVT+4Ic/Be47M/vIJpedKN0DIHdwXfVcfsdR2ydFGQQNAHKUVEHDc85AtgaI1OSJHMof/PCPCamNQr8BIEcxUluWbgTJsTMAIKcRQWMSsHRfY4EJWfmDH/7MYOYhhE32mzNkwADkDub17lm3Z1dxEDQAAJkGjexi1fuKs7q28Oe0n8hR2+DYCrhtehzH8CUAOQiTkOOAcUvtGsGUQwS3fxYAkBPYr/rkLbHnIg+O9GPMsSKp+2KLrcfWG+51f5bEaMcoeQAgNzHuhO3BgYvlz6SFzJIxAkEDgFzGK2iY2IeGshMj7PW+2GLr2GaGfMfGGJMr/CDhAJA7OK73NPIMggYAIH3QmLhIoCQfXcsINmzZHiVcLntgzDGPGwCQI9jkG0vN9byZRtAAAIwqaGQHJfnoWvkxtrBhp2h17pobt7Qj36wxxhbPU8XLWHwCWzMAYKqIxhKaqjiufcNQFEV0bo6iXuMtd9B4b2C2eDnME5P4OwAAk0Q0llB9zDNopJlllBU12NR9rW1S+YMffhlXa3OuXGRMbXGrOJzT/DnJ3HdgUB9/qwUATDcGh2KMiaI9spfwchEfDBxOadFfM2i8J69cHPl0fGiqfhQAYOJwBw1Z9HXPp3docuNJgk3d19omlT/44c+EkaRfTkQfXBcoCJj+YydjY26sAIDpSSyuDwwMa2ryqk+j32QSND5ZurLIl2f4Dw91T/bvAQBMMKMKGlk/u+Kl/FEKRRD+3PKnIlVz9JJ+GWNsdonvn24qCuQxInrqxdNxDGACMFOIx/XTfUMnO/vz83yOFcpk/cYz3xVLobmDxnyt6CfzrwopGhH9rP2NGMd4EQAzhAyDhuNT2c2DVUaMS8qf9JQD+HPdPxJGj+X0yut6cs6N5rqoQn3w/y3rOh0P5rPjJ3tH00QBANMUxsinMIVRKKBY+atbv5FDCec8KfNIx5F7PjNonJM3+5XaT58YGihi+SeO903erwIATBjuoCFKpKwdmDv/4JwYGzkpyRyVE2fEsMXWvXUvPOQo8jXaqNVdJbdGg5achozMw8UqN942S//EAYWHiEjXudXcbaezDgUAyCb2B9OQ3A8pimMUkskXvpBppT7Mpt8IjwgIYgc5aIjvIF4ax1A4VeYXIGgAMN3IatBIarpGjptiflu6Yt/R6sGqSHQkzU/Y8Oe0Pw1WHmyTfqWuyzv9tXds5vUjttLBk+aoWjMAYAxYi4vZPA6sJ1OILbN3V8k+zLrqxcQ1W09m5KbijAgaAJyJZDdoyHfL7toGIfpmsfDX0n2NcOPW/+DPYb9b600v/Tr8DjHY2E3Xjbo9LiQZWfgx3pLat2OMA70aABOCo0+x9zFyV+S4qBnnXFEUIi46NkVRdJ171j9IiWwyaDh2UBQFQQOA6U8Wg4bIhj3F3ayLvlK9bzIBItsW/hz2j9TubdKvO9m1N3eSr4EUbVXuzDwriV0rqwEAxo3ntBLHc8vlqWjyDo5uSe7DXMqucY1zy0gVNAhBA4BpzkQHDWmkKPuiLxEpxtSDpNpn2gQ//GNo8e4bNVGHJ63fKT5ijYLY3hIeRsQ4J/Ev660fACA6GOlCY9Z1ycRVKV+qxoUp3pUvTOt6T9WHyRIvOXZA0ADgjGASgoaBu6o4W1e0alP+YMOW7EwuAEP6tb8kacaJtxJs7C7XA9m1GZvkM/5WDgBIjazQGHhf/a6E1Tay6Ri1lOt0pciQrHlwvYWgAcCZwkQEDeYIGvKRs35Rq2nGqbHN8a3Udj1qee0eEpUPVnFeck/3YeWM2brtY3IZXxrkGTOGY/yXAQC5hE1V9YI53jK6KKuKVxzBuSqnPGopVmawnlrMxMClmO4mekERNMRnETQAmE5MRtAwz2QFDTGTXn43WzKwpftKW3J54M9NfyYNSOrJmK7rjpndUu+VXMNI7G/4xZHshyX3ckWCFHoPAGAUpMka7TPJkg6xu3yBW32Yx6ildcmTMYNNdnoGDXvKi6ABwPRikoPGxF2q0H2xHUH3HVH6tWSbZI8l923igEabF+U77vyYyOiTRCERl/u21Ld2kHAAGBXO3sn0Spe4pNY4JR/HoKQoWBCKjmM3K3/Vvbo3XQ4a8lsIGgBMJyYjaDjmBhhBwxo4cp46lSdDVBKBxlD+YMMWdlpE3yN3VO70V1rR03xLlPUIOUfu8IxXkk6T7EGliwpdFwBjxtF1ua8mucCO25crcsg2jDEu1zm4xRtRAew1JIqgAcAZwSQFDWl+G3dc49kt+VVpGuiL2E7Pra3hS92Srb07xzGTPZncgclN3Kjtk+UcIkM5TpbPc87Fs2FceH8TAMBoSdGdmB2YsXKCeJaEGIKUElRRzuvs5yQfd7xrn+nC3dV+CBoATFsmNGh43i27E5K03yQjTN03uSXu9MCfs35XO0vff4iejIjrevIBLW4tR1wJRpO2bgpJbujpU20AwPiRL0kHIj21MktxYdrSWccRhKHrQspN10WJW2XOETQAOAOY6KDhcKZinDKwIgKJuSXm9MCfs/60eF4Aovsx5qmITkfszJhi+BkjRWHGbE5xOeg613UulkSRGU8rBwCMiPuKs1+S5nWqKKQoTFzgjCmubDU5Qdsh2EhDn7byQQQNAM5EJiFoODLmbKESI0ntgw1bsr0aOrdqfFM5HT2ZkH+MMUrGkuOSXqV7wu8o4EueLe0UFgDAKBBDk476JeNN2XaMP0q5JZdHNo35Lp4zu93VwGKLoAHAmcIkBA1ZWXPfPGel9lcl7gxDRurjWQcMf075PVuMYwVfTyeTSvQYIyJF13VFSXZgjuU8HQeURkCcJzKQujbFcwcAQFq8rywDqyCPOZzynGv5pZHf6jopisKYLnVsJkZ8kD1uJ4IGANObSQ0a0jE9TzReVLvaZ27JqQLCn5P+FE3cXVfncEoCsPGWbrR2Yy1Pd+/lWeFHZIx1esrPyTOP/xoAIPdwr4Qgvcec9Xnui9RafJ6LGS2Kwol0zs1qP1m5Mbord/2D7ETQAGB6M6lBw7WQC6VxjgGV7GofbNjCdjcXLg1wuHodZ+dkuBWFWcOU5lpFQtqRLwzOuTQX2zlmat/N+9oDAIyNFMOITFTfyv2NuGytC1xhjIvlexWFuUv3xAflTNdxNOOUCBoAnBFMaNCQlV1HrZTbOTZUMleVsKKPUP7ghz8tRstOJQCLduzaWdTnmV2XlUYzr44NADBJOK44I2WVOhtzxQZjtTFpKrcuprxYHyQrojhFGnHP7K7hQ9AA4IxjEoKG4xY6Wyjmabl1cmOuQdKGP7f9EiP2K0KAIWJGlZ4jORaTWiSpOLkksDU5NF0fhunbAGSRNBeUuBLFhckYI+KMJQd83H2SuLoVRV7mM2XokERZBA0AzgAmOmikmLHqfa4xY+m+2GLrubVI06/YOx4mZl67tWFL8lEcD78wdB25FxSjnKmeHwMAGD+Geup2G+OSxhVpuBgzHzEq1B2jCxM6rjCkXs2QcpnRu3nO2jaOZwUEhqABwDRnQoOGcVGnCRqObzLm21qFi0BhZOawYVt2+qbjVfvLXP0TiYZrFefZOi13ZZ4xrCl9nIt/jBn/bM70XxIA4EK+psi4rNzXFDdxD8pi0AAAIABJREFUlhNIBbvJ1NSzkkH0ZJ5CDoIGAGcOUxY0HNd7tlCZyNE5hw1bttO0G7kVWq0zOSPbodmITs7zXdHDycc3in4cyxXJ38jezwEARo17wRaBNSPb3FHuh7w0Gyty2FdIFI9eM542LIY7pU5OkYOGV+UuggYA04hJDhru9Ddb9Uuq8WvMI1oTnpjxOGX4c9xvkcn9lty9ubso4+DyBSANVpLQdaTbx8zbcHauBAByhowuZ5cnaYtxSbm7MsobpIlryS7NmMfteRY5aOi6bpd7ETQAmCZMRtAQV7oIGiMmumPOhs16XyZFFJcKCH8O+70bNHfZTBSzu5Y/s/Vh0meN9sqNCndd160v4ji4s1m7vg8kHADGgnvMUbwjvxBXtFXMl8wdHd2Ve/FvufaXyKzhE29azpTTBhA0AJhWTFzQcC9kZs0B4PK77mR3bOmvykUEMk5vndOw4c9l/4itx7Ojso7E3Inv8Ui0UFG51WOlgKWw0zsBANki1SXmfqAjqT7Fp3BNU+x9mMfAkbWDsbyRkmHQiEW64kpRQk8v6yJoADC1jD9oeC996Jj3li1UJr61SIAkG/5c9pMXnjKw3CYlqYYRcUOeOTQw9L8Ptx+ODK8uLXygvkbDkkMAzAjicX1wKNYfifpVpqpC5vEQdeRMVwQNWSoWkq0RNJTIYeXoA/6hw0rxqrxz7iOmTfFPBQBkg0yChrGnVSlh+3hW8mDFHOUWW0ZOD/y56k+P52QUuQ8T4s2Qzr/T9O7hyDARXTd/NhJfAGYMqqoUFuQVzwrEdYdky1wxgawiB2NsKV3QYHxIbfmeMnSYiNSKDyPxBWDGMKqgIVY/zO46D0pS5zMPT04P/Lnqd7e2VLW/qcRgw//bY53tQzHDv6w4RACAmUUgX833a8PRhDVlLdXKDJRiOiyJoGEs1KC0/56ixw2/MmvpVPwmAMAEIgcNdwWUQZoEI83LTHDpvthim4Hu6xB9Zad4Nql4uau3X+xTrKkjHRsAcOYRCGi6Lpf2kmOZT2l5I0Yu0dcRNJT+v4ojM61oSn8ZAGBCGDFoGEyE9Kskp9qKSW+wYRNl0s7cHZsxbOGYoN0aiYqP+BWW9pAAgDMSTfUljMeYulZscIi+jn3cQYNzzoaOJQ/N/FP3swAAE4URNFz6rkflQ4bZSOYoYp0HspIe2LA9G5GrbXmXm7uGOCmW1TIdAMA0xNJsSJJ4yfGkCSNoCBVHIHZLruDLY5P43QEAU4Bn0PDMYt1BY5wacFL3xRZbxzYVaUtwnLO5s1ufDgCY5rgWc0j1yBsRHxA0AMhpPIOG5z7ZCg5Kcj1X46ywYVt25k021byWjA8DAJgJiHXKxjbXjQhBA4DcIpOgkfWTKsRYUu2TbPjhd7VOGWfBg5d+I+7hAAA5gREBxCCmXcVJBg2HU35eMYIGADmFHDTSSL/ZLXtQjMcZmGofTyp/8MPvSZoidLcxQXdsAIBpiKNcQdi6NZ3FgbvS120DAGY2nte+p/SbRRlYMTQ/U+1jkgoIf877R4ljzMKw0YcBkGtwh4pDlKqSAUEDADCqoJEdFC8VkKdQB+HPLX/mSIObznsySDgA5A6el79c1SC/haABAMg8aGQRq95XqH3coQjCn8P+lCTr9jybptyrAQByDa9+K/nwc9G3yboOggYAuUyaZFc43SW/Y8ZW70viWeqOuk/4c9Pvanlpam7sy/IxubwvKy0VAHBGIF34yThgVDK4ivnkEMEcpcAAgBxBjgPC4zWf3pl+jDlWmLqvofzBhm2zM261cns1DKnVQskBIFcQccNraIjZeywEDQBApkEjuyjikRqMWVWelg1/rvvHBJQbAMCo4gCCBgBgMuOAaj5ULqn2JW34c92fQUsVhl2z4VI7nrjWCwCYXrgXAhfrNqQdrETQACBHkUZ+jDTCNg1AzBNwPlNgfChkHDGp9jFJBYQ/t/3eeLfAFP0Vxi4ByDXcVz1LsXIZT7EzACCn8LjqPZOKbE13U4TmZ6p9XFIB4c9xf6akqdsDAOQontV7DgNBAwAgSBs0solCVqJjqn1MUv7gz3G/vQnKN2HuRR6EP9VbAIAZj2O9Xl3XpYDguJ1OBhbH090QNADIHdzrOaS6JfZMQsZWI6UQScpf0ubww++Jo515NjvRdlG7B0BO4XntO3qsVB0YggYAOciI134mWcdoUYjEwDdJNoMf/swbrvRKrlIff/sEAJwZ2DNa+R3m3gdBAwAgM2LQyC6KVdmZHOyGDdu0AQAAAABmFgqX1D7YsGV7qhsnAAAAAECWUYxlrQy1DzZs2Z7qxgkAAAAAkGUU+dEG5HrMAfy57s+MVBMzoR0DkGt4RgD3LBYEDQCAQYZBI4uYuq+p9lFS+YMf/vRNJ8P5mJiyDUDu4Jnjum1PZ6ojAABmMOmDRnrnmFE4WVPqGOPEiSzlD/6c92fYhlLtiA4MgNwk1bUvYgWCBgBAZsSgkV0URmQ+WNJQ+4gzyYY/l/2jbUzotwAAbtJEBgQNAICbiY4MVr2vTfmDDZuT9wK/bMSbMG4xMS0WAHAGIMWBdEGDMSJiCBoAgAzjgBE0xnkuqd6XOGzYsj3OtgUAAAAAMN1QDX3PuDfnnDNinLhlw5/T/syaEJu8LDnW/+jug1t6zdOVBmfduGTBjeW+tw4cuKN12HD6/XmrZs/ZXBNeqBElhl873PrQ8YG3hxIF+YFVs8O3LSqrzVOGBzru+UvrS3HrsOqs75w7t/tAy2ul897f0/LPXQnbSZXAHatr/6FYJSJKRB7d3fRsqOondcWF1vtd7Yc+30SfOffsywOK8S1fa2za0hfavHL+ujzF/bUL8kMXV83bXFVYSETDfY83vftoZ6Qlyv3+wNq5s29bXF5L/Y/uaX6tfOF9i/Lfajz4ncGyB1bOWegjIurrbPnHw3Tnyqr6vAn/YwMwMRiBZXJvrfWu+OF74gN12pIv+PKJD/0l1vgwzf+6Fq4ww1y8KXbgXr3o6/75Vcy+MxER9SUOfyk2fLV/yYX8iGF8QFFsZ+DRt2MH7tW1W/3vudR4i0f+T3TPvboZTvwUWKOe/UW1tIx3/O/oUVLP+SfVb33WticRW6muvE8rMC9y3dpf6f3naEtUrfuKGswjIj60M9q4lZ39dbXv3uipNVrd9T7V+rmd/xZtjapLruYHN8X7+q3jliq1D6rKwzH3QRZ+QWn7x9ipfpJhdb7lD2i0I9b8SOJ0K1Epm7XGV3mrWl7BqC/RtCl6/JC5p1atlFynLVqpH9oUp1vNP47eHm/cFPd90b/0PPufCoDRMl6V141qJjqW2scl5Q/+HPdnvbWNFz3ePMxLS+Z8ZVGhPzb02rHjD+5rLTvvLP9AnPKLvrwkXEGx9s6uh469u6Ww8Ifz1V1NTZtahwsKi+5YVJTX1/2r1tbPD+i/WTmnLDbUrrNlCxbcVq75ifL8+TX+wS2D0ZZB5by66gcHEtHhnof2d3aXnfXl+fl+RastFF1KrG0w3tTb9nhlgZkNx/p+dbi3ZSjQHSMKEBEN95x46GSM6NRDLWWragvyXF97d9vJR5uO1pYsuTE09Oiepi29vKKkbPPiEPX1/qnz+KNFhV8vjTcPRlsGElFKdA1G27ve/fbh4A9rCwtJ7xuOtg/oXfqU/l8A4EyD92+Pd3UT7Yi1X6ksqmFqKdGhxNEdvpKPG/mifmprvKffN7fAY2ci0qN88Dgf6uZxy9CJbAndMO94OBEh0h+J96zxlxYSEUVbuV7AzvqKVuTnw4cSRx+ON29XZl3Hhlr5EPH4MPmtW9jkngVEROpcpUDc3Q6TuX8fDR3ng3tih1YqddcoKlH8OB9qpbif8gt47yPxUxuUcBkjonhT4tjTXPmsonTHo1Eq+6I2dwEjIqWAzSqld70Oos/xnf0AG+rnsZfjTVt56Re1uQuYUkrKjui+e/XEXGX2Xb6CaKL9kfj+Rr7sQX9xlA93k7ZBXXy1wrr1U9vjx38Um/WgWlbHD/4o1l7nnzeXv/uDWI/ft6Q6+2kLAOPG0H2ZkfpItryFP0f942OC9GCWFyhcVV5USEXn5A017D791iBfReRX8s4pKarViArptZOt7YPx4eHIE8eHC4rm/WTV3FqNiMrWhpo+3dTxRF/ZZ4iIlLKiwnXlVgczPGj8tyBQUB8gGow9rnRFQ6FV5QUeAqs++OvDpy5bGa706c1t7z4Rkd+L7T52qrtw7v9Xfvo7R0/uripYl+f62trg86f6mqN6X7zj8V5ec1b1D+uKyoiIwjfav4yJorS0Nm8prP16hZb9PycAE8UYQsgEBY2uxLvbecGt/pKXo+8+nZj3T6q/Rq1Ykzj8dOL01b7SQtLb9RMvU/AmX3EZo664c+cMzhA/FD9xiM35ijr0o1jb63rxpZYqXKAUrvSVFlJ8Lu/Yquv+1H8Ua88R8NPpn0WPLMireZ9wKSXX+QIvJ9pf5mXXMIV4//ZEf4FScyFTWomI5VX7SpdZ5x3WUxyEBWt8QeJD3QnFT4E6X2kNo+HEkXv1xFzfkge1cBkj8oWrY3vuSbS9rs9aSUSkVisl7/OppBSQ3rWHR6LKoru07jtiR+6N6XV6yx5WcZ9WXobcF2TM5DUWVWh+VvEDd23hz1H/9CbecnKgXfGfE2BEFI32/bqppZR4f1/vS3H/LeX5NNjTFmdVs2dVmRmjUlEUqqCTb/XGh4uI9MRLb7513ptERP6ieb95b36mp1V8VSUB6j3x6KniO0N9P28ZrgkXtJ8yRyuHB3oe7dTPeU/xOcXaOS1HHz05tGp+fh4REe/qOfnjxh4/JVo6T7X7yy4uVPpODnUpeR+ZGyoj/eCRA59uGoyS76JlS+4vl8/HCormfLmoZ8vfmp8NLV6V1b8gALkAj7ye6I0qi9cohQXKuz9IdN3kq6hgZdf5jn4p0fa6Xnwp6385fpqURRsUNcXOI51CP/V0IlqtzVnpG1oTP7A10X+hMsu47o8n9l9l3suyOt85VyoqeQ/byHsGbvKvvF0UMCRRiLQLtarS+JF7o7Me8Icsv1qtVqxMHHk6fnqDvziaaH+Z52/QyiqY3kp6lLfdMdRmfIGV6srv+lIdxIN+PnictDVKkZm/Mn+1UlCQ6N/D4yuJohR9OX64O6EQH9ihxxf4yuYypdC3+Cv6wKZEcyOFPuuveh8SXzA9Uc3n1xrKH+ewYQt7qhunJ7y97dDfGaGcfGtrFl8cUl4zXumJ9p7TDfHA5lVn31iqDp82ug53R6MTESls2VlmzUNhKLRQ6XftlpKCojk35h3dcritMtS3Syv9+tzEllOG9htvOtrxllJ0X2leXp6ysVS551hH09z55yTPHN19sq89VP7A8vnr8qiNiHQ+TESk1J519k8K+x4/8G7zQHy43HFC3zmLFt458Lctb7/75bl6dLR/MABymj69fauurPEXlTH/SrWoIPru03r4dp+/Tg1XJ9qfTkRWKiee5uoGtayCUV/Cc+f09ap6S6L9ZZr1RSU/j/mvVPK3J9r3+Gadx4iIFbB5X9GKCnisVX/3Z4nm7fo5V3sfxNqTiCi/WnEnviKYldyqxVujR34Qr1ppvZHHyq5Wjn5bP9Goq92JU/1s/tWKShQlUvxUdpdZ86DOVQr8/FSqg3h+KyJKH3L6ee/LerxOPecranEhETH/+9SFV+oHDylnX+2RvgMwPVCJJZU/2LBt9rTEKJwtULSFhcEyjYiGicjvL7zlPfNr9d4fvHH4V0d6LioKV+blL/Tz50/2ty8oWOgjIr29t79F920MaXnkrnkY1VdQ1y2eve0vx7b0qhtXzq5V2k334OlHjw/2RwfveLHL2rP78c7Z55QSESsrnn3nOUXUc+wf/3ry18fDqxYFC0P5ZTTwVudgX2lhoZZ/Ton+lsaaPU+o5F9VV/XWG+985zCPKgVj/tMBkGvwoT3xjkMUOxT9y9OWb3v81HVKuIxVXKecuDfR+oh+upvNudrnT71zWdpT9Dyd6O0n+vbwK982XUNb9chKH8mVDO/T6fXE4ZcTQ1f6vA+TYc0DkVLom/dFrW9T7PAe4gWmIpu/Ug0viJ54JK7368oaLVwlpAtHzQNPfRCPr1SwgDob9dNdvLyMEfHoIb2/m/zVTCVOfvJfqC7+uKL/T2zfl+LHXvfN+gAzbhJ4lOMmHUxvVLPGKqn+woZt2tMSUTjrRV7hjVWhbX87/utTxV8pn/WZxUWvvf3upj3Dt8zOb+/serxjkApnX1Wk0cB4v4Q/VHbn4j5/X/FnyvL8ho5CevPJk6/F8z689KzLAoyISI8+f/Do88d6mouSNcOFxXP+YXbXl1raXpx79uVF4Y+UnNrS3PT5gfBHZgdo4PSLAwmaneKUecV3njO75a8ndmOiGwCZMsy7turxal/1Z315fiIi/Xii+QeJd1/mZdco+WvUkrnRk1u570JtzgJGw3qqnUsutB01fkg/9T9k5LD+Mr1tB8/boC66WvEREfHY6/GmrfH2Q0oZEfXrfXsSSgHp3Yn2PaRuUPzGkbt5757EkJ+ISJ3LSNrTEGhnpS20UCp81V/R921KJKcGFCpGKt9JbO4XfVINFx8+lOiOWnPdFqQ9iIM8peKzvo5NiYP38L6rfeqhRPvT+nCpUrWGSUI489ep81YmDj8c716D6l5wpmCu8yCpfbBhm/a0Q1Er8nylfp998olSFlDLyF+gEJFSObfyluPNL3YO9ZUXVs5b+BO99Z6/df5LFxH5asJzNi+pPEejYc1f5vcvzPOlPLKilvl9FFCdE90UX6Xmaw+oeaTWVlXfT0REw6pa4NdKtdjB7ljZ7IpbKosrzQPrFbG+3YdPH0zMlQ6urV0496LTHbv7EpfPDt64srb0yPEnTnZveTseJSooLNlckp+nDFn7K2UBX1ncZ3zTwuLKL79ncNMRXyFWDAIgE/R+vbebld2qzjlPLEnGEnv0ltf16DVKfqEy7yal92Fedp0vmEd6V8qd4xtYXinppUz1k1ZAsR3xAzvMPUpvV4YKlHm3qkmpdQGd3hPra+RzFhD182P3RI+Zfl/tTYo/j+eXEt+TOPQlc5ZA4CbtPfY9WZ26/AHNqBimPMovZSoxpZD8pcxfauSdzP8+rfYuvXE7s+oKWPBCNVwX7Z2rzrOWVlBKSSXq+kHMHIgqUKp/rqY/iFLA/KWUbw0uqcu0uvvo4LcTx+7ViShvpa/6Lm1OBaM+8w+iEFGeEr5V7bg30XucysuIiGlzmT9qZvkATEvYFXcdZMzS/Ny1v/DnsP+J+xcRJR8taDyiyciNxcNXePKV5OOcc2N/zjm/avc7osH95fL6qWvtAICJgnN+rL03T9MZY5wTY2KJcIUxLq0Xblvfl3NjSXHdCCZW/OGFBz4sjhxY/+Jk/xgAwKQgggYZMYORZZuvxUsSe5BZryCiimFoqvlyy5YtqU63efNmw1BMtY85lD8OP/wAAAAAADMMhbhV30kEG7bNBgAAAACYWZi6L7bYemwBAAAAAGYWilGwSabmBxu2ZAMAAAAAzCwUMcuJE8GGbbMBAAAAAGYWChkruZpqH5ds+HPeDwAAAAAws1CIERcT+xmTbPhz3g8AAAAAMLNQzCn9QvljkvIHf477AQAAAABmFsokKYjwn4l+AAAAAICZRVL3xRZb5xYAAAAAYGZh6b5kqn3OLfy57AcAAAAAmFko3FT4ODHikuYHP/wAAAAAADMMhRllnowRJ9iwZTuXiXa8/f9v/2vLwFR/DwAAAABkFdWY3s85Z/atkQDBn8v+qW6cKYh27d2546VdTYcOH+uMqEUVZ1VX16674v3rqoqknWId+xueeWbn3sPHOiOB8sWLVqxdf+X6FZWh5A5tu7b91/a9+w6ciARLl66/9lMfXp18N3r8hZ/99LcHtPqiRV9cVzbZPxAAMHEMHPk/P/uPx97U1t521+esqzvasuO+72/dH3HvPav+tk13XTTXP+lfEwAwcahGZaeh9jHJhh/+qW6cXgwcefr+LY8djluv473tzbvam3ftbPjrHXffvq7MT0QUa3vp1999aFevuc9g5+HGFw43vrTz/V+6+/q6YiKinl2//u4Du3qJtGCAIt37n/vFN9oGv79pfdhvvLvtmQNxKl9x0VIkvgDMJHr/+rv/+O3ubiLaf6BrYF2ZccMb6TzS4pH4ElEsFpvkbwgAmHBUTtNRcYR/OvinunG6ibU1PPn44TiRWr3h+o9sWF5dPti2r+GZP/xpV+fphj9su3T5LXUhop7G//rDrl4iqlh7+53X1JfHD+349Y/+0BRp/e9fPLviWzfXhqhr3wuNvUQLrrr7nhsW0aEnv/utP7UeeO2vnWs/UKnRwMFnntjVS4H6D1+7vHiqfzEAIGvEOl77/S92douXrh0Cyz96y5XVqma+1LSiOTWVRa7dAABnNgojxk3ljzuUP/hz3D/VjdNNpOPwiRgRVay/+aPrV1QVhUJza9Zd+4mPLg8SUeexQ50xoljHrh27eomo9MpPXndRVVEoVLbiils+8d4AEbXvajg0QDRwuqVzkKi0ZvmcEFGooq6ugijW3d4ZI4q17HjyhXbSFl/+92vLMNAJwIwh2tbwi4f39abbRQtX1axYuqzO/FeLxBeAGYmH7ostttNV99WCQZWc45AxisVjRKQFghoRRVoOGPlx3doFQXMX/6ylaxdpbzbGOo/sa4+sqDC8cUv3MVQelTSKdvz1v55tjtGcK29YX5WNzPfP7ad+3dzeHIkOJBJZOBw403i2fsnkn5QxUn1KMOD3+32Tf/ZpSvToC798cl+EylctD765rxWVDADkMKpQ/hwqIPzwT3XjdBOsXLtiwXP/3drZ8Jsnln3xoyvC/ljH/p2/eaIxRhR879oV5RpFT7e1nSYirWh+sSY+qAXDpUVEnXS6o2OQqmdVlQeo/XTT/hMDyxdR+8HGTiJt1oLg4P5nt+2KUNHajVeWn3jtmdde238ips1ZfukVly4fiwb8Qlv3V986kt0/AQAjwjnF4npv31BRYT7SXyIiirU89/vHDgxqC95/+4fmPv7mvhS7RRqf+en/+uWx1s5BCpZWL65b/6GNf7cU0i8AMw2VE2fEkuovbNiWPdWN04NQ9bVfuGPw3x5qaH3up5ueS/qDSy7f/Ml1YT/RwGBnhIhICwY0KV3VtGCQiCgWicSiNHf5lfXlb77c+uyWu3fNovbuXqKiVetrIjv/fWc3Bes+skF75v77X2g3Ptq0b/e+Q8mJdKPg183Hs/GjARgjA4NRvz8w1d9i6hk4tO3fn2iOaQtv+OTG6qK9qXeMtx9oMs1I96E3Xz70ZuOhTZs/V485rwDMKBRGZKS/xDls2LI91Y3Ti54jf9150DVeGSiKdR063BXN4ACapvmJipdf/+VN719eoUXau2PlC+uv+tSXP7mo6ZmdrTFasOH94X3bXmin4JJrvvaD73ztows1Ot3wh237e0b9ZVsHM/lGAEwUiYQ+1V9hGjBw8PFf/qk1pi796MeurA6mvYMNLL3iE1/7l3/+2b99/UsfX15ORNS987fb9o7+2gcATGdUTmTqfNhia99OdeN007v3iV8/9mY3aXPWfnjjlfU1lUXxzsONLz3z5PYDux77cZf2jc0fqAhYAu9gLEpkdXSxWMSUg0MqERFplfXXf7n+enHonl3/8fibg1Rx4Y0bytp+fJwoUL1+dV24jDZsXLvjxzs7D+5rj6woDnp+LQDAdKV37x9+vb2Vgkuu/dSG+akS3+Ill3/q1kVUVV9fXeQnIipaceUtd/U+8M1nj1Hnkf2dsRVSBRUA4ExHtRIdkpIe2LCJT8MHu/Uce21fNxGVr//Ypz5UayzMGVq+/oZyarnn9/tjx3Yd6rq0KlhVHqDWwVjnkbaYuV4vUay37UQvEVFZVblX/jpw5JnHd/XSrLUfvmJp8PT+WJwoWFQcICLSZlUGiWiwJzLq2TELAv4D/YPj/NEAjBmfT5nqrzDFDBz60292dBNR5MDWuz+9VX6rc8ePP7sjUH3V7V+6oTYUmr/u0vn2jwbD1XOCdCxCsUgsZs2IBQDMBBSrvlNWf5MLXcGfy/6pbpxu4mnXmY8PRGJEs6qWztGIqPPgvlZrtfpoV2PDkRgRlS+sLnf3YbGWnU++0Erako1/X1/m11RDODYXk4jFIzGjVmLUnd8tC+eO9iMAZJFQIOeX6RvhjnVwwNgh2tvR4Xi4RaTj0IkIEWnB8iASXwBmFCqxpNpHkvIHP/xT3ThdBOcsrVAbeuOdO3//2JLbb1g3N0QU7Tn4wm+37Y8RUWlNdZmftPL69UufaN4X6d7+y61V5rMtfv/YgTgRVW9YXx1yHbZj73892xTTzvrQDfWVfiKaVVU1i1pPt+w/MVBfpHUe2d9JpM3xSppH4NLK0n9hDGucgUkGa5wJQkuvvee7K9qkQZtYx95HH3q5lSj43mvuumH10qoyP0X2Pnz/fTu7tfKF9fXrVi8vLaJ4264dj+84RkTa4rWrK5D7AjCjUEmofcyr7hP+HPZPdeN04Z+77oaNDfc/tT9y4oUHv/3Cg7Y3y9df+6HFQSLyh1d/4uN7v/vQvt72hp/e0yB20BZffoNHwV+k8dltu3qpfMM1H6o2yiGKqq94/9KGp/Y/96O7982izu7eGFVccfm6yrH0f5dUlFxSUTKGDwIAsoFWXFVrez5j+ent2sutMQqGF1VXGYu3aOEli8p3dnd2Njc819wgLSBDwbqbb15fmfPqOQAzDNWs7DTVPpJUQPhz3T/VjdODUPUVX/qX2obndr62/0hL+4neiBosn1tVvbB+7YaL6udakq5WedGnv1/Z8Ohvt+08fJpIDVactbx+w9VXra5yi749R17ad4KKlt94Va14M1R1xeZvBH/xs227WrtjpC7YcMsXP7rM/VEAwJlH8KylC9R9h4PVS8rkiHH/8vUvPbFte0NTu1n7EKiXuF/OAAAgAElEQVRYtf4TN29cEYboC8BMg11+59+Syp+sAsLOefvJf11EROIhF9x47rGRJXNu+HnyleTjnHNjf845v2r3O6LB/eXy+qlr7Z7EeloOtmmL6iqxhgMAY4dzfqy9N0/TGWOcE2Ni6EhhTB5HMoxkVOGcEelGMOGcM0ac88IDHxZHDqx/cbJ/DABgUhBBg4yYwciyzdfiJYk9yAgjyahiGJpqvtyyZUuq023evNkwVJvyBxu2XQnOAbTiqmXFGewHAAAAgBmAQtyo9yVGDDZsmw0AAAAAMLNQzMpObLF1bwEAAAAAZhaKmeFYmh9s2EkbAAAAAGBmoZiTlyy1DzbspA0AAAAAMLNQKDl3n4gTY0nlD/5c948LpM4A5DJjiAAIGgDkMpMXARRKrhfhVP7gz3U/AAAAAMDMQqr3lZQ/lkIRhD+3/BmBHBkAkDkcQQMAMBqyHzFS1ft6K4Lw55YfAAAAAGBm4az3hQ07bcGDeMpbSqRnsQAAchQpDqQLGsaTIBE0AAAZxgEjaIzzXEndF1tsndtRgq4LAOAmTWRA0AAAuJnoyKBwLg15w4Yt2RmSStRBrwZAbpLq2hexAkEDACAzYtDILqr5OANGxAk2bNkeA4zZPomeDICcwhiylLurEYMAggYAuYy7zmESgoBiTG8y1T7Jhh/+9MitU267crc3QXdsAIBpi2cEcFTyOV4iaACQy6QJGsKf3YRYYeSt/MEPPwAAAADADEMxlrjibuUP/pz3AwAAAADMMBRT7bOUP25X/uDPZT8AAAAAwAzD0n1N5Y+zpPIHf677M8RehSPPWcl2awUATFfslXnyOx7z2BA0AAAyIwaN7GLpvqbyBxt20k7RQEeejylK1LFePQA5hee1n2perCMbRtAAIAcZ8dqfiFUgFOPRtUnlDzZsy07TzhzOVBMzMWsbgJzCuN7dGa3xyr6vxz6GgaABQO7guN5TrQCTYTaSIQojxokn1T7YsC074xbGHTug6wIAcE5CzhE+hyF2QNAAAMg6mvB57jlO9VcxEh1J7ZNs+HPbn6pxjqaBoUMDINdwX/WjiicIGgDkGpOdVxi6b1Lt45LyB3+O+1O2O9edmX1kk8tOlO4BkDu4rnouv+Oo7ZOqIBA0AMhRUgUNzzkD2RogMnTfpPIHG7awx9ak0HsBAEYVBxA0AACTGQcUkpQ/2LDtdkYwaTVgr5szjGACkDuY17tn3Z5dxUHQAABkGjSyi0LmMDdnxmlgw07aJo5xB9f8FZLntRivoOUAkIMwCTkOGOUNrhFMOURw+2cBADmB/apP3hJ7LvLgSD/GHCtUq7LTUvtgw7bs1M2Gc26uRM0Y4y6J2FqoCOINALmI/U7Y8nFizKHyJkOEkR8jaACQmxhBwzOVlYMGY9kJEQrnnBEz1T7YsCU782aUah37iXsoCwBgGpLq8neruQgaAIBRBY0sopiPsTV0PiYpf/DDPzq4LPZYAg/6MAByDVufZY1desYTBA0AwKiCRnZQyHyMrUv5gx/+FC10xMobxzNLlxTki5dRHWOaAMxAorGEpiqezytWFMVRCiw6OuMtd9DgwdrkoXl08n4GAGCyiMYSqo95Bo00s4yy80xjQ/Nzq4Dwwy83FM/qPdcOHioO53R2ME/s1h9PjL/VAgCmG4NDMcZsRXtGgmvoNyI+GDic0qK/ZtDQ8xcnDx3vn6LfBACYQNxBQxZ93fPpaYS0ZBQoxLk5A5eYaZv6H/w578+AkaRfTkTXV5QWqqa60zwwNObGCgCYnsTi+sDAsKYmr/o0+k0mQSMe/nvuKzT8eqR1sn8PAGCCGVXQyPrZFWLGWU21jyTlD/5c96cgVXP0kn4ZY6wiz/+9JfODPoWIHmk+HsdUbgBmCvG4frpv6GRnf36ez7FCmazfeOa7Yik0d9Dg/orYom+TL0BE8WN/IB6fup8IAMgmGQYNx6eymwerxK1lqizpWWzhz3X/CHjvJa/ryTk3mmttMH9rfU3nULRA8R0/fjorbRcAMLUwRj6FKYxCAcXKX936jXyvyzlPyjzSceSezwwaeqB2eNlj8cGemDIrcXxg8n4VAGDCcAcNUSJl7eAIGpTd1c0MVLOy01T+bFv4c9zvWLvXvZSv0Uat7iq55ZzsTiJiCudzAn5uvG2W/okDCg8RkW7Nh3OczjoUACCbuJfjlav27R4mX/iiQlfXudxjGde+rpsXrBwfpJPKEYbrunHrLS55TkS6rvjySxXOuTpC0JAqiRE0AJhw0gQNRWF2jztomDMBHImv5eSyxCtt0xX7jlYPVonTdFQc4Z8O/tRYnZZN+pW6N+/019H5iR7LNW0uaY6qNQMAxoD8yAnhsQzhl/shs/+SuqtkH2Zd9WRNXLP1ZEZuKs44hqBhfBMjaMi5tPwuAGBCSRM0BPJFmj5oSE6P2gYh+max8FclZhzYUv64pPzBn+N+l9abXvp1+B1isLGbrutGYxaSjOjbhIIjtW/HGAd6NQAmBEefYu9j5K6I23smJpU6JJctk2VgVz1D8jhWHmzbQVEUR9Dg5gTcZE6MoAHAlDOqoCFd1OZlLgcNkQ17irtZF31T6r7YYpte93VLv+5k197cSb4GUrRVuTPzOL/R5422iQMA0uM5rUS6Epl0Pdr6Kmv40kPRkbNkKeUVfZjtLfvW8RGy6hwQNACYLowzaMi5rGfQkEaKsi/62nVfbLF1bFO0+BQSr+OluZuo+bPvZtNyXGV5tqJA6UQeZwcAjAe7gOomWVArFS0kCxXEW1KNL+Ncd8QBeRqAcVK5Glja6owZsrHNb0hE1kwA93wALpJgdwEVggYA2cUdNBhjUnZqywfELlKCa3tLDBOlqHYYQfQdG6op8HEikZrAhs29JBQXQvq1vyS5x/KUdozd5Xoge+dk04nH38oBAKmRFRoD242oa/khW9Wvq1zPow+T57SJYVDHW3Lhb4ZBI/0vAgBMGB5Bw3u/jIOGo7jfUcWU9UxAtU5KZKw9I2z4c94vtV0PodfuIVH5YFX0ktyfOfowOWO2FnZgchlfGuQZM4Zj/JcBALlE8tJOsQNzvGV0UUL6dYs67sSXc8dZmBi4FNPd5MoHeedUQUOcTcjPCBoATApjDBqWpiuO4LyXloOGeSazGjhZeim/61lrMYbfo0rDVQQbtmxngn0QU3fM7JZ6r+SR7TJP8kj2w5J7uSJBCpEYADAKRswaXdefR/2DYYgqBc/LX652EKf2rHyQix+IyFj4zP2u9WWYXOSQPmQhaAAwftIEDVchhOlw3CobR7ASX/f0WZEnkDUfbkIwdF9T7WOSCgg//HITTiP9WlpvMs11j2Nas+KYu9eUiwItzdmo2+NyQpy6Y4OEA8AYcZTWybb0rCVbyYFjUNLa0zlYmfxwUtpR3OdlTBFBQ7wl9a+2kVC3IY5nnStN0EC+C8CYcaa0ple6qiSJ16kTu4OGtY/3Ex+tu2XdWDfG89SpPBmiGLHCtiWj7hP+XPenR+rbHOsWOVuktJKRcQtoy4AdV4jRC8oF8sY/zsW/pBOJLwDjwTWX1PjH7f9M8cb4J2zruuZEOjMLp7jDsMZ2dPEp8a5l69ahnJ+1DN0olrBSZM8v4/zC1rsePxMAMHqY1BeT6I4dHbF4PrHrBlhoYbIezFwhKJn4ijJfV/VUdlCZKKoQi71aKiD8Oe63NXyX9Cu3aWkHeV16OeuVh0d1IpI1YCJDOWZytYN4NowL728CABgtKboT5vmuQ8pljMuFel41eczKYr1PJAcNu8dzdIgcs2Ec6m/60VgEDQCyQtqgYVyDpgQm1y1IVUtcSLnua9mR+DrezeybZITCrYlKlvKXtOHPcf9o25k0TMmN1YjsCq6xzhGXncaNo+FUFKYozhEQB6JcGAAwftJfUPYKXdJ1btXXcmM4Uj6CfCjOjQhgVDol35V3sD/e3Awajh1ch9WN3cWX8fyqo/qNAIBRkeaCEt236M2tJRFtwrDjCCIlEEFjNPnGGFFNzc9It2HDluz0yBW9cnM0ZF0zgbbPWjPuCMUOsqJjZMWSiuxs2ei9AJggHM9Xk/y2giWHAOMQaEU0EBe+uGS9hjW5/UTmS2ORGDlouI8g8mlr+CgZNDx/FwBgghgxaBhbRTHrIowrUhKDbQ9olEZ9FfdZMlnRJXNUbtVoSrN0YcP26EjkTNfzQceObNjo/Ix53CLrZSxZzCDf/DkqJayiXnfvxTw7OQDAGLBLp6Yhle8n30xV/+B4KQ9ZujNdd22DK3sWhQ3OrNo6vnsw1PZF7EFDLsMY0x8IAGBH1DN4XdrcHkBsRQu2EV+pHMKYJCeuUEfhk2dd0/iTYJUZE49MtQ827KTtiWMFX0+nXNfLGBEpuq4rSjLrFTvLezo+7vYLpA5b8dwBAJCWdIKo1cE4Bl7IkeM6Xoqs164HG++L9V7kQzqcIm3lQtA1ujnxrcRu7pfyl0/xo5LnTfuXAQB44t0dG1hircdorRBx5ZdGeNB1UhSFMV3Kht3H9DzReFGt+s6pVxlhTzc7VRN3TxxxOOVJnZxzxnSjtRsLALtTXoc4JHo1Y/0j93eQ7wPHfw0AAFykmlvtIfNwaeqb9K7t2lQUj9lmbqdYPkJaE4ZbQYPsOpP9a6WufEj10wAAo8F23+t8z7yJtQ3LOHp264kVZtBQFEVROJFuBRDnqI59uUNK4xwD1joPltoHG7aw3bhWdXA65YzWquwRhe1mZ+au97W2TMp6ieyWXFaBKj4AskiajsRdqiv8kvTLHUEgVYGvZ62Up1grLfidLOpNle+mB1W/AGSdFLUHTDxuRk5SRRAQ9b6MmfNljYlx1sARuZVdOdMdceWHzFE5cUYsqf7Chm3ZIzZ993xPIQCLduzaWRT1mvmumArqlQ0DACacFKMr3uUEcsrrvvV16bgeY0Rp/Cm+mHNmW6rohKABwGTivt7leepiJVNjXVNR1CuyXimpJWsEyUPZFeXCWfzmKhmJjhnRYMOW7XSt3I1cgaco5M6M7cKwcTvIRbmw1aemO5dn/woAyDqSKGt65EoG9/Q1z4s9dfXt2PzyV0q3wgMAYIJIP0wkL/YilnQwJr67K4DFp2QB2ExARlJ2xyn9qmTqvthi69y6W6cb18oPyfo8tzZsNXFFXtLBeEfU+lhNn8kpsqPNj7m5AwAcpLqRlCt6rT096h/cH7fPckv1bqqrONW77gxb/mJpPkhIjgHIIsY4rdttJLVGN264GGNiIXCroleM9NrWc5AFYCupTaa/6Wcfje1XmLqvpfYlbfjhT48s/Ig81ZXUkj0DNnZIZrqO1Nm6qOSTy8dxntpwj/RNAQAyDoE2o91cPZBHhHCny147cNHDpd6NUldiSN+AOwNFxv0gggYAo8Jx38s972/lW1PPel8rqU0WNnjVNtjSX3mZiGyu72vTfQ292q0Cwp+T/nTXgdTqrRaZXMbBIfQ6ZrC5J7i47yONoh/HGmfyleYp/wAAsoJnH5O+Eil9MVIquTeT+qVR1ThltjOCBgBjwV2pL7CWcTB3FEMxKYRe46muyR3k/NhIf41FUeWUN4vpr6H7clPnY5INP/wWGfZP0pIOzrzW0IPlC0CeN2OYTFpVeDSdHSQcALJMJhdgmrIH955psuIMwsvIubV7ZwBA9hjLParsEGqunOPKArCcHoja3xET3TFnw5buKyt/sGHb77TSNHFJ002WQKRJfKXPJodHFSU518118BHXroeEA8BkMIbHjGc+OXUME1gx5xWAScaxBK/8jvxCpAFWBbDzDlZOeR0LO9gXf3DOe3Mnu2NLf1UP5Q82bNPO6DJwZLf2pm97KxpNxBPEFBaPp3lCDEthp3cCAM5oxnBdIxQAME1IdTE6+3pVVTjnqkJ+v8+R+Lprf93z3rKFai0obKp9sGEL27PFeMrA7gkoYtaaoekS0UAkXlwc9PkUCLUAAABAzpLQ9VM9kYKgasxmE6sWujRgZ4KRrapfhcwpe6baBxt20k6L5ww2OfEVii9jbDjKy0oLfAoSXwAAACCn8SlKeWloKCqS3WTa4EgnrMqHLNc4KWToc1atJZNs+HPd72ptqWp/U4nBhn9oOF4YyhtD6wQAAADATIQVBvOGhuOOhEEmTYKR5mUmWLqvteWSDX+u+1PjEH0dzdSomxAvEwlSfErqgwEAAAAgt/CpLKEnUwXj8W/ufHcipF9Z98UWW9t2xHbmHp4whi0cqzowBVNSAAAAACDDFMZc+q5H5UOG2UjmKIZAl1T7YMMW9ghty7vc3L7AGXFOaVd1AAAAAEAuEovbljdN9cRHIf0KxqkBK2SNT5tqH2zYwk5B2hKcpOhr1T9gdhsAAAAAvJFzBiPNzbz2d2xI9b7ctYU/x/0ZN1mH1isPXmSlmQIAAABg5iEeYpUqkZgIBU3hktrHpQQIfvhdrVPGWfDgJfp6rMwHAAAAAGBgpA0ixUgl/Wa37EFhjITml7SJww+/Z4tJU4TuNvDcUQAAAACkwjNh8JR+sygDK4Zax03Nj4TyBz/8o2xLjjELw0biCwAAAIA0cIf0SzSxNZOm7osttu5t5s3IaLZMesCb/Fb2my0AAAAAznw8cwarEGKi8geh+2KLrXObutkki309m6acCgMAAAAApCFNsiuczFXyO2YURlZlMeewYcu2u+WlqbmRZ7mJ+gescQYAAACANEipAhMe5jGfPuUso9GicCIm1D7YsCU781Yrt1fDkD4N+RcAAAAAHoj01Ws8eeTny44N1RDoTLUPNmzJHluTsu7fIPcCAAAAICMk7WzCJTOFExEjU+2DDVuyM2+p9kQ5qQGj5gEAAAAAqXClCkx+y2FkC6Pel4TmZ9gk2fDnrD9Fm/HOilPsj4IHAAAAAKTBI1XwTCqyNd1NEWofS6ECwp+z/oxJU+wLAAAAADAyniW/E3Ei1aH8wYYtbEcTTPO0NvEYOGPgQs59s5gHR08NvfpK/5+PRJvbExFVqazIO/f8Wdeu8IfGdrS+oTca48W1oWUlZ0CqHj01+OcXB159Z7ipU6cCX83ZgcsumnVBpS/jA/Cexq5vbh0OXxq++wK/f8zfY3Dw4Ye7/hwP3v2Z0mUB+esNPPhQ99vh4m/eXDiPon/6bcevjirnXxe+s05N+YvOqL8/AACAicBzPQdjfNn9lhh3FrbszBzVmKJvze7nsGEL27PFcPvKI/IiD7JTWojEY4fRozf/pfv+pwY7iIhIy1eCcb3t6OBTjw21xefcXa+N/oC87ZVTP3wpXnm+et9V+WPPBScD228PFijUn2jc19+4b+D5K8rvvjg/w9S/pyPeNqTH2uMxGkfuO5RobucRincMcQok/7fG+qLNPdRLwx1DhfPyKRbnsSE9FktzoDPo7w8AAGCiEMluqse5ObJb7lr+bAyoZOUmYnI+bNjCzrDh2lc0EzrxeFunYKC194GnBjuIqlaV3HZFqLaQEeknD/b/5yvRheHMtU8ZHo0TEcXiFCOazrmX+O0155fdcWlgXoARJd5+seuB54Ybn+t6ODwnjbY6NWj+jbdWXjBExYVK6p3OmL8/AACAicY+YpzlTNeNKrIVbLF1bKcNibdfjbQRafOLNl1TMM8UeZXZtbPurCUyBuJ/3vWKGrr71pLaABHFX3/05IOt2k2fLL88zKKnIo882fvK0XjvEBWV5608r/D6Gv2Rn3e/2k9E1PF6xydfJyoPfePzpcto+E/P9f6xcbitn4LF2rLa0AcvLlhWwoj0t589ef8+dtnGAtrX9+emGIUDG68oOj9/6KkX+l9piscKtPOvKL2t3tBT9ea9vU++OrjnaCKSr1QtCn38qqKVJSza0Xf/L3s7zi66tmD4+X1D7wZCX/1Myez2noe2Rd7uSETiLDw//7KLiz5Yp/m9fntwUfEdVwSt3+5bdnHZbe3H/3Wf/sZfBk/WFBb3eBx8YXzoz8+d/mPjcAepdXWhc1X5XoT3tA48+WL/G0diHUMsPD//gxtLNi7wESX2PNvxwD7lsisCkX39rx/Ra6+ZPXpZPbHnuY4H9rFrbw5fu0DJxt/f/a3Kr+nvuf8V2nhz+NoFinnSJzt+/I56221lawqnU+MFAAAwzVDFQqzYYuveTgsG401tOhEtrMsPe6ZhQ4nmDt6rxjuGqDZAFEu0dSQiPbzlFKfi+KtPdv+xiRdV5F88X6FTw68+d8ofLrvk4hDtHni1nbTywCW1SjgcnMej237X8asjXCvWzl3u63ln6I3Xe944Gv/uZ0pqVb2jIx7p50891h2enz+vON7YPvjIw4P/qVJxRf7C8nhjZ+zF506fW1u+ppC/+5eubz41FCnwX3zFrGU0tO3Fvvsfpe/dWhzui7b18I7dPQ8SUb6v5mwtNBj53da+N3pYVU2gtoT1HB185EmqnF++ptDzt+fZf7uvdqk/uG8o0hHtiFPIfXAe/fOjHT8/QkQULEjs3d27V/pwtK33/p/3NcV9K9YUXV+ReOOV/l89rGufD19erJ9sj0X66an/GiaicEV+TYmXdhsf/t1Dx7dJ9b6xwURb8oVxENZ0SqeKRFb+/q5v5fP380h/7MkXBy/5RKiYKNo28J+7Y70FWmha3bUBAACYfqhEnBFzan7MmPAEf077pw16JE5ErLhYGfXg+FDs7Q5OBYHbbjVzyjsNf60WPDX8anu8+OyCm67KDxENvNP9/BFO+fl33FZ+QQmjvsGHH+r8Y/vAUwcL764zDxZeVXbfdcHQ4NDDP+n4YyeF15R/76pAaHDo4X/r+GNPdG+HvkaNPv/KUCQ/747bwpeEGVFoIZ342nORP7fPut48hvrBW8M31ap+ooHWU009pC0quvvmwtkppVXrt5f4HL9dK1RCRJE4H4gLX/Lg0dae548Q5fv/4TPhjZVK9FTkV7/ser7T2C2x59WBprhy/s2zN9WpRHRumH/t5wMvNkYvOd/MdIM1xd+8sXBhgFLR2xPv7Znsv7/tW5UU1L14au+Rgdc7gpeHefPugaY41ZxXUFOY8rsAAAAARu7LPDQ/TvDDnznywtRizQeHPXZUJRwg6uE9PXp0tLWh+f5zz/a9uHvwhz85XhNW51Xkn1sfXBl2a5l8oCPeQRScH6gpYEREhfmX1Kl/fCne3BQbqDMz08pFWoiIVF9lgIjYvPnmy3AhUY8+MMSjp6JNPUTx4Qe3HHsweXDW0aeTkZMV+8+drxo/IVSSv7Ki/49Her72b5GFlerCRYFLlgfnOdJN8dv79CjZ0t9Ynz5ARCoLiXLf5MF5T0e0gyg4P3RuWCEif0ngsjr1+ZfiRESDscZWnYhe/W37q9IBwx2JGJl/mYV1+WkSX1Lz7tgcvkRan2Gg9dTX/r2/zb1ndv7+qse3KglsrDu9d/fwi43RC1bpLzbGKT/vsuXjmMYHAABgKvBcGyrV1LesIOp9vVRA+HPbn77peE6Gc68C4bkQxOjQ1IUVPmpPNDcOdZzvn+clkTp8A7HkZ9dcM+e+uoE/Nw43tw//+aXB51/tv+Yzsz++wHUIlYgoFnf+qGjyLoA5foimpfhdBfn/cG1oocrMw6rqwgUqvWOchSW/amHg1s/MWblv4I2DsebWwaf2RZ56ZfCrt5WulMtVk799uGeVJsnD8bf3DUeIghX5yXRZPjhRjIhcP0fCd/E1xcn8VVXC8/NCZPzhmKZmKdxk9e9v/1a+mjWBqt39TbsG9uTrr/dQeFXBSiyXBgAAZxTyombC415pamxrmaVCsRQ+LxUQ/pz3Z0Kq1pi9hxD6alblVxLFjvY+8FR/c5/5NU++0/+7J7v/3KaTqvhVoqFEx6BORNGeaJM8HK/5FtbNuvW68De/UHnfNXlaPLanMRYl5i9kRDTQl4jFiIiFStQwUaw9sqdDJyKKxQ8ejRPRvAo186le/kK1Mp+oP9ZM/mW1gWW1gWVn5y9Mk5AF/CvPK7ntE7O/96W5/7iUUefQG+2OP5r52yNNPT98IdJjpKaDsT3bux/az4l8F5yXX+xxXBYq8RUTxdqHmvq5/HOIiFR1YQkjSjR3sIXGl6wN1ISdNRVZY8L+/qGKgssWEXUOPPjUYC+p56/x/FMAAACY7qRKGCboUVmqWFiCGeeGDXusDw3M+hO3BaGzizddk7j/qaGW3ae+tPuUsb5vb5yIqK6i4PxV/nMXsTf2xx75+cmmOjX6zmCjleZFT/Xf/5NTzYX5K+f7QqQ3HxyOkbJwgeonFq7QwhTr2N+9acvpcKF22caCD9ZEft4U/fm/H3+jzh86NfzqUaLiwAfrND8lMv2ihfkbL/a/ui364m/bmxYFloXZQPvQq0fp4lvn3upaiKynsfNrjw5pi/KXhRVtKL6niVN+Xk3Y+YcXv73ppa7PvtRVVMB6+82/c81FpTfVei/xFqoouKwi8kj70EO/7Wycrxhfw0RTz704VHWkv+XVzjuP5K2cr4b6oq/sjxVfFL7v0rEtGJeSLP39495H17Q1FwT+88hgL5G2qOCSijRLqgEAADhjyK7K68Z39rl3JV+leh4X7Jy0b7qylJxk0hq5XP5LRAmdhYLjVBVZ8VmhS5ZrxTrvGUh09/NhnYrK8y66rPRz5+UFfMrCBWrPwcF3Tusdg0rNeUWXhYZ396rr1xYsLVEXlFDfieievw2/dTRB4cC1V5fdWKf6iPxleTVq7M3D8d4hvVdXV5036/JVgaqA3tMf/9vhWMtpqqwpuP2G0jVljHx8oCXy4rtK/QWFK0sY+aivJbKzw7d+bcGSIkY+6mkZeLVDXX9hwZJCpXhBcG0FDQ3yE+8Ov9kSHyrKv+T9RdfW+UM8sXvP0MCcgg+t9Id8RET5BWo4pB9vie7ZP9zYwUtrQrdeV3LRbHcCZ/72UFQ/3Zc40U9EpBXnXbmx7HMXWQ+2iDsPTpq6pC6vKJI4enR47wm9cGHhTauUA03xuatmXbLAFygJXPAelYb0vhPDbx2JHSd15eqimy4IzJJVHRUAACAASURBVA5Q39HITvFLPUg0vRV5R8374HnB2XmSO5rYs2eoOxy6dnXeLI36jkR2dijnXlD4vrKs/P1Tfqv8AqW7MdIUYWuvKLm8ErkvAACcSUQGo6rPSHPl2M4YI2YhMg/ZIacjhuFTzJcNDQ2pTrdu3TrzI5d+rtGckYQttvbts1uqZTXXqtzl8uQ2seVc9tns4ZgSLiuYuIsH5CwD73R/7ecDbcbywGkm5wEAAJh+dHT152m6kfuKfDd97ktkjlI7cl8xIWTLli2pTrd582bDUEydD1ts3duMyHxPALJL4u3XB9uIaupDNUh8AQBgZpL9NEMx16DCFlv3FoDpTEyPDHKtInT9qjwsbQYAACBD1OQwt1v5gz/H/eOCWetGADAxaNolnzzrkqn+FgAAALLB5A0jK0aiwz2VP/hz3A8AAAAAMLMw631ZChUQ/pz2AwAAAADMLBSeQgWEH/6JaXIAAAD+L3t3H9TWneYL/pH0C0dIgiN8aM5EaouAQRi5pAqUcUP8SgJlXDix2/Ek2SSTTE/Py07d2rm3a+8fW/vHbu0/vbdqZ2/v3N17u2ameqaTSTJO2nHbabMmCwnExm1iKOSSyiK8BIzcUs+hObYOSCDhI2v/0AvixQ5OsAXi+6nUL48ehHQsHkk/Ped3jgAgZ7TZnT/EiJd1ggEAAADyizaR1flDjDg7BgAAAMgzqb4vRoyrx1wXJwAAAMAGy+r7YsS4fMx1cQIAAABsMK2GNIlMtw8x4qw418UJAAAAsMG0CUpoMt0+xIiz4lwXJwAAAMAG0yYnOmt2/pDf5vlcFycAAADABtOmpjtrdf6Q3+b5XBcnAAAAwAbTaoiyOn+U1flDfrvnc12cAAAAABtMmyDK6vxRVucP+e2ez3VxAgAAAGyw9Hkekt2+ZSPy2z2f6+IEAAAA2GDaBCU0lO72LRuR3+75XBcnAAAAwAbTElGClvp8mc4f8sjnujgBAAAANpiWMj0/0lCm86fRII98rosTAAAAYIMxynT+KEFZXUDkkd/AOvuDHN7AWwMAAAD4dhgRaYiWjvRHjDgdb2Cdff9pfgNvDQAAALa63/1eycn9Jtf7Ula3DzHipRgAAAAgn2gps+Jz2UjII/+Yag4AAAAgV7RLKz6XjYQ88o+p5gAAAAByRZuZ4WhIgxjxshgAAAAgv2gzM5wEJRAjXhYDAAAA5Bdt6v/Z8xzEiDHvBQAAgHyUnvtm799GjBjrHQAAACAfaTdFZxHx5owBAAAA8ot2U3QWEW/OGAAAACC/pPu+WWNiVQb5bZoHAAAAyC/pvm/WqFmVQX6b5gEAAADyizb11bWpzh9ixEsxAAAAQJ7RajQaSmQ6f4gRL8UAAAAAeUabSCRIk+r2JRKUFSO/3fMAAAAAeSbV902PlBUjv93zAAAAAHkmq++LEePyEQAAACDPaDUaTSKr24cYcSYGAAAAyDPaRCKhyer2IUaciQEAAADyzFLfFyPGFSMAAABAnlnq+2LEuGIEAAAAyDNaDWkSiUSq25eOKStGftvmAQAAAPKMNkHJiU5Co6FMTFkx8ts2DwAAAJBn0n3fpZFWZZDfpvlcFycAAADABkv3fZdGWpVBfpvmc12cAAAAABtMS1mdP1rW80MeeQAAAIC8wmhpfSdGjMvGXBfnMlFp7Eqv2xeUIzHScUWCxVJ/YH+9lSN11nOh02d7/nRDKcv1RgLAxlFDo4PdfeNT8lwsTpzRLNr2HHzBVW56rPeJ1xOA/Mcoq9uHEePycbOI+ofOfvylxFfVH3CJRooq0sTwZNcncf3rrQ7joqzMKXJMJcJ7FUC+UCV355lPg/pqR1OdaOYWQ8Hg6Fj/+Q7dGy/veZzTUryeAOQ/RpTQUHqVZwIx4qU418WZMTt6zR0wOl57/XC5PpnZXd90WI3GSE+k5nrrAGDDhYPX+4NU2/rGiYpUn9ex57kWNRolPeakAPDdMCJK0FKfDzHi7HhTUIlIp+dFXr8szfRcOoyrsZCv2zM0dntaIaOlqrX9kENIvkPOTw1c7Rn0S8oi8cKualdT426ricITX5wdKGo9UW9N3mY40HXusuJsO1lXwoiI1Bl358ejFS8/3g4TADxIXCUdbyla+aTPXFZnvx4YvOb1B+4sMF6o3Hv4WIOoJyJ1dsrrGfDemgrOxXQFgq2urb2+3JRezCC4KqPj7rEZnfPYm0eE6MRgd+/41PRcTFdYVrn7uSN7HfyDX0/C/ksffR6wPP9am+2xLrsAgMdNS0Qa0iS7v4gRr4g3BWaw2EtV/9WzFzxfK2u2eePK8IBHrTj2+pt/+XqjNTJyqXs8pBKRKg10nflsUq1ofO2v3/7x0d26ictnOm7OqKQ3cmrQNxScT/5+yO/xBEOjAzelKBERqXMTw5JqKkKHCSA3TKLDwkl9Xed7J2eiq38cm+rtPO+NO9pO/bv/8Pbb7bvJ/flF76xKpCpBz8QC7zz05l+//Zcv1/F3Bjv7/FFKLmaQJ/p7rk1zziPPv7hXIP/g2Y89suA6+Rdv/82fPe/Sz4xMyFF68OsJMwhCqSAa9Ks3BwC2lEzfN93tW4qRR36TYKV1bW/znit9Qx/+/CpxhWUWm8PpqneUpt+EdDpL/fGW3aWMiHc01X719XBQVnebVdnjlvTVh0637DYzIt51rOXuOxdueqWaZrHKJdwcGJbClRUmddbvlfSWnSbltm86ZrVxqnzbJxsqG0V0dwByxFDT/tJrXveV/q5/6I/rjGarrcK11+WwGhgRKf6Bsfnyw231tmIiMtkcBxsmP/TeCtW6SoXdL768O3Ub/J6m6pGzwZmwaku9VuxwnnzlQLmeiOZHvvhK5mteO+oq1xORbV+7jYhInXng64m+dN+J4zl8RABgoyT7WprMql/EiDNxroszGyutrP9hZf0P1fkZeWbaP3n9s19d6XeefuXALj0RkalMMKV7tBzPMYqrKlF8Vo7phEpL5kd6wcKzcWl6XrWaK52lV/rHA+GKXbHbvjuc/WgD33/J7ZuJ2kRlYkzhdjZbuAdvDwA8Zqy4vO5wed1hNTorT8uB0ZtXPnjvir35jfZqvRyUlAXlk/d/+snS1XWWnXEiUu/6+vqvj8pKZD4SixMR7ViMp6/CW21ichasxhQ5rhdtwlpd3LVfTwAgXySf30udP8SIl8ebDDOUirZS0Wa3lbz3wcC1MVe5k4h0D1qbwIhUii9d1hEjilKciJkra6x9g77grBAZl7iKgxbB6Cy9dm08oHDS2JzRfsCKXZsAmwDTF4u2YtG2s1LsfKfT7WusqKc4cZa2t9rrhRVPfTXQ2/Ubt27fiZcOVhYzUqXec+9NZP1cp8u6XaK1p7QPfD0BgPygJUr1fSnV50OMODveFKLK3fCKNymmY0SqGn/QrxARccWCMS77Q5nlguHgrUCUE3gDI2K8xWVR/W6f23uXr60S9cxsq7HGgx73TZ9icNSufFMFgCcoFpJnly/0ZYzjiOIxlRgv8nR3Ir1eP8uiIs8zcbfTVsyIiOLhyOLaHVtmsJYZVDkor7GYGADyXKbvixHjmuMmEA1c+fCTgZhgr93tsJk5RhQJuvs8frbzuL2IUeiBv6gXHE5xqPfqxWu6Foc55vd0dY9HxTpXajFDsa3WSp+4B3RlR46aGRHxVkfZ1fP9Pp1l/y5MfQFyR5VGzr97VRZ2OmqrKkUDI4pJI1f6xlXrfofIGKtosLvP9/Z0UWNDhZmUoG9waJTVn27fKdhKqO/mwHBpU61ZnRi45p+ntdcucWLD3sqxy52flrQcqBJpxtd/U67Y32p/8DZFZ4Z6ByRrQ6sTZ38B2NpYIkHpE7lqKHUhkTzFFfLbPb9J6K3Nr74kDLgHvFfPDxIRka7IYt/78oE9NTwjtYA3GnjBkH43YowzmLhCEyMiJja0vakfuOK+/M4XczEqEKp/cLrFlVnMYKp0OCyBCX5P+oRoBltDlWX6Nr/3GUx9AXKIiY7TrxcO9Ls9X/S4iYhIZxR2NbScbKwWGREZao6+dNrtHhjo+vuOuTgVllXvfq7RYiJmqms+Lnde7Djn7iC+ou7gs5aIv0hHRFTAGw1Gnss8sxlffexUvKvj8of/eJWooKx6z3MCx4ge+Hqizgcmbwdpj+rE114AbG2a5r+6mettgE3q//07OxFlTvSb/L63ZD84kUikTga8dCkrl0gkEsnrJxKJROye9vtP87n+1wAAAMAm8rvfK9xT9zUaDZFGo9FoNJSOU5czFylzDUqfoSHTqNNoiOgplrr4s5/97EF395Of/CQZaClBRJrE0l5uTfaI/LbOAwAAAOQXLWmIKLE0k6ZE9oj8ts4DAAAA5BdtducPMeJlnWAAAACA/MI0S+ezSiBGnB3nujgBYJtSwvG5+fsLsfuL9/BCBI+g4ClNIactMmh5k24dV4dtSps8finZ7UOMODsGAHjCFu8lbgUXfzd9TwnHMfGFR7V4L6GE47+bvncruIj6gQfRpo+eI0qf7Awx4lT3FwDgyQr84V4kej9zMYEP4rBu2dUSid4P/OFeTjcHNq/U+X1XjanzvCK/nfObjSQps3MLWq02Mh/L9bbAd2U0cPfv3y8uLhTLcP47SPlDSJ1PT3wXovcjC/fvJzTxOKa/sC5MRxoNGQu1hXotEc1H7/8hpH7PjNMxw0psaaKTNQ1KrvtEfpvnN5WvRoLf+16x1bqjUP9U5qx+sHUlEomF6L2FhcXhkWBtjSXXmwObwt3Z1LeUL0Tvq3FyVReWFGPVJjyCO7Px0anYQvR+cvp7dzaOuS+sps30/DJf75VZ94n8Ns9vHsNfBb5v3SHsMBkKCzDxzQ8ajcZQWCDsMH3fUvLV6O9zvTmQe/H7iXtq6jN3ZOF+TTmHiS88qh3FOns5F1lI7T24p2LVDKxBu9aOb4wYafO8XkjTs38kmk0m/TquC1tPUVHh94QiaVrJ9YZAjt1TU0EikbifIEx84dvZUay7n9Bk5rwq1szAKtrl6z4RI950631nZ+f1+qdyvRXwGBUWPjU7F831VkCO6bSpQKPRxOM53hjY0uLxBPYQwkNoNaRZ6vYhRpwVbxJanbawsCDXWwGPUWFhgRZvVAAA8ERoE5TV7Usd6pSMkd/u+U0iEsFZHfKcRqPBuTtgnf79T/7XXG8CAGxt2vThTckvs9VkxcgjDwAAAJBXtJTV80OMeHkMAAAAkFe0yZ5fqvOXFSOPPAAAAECeYUSJ9Ld5YcS4bMx1ca7fPcnb/dGvvyo6/qd/Wl+Syc6OXzt3sf+rqdCCvnT3/rY3jlYX43QRAAAA2xsj0iQSiazOXyKr84f8Ns9vBffuDv3qvY+8UaaqNKfeI0rOb+/dcb//bu9C3cmf/Nn3KXDjo389+07Rn/73h5/G7PcJOPfrDiI69cP2XG8IAADAStpU35cyaz01lBUjv73zW4LKyg/8+D+8dsSa/cWV96ShwcCOva8crxWLi8Taxlde+CPptzduLeRwO7eLc7/u+Phcx8fnOpIzYAAAgE1l2XpfWrsLiPy2zW8FT33Ptb+ueseKb2wPT0+FC61VO1Jt3qd2VFXtWPi36dl7OdnG7SM58U3GmP4CAMAmpCVKznFSPb90rEEe+S3snjo7pxaWZH0dXKGpkEVl9H0fp+yJbxKmvwAAsNkwouR0J9XtQ4w4KwZ4BKd+2I41vgAAsMkl+75Z3b6sGPltn9+6WGEhLdyNLi1xWAgvkF4ozOlGAQAAQK4t9X1T3b6sGPltn9+ynjJZraaF8fE79yoMTxHRvTvj43cK/8iKk5w9TqvXPBDRy6fQDAYAgE1kqe+rWWtKhPz2zm9dT4kNjdY7gx9dHJZm56Th/o8++zdx37NW9H0fp1M/bH/51LJpLia+AACw2WSt991cHUfkN0N+C7h3x/vO/3HWGyUioqn/5z+eJ+sLf/6T4zufEuveeCv8/gdnfnqZiPTlh06+/RxO7vvYJWe6ye4vJr4AALAJsTV6fokEadbqBSK/7fJbwFM7nH/+vzvX/FFx1cG//l8OPvEt2u4y811MfAEAYBNaud6X6AETI+S3Yx7g28CsFwAANi1t8usMktMdxIiz41wXJwAAAMAG06a/2kCT9TUHiBGj7wsAAAB5SLvWl9kiRoy+LwAAAOShVN83PWqyYuS3ez7XxZliNOpzvQnweCUSCaOBy/VWwNbwdz/733K9CQCwtWX6vqs7f8hv93yuizPl/v37CwuLud4KeIwWFhbvJzbLZy0AAMhvWo2GEomlzl8isdT5Q36b53NdnCl8ceE85r55bX7hXnExvncEUhKJBNPleiNgK2M6SuDjNDyYNpEgjWap86fRLHX+kN/m+VwXZ0rZ94r/MDMXDi/kekPgsVBmF+Q7c+L3inO9IZBjTzGNVkNEpNFoNBq6MxvP9RbBlnRnNq7RkkajISKtVvMU2yzvZbB5aJd3+xAjXopzXZxLdtuf/l0wJN+Zm5+PbaoNg28tkUjMz8dm5Ll/k0I11U/nenNgU+AKtMnAWKgdm4ph+guP6s5sfHQqZtSnCol7ChNfWANLfplXptuHGHEmznVxLrPb/rQ0rQR+H9JqNJH5WK43B74ro4G7n0gUFxdi4gsZO4p1gT/cJ6JCvXYhet87tnA/QXFMgGF9mI40WjLqtYXpue+OYqyegTWw9ESHsiY9mc4f8ts6n+viXEks48UyPtdbAQCPi7lIFwrHIwup6W+hXps+/ADgm62oFmOh1lyEuS+sIbPeN7v7m73uE/ntmwcAeMKeLn0q+8UHE19Yv+xq0Wro6dKncro5sHmxFZ2/dJxAHnkAgCeMe0rjqND/m3wvvHBfjVM8jlcieAQ6nYbpyFSo/SMBE194IKz3Rbw11vsCwPaBiQsAPD5aomXrOxEjzo4BAAAA8omWKNP3JcSIV8QAAAAA+ST5vW6U7PZlj8gjv9WFA5Mj0kPOhjY/0vGvf/dufyD6JDcKAAAAcil5BhlKdvuyR+SR39rU2Ym+Lzr7/OEHXqNAqN7jcu7k2RPdLgAAAMghljyt1VqdP+SRz2+s1O5qzvVGAAAAwJPEsrp92Wd7zYzIb998roszW2zG574yODkRDMW4Iot977EXdot6ovDkb8559HsdxjGPe2JaUQvL7A0vHt3DT/e984FXJiLq/i//qZt0ZS1vnXDF+s/0LrrqDFPu8YmIcOz1ZmG0+zfBmtPt1WZGajjg6XMPjQWnI2Qs2+k6sv9gZTEjUhX/le5+j1+OxHTGMou9oeGgUzTl+uEAAACAb4elO3wru4DII795hEevfvjZTOULz/+40swUydN7+fxn3BvtFfrYvCIFvZ/O1x449OoLRbHJwYudVy+ViW82Hfir/+jyfHyuh+3/8cvVyalq2DcnB291SkWVdXXH7ZZyXiPJIUWeixGROnP9XJebq297/XmrUZXHBi992mM81b5PXPy69/KQsvP468fLjbHAmMc9ISnVokmf60cEAAAAvhUtUWqOk/xKW8SIs+LNQb3rG/Sz6sZmh2jWcybRtu9AFef/akJJ/lgnOJ8/1mAtNRVba+vqrDolePfBR68VVLa9dLplT42tJHv6GvXf9ColTS2OXYJBry+2Ohufs8x5vLKqqpGoarJUlYsGvalkV93h0ydcVkx8AQAAtixGlJrjJLt9iBFnxZtDdMYvLcj+jv98IyvJ7XSpKhERKxAsRanpKONMnI7UePInqzHOXGkxrDq2TVX8khyRO//xHzuzssJeVWUGm72059PO9yI1DrvVarFYBQ6HxgEAAGxdjChzlJOGaPmI/HbPbw5xIlZoP/rKaYdhxU9UmYhI9wizUbbmdVUirqzuzbcaxVU/1te1/dgiScHbPvfVKx1zptrmV9t3l2L+CwAAsDVpiTS01O1bPiK/3fObA1csGOPS5MyDz1a2FkZEpMYWH9QDzr6qsayIKdKUvOZVmVm01tQ1/vCtN//HH/2A83u80jffIgAAAGxOmfW+2WP2uk/kt3N+c9ALzgaL6rt8sXdMUmJhOeDpvfTLD/qmvuE7KQyizaAGbl4bnYl+02TVXOly8NKVjstD/rvh6Lw04fnNBx/92jurRmeuX7j0m2tjU3JMVWOyPxghg4CzPAAAAGxZLGtn9+p1n8hv8/wmwUqdrW9wnmuD7jMD3ZE4GS1VDY17rHpiqsHIF5mNuvQ1dZzRoI9zjBERE+uebw52dn/yKzcV2ttPtPEGvZEZl9br6vR8oV4xcESktza/ckLoH/J0nOtUFokzV9a6DlYUM32svLokMPjlmS+640TECc6jrQ58GQYAAMCWpTn8F96s6Q5GjEtj5/9dQ0SJ9FFviaXFwZRIJJL5xNKlrFwikUgkr59IJBKxe9rvP83nutQBAABgE/nd7xXuqfsajYZIo9FoNBpKx6nLmYuUuQalmnSZbyFIBk+x1MWf/exnD7q7n/zkJ8lAm9X5W9EFRB55AAAAgLyiTXf1EkSarJiQR37dVQQAAACwNWg1mqXOH2LE2TEAAABAnkn2fTWZdZqIEWd1ggEAAADySqrvixHj6jHXxQkAAACwwbL7vumRVmWQ35b5XBcnAAAAwAbTajSaRGKp25eghCa97hP5bZ7PdXECAAAAbDBtcqKT6fZpstZ9Ir/N87kuTgAAAIANpk31/FZ3AZHf9vlcFycAAADABtNmen6ru4DIb/N8rosTAAAAYINpNRrK6vwhRrwU57o4AQAAADaYNpGgrM4fYsRLca6LEwAAAGCDZc7zQKtG5Ld7PtfFCQAAALDBMud5oFUj8ts9n+viBAAAANhgLH1aK0okEpTV+UMe+VwXZ8rvfq/kehMAAABgDd9/ms/1Jjwylv11BhgxZo+5Ls4lW/GpBVvd736voPA2Lfx14PFBda3fFm1OaSnd4VvRBUQe+VwXJwAAAMAG01J6ZWd6lSelMshv+3yuixMAAABgg2lTHb6lbh8t6/whv73zAAAAAPlEm+rwZXf7kl1A5JEHAAAAyC/pvu/KkZBH/olWIgAAAMDjp81EqT6fJitGHnkAAACAPLI09031+bI6f8gjDwAAAJBPtJTu+aVoVo3Ib+c8AAAAQB7RUrrnl5JYNSK/nfMAAAAAeWRpzcMaXUDEiAEAAADySNbcd3UXEDFiAAAAgDyiXcd1AAAAAADyAea+AAAAALBdaJed1iprPzfyyAMAAADkGe2yrzPIOr4JeeQBAAAA8ow22fNLfY0tUaYLiDzyAAAAAHlGm+z5Jbt96W820CyNyG/jPAAAAECeYYlEQqPRJIg0ROk4oSEN8shvNeqMu/PDvvnKF1pbHSUsK/3bjy5eU3e/9kqjVZ/TDYT8pM54uz7sloQjJ07XZRXeYxCWxkanOVu1rVRPRKQqY7/5sGc0vrP1ldZ64bHe89alzni73u+4FclK6Yxma3Vd65Hd4ga9IIR8Xe9/GngCBZBNlTxnPrjqjy1ldMYioWxn/YGGeqthHb8/+/Xw7diOCrvV8J22OTrz23MXr4UrTr5+eJfpYVdcUb15RlXGLn14eZRVnXx5/y5+Ez0Z8/thX1NJScndu3dX559++ulMrM2e6KRjTVaM/PbNbzXxiBRSIrL7k86eifmldHROkhdi8owSe9gvA3xb8UhAVmILsjSvPtb7Ue/6Pu3p7Pj8ij9T3vF4LB6PLj7Wu93i4pGAHCHS7Ximbq+zYa+jtkLQR0L+Gz1nOr4KbcwfTI1N31ViC3Jw7vEWwHJRRZJiRFTA7zALO8w8p4tH5qYnfZ3/cu7X3rvfuCVR/+DFjsvnP/3OD4I6F5QXYsqMHHvoDa1Rvflk/uu+L7134uq0r3tAiuZ6a5bk+cO+tpqamjXzzzzzTCZO930xYlw1PsFa3VihgY4vrG+1OjbTh2+ADRLPRIzfffovbGEqMOlR6t/AZHM1t6R2/KjK2Pl3u0fHPD656jlxiz90ZXtOv9WY+kdE73o+67zoDQ13fm4tO7Fvff+0+Dqus3Ge7L09Kao8OTA6xzubm6L9ncOeiQarg8/1Ni2Tnw/7g+zbt29iYmJ6ejo7+b3vfa+hoSFzkaVWfCa7fctH5Ld5fguL3PrNBY/wSv3qfZqqPHl9YHzCHwjcWYjrCgVbVUtb4y6epZZGRCtaG4u+HvSNSjGzrebgEZcw7ekZGJ+aXmA7njnY/vw+K0dEpN4dGRgc8AYCdxbIaC6v3dtypLp0i7+HwmOhzk+5r/a4A9KdhThntth21jfWu1K7pNXQ6GB33/iUPBejQsFW0XSgwWUtCE34Bob9UxPB6UhcxxWJtT843lKt93/x/kc+mYgoPnzunWEiY23Lj48We85duhatOPnK4V0moqg09Fn/wIQkR+IcL1grdjc1Ocp5RhT7uvPC+TGu6aiDhj3u0WmFCsscjSeP7t6eRcuMJYKRKDIvR2Iz7q4Pe2VLy0svOosZUTQwdOacW61ufa3Nppdvnv2oX7E1NhmD14f9CrfntdcbrbT0IOv4Mvuz9c0NO5M3q6ohX/fNoeHb0xHiLTUtJ/bX8Ixofsrt8UwE/P5pJUYcL1Q2Pn+srlRPROpdT/fla2OSHInrjEJ59Z6DB2qsJkakhgMjV/q/mvBPK7EC3mJrOLJ/n20dyxj0Ja6jrWH5XG9wesAtudqs+uiMz33TNxacCoZipDOW7WxoOfycJTb00blO/yIR0fSXv/jbL0lXduT1E89ZaX33G5vxuXsHx78OzuvLdjqcorrU8FUfoXpPVOsV/1CfxzMRnI4Qt0O0N+1vdW7FPfOxgNvjV4WmZyvsseC1sfHf+mbsTannlip/df6jq5KlsdkyM+QeD0Q4a+3e5iYx7O6/Nnw7qBBvc7W91JhaLvKgp3A00PVBp4ftSa/cm/Vd6LjkL2p+va1eYCFf14efSsKB/fbIV9e9S+Vnla+u+bA/dGVKPtDpdK+++urVq1cnJibm5uaKiooqKyv379+v0+ky10md3zeRSGhW5huogQAAIABJREFUjchv8/zWpLMcbmurLowHvzzf6w+v/Gks4O7vvTEeiBftqq2qFOLypPdi72Q4szRi2nexwyNzZoEtypPe8/985ped41FjqcBR7M6tni/GZ1Qimh/puPDxF+MSs+47eqi5uiAw2P1xt38T7eeCzSI21XfxzGfjQYVZq6sq+fngmPfiB5euSyoRhUcvv3/OPTo9R7zFXlmk+n0XP/VI0ZCvr3/AeztitNTW7hTZXPBGT6f3LiurathbZeGIiPiKmoa9dU1OUa/OBqXkeh6V1Jnr5y52eoMyCZW1zwiqPHHj6vsf9weiRGpMuROKRYK953oGZE6wFuniC9Pe/t7R2Vw/PjkQVSRf79WhaSJdiZWniCQrsblpaSH5U1WR5MiiPB2KqqRGZmRlUfZevtg/Ph3lBNHMUfpBjhgsFc+Uc3PDX3zePZr63cjw1c7BW7IaJ4orQV/3tWCUSFX813rd3rEQZ6mqrS7Th+Xh7s+HAiqRKg18fulGMMQEu9PhsnGS9+olb0glUiXP2Q8uu8cW+Nr9x4/uEaOT3R9/PiSvb2kCM++qNhOREpQUlcJ+d9cXvlGZxOoqu60oOn2rt3NgSi2yPltXV2EmIuKE2medDQf27BLYOu83PNH/4Sfu0eBcXKcj+dbAZ19OZJaTqY9SvdFAz4cd3d5gvMzR0t7o4ue8HRcv+bZeTaqKf8Ab0om7nSJnsuxxlMWnb3im0u89amRGUhaV4cu/6QsSb9bH5vw3et75h1+d987pdwhGiit+d493RiV62FM4NifJi0sr99RFSQ7FIjMBJZ5cciPH5kY/67w0PG8qE4zp8qM1H/ZcPlRPDmPs8OHDP/rRj/7mb/7mRz/60eHDhxlb9kGfLe3mTnb70ju7kUd+q2Jm19HnJbnDfePzTuuJkxXZP+PKW/67/7klfUkZO/tP3aP+W4FwdXp9UIG97dRpZ7EqDf3y3S+n4wX2E6/80G5QpaFf/vOX05J/OrrHHBm/NrqgK/vBm2/Vi4xI3cmUX3WOjUwdsNXk/QdqeCTh4JBXjlOR8+VTL1YaSJ31dXxyfnh6YDDoOmqecE8qRLyz7e2jFaasl2Xxrb98Lh1HJz7/xUcjgeFg1Lmn/ohBDU4GgzpLXWOr3UBEFJYyvxUNfuX2LxL3zMnkap9woOuDTwamR65NuE7bU9fhna1vt1eYKDbVee79G6HAZCjqKN4m74XKjU/+843shM7S0OgQmPTgX0kz151qb7UXM6Kov2/Av0icpeX19qwVBaqU3LnKV518pdkhxKWBzl9+FlT8QTlqs/K7X/vJ7sw1A73n3umXff7QPmuB5A/Fqaiu/fgxG0dEx1LXmR/p9wTjhbUvnfqhw0BEdiH2iw9GhkZDrqb1tOkZZzJwJMfUeVUlk7313/9Prek7v3v9o191+2/7puPHHPXN+tDoZCjCVz3XUi8yIpof+XQ99zvvd4+n6ra9wkQxaaDrvc9up2a/rPS5dVdvyHvZc4eEZ9vfbrPqiaiiKPzPnRPe2yH7HvNW2h2hSj73aKzAXvdMKSNigtNZdv2z8WvDdeUNWQc+6sqa3zqxT2Ah78W/77gdZ5Zjr7e5BAq5O/7+06A8KYUbSvUPeQpb17EhO5xvvnXAqqfwaNcvzo0r/qDCGtd40QAirPfF+LAx18X5HZhsrSf2yx9cHe3sutLuyv5JVPqqp/em/85cKLwQTy6CUudjcaLUzpAiS5mBiJi+yMRomorKhQIiYnqDiaNpdVGNU3jaL8cpntxXmKGbVSIqmbbSazY8bmrkrhwhMor2MgMRESuudFqMwyNKIKhEdYE7i0RFtlrL8qpRZ3yDvYOTkjIfjiymlulFY990oKYaleUQkc5SYTEyIiKT6LCbB/pD0mQoajcTEVGBYBNMREQ6o2jQUUiNPvzopLyi2/GMq7Io/Ugz3lbjspfoaR0HwPIWh62YERGpYVkOE+nEqsq1zqphtFTZBEbEBItopqAcj6nJ0ykMfHltWJKV+Ugs9feMKTGVzBa7yE3edn/8q4BoFnZYdjmqHLZiFp3zSwtENPzJO8OfZN34nXmVaB2vL6oajatExAyMEYUD179wewIzirKQufNodK3Vn+u83+jdgLxIVGR3WkxERJxor7H23Z5IVdL6q3dempiJEcVWfCZR7kZU2kpz3/Dt64MyEU31dfz9NSIiis/HKe53ewLOw+WZT5Z8qWhkRKQ3GvREEWOpyDMi0vNFeqJINBYjlR7yFF7H3NdotQl6IiK9sUhPFIlvo2f3t8BWTnqyO3/Ib+98rovzO2Gi4/hR6Z1Pxq919HNxIo6IiML+rnM9XkVX5tx/sraIRWeuffqlP/sVQqdb/qqbuaTLzqpEnK3uWGNybxIR6fR8iYiTTMHasiqMJQtMVVMft1a+PUUDgx9/4pZ15toDh1wip8o3Oz9bdn6uB2DEdERE8awj4dJ3kLkPptu+JZp9rNtDrDFdyHpNYMkHWV37yCGW9fgm/xgqqTPurrNfTMf5nU0th2zGuDLc3+kNJa9eWtf2Y2Hc57vtvzPj9345fMPteeHEa87kJhTVHt3v4nXpWzbwlvUthFXngxMzcSLeIvJs1vdpZ/fYotHmbD1iM7L5id7LA9MP/M113m/yX7/0QOmWXiW/RfWWPdvcnOlHMp1ph7il9sqrM8Oe0QgRUUwJLZvi3xm/NlZX7ixOX17+3Fvjibiup3A6iK+u1OybTJcfPBD6vhgfOOa6OL8jZnYcOhm8+/6gvLQaLTanhIm4nc8d2FPDkyqFrjz6y4OeN5vptizfVfm9jtR8NxZWNnbjIR8kj6majkjeydldzmJGqjwhKUQcX2o0FlmFAvedhQmvP2SrzjS6VOVumEhndR1sqC5laijiyapQHWNEFFeUmEorz8maKsvA+Khcs09kpM4FgiEiHV9WtJXmEk+aTq8vIKKoMhsl0UTz8qQcW/FJdwnT7yg1021ZGhuVakqt3NrXWiYekRfiRGW1DQedIqP5keHsCRIz23Y/Z9v9HJEa6P/lv7gDY1LIuVPkC+jOnCwXWOvSJ6YIz67rcILoXd9nXZcmF0lX1lAn6tWQpCwSFdkbG1yVHEUDE+rSHq7UJ6FYKBwl0UTEitZ1v8wg8jpS5gITIdUmMqLodFBKP2SPUr0FZkuRbnhBvrNosqRPtKzOh7bWYRNRacAdjOssbX/Wnn2C7eRfc2LAF6huFNZ9Yw97CutiekYUmw9HVeKZqkiB9b7jPOxFYztjtDTdoaw4gTzyWx9XfuT5NvlC52TqBKjMWCoK5J++1dPZF3UWB/r6g/EHvtE9iN6yp6l6/OLYrYv/dGao0iIa4/LkpD9qOflnxzfZeW3giVK8Pe/4U8WkYzq9uKf1hap9zrLR/unRjl/90mcT2d3RMZnI7GqqMDPOdKTRF7w8Mdz9C8lXLpAclKJlh944aBV0t4L+gc5uqhdnrvfeXporMU60FJE/FPzs3N+7DRxf0dqy9Maqt+xpqBjpnAx2v/urUbuoV/yjwTjxVU32EkZb7/ihJ4XxlRahX5bHet754JaNmx0dm3vItfVWV8veyQ8Hp3v/5V9HK0R9TJ6SdPWvvuR64G9wvFXgbsxNu7+4ZHSVR8Z7vKkD40id+e0HF64o5l2VpbyOlOnJaSKhzGzSF9ubasr83unBT/7rxM5KWxGLSKNjsmnvqR+3rHXSsumbZ/9pkhERxUJ3FuJEpBPq2lvrRUZksIlF16bnPN2f800VNDo4cCfr38JbRM6nKCNn/1kyGwssDc83r+d+WUnlsxVG//h0/6UzSoXA5vy+25lpmF54lOptrnfwnV7/1V/841eVlSJPc37f7ZC4/8evu7bK6UdCY27fHeKqHfblO/2YWFNv83T6v7rudx1b90fPhz2F9Tq7rWB0TO794JzfXkr+Ef86z1q2+mE/0ViOT8NEWlrq81FWrEEe+a1GZxSLOCoQeC7rlbrU1fa8cweRscjIEenF5hMtzjKdMunt7PBEKhsbLAXEm40cESsyG3WkL+aTa624YoHXkcmcujHOIBiJeDPPEbES14lTr77gqBRJnhhxewPRHTUtJ/ZXYuK7TemMopkjovicfCeU/G96WvZPBEMqZz1y/E/bnXaLQZkc947JrOyZI6+0N9s4ImLCnpOvtDRUl5ki0ujEjGoU7Q7RbHGcfNlp4Rb8Ny6f7wuJB+oqjWTki4yMiDhrY2tbrVlHi8qdkBIvYCxZpSU8x4iV1J849fLhKhsfCwyPjAbjQoXz5Veaa3gixnjeQDqDkNqXzfR8kYl0vFC8ReYY30Xyr1PAi2s3vfS2huMv7DRSXPH7g6rY3F5n0ZFJKNIzYlwJzxHHlxiXftOw68iJN16osZWRNHlrStGJlTX2HUZOKDKSji9L34XJbDYSx5fyjMzOw6cP7zTGZO9nPV0ThobDVbyugBcNjJkdR/bvs5E8MTJwwzcVLXG+0P7qEaueSG878OZbLU21Fj4WHL4xMirrKhubjzeuXFOl5wVBR0SLSqrqFuJUIFT84NW/PHXMkfzLGna90NZWbaY7t3o7LnvJ0eI063RFZmMBERFf0XKizmakeCQkTy+oOt0679fsaH7jpTq7hQWGR0YlXWVLc0NZqgiZ+CjVW1xx7E9eatv7jIWbn/L6PBNzRscPXjxatVUmvkRqLBwnTqhvsK08yJmV2PdW8TqKKTEyLqsiZizldWTkBS510czryCgUGRk99Clc7Gh53rlDRzF5yn+Xe7a5rbqQdEWiUUfEHlJ+azzsT/5x2pQ0B//cS4kEaTQYMa4Y/7//Wkvps56lAw1R6iRo6bOhZS5l5RKJRCJ5/UQikYjd037/6W8/Mfzd75Xv8usA3w4KbzPDXwceH1TX+n3Hx+p3v1e4p+5rNBoijUaj0WgoHacuZy5S5hpEyalIZmVmMniKPULHLtX3xYhxjREAAAAgv2hT/bzkWk/EiJfHAAAAAPlEm2oXp/t8iBGj7wsAAAD5SkuU1e1DjHhZDAAAAJBXtEQJynT7ECNeFgMAAADkFS2ljtVPr+9EjDg7BgAAAMgjWiKirG4fYsTLYgAAAIA8kun7YsS41ggAAACQR7RLE5xUny/V+UMeeQIAAADIL9qlCU6qz5fq+SGPPAEAAADkFy0RESW7fZm1nukYeeQBAAAA8khy7pvs9mWv8kwgjzwBAAAA5Jes9b6kQYw4OyYAAACA/JK13pcSiBFnxwQAAACQX7TLdnVjxJg1AgAAAOQZ7bJDnDBizBoBAAAA8ow29T0GRJT5TgMiIg3yyAMAAADkGa1GQ4lMt28pTiCPPAAAAECeYYkEaTSEEePqcfP43e+VXG8CbEcovM0Mfx14fFBd+S3d902PlBUjv83zAAAAAHmGJRIJjUaT7vYhRrwUbx7ff5rP9SbAtvO73ysovE0Lfx14fFBd67dFG+TapUkPEWLE2TEAAABAntEudfuIECPOjgEAAADyTGa9b+67jIg3WwwAAACQZ7Tpbl/iAV1A5LdvHgAAACDPaCnV7dMkiCir84c88gAAAAB5RktZnT/EiJfFAAAAAPkl1ffFiHGNEQAAACC/pPq+GDGuMQIAAADkFy2RJpFIpPt8iBFnxwAAAAB5RUuU0Gg06T4fYsTZMQAAAEBe0ea6s4h4E8cAAAAA+UVLiQRldfsQI16KAQAAAPKLlkhDiQRRqttHWZ0/5Ld9HgAAACCvaIkSpNEQpbp9lNX5Q37b5wEAAADyylLfFyPGVSMAAAB8g6jkn5LVXG8FrJeWKEGU7PNpElkx8sjnujgBAAA2v/nA4NUuNya/W4aWiFLTndTX2Gb3/JDf1vnvWFsAANtXNND17sc9gdh3vBlVGnrvnz7/OrxBWwWPB2a9WwsjSn6BbUKT6QIiRpyKtyx1dqS7s1epOn6i3qr/trchec52BBwvt7p4tsGbt1JsqvfC+/1yVkZn3CE6DhxqdpQ89L5VaaDzN8Gq0+27zYxInfVc6PTZnj/dUPq4txiyhUc/f7+PjrzyfI0pO61KA52Xpvecbq8wPfh3H92878KFK6zxjeU3qypfnf/Qw7edaLVx67qZ7VMt6l1f79XfjkmyshgnnXGHxXXk0EF7cfpfrc6MDnb3fTU1vUBckVj7g+Mt1elHJBZwX+0Z8Et3FmJEnFEo37u/rcmafNij8ti1Xs9oUJYjcdIV8qJYd2D/vsrMzVJ0enwiWnyE54hIDQc8X/Rf800rcZ2xbGdDy+HnbIalLYzOePoGhsaCQWWR44Xy2rojBzLboMoTk4pxt6CnsN/T1XvTL4UicdJxRaK97tgLe8Ss1zdVnrze5/H6JTmiM5aJ9obGZmfpt339g3WKSd6BK95gIBCKsK5f+AsFW33LkQoz+4b6UeWbZ9+9PLHsk5HO9sIfv9ZQwig21Xnu/RuhZffD17z6J8/vWv5SEvZ1/eKT8ciynLnpT041WzlSZ377wbneYDz7Z1x1849P7Dbn+RN+Xdjqzh9ixOl4q4pKvitji8R818aqTjuLv92NqLG7ijIXjhLxG719K8Ujyryxovntl5OvSmpIuj3a39/zSYeq/+NjlQ+ZysSjckiR59Ovn4uyMqfIMTX1oRaeDDUamQtNBzs/tYjL3lfiUXlOUebVDf57GGy1onrhi06bcNKZnmmpM0MdV6f0e14rW9/El7ZPtcSmersuDVN5dV291UBy0Dc8cu1CF/fWiedERqTOuDvf75Z4R92xRkPUP37tRs95ZnizxaonCo9ePt8bMFZWNTWIJlX6enh8+ItO1fTHp53FTJ3xdLsDpqqDRxs4Fo/I0qjb03vhqvnPjjlSLxcxaVQisc5qIgoHej7qGIpZ6luarTQ/4h7svfCF6fVWl8CISJW/Ov/R5a9JtFc37LOZdbGgu+9qJ1/6Wl1J8sXg67EFwWnRK1+dvzAgCzbXkTpRvzg1+pXPe/mMavjxieRHIDU0evXDCyNRcaej8dARwRCXRq70fn5tx6lma17/eXMsNtV94czgnFBd1dDWIBp1aiTovvbFRd78WkNJ9CH1Q0TRuTAVVh4+3CDqUjfGOKEs2eyIRyIxrszReqTCmPqZTs+XiCs/Q6vR2LzKWZqO1tn0mdsoEq0cEZE6L0eIrz3U4ixKVQDTmXaImPgmsQRtni4j4s0V57o4v7X5qcHJePX+4+LN8+5xqbZe3GLPdmYWK/YdLZCDHf6JkFq51TZ/W9LzO+1spNtdevLxt1FN9v3HG2bOdvcMlbXvExlRbKr38yuy2Pz63m+9lyN/ceVHTvy7I5w+9VfZ7XKKZ97tnwjO7xOLWfj2lf6gvq79tRarnogcVeVCx3t97tEG0cUzU+WhH/8PmV+sdtVVm9+94JmQo85iEyvd9+or+zJ3UllhF+Z/ceFuKKpScjdRNDTqj5c1Wk2kSt5+T8Ry7K225B4kR3Up+5fOa27J3mLV0+xob/+Uce+fvlKf7uDaapyNmRtW5eBExOywFemFopN/UaVPb43DWWPv+NXZgF+OVpj0ROHglc/GdXXtf9WSLoFKm6PpCT3E21c4ODAcMu9tfzPzsGf9+R5WP6krc4LVsusBO2qYUbTZbN88VdUbLDbbrrV3LemMZeKuynzfsfOtsFx3FhFv3vjxlNxjp8qTA8EC50s7rTxZBvqH/LuPVaZ3Lyb381rqHJHx62O3pxUyWqpa2w85hOTb1Yynb+D62O3pcEGZrcJVuZhewpVcWmDbVzbj8fplU/0br7hKafbrgcFrXn/gzgLjhcq9h481iEwZ+82F8fL21vrkDaqzvk87f0t1p49WJ1/CVGnoTIdc/3KrY329ZF1mv2w44OlzD40FpyNkLNvpOrL/YNbeVcg9XZH9QJW/u/+K2Nq85puZukbB6NW71y98LtW2vuhI7p1QZ9xdH3uLWk4dSL2ZRQNdH1xVj5xY3v7nyg+0HpQu9HT0i6808sGrF72L9qNt9QIjmp8auNoz6JeUReKFXdWupsbdVtNaNXzKkr11Yf/Qxe5gZXvbvvz7qMW47E8EjOkYI5XiRBS945+Omp3OzMIBJthrxP7+0cCii2crfpGowMh0pK6xsDMqjfX0+VVLg11IPXpReWxKNT9nNZA6G/DPMZurMrN0yiS6KopG/bcV1aqPSL4glb+wW1z7Q4sq+ycVvsLGMyLSL7uOTs/pMhei05N+tbSp7gE3A49RAS8Wrf2wr7t+4MljCSINaZLdX4wYs8dcF+e3Ewu4byo79jhERsxSX6m7OOAP2TJ7ohdlRZ4Yuxp9tvHY64c5Zby34+qlbovl5d1mNj/y6cWLo1ztkbaTdnPE7+7qHldUgSi1tGB6+PYlv8XVuP+gzWpmsanuzvMTJc1tp06Wsej0+JXOzy/q209WG/TR2wNu2dEi6olU5dZ1nzxNntG9FftERqRKw+MSWfhv3C+tzo70XfVFxYO1yd2iM9fPdbm5+rbXn7caVXls8NKnPcZT7fvEx/5owiMwWg8eCZ3v7f96x+FVbZjYVO9aBePkTDR3ZfDWjN1VyoiisnfglnynYGDStctZTETh4MhoRNdg1K28L1ZS37Y/8EHP+XMhoyxxzrZWRzGRKg10nflMEp7d/1pThVEev9J9+Ywcf/vlPaVsdQ3Pp29LnfH2fNzp5+paHfk38V1JDfknJbW0yVbEiMLKXJgZTPqlfzXTGXgWl5R5lQwrHgtVvu2Tdda9S3ueVfnmmXcv+2NERMaKH5xs37O0SHcsGBPqLDxRdEFWFvVCcdY0SGcUCmjsbihKQlgOkcHBx6bc/Vf6JwNRTqysajqwtyb14XluamyOr965RvMvKvv88yZrhaAnIjWshFTOzJPs6Ry4NhwMMfOuWtfBAw+aUsMGMYlOGzvf2/UbtbHZaTU9/OCMVfVDFA8Hbl66NuLzzzFerKyrO1i31OhVYzOjfV2+4UkpahBtz9QfaHCJa36ojsnDfWe941/LcZNoczTuPWhfOkpEVYLXO656R6UQM5dX7zl4YI91Qw8+2Lq0yT4fRoyrx3VX0Wai+IfGFm11yUMNOKtzN3/H45ayDyjQ6Sz1x1t2W3lDqc3RVCuod4KySqrid0/EbUdaX2ywlfLF5c79x+qEZTMOXdnBV9qPNVSXiwam+AfG5ssP/KDeVmzSG0ptjoMNBsl7K8RKHZVF4YkxOZo8SGVM4S0205xvIqQm364m5vjK6jXekFSKTPb8t7/9+U//089/+p9+/tO/ff/jYa7+RHNyuUbUf9OrlDS1OHYJBr2+2OpsfM4y5/HifDqbDhNrWpzxa198FVrxt3lQwagGm9Oml8cmZJWIotNjX8eESotO8gVDKhHNS8NBVdhdKazxpsr46tajDn3wtiI2vHjEqieiqOxxS/rqQ6db9pTzhtJK17GWGlPwpldKb012DRMRkUqL0kDn+50B44Hjr7XY8v5tUZVHOntv62v3ugRGpKrRGDGOy36eM06vi8cj8ZW/GZWufzYgC66D9qXjB5hQc/z1l1491dLWWCPcGTx7bkiKpu5m1L8o1opmIlJj0bhOt+zTC2N6jigej5Maj8Wi875PO3smCuwHDh07UMXLN89/dHkkTMmJy6hSZK8sWvXnn/+674uhiNjUaEn+yeJKLBqTej7+YpRsTUebW52l4eHLZzpW1SFsMENNe/vJvcVS3yf/5W//4f/8+cdnu7+aUtZ60NeqH4rNDd+4TTZXa9t+l5X8vZ0f9gaiqZ/FY8ERj1zoONB87MAzJmXk4kddnrVe8tXI7YHhRaGu8cWWukpu5vq5jkujmY+1i9Pem37dzqajh5prS6Jjl987NyShJIiIiCUSpNGku32JBGLEmTjXxfktqNKoz889czp9DDUTn6kv8/TcCDZYlw6KN5UJmQ/oHM8xiqsqqXJQpqKsT91MsJWa3DOZm9YJ1vKlHZpBSVlQPnn/p58s3bfOsjNOnLW2gvdO+qZjVsvc18NzvLP1YOzq+TG/3FDKT49NRMzO2jUnMpR9ZIManVOCfnfHJ6EjL73oNCh+SY7Inf/4j51ZvyHsxc6zTYiZHY1Nwa5ud+nJhqJM9sEFQyZblc3Y5ZsI1YtFku92rMx1rG7m4qfjE0pVPSd5/Kp4YK22HxERmcpsFn5ErrCkSio2K8d0QqUlU956wcKzcWl6XrVyK2qYiIjiyvDnZ2K6XUePn6zL/0WBqjL2m4+uSmWNp4+kVmcyxigai2VPdNeYqhKpM0MXLl0J24697FreGWdm0WoWiezVrtrS9z4Y+q1/9w/tBlWanIqY660GIiKmYysn06oajREV63REpGPxBcXYmD76vtphF86/e3lg7O6uuqKQf1zhKypXnmcmFrh26byXXO2HXJm/plFHEZk1nkotN3dU2230zgWPT656Lv97+TnFSmqaWmuaWqPhu5L/tmew//2fDzpfeumYI2tN2lr1w4Sag+2CqaI61Yh11jh2nPvloGei0eowFdgaDh2vK3VUJju41S67+Ot3e657Q44j2c9TZq6sO9a+11ZrTb5EOJwV4kfnegYnQ5V7zHpx3+FDdqGqJtktdux22Qve+dA3FNxzbJ2ngslrTKOhRKbbhxhxVvx4Su5xikpD7mDkTvCd/8u7LK/zjDbuTK3BXVpD+8iyfjFOnKXtrfb61fNYscoh3PT6ZkK6275IicsuWtUq3jv+tVRl9d2OCnvsa0191ziywVElxH513n0rVOtQibiyujffalz1LvZdTx0Kj4Fh14FG6UL/FXG/bSn54IJhoqvScHbMLztKff64eGCnaDNXGrt8/rlKbjxIYrPtERZ2M0qtZE3RESOKZmVW3BRnLNKrIck/E3KW5vfkV1UmL314OVi2/40TmZUJTC+Y9SSFMweoEanxeSWqM5kKsiYudz0XOnsU24uvHnI8+HSHjDcL+rgkz6tUII8FIjv22IyMiIgZRJNuNDIbpczO7nhEXiSu0MSIGUuMHJFQkvkIp3YsAAAgAElEQVS4wowlFiN55UVS5/yjc8YKy/JPPrHAQNfZ/rjrxPHWzGEMxIxGg57mBGGpQ6wXRJ78ciSe56fx2DT0ppJyR0m5/ZldF85dGrzVlFzF9JD60ZfUOEuyboAZhRK9OhuOqWRiJlu1K/vWjaUirwtG5leclYXxNpcz+3KRWGZQJ+5GVDIzTnTsyV4Wp+dFno0rSowIc1/Sptb7JohIgxhxdpzr4nxkoTHPaMzS9FL7q69k/XfqkJOfGXJL0Yf+LjOWGmnOH5xLN1Nj0oS05s4rImK8yNPdieD8Wj8z22tLo36f74Y/tqOqkmdMqHAI874b40P+mFj7wB7eKnFVVVV1Pk7MWFbEFOkBX5ipU2kxc4EjUuOrdtfCE6YX9x2pkPsGR5XU3+JhBUOcWFvBK+ND7hF/XHTYipm+1FFpkL033V6JLFW29Z9ijysWjHHZH8qUejh4KxDlBH7l0tU0ncm2/9VX9/ITl9//2PMNz5AtLezv+fjzCb7x9NKSXCIi/Q6bRR/yejP/dFUeHZGo1G5ZOjrW92lnlywee3nFxFeNhpc9H9VISImSyVTA1NDX/gXBke6+syJrhVn1j0xkXk3CkmdyzmSrEPTEeItdLIjKdzM3pkbuBiNkFArUiDR6p9Bemf2CoUruz8/2zduXTXyJiEzWKqsxLsuZly+KypJCBmH1SnHYSGo0uvxlmbFlk9MH1g+RGltZQfKsyop5jiXPXrbsh9GQFCFux6o16NH5ZfevzkvyPONLjGyNbYsqMwoZ+G8+3GRbYBqiRFa3DzHiTJzr4nxE6ozPHWSVrU0O2/L1tCofGX+/3zfVaK158JEfTNjpsgx09l3u4fY3WEly93d754jMD7hyRYPdfb63p4saGyrMpAR9g0OjrP50e4WJmLmySui93HunoLJ9ZykjoqLK2pKeT7+c5nYeX2Pp3hqiijTl8/SOLooHqgRGrNLl4DuudFxmLXX2Mi4SHL/e/5XqbHvRWcxbi5h38vpwVauzVM8MgsiFJ276AqUu64OmO/AkMLGm5dngO5/MRW30TQVDerHKYXT39svG2jabKTkbthn73deo0HnqUQ5N0QsOpzjUe/XiNV2Lwxzze7q6x6NincvCPWQXgclWf/p17uK5q++dmz/9UmN5/q35jQZ6znX5jA2vndizcqm9aefBRsv73Z1nYnX1Fcnz+0p8Y3vqxC80P9Ldcclvbn2l2bG8Ya/KI+c/GIhW1u+rNXNEaiTovebxs50nbQZVHh+NmF2WzBOQic4Gx3DnpQ86pcaq5Pl9h9Wdx5tEPRGxEtfhPZ6Prp7tWDzY+Iw5cut678DXXNXp6qLo5FXZWNG8dL/qjLfnbG/I3t6+YuJLRMRXHGz0vdfbdT6yt6muVJ3w9PSNq7ZDjgfsZYINoUqe9z5wx8UKp7NCNOpInfd7PUMTVN72jJk9rH6I1JC3652+eWt1VaWtlNfHlYmb19yycOBAuSn5jYCdE6YKR7XFIhhYNOQbHBgl24sOM6PY1MDVIWVn85FqM5v/+tNzFyWzw24rt5g5mpeG3Vf8BtfLFWZGquQ584GHKqvslVbRqIspk0N9I2HL/gYL5r6UWe9LqVW/ieSkh9LrPpHf1vlcF+ejUWX/qGKue8Gyan7LSqvr7O6rPv98jb2ANxp4YeltiXEGE1doYkSspP7ECdbXf/2zcwORuK6s5thRl6dvRs+S5xUvNClFWa8ZhpqjL512uwcGuv6+Yy5OhWXVu59LH3fChIoGh0eWLHUVycMamLnS5Si7K1lcq5buJemMRi4y3PPf/rZnKbPDYm9pP+gsZUSktza/ckLoH/J0nOtUFokzV9a6DlYUMyJz7aFjUk9X56/+bqDuzdcbdx0+tC98uetf3rnmbH+7Pf8PXdocGOOKeL5k+VHezOzYf9x/tztWwNg3FAwxs73hGXfvvKMuU0I19dWT12IV9bZVs5xld8KZjAaVL1iaZjW0vakfuOK+/M7/z94dP7VxpomDf4TeoWVJ0MJN0TXSuAkyCBAl1UAhB2KwwYGvoSCBtRnb68lkdie39f1ha3+8f2Hr6mr3bmp++M7dzs1+N9kk5Xhtn0lMmRTEYAOBsSiUE2VhBIbQjpRqirbVRpJb7KvV/SAhBAbHsYmxxfMpV9fjR6LVUr/devvpt1s3V2OQy5W92dPitOi2bcMb2wLhq7rP517/bGxkptSSdT/zFhZ9vuBaBMb+/PuxjexB+9n3jx/WkcLqtt+y3qFR3/Xp1ThoixzHuhtSo4GpLHpmQrFY6Nqf/nQt/Ydarv78qWZLeWdXfGj8zsDFUARAy3LFQm13bZWdBcm3GDlYIWRu6Uah/fwpy/DE+OiQOwJgMNd3HU//WqTOUttzMnb1y7HLM2PAmARbdU+D87Au6vWFDIIro+sb8nsWlVjcc+UTz8asc4WTp85VFxAgfHVrd2Tg2sTghxPAsEVWR3NnXRn+kMFPivDOng4YmvCN9M3GAQByOaGk8WxtjZBPfqD9EJPjWDedHPd4+795DJDLms22tq7G5O32dJbmrmO6Ua9veHY8DlqDyWKt7ulyHmYJQDQiiguK/i0oA9CXv90am3Dfnp7wTMRBe6BIKGk+60ruNAjv7OyAkcnZ8b7pGABzsMjqaH6vrizbNu/npWn43f+XgOSPGeAUp5umg//DDgCJ9Rv9JhLpRyCRSCTziY3/ZeQSiUQi+fxEIpGI/WfOL37+/L+N9t33yov8OULPBxveq+xVXTuPfJf7vNa2nuqn/xr5DwmLX1x0cye73sJfZdsLP751RWf7ekeYE3/Tsu8uLXzBLfG77xXmZ/+l0WgANBqNRqOB9Tj1//R/If0MSI7JTKQrdMngZ+RHFOwy676bq4CY3/d5hBBCP0a+/fRf2198Nkbhnd8Jz/A89IrQ6phcHY6ufn0k7/MAkDzlrUmP9QTMYx4hhBBCP4QpbjldvNcLgZ5dTiIBGgBIpK7u1wAkMmLM7+f8XjdOhBBCCKFdlgPp09yQwBjjTTFCCCGEUHbJgfT4zmS1D2OM0zFCCCGEUHZJ1X1xitNtpgghhBBC2SUnVeJLXtefSGgyYszv9zxCCCGEUHbJWb/UP1nt02TU/DC/7/MIIYQQQtklB2CHKiDmMY8QQgghlF1yXqEqI+ZftTxCCCGEUHZZH++7XRUQ8/s9jxBCCCGUXTaP98UY400xQgghhFBWyQFI1vzSN3fFGGMc74sQQgih7LRe98UpTreZIoQQQghllZzkz9jCE1PMYx4hhBBCKMvkaFJDO9PVvlSMecwjhBBCCGWZ5HhfTUa1D2OM0zFCCCGEUFbJebLahzHG6zFCCCGEUFYhCUhoIHVz10QCY4w34r1unBu++17Z60VA+xE2vFcZrh3008HWld1IqqOTrvZhjPF6/Or4xc/ZvV4EtO98972CDe+VhWsH/XSwdT271/QgIScBCQBNAhIAgDHGmTFCCCGEUJbJSdb5cIrTJ6d73TgRQgghhHZZTiKRrvNtnmJ+3+f3unEihBBCCO2yHI0GEhnVvo0Y8/s+v9eNEyGEEEJol+UkADQZ1T7NRhUQ8/s9v9eNEyGEEEJol+Wkan7r1b6tU8zv4/xeN06EEEIIoV2Wk7yfa7rat9EBwvy+z+9140QIIYQQ2mU5myp/GGOcEe9140QIIYQQ2mU5iURG5Q9jjDPivW6cCCGEEEK7bL3umzGFJzKY35/5vW6cCCGEEEK7LF333ZjCExnM78/8XjdOhBBCCKFdlgMaSCQyKn8YY5yOEUIIIYSySw4kQKPJqPxhjHE6RgghhBDKLqm678YUElszmN+3eYQQQgih7JKs+0Ky2gcJ0EBGjPl9nkcIIYTQD1ElcUmme70U6Fkl676QUfnDGOP1GCGEEEI/IBqYHBvwYOf3tZGzbeUPYPuKIOb3Vx4hhNDzUQMDH10eCsRecDZUmvr4X2/cC+/SUqGfBvZ6Xy8kY3wnpGPIiDG/f/OvL/podrB/WCnt7Kqx6F7aiz68fbHPa25+r2mb1wz5Bj4b1TadP1Fu/JFzVQL3ZP1hawFJ/lfyXrjiNRx/96/s+bu14OjFqdLcyLDHF5QjMdAyeZzZXNNwtMbC7MKs6crti72D4lo6oTXkcUVvvNXksvOp+WOreBr60Dc89vWcJCtrcdAaDpqdTccabflk/eEV/+Tg6N2l5cfA5PGVb3a2lBWmHosFPGNDblF68DgGwBi44tqjbfWW5BasynPjw15/UJYjcdAeYHm+uuHoEWt6tqAuzy+o+U0sAwA0HPDenBj3LStxraHokKvl+FuCHgBUcfTDT6flrUtscp0/1SokVy6VFxYVQwWX2qfQsOi91udRStp+27ZpP6NKcyOjXr+4rNADRYLgrK+rEfRk65zRrotJ0+6R6WAgEIqQgT+LBzihpqWpxEQA6MrXn14ZDsYzn82UNX/QVWEiQOU7lz66tbDpyEgrvP2rc67krv4pzXIDVRZHBqd8QVmJxEGby1lKG08etXPppv3onvsvQ5OLy5E4w3LWuhPt1YUv7fvwFUeS3R1IXd2fwBjjdLzXjfP5qZJvZG4NiG98rrTH8bJ6A3RNCa8ueyZ9Dr6G27yXUgPu0XlZMcfiO/71TjOVfRPXpgt73j9erAMAIAbO/ku7jtuNThXaJao4denyXyS2tKbByRtAVaSFmcWBz+O686129oXnTmNyOM5WHm1xmAgAjazKsiT6fVc/CgbOdrYKemwVTxVbGh64PgPFZdU1Fj3IQd/M7HjvAPN+11s8AaArnv5PBiXWXt1ep1fF+fFvhq4S/XstFh1A2H/r6nDAYC2td/FGKt2bmZ+52U+Nv+px5BO64h30BIyljSddDIlHZMnv8Q73jpl+176+xmOSXwK+2mIECAeGLvZNxcw1Lc0WiM56Jod7bxrPtzo5ohNcp39TomzsF+KS++bwch7PalMJGro395hzmI0EgD6aHR64NrkcAzBEopmFRlWc+PjyXWP18Z4WMwurS56J/svX6fnke0Q/ndjSYO+FyVWurNTV5uINWhoJesZvXmNN51wFhEblCLCVx1oceanVQLTGg7wp+R91NQwHrMePu/j1dU0Yrmi947tzs9xAV2733phSeZvjaHERhBcXp32+q5e1hvcbinUA9JGv7/Mv/Lk219G3OAj4vVNf9hPDqXds+pf9Ib2SCEBGtQ9jjLfEr6Xo0uRivOxoJ3/nqmdeqqx5ifv/XJaNTU0s2jrKMsq7VJr2LBET89xH3PH4xvec0VJTb3nh5US76JF/3BMw2M+dTx2fAFTU1B+nagx2rcaiZVjzYWu67lP1VkO1t6/vet+Y8JvWciO2iqdgipu6/r6J0aU+uwqng7/w0cRCMHqEzyfh+yMTQV11x7lkr8JeWsz1fTzq8bt4J0uM1mMf/EP6D8uc1WWmj3q9C7LqyDeSwiNnzxxJv4i1xMZF/9z7MKRSYAkAgBryi/GiOosRqDQ94Y2Y299vc7IEAOxlheTf+8c9kq3FogOm0GIpXJ8NVeY8y3FzrcvOpl6VysGFiMku5BEAqgT9cn79qToy2T++6T1GlzzzCl/T3VBSSACAKW84qgR73ZP3nR0lP/I8E/oxwkH3TMhU25HRKxXKHXUZz9AaiviMLXcLhrOYDwtPHLI+tVluPI0UHjnz3hEdk0rZq+wl1z/sCwYUWqwjatA74gd7V2eys2uvPMT3XhmYuCtZX+YX4quLAED6ZDdOcbpp+nqi8qI7mOt495CFBbN7YkqsaLeuH+nSR97efp+52h6Zvz13f1kBg7m0teOYnSNPewhAlRanJr3TC5IciTNskf34iVZ7wTY7EKJlrU4+6BsXhdb0Hk1ZvD2jdVbzntHV1FKEJd+kd8ovBh+sAZMnOI52Js+RhRe/uOLVVZeC/45PjFv/WzW9MTQTAYDlz34/C5Br7fhVT4l8/aLXeLKt2cKo4uiF4XhNbcHSN3f8YogypuK6Y931qb2wKt0dGb3jF5cVmssJ5Y0tdXaOUGnq3z76y3Jm+bnozQ/ex73hC6AAoNWxPLu5p0t0qQawU+N5+ur7AaTA3lDt/WjCPffocHU+CS9+sd4qAGIrPs/I5OJCMBRj8sy22va3K/jkTMOBr78a8yzICj3ACSX11QX+UdHa1VbDEYDokntsaFKUlDVgucNlzvq6Ckt29JvIpqNOQrSEAIU4AKgPxGXV5HDw608gnK2cn5jwB9acLNnyhwC5BqIFus3ATlWaGxoVqdllWz/ho8pzS9T0lkUP9FFAXCWC05rutRh5Z0meX7yvUItu03YXC7gn75GSbkd6c6SyuKiwJQJLAIBwFe+crQD6aGryyUV4cqnWFHFRUkuMeJL7p5XL8nm7+xn/QLPMkN7JbPyXJL9lqBKQwuwhp7D+3UfyrQ4L6bsfUJw8h7v7dN0XMjo98MQU8/sz/1qKBTx3lINVdp4AMddYtdfcYkioSJ1mgjVZkRfmxtRf1rWfP84o88N9Y9cHzebTFaanPERi0sLdIBxqOtVsMT5eGL858OUtnu/YOrAhiS10FQUvjc9KZidPACC25PYqZQ2N3F3P+lPCwTm/nOts6uo2a5WZyf7hm4NmrseeT2NRRQpO961wZVWNHSVWK2+qKn1rvPfjbwq6//bEYR0AAJXvK8pDGokDAA2vysFvr4++0djS+t87QHTfvD56a8RyqlVgqHz36sUJ6jjec9LMxlcX3DeH+iYMZxqK+Zr/5X+tSS4Gle9evexh6kqx4/tCiN5sK6SDY5d615qb7IfZLZ/mjo3nKavvmV7WUMgb4r5gSK3O18Wi6VYR9o999tWK9e0TH1hNRJG8w7eufsX8uqPESB9O9fUPi/rKpo6zNlNM9A595RbDelaNA4DkHrjwlcT98ui5+hKDPD8yeOuCHP/t6aqdClavLRoSFyVaWC/kEYCwshomemNGD5Ro9SyJS0qUwtbBslS+75O1llreuJG5c+GjW2IMAMBQ8mZ3R/rjovJcMMZVm1kA9bGsrOm4/IzukdbA5cLcw5AKfObpIXl+ZCZqaag+vPECq0tzq2zZIdMPrAU9X8aTz6cG3aY2l2CCR/fcYx5Zq6WrkRgFXbatwleIkXcI5OrwwBe0rtlhMW73SVMleLtvbNovhYipuKyqsaEq45AyHg7cuT4+6xNXCctbq6sbqwUTAfXHNMsM0cBMkLKlxSwBiIaWV0FXZsgsExvydCBJkThg3xcgJ5G+pD99wVMyxvy+z7+WFHFqbk2oLjERAGAsjgr2gdcjZV5QoNWaazpbKiysvlCw11dy9EFw/c40Oz3EFNe393TUlFvyjSzvrHdayMMleW2HJdAabdVOuPu1/xEFoNLseLDA5eAyCwMmW0PP6eM1tkKTsaC4utbBx+Xg43TdxlB54ten62ps/A994SXl2VuOv2UtNLKFdpezWBeVpCgFKk17JUNFc10Jb2R0bKG9oc6q3vcGoxt/Rx96BydDwtFmvDrqRZHC6rbfnq7mlKnP/vinf/w//+3/+ezG174VNfXo0xvPtqvvGV8210AA1Nim59OHvkmRlNU123mTjjHywpGGUka8u6AAlRenxLi5qfUdl1DI5lscda21Jm3yDIAqez2SruxYT0tVMasvtDrbW8qNwTvTUrZdvE7l2f7h+7rKWidHAChVY0AYRpvxDMLotPF45ImB+ap0+yu3zDkbbRvbC+HKO8+/e/ZUS1tdOfdg8tKVKUlNvYxfXOMreRMA0Jga12oNm16D6BiAeHzTi0SXJjwSU95YuXFCiSpBv5Jns+b94J7AZD/R8zavjPb9j3/64z/+04VBsbC+QdABVbNtBb5q9OUdHd21+dLo53/4p3/55z9evjR4d0nJ/NDXlqfviNpD9SePNVcWqHO3Pr4ytbFVxVZnvrkPgrO17ajTAuJw/2fDAfVHNcsNNOSbGPSBtc5u0QEAjVMAJjez5RCiZ4Bud95iPyLJn7GF5M2tMMY4I34NUcnvE5k3etZP9BD+jZoi79A3QZdlY9ybsYhLH6AzLEMgTmnqFMj2DwGExTtD43eCy6uhyFocACDX9pQ9CClw1pt9w54lizMycRcqTxw2EvogYykV8fawxxd8qIQfJ69yYblYahHIAUsZ9+ynmgmTZ2Fz15eYYQiEaRxoVAqGIsvyh7/3ZDz3QOXGMtOA+9Z4rLS7SciO09p7jRRaa/7KWvNXNLoiryyLi7e/+o+RCUfPmYbDxqc1nu1X3zOiaxEKkB7tl6SuiNJjWez7P77JSDKHnJTSSChCTC4hfUhFWJ43MfcBAGKP5JiWs5rTjV/HmVkyLy1HqSU/a2pEVJn74uKYVFTXs34nFkIIqLFNV6Bu01UFoCtTvddHwkL7aefmkyTExFtMPICtzFlZ+PGnU1+LFX9l01NpcSliqrHoAQCIlmzttVCqxgDytRkvQqW7I35a3OLMGPJCQ+K8wpZYt55J2BZjcbX/dxcNy6vUUGDSQWj6GhBGR7Jm7b2qSEF5fWt5fasafiiJ972TE5/8cdLx7rvt9nyi448cP2bjSsuT92OxVzhtuR9+5psKVrULDOHKGzs4Y0lZqgzsKLcfvPJvk96FulbzMzbLDOGFiUtfLhpcba2pWgbREoDIWubXFKXRGDDYIpJS430T67/mlawCpu72ivl9nn/tqNKUJxh5EPzw99Ob8lqvv+7Q+hAF7c7b/g4PKXP9vWOScKzn7yp4HUB47tL/HHv6gujMzhpD32DvClC+7WQhyRyORx9O9Q2MqKXdZzrKOQL04dTFK5uvXPlxOyeyzc4sTkHLOto+6BC2HYimipMD01pXV+3LuwHcPkH0hbxQyAs2oeDjT93jc85iq/T0xrPd6nsmNLIiRbSc2bRpHcYByAHbyTM99q1Xc6vK0xoWgdQQ2BQtEAAVfvR9SV5ZVFm8/tmtYNHRX3elRyYQHWfSgRROX6AGQONRRdUajRkFM/rQ29s/pAjvnD1m37kbSlgTp4tLcpRCrjwXiBysEpLnm4meN2r9kUcZAxziEXkNmAMZp8gf+Se8MudsL8s40qCron/VUGJ+tvM/qaUwcgUAABBTAiHVUIp3/nhpdMaCYntBse2Nw71Xrk9+W29zFhKGt1fxmc9heZbMK0oMgAFdQbmjIONBYuAKdPRROAbP1CwzhMWJS73zurrOnvr0EOFcE6sH6WGEQnrYEo2sqpDL7dyB3ldyIFXt2xjlubkKiPn9nX+thOa8/pi5/t2Os2cy/p065mBXpjyS+gxz2BZVV0NULzhKkvsVGnsc/sHTRiTf3lCulVdZV3Xxlv4ljcph4KwVh5N9cbomh5/Ww9ASABr7cSeqiJ5jGVUKytu+57A4NLhorD+KF7jtFlV5uLVJEC0BoDT+PI3nWdBH/lFPQCe4yjbXZZl8zhCXFlee/CUEwvIsrIrB1fXXj8kLwVBs469kMZRuL+HgtwGV4dhsuUFsWBy6fGOBrevp2DSCWXdQMOtC09PpnQOV/bMSFNrMG1fH+r7sH5D59tNbOr5U3bwiaSSkqGA05hIauic+5uzrRXSSZykxUXF2IX0qPCx5F1eNQkl6IJQa8H29QGx1Fbwuc4aS/8EBm/WZur5UWVnJWB6qiO65KGct4fDg9qdF1S3DSgjJOMTc+qiqrCigZ1kGAIDGtrYg+REl+SxDfrhZZs4zMHW19y5Ut2Z0fAGAsFazUbnvFdfHudFHC9MBypUUP9NphOxHEpDQgCYBoElW/pLDPNdjzO/n/GuGrvg8QWJtrbdvKXZSNjL/yYRvqc5S/lzfBMRQyOuiovvOLFt1mAl5R+/KsfgPDhUgvLPn/RLCPjGaluRZOK3X752yvuksgoBnakGJw473pyJGvlCnzrsnRa5OeOb7kjPFtU7u04lrX+pb6kothlhg7o7bE7J2tB3h12ZvTgT4unOV292nAj0HNTDy2efuGGerrLALJoYARIKeUa9IDnXa8nTa52k8O6NhWRL9897p+YVYYVPX0a0/laLjHC6zt//WNcObzdWCga4sTHungnnNpxqKudJGx51Lo7eGmKMuC0g+9/B0KK7NS/6V3cFPDY9dG9e22E0x0TswOK/y1U5zVpQN1cDQlQGfwXWuq4rfsgUZDzXWmT8Z7L8Qq64pSd5IVWLrOtZ/HSA6O9h3XTS1nmm2b748iMqzVz91q9aaI5UmBoBGgtPjXpEc6hb0VJ73R0xOc/qwgfAOl32m//qn/VJdafL+vjP0UGe6p0If+UfvKryr25rZs6FhcV42lDQ/02VJsYD7xoXp+OHqaoegh4joHp4OMPae2q1vF+0uKnk//tQT50scjhLeoAUaFae9UwtQ3PaGiQCVvBc+9YK11Ga18AZtTFmcGp0Nm4+6zAwADU0PfDgatZSVWoVCVhdXFu6Me2SuoaHYCABPaZaxJffYlHKouaks+RJXr3ioo63niR9U0pmdjbZvv+i7RoNV5cn7+84R+6kKrHgkkWSnR5Ou/CWtx5jfz/nXC5VFv2Kqftv8xO6eFJZV2zxjPjFabstlDXqW2/haIozemDr5uPNDOqH13bqrn49d/tNfgOEcTU677AXdE2eOiJY15KmG9PhLYuI2TmkRpoBl44wWgOQ7T7bKnw8MfvrJIBwQautctpDXwBAAwugNBr3RuGnOOsHV2RC6erPvXyaAdbT99rjeYNAbdVoAIMY8AxvfOIVF9EaDPpY8L8Y7z50/MD7hG7w4IUfiWtZsr621cYQGJkem5WXo/0N6VAhbfvY3Jw7jsN/nprM0n32Xc3vc02NXkzef0uaZbbWnG6rKWQKwY+N52urLRBhWF/dM/Mf/PpFO5RZVun57cmNsaKrl6LQApNDR+mvGOz7pueAejMTBYC511VVZdMk73ba2xwa++Pw/3ADag6XNTXbv4P3kiXne1faezj3iufXhzdUY5HJlb/ZsGnv6GguLPl9wLQJjf/59xmiTg/az7x8/rPfAvgAAACAASURBVCOF1W2/Zb1Do77r06tx0BY5jnU3pN43lUXPTCgWC13705+upf9Qy9WfP9VsKe/sig+N3xm4GIoAaFmuWKjtrq2ysyD5FiMHK4TM6ppRaD9/yjI8MT465I4AGMz1XcfTN6uiyrfeZcbZVbrplho0KvpCBsGV2fUN+wf+fGU+kvrf4B/+t0FgzG3vd9RwTHFL53vs2LXhocsTAKBlSxzdbXW4Uf/UCO/s6YChCd9I32xyKD8nlDSera0R8pM74c4OGJmcHe+bjgEwB4usjub36pI/z0ZMjmPddHLc4+3/5jFALms229q6GlP3NXtKs4xFRHFB0b8FZQCxwPSdhcgaTHz+h42dAxgqWz7oKjOSfHvHKYNnYsQzcfXBGmjzbG+3tuIPW6zT1P+NRwOa9epvIvnLXpsymN+v+a/+ryqAjR+5SCQ2boeWSCSS+cTG/zJyiUQikXx+IpFIxP4z5xc/f/6ft/rue+VF/hyh55P1DS/sv/Hhl6v153e4W9+r7VVdO498l/u81rae6hc7rxIWv7jo5k52vWV5/VZNFvjxrSs629c7wpz4m5Z9V1d9wS3xu+8V5mf/pdFoADQajUajgfU49f/0fyH9DEj9LEX612eTwc/Ijzhbna77rk8TsDWD+f2aRwhlkejs4A1PzOx0lAhFTET0Dn05q3JHBRz/t5vy7af/2v7iszEK7/xO2I3lQS+HVsfk6vAystcHeTUrjph/FfJ73TgRQrsol7cWktHZgc/+EokDMHlm29Fzbzuz7tcrEHr5mOKW08V7vRDo2ZF0dydZ+UvFAJjHPEIoixCTta7HWrfXi4EQQnssJ13nAwCMMc6MEUIIIYSyTI4GNIlUtS9zmsA85hFCCCGEskxOIpHQpKp9kBFrMI95hBBCCKEskwOajGpfRox5zCOEEEIIZZkcSGyp9qVizGMeIYQQQijL5CRrfhnVvkSqCoj5fZ/f68aJEEIIIbTLkuN9NRnVvk1TzO/n/F43ToQQQgihXbY+3jezCogxxlj3RQghhFA2yhzvq8EY400xQgghhFB2SdV9t04TT2Qwvw/zCCGEEELZJQcSCUiP70xPNRrMY36vGydCCCGE0C7LAQ3ARrUPMip/mN/3eYQQQgih7JIDCcio9qViTUaM+f2bRwghhBDKLjnrNb/1al8iXQXE/L7PI4QQQghllxxIAGgyqn0bMeb3fR4hhBBCKLsQgGTlDxLJOh/GGGfGr4bvvlf2ehHQfoQN71WGawf9dLB1ZTcCkKzzJXCK063TV8Yvfs7u9SKgfee77xVseK8sXDvop4Ot69m9pgcJORsjOxMJjDHeFCOEEEIIZZecjQv6NRqMMc6Mn7kVIYQQQgi9HnI0AJDs7iQSGGOcGe9140QIIYQQ2mU5ie0rfxrMYx4hhBBCKMsk677r1b6NOIF5zCOEEEIIZZlk3RcA1mt+yT5Pqv6H+X2df+ZWhBBCCCH0esjZWvlL9nyerAhifv/ln7kVIYQQQgi9HlJ1361TeCKD+f2XRwghhBDKMqm679YpPJHB/P7LI4QQQghlmZwEJDZV+zZizO/3PEIIIYRQlsnRgCaRUe3LiDG/3/MIIYQQQlkmJ/U7BuvVPg1sVAExv8/zCCGEEEJZJme95qdJd4A2TzG/f/MIIYQQQlkmJ5FIbHR6MMY4I0YIIYQQyjI5yZ8zSHZ3MMZ4U4wQQgihH6JK4pJM93op0LPKAUikq30YY7w5RgghhNDTRQOTYwMe7Py+NlL3eViv9mGM8UaMEELoOamBgY8uDwViLzgbKk19/K837oV3aanQTwN7va8XkkgkNBpNAhIa0GCMcWa8143zBdBHs4P9w0ppZ1eNRfeSXjIw3nd9uby7o6KQZGTlu1d773Atnc0Ck/HkWGC8//oD57mOEuO2MwsvfnFxyniys9nCAIAqjl4YjjeeOn54+2ejPRb23/hkFJrOnCjftIKo5O6/vlzVs9Nafk5RX2/vCKn79ebZUuXu1c+8bFtX66aWtjP6yNvb7xNO9LgyG2w2og99w2Nfz0myshYHreGg2dl0rNGWv/6u6Yp/cnD07tLyY2Dy+Mo3O1vK1j+RWMAzNuQWpQePYwCMgSuuPdpWb0l+7Ko8Nz7s9QdlORIH7QGW56sbjh6xpmcL6vL8gprfxDIAQMMB782Jcd+yEtcaig65Wo6/JeiTL7HUf+WTb0KbFpgtP/ubE+sbO5UXFhVDBaeDsOgdGL4jSqFIHLRMHm+rbn+7itclW1rvv321HN/yxg2lp/+2tRx3Gj+tmDTtHpkOBgKhCBn4s3iAE2pamkpM5AfaD5XvXPro1sKmIyOt8PavzrkKyA+3ipSwb+DPn89HNuVM9b851WxhgK58/emV4eCmRsGUNX/QVWHK8g3+mRBId3q2qfxhfn/nX1uq5BuZWwPiG58r7XHkv5TXJCynj4x6p2tLmy3pXUtMmvb4l0OMW3QJZRt7rbA09c2Krta0U7ecxqKKskojqd0WDa8q8lpk6zcbekVQNbIaWg72f2nmN32vxFV5VVGilALs5peNXqjkae/NfoHrdqz3tOjKVN/Ykq7qXNGzdXwBANZkZVWRY7u8dK+c2NLwwPUZKC6rrrHoQQ76ZmbHeweY97ve4gkAXfH0fzIosfbq9jq9Ks6PfzN0lejfa7HoAML+W1eHAwZrab2LN1Lp3sz8zM1+avxVjyOf0BXvoCdgLG086WJIPCJLfo93uHfM9Lt2O5t6XckvAV9tMQKEA0MX+6Zi5pqWZgtEZz2Tw703jedbnRwBiEciMabI3tpUYkgtsFbHFvDpnQUN3Zt7zDnMOuXu1V63zAnOpmpet7bkv+ubvnWB6j/oKjEC4R2t7/EhNV17pKver8b8LL/jLgbtjtjSYO+FyVWurNTV5uINWhoJesZvXmNN51wF6lPaDwCoq2E4YD1+3MVrUzMjDFdUQAB+uFWkUDUWpYy5/mS1oEvPI4+3MAAANCpHgK081uLIS23gRGs8yGPHN4lAss6HU5w+Md3rxvncokuTi/Gyo538naueeamyhn8pW7vRXG419vtn5HoLn9oRqSs+f5QTODU4u6CUONnUcoSDswu0sNGah3uhrKFjD9nI7KCnsPunL6MabUc7XSuXBoemijqO8AQgtjR8Y0Tmm8/XvqyzHK8Rprip6++bGF1qrVQ4HfyFjyYWgtEjfD4J3x+ZCOqqO861WHQAYC8t5vo+HvX4XbyTJUbrsQ/+If2HZc7qMtNHvd4FWXXkG0nhkbNnjqRfxFpi46J/7n0YUikkN3M15BfjRXUWI1BpesIbMbe/35bcA9jLCsm/9497JFtLanURAy8IwradEioHFyImu5Cn4/K6/65Ut740dke5re8/LgVEWS0x6gB0+RZh4yA/vHAjqOY5O8pfzq5v/woH3TMhU23Hey3pLU8od9Qlo6e1n9STGc5iPrzDiZqntIpNdHqzIOxwSlBrKOIPW7P9xM5zIamRnRpNAhIZMWAe83vdOJ8TlRfdwVzHu4csLJjdE1NiRbtVv/7YI29vv89cbY/M3567v6yAwVza2nHMzpGnPQSgSotTk97pBUmOxBm2yH78RKu9YOsOxcjbS/S+hTlJ5Yt1AABqcH4hxrvaqgL9N30LUXt1skr3SJwOQFGdlSU0LPkmvVN+MfhgDZg8wXG0M3WybGfqQ+9XN6a0rp42wQigSndHRu/4xWWF5nJCeWNL3cZ74ZxWdd4zt6J1tL/XxGOn6KelzbM1lIqDEyN8a/O2X2b00T335Pi0GHjwmLCctfZ4u4vX0Ye3e29Ila3v2JMdF7riGbg8nddyqiH1ZaYGBj4do01d7dbMeTLFDa2NUu9Q3wR/po4Njl2bXrOdbKvhCEB0yT02NClKyhqw3OEyZ31dhcWYGoDxRVA4UrTinRZlY82vT5kzly4sTl0bDFo72o5kX3eJMJmNnxAtIUAhDgDqA3FZNTkc6a2DcLZyfmLCH1hzsmTLHwLkGogW6DYDO1VpbmhUpGaXjUt9eqo8t0RNb1n0QB8FxFUiOK3rh75g5J0leX7xvkItuh/4sKksLipsicASANBtWhqtjtHu8Ecr3tFFaj5ab372kwDoueWyfN72e9dnbj/o5SOQSIBGk67+YoxxOt7rxvl8YgHPHeVglZ0nQMw1Vu01txgS0mei12RFXpgbU39Z137+OKPMD/eNXR80m09XmJ7yEIlJC3eDcKjpVLPF+Hhh/ObAl7d4vqOG2/LFxVjsb5hmvvUFXcVWBiAamLmvFtVazWZWYK7N3A85qgoJUCXoDYLlbbOJQCg455dznU1d3WatMjPZP3xz0Mz12HcapEEhLA193n9bMbefMhuTg4kvTlDH8Z6TZja+uuC+OdQ3YTjTUEyS72VIMpe6mk4cLuGw4/syGCyNTaGrwxP3Dj45Mju2NNx/daGgue1UdxFRl+dH+m9c03V0OxgjrI5MfrticxYSAFWedn8rP8h1LzoPO/KTpwj8Ea3L8EQvhxTUtB0NfDp09UrIIEuMo63Vng9AJffAha8k7pdHz9WXGOT5kcFbF+T4b09XFZK4KoeWZ+5fF83OuqONgsVEouvzoivTQ5f7Raa61Z59Hd+taEhclGhhvZBHAMLKapjojRk9UKLVsyQuKVEK+i2fBZXv+2StpTZjPIJ858JHt8QYAICh5M3ujqr1ChuV54IxrtrMAqiPZWVNx+VnbINaA5cLcw9DKiTnRWMr/tEB38yipOp54Y2aBpeTT562Xl2aW2XLDm1zPKzKPjFqtGyzbYf8Hrec5zzzQ0fR6MUZeYdArg4PfEHrmh0W41M/8CfbD0A8HLhzfXzWJ64SlrdWVzdWbxR6d2wVW+cbk2dGL03P35PjRl6w19U22jbqMlQJ3u4bm/ZLIWIqLqtqbKiy4PhvgNT9fZPd32S1D2OMN+LXkSJOza0J1cn9PmNxVLAPvB4p84ICrdZc09lSYWH1hYK9vpKjD4Lrd6bZ6SGmuL69p6Om3JJvZHlnvdNCHi7Ja0++uK6ozMZGF2YkFQDCklekFofZRBiL3ayT7y7IFICGFuYlYnEI+QBgsjX0nD5eYys0GQuKq2sdfFwOPt6pLECVxesX+26HS9453+rkCQCVpr2SoaK5roQ3Mjq20N5QZ1Xve4PrfZqDju4zrW85BP7pu2S0ewhf3uKIj9+8G9qyFhXRPRctbnizRsg36vSFgr3RpZemvw1RveAQdPLcgkwBQF2euxfjrGat5AuGKABEpZkg5SqsW4+yAAAIW9Z60q4L3ld41ztNFh0AqLLXI+nKjvW0VBWz+kKrs72l3Bi8My2tL422qPFMR7urrJhPdeworEnu/k/6A4aGznMtQtZ/LVJ5tn/4vq6y1skRAErVGBBmU/2UMDptPP7k4HpVuv2VW+acjbaNQ1PClXeef/fsqZa2unLuweSlK1OSmnoZv7jGV/ImAKAxNa7Vbjp6IUTHAMTjqReJx4KzXvmAvaG5veENozJ77eKAV6bJjotfybNtMzgqem/05lSEr68zb11lquSZEInV5bJg0fcl0Jd3dHTX5kujn//hn/7ln/94+dLg3SVlu134du0HYqsz39wHwdnadtRpAXG4/7PhgJp6bMdWsQWN3HfPrHHVde+0VFuZldtX+q7704e1a8vTd0TtofqTx5orC9S5Wx9fmZKw7gywabzvnlcZMX7l4tcPlfw+kXmjJ3UNNRD+jZoi79A3QZdl46J4YxGX7g0yLEMgnr4aafuHAMLinaHxO8Hl1VBkLQ4AkGvbdg+i42xW0+2Z2aWwmRfvimBpFfIBQFdUYTVc9y2EajjtwswKEU4UJ+s9inh72OMLPlTCj2NxAACW2/7aIxqThj4LUs7Rc77ucHIRaVQKhiLL8oe/92Q88UDlej+etQg40OGlIyZ7XX1wYNBT2O3KS2dVOSgpj5XPP/nHzzeeqjUfigMYhVLBMOBbCNXweZLvfqzI2V69cu3L+QWltIaRvCLlG7Yr+wEAgLFIMLOzcok51TeOPZJjWs5qTrdhHWdmyby0HKUWBgC0nKV4Uzc6rszcuBDTHj7Z2V2d/YMCqTL3xcUxqaiup2l9oC0hoMZimR3dbbqqAHRlqvf6SFhoP+3cXBknJt5i4gFsZc7Kwo8/nfparPgrm55Ki0sRU41FDwBAtGRrZ5pSNQaQr9UCQK7gOtZZXWi3Jmt1ZU4b//9+NHR7OmRvMoXEeYUt2RgskRILjF+/Og3OjmPOrQdFdGXO7VUK6zsOZf1hzKuCFJTXt5bXt6rhh5J43zs58ckfJx3vvttu37jjx7bth3DljR2csaQsVYh1lNsPXvm3Se9CncVufEqryNxOicla3d5RK1RakrsIu6OEv3hlaHIxZK0y6fgjx4/ZuNLyZLXYXuG05X74mW8qWNX+jLeCyWoEMjo9GGO8KX7tqNKUJxh5EPzw99Ob8lqvv+7Q+hAF7c7f8Ts8pMz1945JwrGev6vgdQDhuUv/c2yHORC+spT3eH2iFJmWiHA8VUnTcXar3jczH7Dk+mTGWpe8MdHDqb6BEbW0+0xHOUeAPpy6eGV8p/lqcw0cLCuS+GAt1feFOAUt62j7oEPY2sWlUQAA7Q7DAdFPS3+4oU7qnRjhjwobyTgw5rb3nxwnA0B4p1V/aU6U7YU+Mc43HOIFk9Uw4BNXrcx8EPhmIf/Ze6UEUiNZU7RAANSMzNZhOoY8HQ1J4krIUZjdnV+qLF7/7Faw6Oivu9IjE4iOM+lACqcvUAOg8aiiao3G3IyOy0Nvb/+QIrxz9ph9azd0A2FNnC4uyVEKufJcIHKwSjAQAACi541af+TR+gAHAIhH5DVgDhgJABCjUObMnJGhkGe1wUiUUq3oXzWUmDcf+cQC7oFLE3FnV2dr+jKGtHDQPS7pKlud2T925ZWjMxYU2wuKbW8c7r1yffLb+uQopqe0H11BuaMgYwbEwBXo6KNwjIJx51axeRMmrOB0ZP4/jy/S04WHEQomwvD2Kj5zCVmeJfOKEgPAvi/kQEanJ3PsL+Yxv9eN80cLzXn9MXP9ux1nz2T8O3XMwa5MeST1GeawLaquhqhecJQky6g09ji882kjwpXY+fjC6IQ7SITK9Lcd4StLDcr8yPiszByym9fvQRMGzlpxONkfomtyeL2PQrTJvm3GfAtqOjq7bWu3P7t23f+IAgDRcyyjSkH5ud8Y+ono+CNNJfLopF9JrVDC8iw8XEgPR9mE4StLWGV+yjMrxnm7kE90hXarXp6+45mWwFwqsM/8ukw+Z4jLYijdIsLBbwMqw7Fbh66u0xqFo2fP1rILtz657H3+LeTVFxaHLt9YYOt6NobkAgDoDgpmXWh6Ov3WqeyflaDQZt64Otb3Zf+AzLef3tLxpermvQCNhBQVjMZcQkP3xMecfb36TvIsJSYqzi6kT4WHJe/iqlFIDdWlamzTjNSQFAHmoB4ikv/BAZs1s+tLJc+NS6NR27YdX6DSjMcX4+vrzXi+52Whqrr5y4CQTZ3THdsPAI1tbUHyI0ryWYY8pVVsrfOr0U2vT6OSHCVsgYFss2yqsqKAnmWx4wupuu+T3aDMcZ+Y37/51wtd8XmCxNpab99SB6VsZP6TCd9SnaX8ub4TiKGQ10VF951ZtuowE/KO3pVj8R1PKZI8a2Xh0JdBmbW3mTe+nwgn2LnJ4cU4V3ciNRSB5Fk4rdfvnbK+6SyCgGdqQYmDBQCAMAW8Yc37zd0li7OYTRepCu0nuxjm2qXez9W2jnccBcW1Tu7TiWtf6lvqSi2GWGDujtsTsna0HeGe522iXUT48pZfBj/8fFUVIHlE5LJ5rg4PDUCdq8QEStA3OeUnNcmfvdDxpXaDZ3hCNlS2CcZkb1gwTHjG4YDj1I+5NEXH2R381PDYtXFti90UE70Dg/MqX+00MwA7/rqYUajpOc9cuzL28ZVoz7t1xdl3slwNDF0Z8Blc57qqto4CMh5qrDN/Mth/IVZdU5K8v6/E1nXYU+X56Oxg33XR1Hqm2b65YE/l2aufulVrzZFKEwNAI8Hpca9IDnULeirP+yMmpzndTSG8w2Wf6b/+ab9UV5q8v+8MPdRZz+tSv/3Wv2AssZeZzZyeqCHfpNsPwjt2oypOyIaS5o3XpSvTQ5eGQ7aOju06vgDh+19PrrCOzqcUp9HuopL34089cb7E4SjhDVqgUXHaO7UAxW1vmMjT2g8ADU0PfDgatZSVWoVCVhdXFu6Me2SuoaHY+JRWYSIQW3KPTSmHmpvKTCR678sr1yST3SYUm00MRKUZz4iod54uMRGgkvfCp16wltqsFt6gjSmLU6OzYfNRF979A2DTfR5witOt09cKlUW/Yqp++8maByksq7Z5xnxitNyWyxr0LLfxtUQYvTF18nHnh3RC67t1Vz8fu/ynvwDDOZqcdtkLup1GFBCT1WkvWlUqKzbdbJWY7NWHpiNxV+X6ldkk33myVf58YPDTTwbhgFBb57KFvAaGAICOb+yoU/rcn/zRY+v4VSebZ2DjBi0A0R9u6Tpn6L867lkqOXGYd547f2B8wjd4cUKOxLWs2V5ba+NI8r0YkgUE9JMjhMlj2YLNlxQSk/1op/hwMJZLCADoy0++2+PxuN0D/3ffahwOFJVVvJW+UImYbK43PMNRe3UqQ7jymrLF8VhJjbBdL2fjRRijQU/Z3I1ulqvtPZ17xHPrw5urMcjlyt7saXFadMl74x8wKnkZ33sbDZ7wVd3nc69/NjYyU2rJup95C4s+X3AtAmN//n3GUKWD9rPvHz+sI4XVbb9lvUOjvuvTq3HQFjmOdTekNlwqi56ZUCwWuvanP11L/6GWqz9/qtlS3tkVHxq/M3AxFAHQslyxUNtdW2VnQfItRg5WCJkdUKPQfv6UZXhifHTIHQEwmOu7jqfu9q2zNHcd0416fcOz43HQGkwWa3VPl/OwIer1hQyCK6PrG/J7FpVY3HPlk4wB/rnCyVPnqgsIQEi8K4LQVovDHV4ewjt7OmBowjfSN5u8DoQTShrP1tYI+eQH2g8xOY5108lxj7f/m8cAuazZbGvrakzebm+nVsESgGhEFBcU/VtQBqAvf7s1NuG+PT3hmYiD9kCRUNJ81pXcaRDe2dkBI5Oz433TMQDmYJHV0fxeXVm2bd7PS1P3W88r0c3C6as3HfoXBwAk1gvAiUQCQAOQSMbJfGLjfxm5RCKRSD4/kUgkYv+Z84ufP/uJ262++155kT9H6Plgw3uVvapr55Hvcp/X2tZT/cT9v3+UsPjFRTd3sustC3ZV9sCPb13R2b7eEebE37Tsu2OPF9wSv/teYX72XxqNBkCj0Wg0GliPU/9P/xfSzwBIdkXSd2JNBj8jP6JgRxIZozwxxjgzfu7WjBBC+1K+/fRf2198Nkbhnd8Jz/A89IrQ6phc3ZP34UavKqJJ1u40GkgkMMY4M97rxokQQgi9+pjiltPFe70Q6NnlpH7ANlnzwxjjjHivGydCCCGE0C7L0cBGtW/zFPP7Pb/XjRMhhBBCaJflJCCj2pe8xVUqxvx+z7/UlogQQggh9NPL0QAkNlf+YL3yh/l9nt/rxokQQgghtMtyEgCazfW/dOUP8/s8v9eNEyGEEEJol+WkK39bqoCYx/xeN06EEEIIoV2WkwAAyKj2JX+6IBVjfl/nX7RxIYQQQgi9YnI0AAnIqPYBZMSY39f5vW6cCCGEEEK7LCcBoIGMah9sVAExv8/zL9q4EEIIIYReMRt1381TwDzm97pxIoQQQgjtspz17k6q2peKNRrMY36vGydCCCGE0C7LWT/NnarzpeJEAvOY3+vGiRBCCCG0y3Jgo84HGGO8JUYIIYQQyiapum9GtQ/giSnm92ceIYQQQijL5EAio9qXEWMe8wghhBBCWSYHNBmVP4wxzowRQgghhLILgQRoNJDAKU6fmL46vvte2etFQPsRNrxXGa4d9NPB1pXdSLLOh1OcbjN9Zfzi5+xeLwLad777XsGG98rCtYN+Oti6nt1repCwPt43kdgY67lpivl9nEcIIYQQyi4563U+zQ71P8zv4zxCCCGEUHbJgUQCMqp9GGO8ESOEEEIIZZcc0GggsVHtwxjjjRghhBBCKLvkQPLmrqlqH8YYZ8QIIYQQQtklXffFKU6fmCKEEEIIZZecRLrOt3mKecwjhBBCCGWZHI0m/XsGm2p+mMc8QgghhFCWSY731exQBcT8/s4jhBBCCGWXnFeoyoj5Vy2PEEIIIZRdMsf7bqoCYh7ze904EUIIIYR2WY4GNip/GGOcGSOEEEIIZZmcBGxU/jDGODNGCCGEEMoyqbovTnH65HSvGydCCCGE0C5br/viFKdPTPe6cSKEEEKvAVUSl2S610uBnlWOBiCRUe3LiDG/3/N73TgRQgihV180MDk24MHO72sjJwGgyaj2ZcSY3+/5vW6cCCH02lIDAx9dHgrEXnA2VJr6+F9v3Avv0lKhnwb2el8vZL3ml6r2PTHF/P7N73XjfAH00exg/7BS2tlVY9G9pJcMjPddXy7v7qgoJBlZ+e7V3jtcS2ezwGQ8ORYY77/+wHmuo8S47czCi19cnDKe7Gy2MACgiqMXhuONp44f3v7ZaI+F/Tc+GYWmMyfKN60gKrn7ry9X9ey0lp9T1NfbO0Lqfr15tlS5e/UzL9vW1bqppe2MPvL29vuEEz2uzAabjehD3/DY13OSrKzFQWs4aHY2HWu05a+/a7rinxwcvbu0/BiYPL7yzc6WsvVPJBbwjA25RenB4xgAY+CKa4+21VuSH7sqz40Pe/1BWY7EQXuA5fnqhqNHrOnZgro8v6DmN7EMANBwwHtzYty3rMS1hqJDrpbjbwn6Jxc05Bv67CatP9/qZNOzofLComKo4HQQFr0Dw3dEKRSJg5bJ423V7W9X8bpkS+v9t6+W41vmZyg9/bet5bjT+GnFpGn3yHQwEAhFf8alXgAAIABJREFUyMCfxQOcUNPSVGIiP9B+NlGlry9e95lb32tJfl/FlvqvfPJNaNNz2PKzvzmx5Ssg7Bv48+fzkU05U/1vTjVbGKArX396ZTi4qVEwZc0fdFWYsnyDfyYkAQkNrFf+EhhjvBHvdeN8fqrkG5lbA+IbnyvtceS/lNckLKePjHqna0ubLeldS0ya9viXQ4xbdAllG3utsDT1zYqu1rRTt5zGooqySiOp3RYNryryWmTrNxt6RVA1shpaDvZ/aeY3fa/EVXlVUaKUAuzml41eqORp781+get2rPe06MpU39iSrupc0bN1fAEA1mRlVZFju7x0r5zY0vDA9RkoLquusehBDvpmZsd7B5j3u97iCQBd8fR/Miix9ur2Or0qzo9/M3SV6JNdkLD/1tXhgMFaWu/ijVS6NzM/c7OfGn/V48gndMU76AkYSxtPuhgSj8iS3+Md7h0z/a7dzqZeV/JLwFdbjADhwNDFvqmYuaal2QLRWc/kcO9N4/lWJ7fpg6fS7LUv5+UYF1YB2HQ2dG/uMecw65S7V3vdMic4m6p53dqS/65v+tYFqv+gq8QIhHe0vseH1HTtka56vxrzs/yOuxi0O2JLg70XJle5slJXm4s3aGkk6Bm/eY01nXMVqE9pP5tmEr03fGM4+NhgiK6vwHgkEmOK7K1NJYZURqtjC/itvWaqxqKUMdefrBbWVzRh8ngLAwBAo3IE2MpjLY681MsRrfEgjx3fJKIBSHV/k9U+jDFej/e6cT636NLkYrzsaCd/56pnXqqs4V/K1m40l1uN/f4Zud7Cp3ZE6orPH+UETg3OLigl6VpOODi7QAsbrXm4F8oaOvaQjcwOegq7f/oyqtF2tNO1cmlwaKqo4whPAGJLwzdGZL75fO3LOsvxGmGKm7r+vonRpdZKhdPBX/hoYiEYPcLnk/D9kYmgrrrjXLLeZi8t5vo+HvX4XbyTJUbrsQ/+If2HZc7qMtNHvd4FWXXkG0nhkbNnjqRfxFpi46J/7n0YUikkN3M15BfjRXUWI1BpesIbMbe/35bcA9jLCsm/9497JFtLxupSA0N9Y+IT4yOoHFyImOxCno7L6/67Ut360tgd5ba+/7gUEGW1xKgD0OVbhI2D/PDCjaCa5+wofzm7vv0rHHTPhEy1He9trEqh3FGXjJ7WfjZmQVemb17bUuIFAABi4AVB+OGuqk5vFoQdTglqDUX8YWu2n9h5LiQBkKrz4RSnm6d73TifE5UX3cFcx7uHLCyY3RNTYkW7df30YvI8r7naHpm/PXd/WQGDubS145idI097CECVFqcmvdMLkhyJM2yR/fiJVnvB1h2KkbeX6H0Lc5LKF+sAANTg/EKMd7VVBfpv+hai9urk4f4jcToARXVWltCw5Jv0TvnF4IM1YPIEx9HO1MmynakPvV/dmNK6etoEI4Aq3R0ZveMXlxWaywnljS11G++Fc1rVec/citbR/l4Tj52in5Y2z9ZQKg5OjPCtzduOOqCP7rknx6fFwIPHhOWstcfbXbyOPrzde0OqbH3Hnuy40BXPwOXpvJZTDakvMzUw8OkYbepqt2bOkyluaG2Ueof6JvgzdWxw7Nr0mu1kWw1HAKJL7rGhSVFS1oDlDpc56+sqLMbUAIwvgsKRohXvtCgba359ypy5dGFx6tpg0NrRdiT7ukuEyWz8hGgJAQpxAFAfiMuqyeFIbx2Es5XzExP+wJqTJVv+ECDXQLRAtxnYqUpzQ6MiNbts66VcVZ5boqa3LHqgjwLiKhGc1vQwBiPvLMnzi/cVakl1jOgj31e3/Iajvz4lXetbyZgxlcVFhS0RWAIAuk1Lo9Ux2u3fL13xji5S89F687OfBEDPLZfl87bfuz5D+1ED3v7RVfupd9mJ/vGs2/JeZem6L05xunW6143z+cQCnjvKwSo7T4CYa6zaa24xJKTPRK/JirwwN6b+sq79/HFGmR/uG7s+aDafrjA95SESkxbuBuFQ06lmi/HxwvjNgS9v8XxHDbdlX8VY7G+YZr71BV3FVgYgGpi5rxbVWs1mVmCuzdwPOaoKCVAl6A2C5W2ziUAoOOeXc51NXd1mrTIz2T98c9DM9dh3GqRBISwNfd5/WzG3nzIbk4OJL05Qx/Gek2Y2vrrgvjnUN2E401BMku9lSDKXuppOHC7hsOP7MhgsjU2hq8MT9w4+OTI7tjTcf3WhoLntVHcRUZfnR/pvXNN1dDsYI6yOTH67YnMWEgBVnnZ/Kz/IdS86Dzvyk6cI/BGty/BEL4cU1LQdDXw6dPVKyCBLjKOt1Z4PQCX3wIWvJO6XR8/Vlxjk+ZHBWxfk+G9PVxWSuCqHlmfuXxfNzrqjjYLFRKLr86Ir00OX+0WmutWefR3frWhIXJRoYb2QRwDCymqY6I26jXdNtHqWxCUlSkG/5bOg8n2frLXUbpx5pvKdCx/dShZrDSVvdndUrVfYqDwXjHHVZhZAfSwrazouP2Mb1Bq4XJh7GFKBTx6WeG4NBQqbz5bzsrT5JVeX5lbZskPbHA+rsk+MGi3bbNshv8ct5znP/NBRNHpxRt4hkKvDA1/QumaHxfjUD/zJ9gNhcehLL/1le6M11zvxxPNjK/7RAd/MoqTqeeGNmgaXk9/2oDomz4xemp6/J8eNvGCvq220bdRlqBK83Tc27ZdCxFRcVtXYULXdcOP9KGe97otTnG6d7nXjfC6KODW3JlQn9/uMxVHBPvB6pMxTiVqtuaazpcLC6gsFe30lRx8E1+9Ms9NDTHF9e09HTbkl38jyznqnhTxckteefHFdUZmNjS7MSCoAhCWvSC0Os4kwFrtZJ99dkCkADS3MS8TiEPIBwGRr6Dl9vMZWaDIWFFfXOvi4HHy80/XCVFm8frHvdrjknfOtTp4AUGnaKxkqmutKeCOjYwvtDXVW9b43uN6nOejoPtP6lkPgn75LRruH8OUtjvj4zbuhLWtREd1z0eKGN2uEfKNOXyjYG116afrbENULDkEnzy3IFADU5bl7Mc5q1kq+YIgCQFSaCVKuwrr1KAsAgLBlrSftuuB9hXe902TRAYAqez2SruxYT0tVMasvtDrbW8qNwTvT0vrSaIsaz3S0u8qK+VTHjsKa5O7/pD9gaOg81yJk/dcilWf7h+/rKmudHAGgVI0BYTbVTwmj08bjTw6uV6XbX7llztlo2zg0JVx55/l3z55qaasr5x5MXroyJampl/GLa3wlbwIAGlPjWu2moxdCdAxAPB4HAFDFiS8moraWo3Z261qmStCv5Nm2GRwVvTd6cyrC19eZt64yVfJMiMTqclmw6PsS6Ms7Orpr86XRz//wT//yz3+8fGnw7pKy3S78yfZDH3q/vLVgcHW6tj0pF48FZ73yAXtDc3vDG0Zl9trFAe92t1CjkfvumTWuuu6dlmors3L7St91f/qwdm15+o6oPVR/8lhzZYE6d+vjK1MS3pACAJIXOWTW+dKnvDGP+b1unM+BSn6fyLzRs34NNeHfqCnyDn0TdFk2Loo3FnHp3iDDMgTi6auRtn8I4P9v725/2kjThNFfxvdSFdtQJoUorb0p2gYMGNlnjEIaEpJAGhQQdMgkTNKb6emeZ+as9sOj/TD/xOroaM/unNHRjs7TZ3af7u1upTOdnNAJggi6IQEaJubgllFMMMQ0lbFHhXDiCrZjs7fX54NfMG/pvDYJXD9FpduX7XKRul2+66qrqsLSnaHxO4GllVBkNQEAkG/ZcgvC8haz/vbM7GLYIEh3JTC2ioUAwJZUmbV9Hl+ollf7ZpaJeKJUBwBAFen2sMsTeKiEH8cTAAAcv/W5RzQuD30RoLyt+0J9WWoRaVQOhCJLwY9/68p54b7qzDieM4pY6PCjI3prfUNgYNBVfLquIBuNBQOy8lj56rN//GrtpWrDgQSATiwXtQMeX6hWKJA99+Ml9nbH8vUb8z6lvJaR3RIVGrdK+wEAgK5ENHCzQZMhPTaOPwrG1bzZkO3DLG/gyLy8FKVGBgDUvLF03TA6ocx8czGuLjvZedqx+4sCqTJ37dKYXFLf3ZSuziSEQCwezx3objFUBaDLUz19I2Gx/ax9fWac6AWjXgCwVNiriz/9fOpbqeqnFg2VFxYj+lqjBgCAqMnGwTSlsThAoVoNVJnr658nB9uPmre67IM0r3Am88Yxcdw/3nd1Guwdx+wbd4ro8pzTrRQ3dBzY9bsxrwtSVNnQWtnQGgs/lKX77smJz34/aTt1qt2ac0LbFv0n7nd+M7QktF6oLCabL5CWL9Yd63QUW82pDG6F3SL8v58M3Z4OWZtyv6dEb3a0dxwUq42pTYTVZhIuXRmaXAiZa/SscOj4MQtfXpnKFlur7Jb8j7/wTAVq2p/yUjC7GoFUni+ZvsLrxrpPjO/h+E53zmcXk6dcgciDwMe/nV4XV7u99QcyJQrq7X/jt3lKmevvGZPFY91/VyWwAOG5L/99bJs5EKG6XHC5PZIcmZaJeDydSWN5q1njmZn3G/M9QcZcn7ow0cOp3oGRWPnpcx2VPAH6cOrSlfHt5qvO1/KwpMjSg9X02BcSFNScre3XHeLGIS6NAgCotykHRK+WpqyxXu6ZGBGOiGvBBDCGtg8218kAEMFu1nw5JwWtxR4pITQeEES9WTvgkVbMzHwAhGax8OlHpQTSlaxpaiAAsZzIxjIdbQFLQ7K0HLIV7+7BL1UW+r64FSg58vOubGUCYXk9C3I4e4IaAE1ElZhap8vPGbg8dPf0Dyniu+ePbU7NZhFOz7MJORilkB+c80f214haAgBANIJO7Y08Shc4AAAkIsFVYPbpCA1OumYePIabV/755tqshv/9oxHD2788Z/J7V7Qmw/o9n7jfOfDlRMLe1dm6ebgcDjjHZba61b77a1deO6yuqNRaVGp5q6znSt/k9w2pKqbt+k84MD65FIksXf39/NXsLAKDv5sZqz5z7qcWjU6ssOfOXVsscOpAJLohM0I40W7LfVwglGio72GEgp4wgrVGyF1CTuDIvKLEAXDsm8n7gmot/7duivG9HX+zhObc3rih4ZRj3WCQrniGJ6ZcsrXlOU+Cp7GVENWINlMqjUrjj8MUtkurEN5kFVwjoxNLESJ2ZX/tiFBdrnV5RsbVQeZAsyFzDZow8JaqstR4iK4Gw4n0tY2IOjW2zZlvUW3HEXZy4NoX12Ndba2WQkI0PMfE5EAwJuLZ/a8XVjjUZLr69WRMnR50Ek7gQPIForX85mJuRqg2cTPzU66glBCOioWEZaxmjWf6jouRwfC2yG3+gG0whbw24ZZCMUdRquOFA9/7Y4yF21i6mqHWiUfOWuX+y7c+u7z6Xpd91x4oCEtDl7/xcfXvrZXkAgCw+0UDOzs9LdcKqe8QDXpnZShuNqydHeu50T8QFNrPbhj40lgY2JxqIhoJKTHQ6fIJDd2THvOOTPadFBhNejqZc6WXsOxeWNGZTDxL2MbOX5sfhmm6n8RlV9/oirnl2CGzwMcXhh7sszTlDn2p7Prmy9GoZcuBL1B5xuWJC60Nht26Gl8/NBYDls1NxZJ1g9Pt+o/O1HnhjKzEM9v4qGfwlpe1tzeViwZN6uplwDJrb4iF5AgwFZtq0GNRSjRrn0+jcjBKuCIt2WLZYsqyAhqRw4EvAABJ3cAruZb9xTa24Y2s96XLHleAmFsbrBvyoJSLzH824VmsN1Y+128C0RYLbFRy3pnlasqYkHv0bjCe2PaQIikwVxcP3QgEOWubYe33ifCilZ8cXkjw9SfSIwxSYOTVbq97yvy2vQT8rimfkgAjAABhigTtqvu7u4tGeymXTVIVW092Mcz1L3u+irV1vGsrKj1o5z+fuH5D01JfbtTG/XN3nK6QuaPtEP88fyZ6iYhQ2fKTwMdfrcRESO0R1VlcV4eHBqC+zqQHJeCZnPKS2tRtL1ih3Kp1DU8EtdVtoi41Gha1E65x2Gc78yynprC81SZMDY9dH1e3WPVxyT0wOB8THHYDA7Dt3cV0Ym33Beb6lbFPr0S7T9WX7r6D5TH/0JUBj7buva6ajYN73YGj9YbPBvsvxh21ptT1fWWuvsOaTs9HZwd7+yR967lm64Zr8QZnr37ujJlrD1XrGQAaCUyPuyVy4LSoocF5b0RvN2SHKUSw1Vln+vs+75fry1PX952hBzobBDaVFRY12eRcDOZZEhcMBiMHoen5oNbUvPa5dHl66MvhkKWjY6uBL0D4/reTy5yt8wnJafRyUdn96eeuhGCy2UyCVg00Kk27p3xQ2vaWnjyp/wAAywul2Q01fRhk1T6OF8ViXfqOgP0+nclaYTDwGhILeSadXhDfteoJxBedY1PKgeamCj2J3rtx5bqst1rEUoOegag84xqRNPazJj0BKrsvfu4Gc7nFbBS06riyMDU6GzYcqcOrfwAAAAFVOr+XyfZhG9uZ9huFBiWvone8sznnQYorHBbXmEeKVlryOa2G49d+lgij0TH7dAQAtn+KFVtP1V/9auzyR38Chrc12a1BN7DbVRQQvdluLVlRqqvWpWOJ3uo4MB1J1FVnzswmhfaTrcGvBgY//2wQ9okH6+ssIbeWIQDACkc76pVe52e/d1k6ftbJFWi5hFYNQDRlLV3vafuvjrsWTSfKBPt7F/aNT3gGL00EIwk1Z7AePGjhSepv0XIM/gb+KAhhCjiuaP0phURvPdIpPRyM5xMCAJrKk6e6XS6nc+D/7l1JwL6SiqrD2ROViN5S95ZrOGp1pCOEr6ytWBiPm2q3uPtX7ocwOq2Gcvlrw6y6tvdZ54jr1sc3V+KQz1e83d1iN7Kpa+Pv0ykFOb97ax2eCDWnL+T3fTE2MlNu3HW3eQtLHk9gNQJjf/htTqnSfuv5D46XsaTY0fYh5x4a9fRNryRAXWI7drox/cWlQck1E4rHQ9c/+uh69o1qvuHCmWZjZWdXYmj8zsClUARAzfGl4sHTB2usHMiehcj+KnFdkk9sv3DGODwxPjrkjABoDQ1dx+1bjVAJo9GyGh0LQKOSJ6QV63KGviGva0GJJ1xXPssp8M8XT555z1FEAELSXQnEtoNY7vDjIYK9uwOGJjwjvbOp80B40XT0/MFasZD8QP9Zv5YIo+M0Wm3m14c1NncdY0fdnuHZ8QSotXqj2dHdZS/jCEA0Ikk+RXMYKgA0le+0xiect6cnXBMJUO8rEU3N5+tSGw0i2Ds7YGRydrx3Og7A7C8x25rfr6/YbV/v56U69P7/l76blwqSScA2trPt4Y/skHNz42QyCaCCVF1EMpmKJ9ce5cSSyWQy9fpkMpmM/2fe3/z10x+43ejPf1Fe5O0IPR/seK+z13XtPPJc7nWb27odm67//UzC0rVLTv5k12EjDlV2wLP3ruhsb88Ic+KXLXtu3+MFv4l//ovC/NV/qVQqAJVKpVKpINNOP84+hOwrAFJDkexZSanGX5FnOFhN0pWdqWwftrGd20YIIfQMCq1n/9b64rPRie/+SnyK16HXhJpl8tnN1+FGr6u87BFuVc7Rbmxj+82r90UIIYR2AFPacvb9BiwoeGPkpQ9iZ7J92Mb2WhshhBBCaHfJg7UaTsA2tte1EUIIIYR2lzxYqxsGbGN7XRshhBBCaHfJS+Zk+9Jn9KfbGN/rcYQQQgihXSZPlZPtU2XuagAAGMc4QgghhNAuk/f6ZBkx/trFEUIIIYR2l/R1HtayfcmcLCDG93gcIYQQQmh3yUsmcy5rhW1s57QRQgghhHaZvPTtDFLZPmxjO6eNEEIIIbTL5KVvYJtMQubWBtjGdjr7ixBCCCG0u6TzvumpKqeN8T0fRwghhBDaZTJ5382ZP4zv+ThCCCGE0C6TpwJVMifzl0wms5k/jO/xOEIIIYTQLpOXhKQqJ/OnUqmymT+M7/E4QgghhNAuk8n7bpwmMY5xhBBCCKFdJi8JSRVksn1rbRXGMY4QQgghtMsQgNRwJ5Pty7QxjvHXx5//ouz0IqC9CDve6wzXDnp1sHftbgRS2b7UwW5sYzunvdOdc83f/DW304uA9pw//0XBjvfawrWDXh3sXU/vDd1JSNX7JnOyfZkBEMb3fHynOydCCCGE0EuWqvdVwVqtZybzh/E9H9/pzokQQggh9JLlwTZZQGxje6c7J0IIIYTQS5YH2ZxfKtuHbWyvtRFCCCGEdpW8TGUnTnG6eYoQQgghtKvkQTIJmWwfJNcyfxjH+E53ToQQQgihlywPVADZPJ8KkjltjO/1OEIIIYTQ7pIHScjJ9sFaFhDjGEcIIYQQ2l3y0jm/zVlAjGMcIYQQQmh3yYMk5Gb+YC3zh/E9H0cIIYQQ2l021vvCNhlBjO/FOEIIIYTQ7pLJ+2Yyf5umGN/DcYQQQgih3SUvm/PDKU43ThFCCCGEdpe89J1rkwCgSuZk/jCO8VfS4xBCCCGEdk6eSpUq7wSApEoFkEzmtDG+p+M73TkRQgihN0BMlhaDdKeXAj2tvGQSQJWT7Uu3VRjHOEIIIYR+SNQ/OTbgwsHvGyOV983J9qXbSYxjHCGE0HOK+Qc+uTzkj7/gbKg89em/fXMv/JKWCr0aOOp9s5BkEjIDIFVybTCEbWy/yfW+9NHsYP+wUt7ZVWtkf/jlMWn04nDi6JnjZbpneOqFhP1DX91aLDnS3SI+ccbR2f7rTvZId9PT/B1oZ4S9Ny9OqFvPNZauX0kxaeLiYLTh3InKl9t5AKjivxfUlJmLyEue8W5EH3qGx76dk4PKagLU2v0Ge9Oxo5bCzH8dXfZODo7eXVx6DEyBUP12Z0tFcfq5uN81NuSU5AeP4wCMli89eKStwZhambHg3Piw2xsIBiMJUO/jBMHReOSQOTtbiC3N+2KFTRwDADTsd9+cGPcsKQm1tuRAXcvxw6JmbQljy+5R59RcIKCsMhxfWu1oaswuAw36FhRtFZ/uWjQsua/3uhRT24dtOdsEGl10TYxMB+TgSjwBjFYvVDham6oE3Gq8cnF52jkyHfD7QxEy8AdpHy/WtjSZ9ASALn/7+ZXhQCL31UxF86+7qvTkRbrlGqosjAxOeQJBJZIAdT5vLD968oiVz87j0T3nn4YmF5YiCYbjzfUn2h3F2CNSyLrMH2zIAmJ8T8d3unM+v5jsGZlbBeIZnyvvthX+4OtpeEUJrkYSz/bUC6DLM5NuBYji8tgMh4TtBzCURh6sBLVRTCq8xmgsElKU/MimlUTDDxVlNRKnoHu5Y1Qa9Excny7u/uB4Kf6U/YD44vBA3wyUVjhqjRoIBjwzs+M9A8wHXYcFAkCXXf2fDcqc1dFer4lJ8+PfDV0lmvdbjCxA2Hvr6rBfay5vqBN0VL43Mz9zs5/qftZtKyR02T3o8uvKj56sY0giEpS9Lvdwz5j+V+1WLv25slcGwWHUAYT9Q5d6p+KG2pZmI0RnXZPDPTd1F1rtPAEAGrx79dKteyBYKuoOiXp1POAaHevnit9zFBEAoKF7c495m0FHAOij2eGB65NLcQBtZN02IexzDs3EjY4jDZyaxlaC0rzzu6GrbNGHTTj6faXii4M9FydX+IryurY6QaumkYBr/OZ1Tv9eXRGh0WAEuOpjLbaC9PefqHX7BT15oW65hi7f7vlmKiZYbEdKSyC8sDDt8Vy9rNZ+0FjKAtBHnt6vrnnzLXVHDvPg97qnbvQT7Zl3LZpt/pa9JZ33xSlON0/fWNHFyYVExZFO4c5V17xcXfuEseXOiMmu6aix8YTV9823Ltnehjld9OwSCdwjegpMaVPXf29i2PRGoMpuEy5+MuELRA8JhSR8f2QiwDo63kuNKqzlpXzvp6Mub51g54jOfOzX/5B9Y4XdUaH/pMftC8ZshTpSfOj8uUPZDzGbLHz0Dz0PQzEKHAEAiIW8UqKk3qgDKk9PuCOG9g/a7BwBAGtFMfmP/nGXbGkxsvDIOzyxqD34y3O1mVGqWGmrz86YBgO+iN4qFhAAqgS8wcKGM/Vksn98/R+psxz/pSXnscVAlq6MK7jP/IqFA86ZkP5gR86odN3qA1BrS4Qy8+aM7fN3y7V5kOJD594/xDLpkLXGaur7uDfgV2gpS2IB94gXrF2dqcGutfqA0HNlYOKubH79fhB3Qjrvu24KmyIY35PxNxQNLjgD+bZTB4wcGJwTU1JVuzm7pxuXp8f6xhfkB6sJpsBgtjY02ivTR4ho0Dd1bWbWK4Uooy+tP3a6YcshaXzZ4xqZXPAFQnGmwGA52P5OlUAeTvUM+MQTp+uy27jobH+fi2vsbthiOxPyub1g6KwQBO7At/1unyJY17ZoNOTzjEzc8fpXQMebf1Klz/n5iskLU5PuaZ8cjCQYrsR6/ESrtYgAXXb2X5XEw+Ly1OSCP8YYLfaj9YbItPPb6ftLEeBEe9up+lTNRlhyDwy7fYGVuDqfN5ocjQdrxULcEv4oaMg3OTg8v7i0EmcKDGL5oUaHVWAAqH+4ty9if6/DlD6YnlNmQxVpZHDCLQUjcbW2xGCpqztqig78e/9MBACWvvjtLEC+ueNn3TZNeJuZy87+awHTUXHZ5VpYXHpMOIP9ZHOzeS+tdMLkfpEJURMCFBIAEHsgLcX0Nls2OUp4S6UwMeH1r9o5suGNAPlaoga6xXgyJs8NjUrUUGfJHG6OBecWqf6wUQP0kV9aIaLdnP2O6wS7qcAr3VeokY3IngCUvrNdcQINSgsKZxI5AgCEr3r3fBXQR1OTT/x76aN7zgmnUmBpFF52rQ3aLJ8TCp4nefHc3TL3XSyz8SFZAUhVRclh7oA9W1pDCs02I+m971fsAr+Hvv3bIclkUqVSbZX5w/hej7+Z4n7XHWV/jVUgQAy1ZvV1pxQSq/QEAIDKd/oGJbax7e+ri0GRXJPzkhwt4wsBgMaXbjs1R1ta/74DJOfNvtFbI8YzrSKzYe5h79gXXy+b3znxa7OeKLJ7+NbVr5mfdxg47eq9Sfdi9YnUEJPKd8dnVnT2IYDpAAAgAElEQVQn922xjaHLnklZW91pZIEYquy6/tuekKUhPWimsvvq5T8Fjbb2C3YDCXqGx0YCq2z2KKrvbgAONJ1pNuoe+8ZvDty4JQgdtTzElZWluYkhONh27m855W5/z9hF7z69WNt24bhWcff3uAdHDxjbjGzMP97vXBKOvNdl4uiyz+W55wtZxUL8gfwRxKTJLy+7FKOt/RepNXvz2pUV9YXWSm41rKwoykosUxmRU2YTvTd8a0o50Hmhs1Qb98+5XT5ZqbD/9B/+7vB4z6ffFZ3+byfK2NTMJ7aZeSIWDC3NjPVHrK0dZzpJyD34zXDvn8T/1vrSS5DfEDQkLci0uEEsIABhZSVMNDp27WtK1BqOJGQlSkGz4ctLg/c9QbXx4NqAkgbvXPzklhQHANCa3j7dUbNWpDsXiPMOAwcQexxUVlm+MGego9by+TD3MBQDPhwMgcbKxRddEyMTC/4YI5jLGxoPpnfI6cri3ApXcUD/VGOV+L3+K198FwIAUPO2jtZWMx7dfsV0gk0kV4cHrtH6Zptxy8omqgRu945Ne+UQ0ZdW1BxtrDFu8dV7/m6ZI+qfCVCuvJQjANHQ0gqwFdrcNLG2gAVZjiQAx74ARAWZgU4yXeSZaWN8r8ffSIo0NbcqvmPSEwBgjLYq7orbJZuajQwA0PhKnBTZzYJeR0BX0WysyHlngbXl+GGzBgCsdXbPzC1ZjtINY1/60DMpkYoTzVaBBQBWPNRY7v3qrk8xWW3l/Mxdl/SozFoIEPdPzwa1pmbzFqXGMenOdKS4waonAECKLTbeOX5n0ZY6ly7un56VdZXdpxrLdABQeLiNBj4Z9KczTUxpQ3tpejaF9ga7Z25iMbhay+cDADCGoy32Mo4AX1UruqWAcLTFXsoB8PZa8W7fg2CYGlm6Gk6o+QrRyDEARnuL0f7qVsQeQyPfX/2/fn918xNqAwAARBen7wY3rtlbTt/DMsfG/aucmdJIjOoM5aWChgVNmeN4mWPL1z1h5hoAAMbQ3FFv5QhAYW2d6OpZDii08iWXIL8ZaHC2f/g+W91h5wkApbE4kEJGnfMKwrDqRGJzgX9Mvv21M8g72i1rX2rCV3Ze0AeVqBK475mZ/PIKvJ8qXaBBr7QqHBT0AEDjsYRarV33GYRlABKJBNBEPB6Lem70e7kD1sZj9ljw3vSdq5eip39xolIHVAl4lQKLueDpVhVT2tT2oXUlrCz7vPOe3l6AU+9af/hsB/QCNJUdHaedkyOjX/3uhprh+NKKmrq61OgzZXVp+o7OVtlwsjIWuO+ZufXpUvyXFzZWHTx/t8yZR8gzMegBc4fVyAIATVAAJj/3cwjRMEC3Om6xF5HUCf2vunIUp2/i9A1EZa9HYt7qzhzoIcJbtSXuoe8CdUaTDoAtKReZ3oFLvf7q8jJRMIjF2YQKYQqMXH76AcMwBMJ08+/fsiQ/Dkq9//xdTpA5YKeUCJW1wp2h7+4vW2qKY7J7Lsr/pGaLmgn6yOu6T8Uj2QOgelONOP6Nc8FRaiskNCovRVmDaS2zpC0WuXx/ZiHD0p2h8TuBpZVQZDUBAJBvyWzI1Fo9n677Umu1RK0t4rXpZxiWQOo8LJ1QaYCrvT0XpUqLKBhFQdiTA6BXgTAltSfrzOvXeFxy9rkAAIDGlWBi05qFcSkUcwjbz1QjWoqHbvR/Gqm0WoxGg8GYWcfrPGnmGgBQc8VCJv9DGA0DCZpIAOy5VU+VuWuXxuSS+uxVUwghEIvHc7/oWwxVAejyVE/fSFhsP2tfP2ohesGoFwAsFfbq4k8/n/pWqvqpRUPlhcWIvtaoAQAgarJx1EJpLA5QqFYDgJokHiva+vS5/1BhtfBXP7nlnHtY5igISfMKZzJzT7umCFtkFIsAxEpblbn3yvXJedmCxZ2vGCmqbGitbGiNhR/K0n335MRnv5+0nTrVbi0krHDo+DELX14pMAAA1iq7Jf/jLzxTgZr2nKzK83fLHGHfxJc3FrR1ba3pvR2iJgCR1dyBLqXRODAE+wNAKu8LyWzmD6c4zZm+eWLylCsQeRD4+LfT6+Jqt7f+QC1PgDW2fvAza2BZ9s5+23NrCUoaznY2ZzZD5Ae3CgkAss9y8ly3dfPBxCLLT8SRG3e8wXKydMdHhWbrFgcqaXD+tm9FSfT/bv0CgtMjV9QbCQCFDQWFawulzPX3jMnise6/qxJYgPDcl/8+lvu63MUnkA9b0Fg7zvEOWfYvuEcn+x/km9/p7K7bfB4GenZEYxTFDRfCC8fuEFhde7x5zW6VhMkJkWJH268Nshy473GNjfSu6Kqbz3dUbb3Ctp/5Np1hb6HKQt8XtwIlR37ela1MICyvZ0EOZ09QA6CJqBJT63Q5CTP60N3TP6SI754/Zt1+GEo4Pc8m5GCUQn5wzh/ZXyOm9jeIRtCpvZFHMcjumyQiwVVg9ukIEG2RlgHgi7I7oURbZNDCdHAV6IrkXdGaDE9X8LBBPm8oAF8wlPOp6JVidUWl1qJSy1tlPVf6Jr9vsNiLCSNYa3J3bVlO4Mi8osQB0j86z98tc4SliS975tn6zu6GbIlwvp7TgPwwQiG7uaCRlRjk89sPoPcUkoTcuk9sY/sNrvcNzbm9cUPDKYeYm36jK57hiSmXbG0xsgCELSo1F5WaKw61RT09VwacUp1Y8YR5AiEAq5RSAAJMIa9NeBaWw9YtLsqrM1st2v7pyfm4IrPmE5Ytfiaji5Mehbd2Npm0ueHIwtDg/JRkN1oYjlfH/IFgrELHAgBQRfbKqyACANDYSohqRJsptXmj8cdhCs/8u0Y0gmgSRJO94diyq/8zp3vRlq4ZRa8Q0fA8s2nNJrSOQhbULANAs0cZ4kogFIHszlUqs2isdNRTeep/XnJPy+XNRlATABpPD26fNHMEAABhaejyNz6u/r21klwAAHa/aGBnp6flWiGVcqNB76wMxc2GzP8/feS50T8QFNrPbhj40lgY2JzDJjQSUmKg0+UTGronPeYdhvSTpMBo0tPJWZ9iSp+oFJbdCys6k4lngRCDRcgfDz4MUyF9TkLkYSACWj6fRmTvg32Wpqcb+saiMaLJKRBNKIEVyvB4XOcVo7EYsGxu1oHkHFDZ+GxMWVZAI3KZpO9zd8scMf/U1Z674GjNGfgCAOHMBp3ze7cULU1d1Iw+8k37KW8vferDCLtbpt43nedba2Mc428YuuxxBYi5tcEqrv/Jp1xk/rMJz2K9UQiMDk6D2VFlEYvZiLwox1mzhjzxljwsJ3AwMeW6b24y6VneVmdw99+6rn272SFq6bJv2j0VKGg+01jKArBCrU3vunlrHPiGXxi2qHdQJKePlr7jsG+sAy6OexcGXAvL5ppSW7ne4+m/UdTWWM5FFkYGnf54OvVLtMUCG5Wcd2a5mjIm5B69G4wnnmnsS4N3+4bv6yyVNpOhmF0JSCHKGvDX8UfBGH9SznvcOWt2zAeGNhtPADijHqZnp6SqVgP1z0wOzK1AauwbW759wymXlNstopGDoBSIgIbXAQDRCcVsbN45KfH1YjH7hJm/5AtTv5Fi/qErAx5t3XtdNRsvp6A7cLTe8Nlg/8W4o9aUupCqzNV3ZO4OEJ0d7O2T9K3nmq3rTw+iwdmrnztj5tpD1XoGgEYC0+NuiRw4LWpocN4b0dsN2XOSiGCrs870933eL9eXp67vO0MPdKZGKqTIfrzGfWnsy97Vo/Vv6SPf3x523mPKuysKYgtjQa2p+alOS4ovDvd8uVBQ21gjatUA8aDXMz4d5esreNz7eZWo7P70c1dCMNlsJkGrBhqVpt1TPihte0tPgMrui5+7wVxuMRsFrTquLEyNzoYNR+oMDDx/t4wvOsemlAPNTRWpj7h6xUVtbZtvfsQa7Ect31/rvU4DNZWp6/vOEeuZKqyBScnmfXGK043Tne6cz4YGJa+id7yzedBJiiscFteYR4qWGU1mn8vZ88f+OAAAZ3q7s97IAsR0BVousXYsiGh0Wk08dYBJqGxvWb423P+vrpKWD7oO2Vp/zrjHJ10XnYORBGgN5XX12bpewltqzBNLfqHGtsUGhoZ98zJjOr3FCXAac30V17sgKZW1Yv35s4VDE3e+/GgsDvvMx4+08pO3tRoCADqx9VT91a/GLn/0J2B4W5PdGnQDqwYAwmn0nD6TTFCz3D5W0aw91O5jYxpCgGgFixhwjveP9yYAQL3/rdauGtwUvjDCajU6Rr35nDXCalgt0TIEAFjjwffOF4yM37n6b2ORBGhLylvOHavlCQDoq4+0S/3XLn3sAmAMtvbjlbcnElo1AFtQWlHkn/zTxZuDCQBgeNvJ1lT2kRXrOhtDV2/2/o8J4GxtH3ZsO3OW26eLF6wtG1ug02o4Zg8d9wxLHk9gNQJjf/htTo3Qfuv5D46XsaTY0fYh5x4a9fRNryRAXWI7drox/YWmQck1E4rHQ9c/+uh69o1qvuHCmWZjZWdXYmj8zsClUARAzfGl4sHTB2usHMiehcj+KjE3u6YT2y+cMQ5PjI8OOSMAWkND1/HsxapY48Huk/GrN8Yuz4wBoxctju5GexkbdXtCWrEud+gb9g784cp8JP1o8Hf/2yAwhrYPOmp5prSptZ113h4dGFcSAPm8aLCebKuz4Y0tXi0i2Ls7YGjCM9I7mzoBgxdNR89nLhwp2Ds7YGRydrx3Og7A7C8x25rfr0/fnu15u2U8Ikk+RXMYKgDi/uk7vsgqTHz1u4m1eWirW37dVaEjhdaOM1rXxIhr4uqDVVAXWN5pbcUbW2So6n4+mU3wqXJO7sc2tkf+8L8AQDKTAU4mk9nnk8lkKp5ce5QTSyaTydTrk8lkMv6feX/z1xw8rz//RXmRt/+YYv6JTy/d5TvO/RQ3MW++N6jj7UGv69p55Lnc6za3dTte7HbTYenaJSd/suuwEfdNd8Cz967obG/PCHPily17Lpnwgt/EP/9FYf7qv1QqFYBKpVKpVJBppx9nH0L2FZAeqmQzdKnGX5FnSNiRJCRVoFrL/oIqc+UHjO/1+HP35r0q6v9uPqgtbxdx4IvQ3lRoPfu31hefjU5891fiy1ge9ONQs0w+i6eRvTkIpAY6oErXfUJODSjG93ocPYvYiiRTo2NT8RZCCKHdjCltOVv6FK9DrwkC2bwvTnG6frrTnfNNwwrNv/rlTi8EQgghhJ4kL5XzwylOt5oihBBCCO0qeQBJFUB6mj7OnRPB+F6OI4QQQgjtLqm8bzKd51OlzuLPZv4wvrfjCCGEEEK7Syrvm72wVVIFqpwsIMb3eBwhhBBCaFdZy/tmMn/JnCwgxvd4HCGEEEJoV8mDzA0LMpk/bGM700YIIYQQ2l3y1mX7cus+MY5xhBBCCKHdJZP33TgFjGP8R+2JCCGEEEKvXibvi1Ocbp4ihBBCCO0uecmcPB+2sZ3b3unOiRBCCCH0kuWpVADJdJ4P29jObe9050QIIYQQesnyIAmgSmf7kjltjGN8pzsnQgghhNBLlpeb7VOpVJDcIguI8b0Z3+nOiRBCCCH0kuVtzPyptskIYnzvxXe6cyKEEEIIvWR5KhUkt8n8YXyPx3e6cyKEEEIIvWQkmQSVSpUa7uAUp7nTne6ca/78F2WnFwHtRdjxXme4dtCrg71rdyOZis9Utg9g0xTjeza+051zzd/8NbfTi4D2nD//RcGO99rCtYNeHexdT+8N3UnIy1R8prK/2Uu7qjCO8Z3unAghhBBCL1meCnIyf2tln0mMY3ynOydCCCGE0EuWl4Rs5k+FbWzntne6cyKEEEIIvWSZvC9OcbpputOdEyGEEELoJUvlfSGd7cM2tnPaO905EUIIIYResjxI1XquZfsge44/xvd4fKc7J0IIIYTQS5YHa3m+zDSZLvXE+B6PI4QQQgjtMql6X8jJ9mEb2+k2QgghhNAuk5cESCX40tk+bGM700YIIYQQ2mXyANLDnXS2D9vYzmkjhBBCCO0meRuzfZDTxviejyOEEEII7SZ5kJPt2zjF+J6PI4QQQgjtJnnZQY4KACCZU+uJcYwjhBBCCO0qedlBThIAQJWT+cM4xhFCCCGEdpW8TM5vXRYQADCOcYQQQgj9oJgsLQbpTi8Felp5mZzfuiwgAGAc4wghhBD6IVH/5NiACwe/b4y87LWsVJlj3unMH8YxjhBC6PnE/AOfXB7yx19wNlSe+vTfvrkXfklLhV4NHPW+WUj2HgZJyN7PQJXTxvgejr+56KPZwf5hpbyzq9bI/vDLY9LoxeHE0TPHy3TP8NSzivluXhyFhq7jlVxudPnbngHJ3NpdV0xywmHfzS9H1c3nGku3Xn4qO/uvBcq7O6r0BIA+cvf0e8QTG2aCfjQxeW5k2OUJBCNxUDMFvMFQ23ik1si8hFnT5duXegal1WxArS3gS9463FRnFdLzp7L74hW39vipn1oLX8In7jL0oWd47Ns5OaisJkCt3W+wNx07ainMfFPosndycPTu4tJjYAqE6rc7Wyoy36K43zU25JTkB4/jAIyWLz14pK3BmNoSxIJz48NubyAYjCRAvY8TBEfjkUPm7GwhtjTvixU2cQwA0LDffXNi3LOkJNTakgN1LccPi5rU5uXjz6eDG5dYX3fhTKuYWrk06FtQtFU8++RFhZg8NzLq9kpLCt1XIor2hvpaUYNbg1cvLk87R6YDfn8oQgb+IO3jxdqWJpOeANDlbz+/MhxI5L6aqWj+dVeVHh65L//x+sLqhnkxpmO/PlujJz+wrtPC0rX/6J1WNsxDbTh+5v2GYgIA9NE955+GJheWIgmG4831J9odxU/xe7gnEEgmQaXCKU63mL6xYrJnZG4ViGd8rrzb9sOjARpeUYKrkcSzPfWsCCewwTGnz17mKMpuxMIBt2shpDxwL9pOlGU3S/SRz7mgaI/w226oErFgSAlGMzml1aCyogTjFAB/7X58MWnqy8t/krny2ka7oIWYIvtmFga+SrAXWq3cU7z/yWg8GE5w1UdabHoCQCMrwaAseT1XPwn4z3e2ihoAIFre+hMry7+MofZuE18cHuibgdIKR61RA8GAZ2Z2vGeA+aDrsEAA6LKr/7NBmbM62us1MWl+/Luhq0TzfouRBQh7b10d9mvN5Q11go7K92bmZ272U93Pum2FhC67B11+XfnRk3UMSUSCstflHu4Z0/+qPbPG47JXBsFh1AGE/UOXeqfihtqWZiNEZ12Twz03dRda7TxhxbqzvzAp8ez2JSE7bw4vFQicOh2goXtzj3mbQUeetKgxaeLTy3d1juPdLQYOVhZdE/2X++iF1N+IXp344mDPxckVvqK8rq1O0KppJOAav3md079XV0RoNBgBrvpYi60gvRqIWrdf0BMAKLR2dHEPojSbLo4sDPXPAq9nUwPf7df1Gp2h+dwZuxLPziMuufqcKzyvSQ18Pb1fXfPmW+qOHObB73VP3egn2jPvWjQ/6v/Q6yqT98UpTjdP31TRxcmFRMWRTuHOVde8XF37mmz/CWewGtQD0/dDtqLMHnzUPx2gJYaSSMAjRcsyWyWq3PcsgXjS+MK5ZvQjeOQdd/m11vcuHM8k6atqG47TWBxeWo5FzXCGMnM271NzuNHh7u3t6x0Tf9FaqQPQGWsbjC/rw3YXprSp6783MWz6/67KbhMufjLhC0QPCYUkfH9kIsA6Ot5LjSqs5aV876ejLm+dYOeIznzs1/+QfWOF3VGh/6TH7QvGbIU6Unzo/LlD2Q8xmyx89A89D0MxChwBAIiFvFKipN6oAypPT7gjhvYP2uwcAQBrRTH5j/5xl2xpMbLAFBuNxZnZUGXOtZQwHKyzculPpcGAL6K3igVPXNTVRde8ItSebjQVEwBgKhuPKIEe5+R9e4cJtyGvUDjgnAnpD3bkjErFSlt9zivU2hIh55u7huiKS9fWTdw/PBHUmd6tM7IA8MRuuW4evKDjM4/ow9sTyyDWN5g1ABALuEe8YO3qTA12rdUHhJ4rAxN3ZfPr8oO4s0gymVRl8nzYxnZue6c753OiwQVnIN926oCRA4NzYkqqajdn93Tj8vRY3/iC/GA1wRQYzNaGRnslT9Lv801dm5n1SiHK6Evrj51u2LJcIr7scY1MLvgCoThTYLAcbH+nSiAPp3oGfOKJ02slB9HZ/j4X19jdkLOdIYVmm0BuzHmD1uJUWPFPB0A8Xl820zcyI4ctqR8qGvLN+4l42qABoMs+j9N51ysFIwm1tsR0tONYrfAD6b2wNHV9MGDuaDskEBr2u0ddU3OBpQhoSw7Ym44cNReSdMmEeKhk2T0tBXW1Pz9nx2qJ50QBQM1yAre+uxA2vZpi8sLUpHvaJwcjCYYrsR4/0WotIplymtqDRYvf3fmhXrcJKbI2OtyfTDjnHpU5Ckl44dolt+5kW7OR2bqLpmYa9n/79ZjLF1ToPl40NTiKvKOSuautlicA0UXn2NCkJCurwPFlFfaG+qpdsu9FmNz/UkLUhACFBADEHkhLMb3NJmReQHhLpTAx4fWv2jmy4Y0A+VqiBrpFYWdMnhsalaihzpLemEAsOLdI9YeNGqCP/NIKEe3m7KhFJ9hNBV7pvkKN7LovXdzvnLxHTKdt2Y0GDUoLCmcSORILPGFRtyw3XVWkBTlm0uFB7lcrnxMKXvD/mAYXRqZXhPoTFg5+uFtuI+ybdMoa+9nyVLmD4pfD3AG7mPntI4Vmm5H03vcrdoHHbT2Q3IGOSqUCyGljfG/H30xxv+uOsr/GKhAghlqz+rpTColVegIAQOU7fYMS29j299XFoEiuyXlJjpbxhQBA40u3nZqjLa1/3wGS82bf6K0RY7bkbk3YO/bF18vmd0782qwniuwevnX1a+bnHQZOu3pv0r1YfSJVFkzlu+MzK7qT+zZsY3RilcgOeGaChwSBAISkWT8YOkWeBwFu3pUUk5UDoCHfzLLO5DDqAGIh37QUE+ynW0SO+p1fjw30uoQP6o3bbrvo8vTQ5X6JcbRaBQJ0+faVARdT23bhhFFLg3OTfTeGtGc6DgmJWDC0NHO/TzLY648cFY163Bg+N6IxWIrp4NiXPavNTdayjT9Ocdl3NwAHms40G3WPfeM3B27cEoSOWp7Q8Eow8H3f6Fs/2Ou2/lhtsaBNeAKhmKOQjUcV5SGNJLbvoiYdfTjV2z8saaqbOs5b9HHJPfS1UwpruFgCAGTnwMWvZf4nR95rMGmD8yODty4GEx+erdl1e0Q0JC3ItLhBLCAAYWUlTDS6nBEoUWs4kpCVKIWNxbI0eN8TVBsPCrq1yJ2Ln9yS4gAAWtPbpzuy/100OBeI8w4DBxB7HFRWWb4wZ3ik1vL5MPcwFANBlzv/+ZGZqLHRsXZqAV1ZnFvhKg7oyZMXtVioEMhXU4NOfVudqIdH95xjrqBaTVcicQrsbluFrxGdYBPJ1eGBa7S+2WbUbfU/TZXA7d6xaa8cIvrSipqjjTWbdinji07XIlPeXZ3uPrFn6ZZpMdk5KlHxWJ0htfVYDS2tAFuhzXk10RawIMuRBOz2se+//Mu/bPfUb37zm1QjL5nJ9kH6HP90G+MYfyMp0tTcqugw6QkAMEZbFffA7ZLTZbE0vhInRRazoNcxemNFc1d7qzV7bkqBteX4YXOxjiu21tlL2agsRzfmUuhDz6REKuqbrYKeZXSCeKixnJHu+hSm1FbOxySX9AgAAOL+6dmg1lRn3lRqrDPYRU3QtyDHAOgjn2eZFcuNOqIXqwwge6RHqVSPO6gxWwUWANjiQ12dP22qKuU1eqGi4aCRjSwHI1v/6RRWZWf/Z/1+bWPney2iDiAm3ZlWihparGW8hmULjbb6w4YV93TmQjzqkqPnOtrrKkoFPCfmRZBiR9uHZx28MvXF7z/6x3/5n//PF99861mOpZ9lShvauztqK42FOk6wN9iN5OFiMHuOy1P0um0/Nl9LAGLxda/ftosCDS5MSQlDU+u7dWIxV2i01bce1KtThaaxoNslsxXHultqSjlNsdne3lKpC9yZlnfbyes0ONs/fJ+tPmjnCQClsTgQhlHnvIIwrDqR2FzgH5Nvf+0M8vajlrUvNeErOy+cOn+mpa2+kn8w+eWVKTmW/hivtCpUC3oAoPFYQq3WrvsMwjIAicS6D4kuTrhkpvJo9drJAFQJeJUCi7mA/NCi6q0nut8RlNHef/2n3//jP10clIobGkUWaGy3rcDXjaayo+P0wUJ59Kvf/dP/+D9+f/nLwbuLSu5/+urS9B1JfaDh5LHm6qLY3K1Pr0xt+FZReXZ8Jl5aZ8+UQDxLt8zMIzQ35Vb0dY2mTBaDJigAk7+uQoJoGKBbHbfYbbID3CfESSrntzkLiHGM/4h99WWhstcjMW91Zw70EOGt2hL30HeBOqNJB8CWlItM78ClXn91eZkoGMTibL6TMAVGLj/9gGEYAmG6+fdvWZIfB6Xef/4uJ8gcsFNKhMpa4c7Qd/eXLTXFMdk9F+V/UrPV0WvGWH1A513wLDkE7X3PEiM2CCwA6ASrSPo9gVA1E5mZVziTtSS1+x6Xp51DrvtBJRqOrCYAQF2yzdYrocx8czGuLjvZedqRyh9QRZKDkWD/Rx/157yOP5h+v5o3lu72BMCPhRSba39qrv0pjS4Hl5ekhdtf/3FkwtZ9rrFMB2HpztD4ncDSSii1BiHfklmBT9XrtkNXIxSAZdatwu27KI2EIkRfJ651eU4Q9Mx9AID4o2BczZsN2cQVyxs4Mi8vRamxcNd0EarMXbs0JpfUdzelv5qEEIjF47n/5VsMVQHo8lRP30hYbD9rX18rSfSCUS8AWCrs1cWffj71rVT1U4uGyguLEX2tUQMAQNRk46iF0lgcoFCd8yFUvjvipaUt9pyNBg1J8wpnMnMEgP7QojLGuva/r6Ph4ArVFulZCE1fB8KwZNesvdcVKapsaK1saI2FH8rSfffkxGe/n7SdOtVuLb4vXzEAAApYSURBVCSscOj4MQtfXpmqUrNW2S35H3/hmQrUtK8d24nem3DLXNV7Ofs8T9sts2KyczxALK05vZOoCUBkNfengtJoHJg90iN+85vfbMj+bhgQp+t9cYrTzdMfvbu+sJg85QpEHgQ+/u30urja7a0/UMsTYI2tH/zMGliWvbPf9txagpKGs53Nmc0Q+cGtQgKA7LOcPNdt3XyqbJHlJ+LIjTveYDlZuuOjQrN16zoC1lBu0c76PAELdzeoPXA0PcbVlFYbSO+sT9YEvSucxZQq9Yr5xr7sl/im9g8dgo5AzHfzD72h7ZaO0RawNCRLyyFbcXrwC8CUON7/oH7TyQ3pRPje2Az+iIimWBCLBdEiFn36uXN8zl5qlvt7xmTxWPffVQksQHjuy38fW/eO5/0topFlOaLmDfp1e1jbd9GY8qTVTSBdApumBgIQg5dxfZPXA1UW+r64FSg58vOubGUCYXk9C3I4e4IaAE1ElZhap8tJmNGH7p7+IUV89/wx6/bVloTT82xCDkYp5Afn/JH9NWLqeDPRCDq1N/Iop8AhEQmuArMv5xD5I++EO8jb2yty9jToiuRd0ZoMevLUiwpExxcBAEBc8Ydi2nK88sePhtUVlVqLSi1vlfVc6Zv8vsFiLyaMYK0Rcl/DCRyZV5Q4QOZkAP/dER81n7Tm7PM85brOosszk+54cXO9IaeYIl/PaUB+GKGQLVuikZUY5PPbDaB3ndzh7+ZMcF4qw6fKZP6SOW2M7/H4Gyc05/bGDQ2nOs6fy/l35piNW55ypY9GErao1FxxqK3zf/3Nh6fNj91O6QeuGU8IQOZAEVPIaxPywvKWb9GZrRbtyvTkvGtaZs12y3Y/k6xgtehDc86h70Jac0V2k8caKs3MsnPU5Y3ordWpfCwNKysxVrBXC6mfyVhkJbaW9FVTyL08pFonHjl//iDnu/XZZbccAwCiLSkgiox32nzVYsrD8Ib/Y6ImAJQmaGwlRDWiLb0zQ+OPN77y+dBH3lGXnxXrKtbnZbfvooQTOFiRAiuZz48HfYFQfO1dQSmUqdOAcOB7f4zhud1SDBOWhi5/4+PquzvWVTCz+0UDG5qeljN/OA16Z2Uothgyew70kedG/0BQaD+7YeBLY+tXJI2ElBjodPmEhu5Jj3lrJolOCowmPZVmfdlD4WHZvbCiE03ZKxjG/J5vfcRSXyWwuTOUvQ/2WczpXegnLypVlpdzlocqknMuyptN218kEb0UNLahrISQnF3Mjc/GlGUFNByX2SOhj7wTboW3H7asq4774W6ZKxwYn1jmqg9a1x3EI5zZoFPuu6Vo9rN8037Km0q333/bfVJD3i1LIDDvi9Pdkvelyx5XgJhbG6zi+g0+5SLzn014FuuNQmB0cBrMjiqLWMxG5EU5zpo15Im35GE5gYOJKdd9c5NJz/K2OoO7/9Z17dvNDlFLl33T7qlAQfOZxlIWgBVqbXrXzVvjwDf8wrD9jw4RqkV+whUAvqk6Z3PFFlvNGtdkQG04kjlbnOh4gaN3pybm+HoTF5kfdy3HIZXXYThjAZleuD1T3mpbu1y5TqztvsBcvzL26ZVo96n6UrPdyvWO9N4iLQ5LCRMJzN+euEttbe/aMB308sT8I1985Yzzluoqq6hnCEAk4Bp1S+RAp6WAVRcLbFRy3pnlasqYkHv0bjCeeIHLJ9BwUJa88+7peV+8uKnrSOWGeT2hi/LlR213vhy9NcQcqTOC7HEOT4cS6oLUu6w2YWp47Pq4usWqj0vugcH5mOCwG3ZFP4n5h64MeLR173XVCBu+lroDR+sNnw32X4w7ak2pC6nKXH1HZhgRnR3s7ZP0reea1w8sgAZnr37ujJlrD1XrGQAaCUyPuyVy4LSoocF5b0RvN2R3G4hgq7PO9Pd93i/Xl6eu7ztDD3Q2ZJaFPvKO3lWEutPm3JENDUvzQa2pOfu5T1rUuN/5zcXpRJnDYRM1EJGcw9N+xtp9cOOfi14uKrs//dyVEEw2m0nQqoFGpWn3lA9K297SE6Cy++LnbjCXW8xGQauOKwtTo7Nhw5HM6WgQC7jHJcbaVbXxuNwT1/Wic2xKOdDcVJG6BYY87fRSQ3vdxgo71mA/avn+Wu91GqipTF3fd45Yz2z6rN1uu9pfspbny5kmN0UwvgfjP3ovfSE0KHkVveOdzYNOUlzhsLjGPFK0zGgy+1zOnj/2xwEAONPbnfVGFiCmK9ByibVjQUSj02riqQNMQmV7y/K14f5/dZW0fNB1yNb6c8Y9Pum66ByMJEBrKK+rz9b1Et5SY55Y8gs1tiduYAhfWVux4IQay7ofVMZoqxHn7mgPvpWtlmDFg6dbVi73D/5hEtT7y5sbqgzOlVQNn776WLs8NND/x//T6Xj/nJXTajheQwCIUHP6Qn7fF2MjM+XGOmPzuS5+Ysrde6VfWQVGb662HzUVEqAst0+nFOyKoc1OY43N50/xTpdzeuzqJAAAqAsMloNnG2sqOQIgtp6qv/rV2OWP/gQMb2uyW4NuYNUAQJ7Q63IRhmMTrok//u8T2VB+SXXdhyfXakMJo9FqNTpWDUCKt+2iTGlTa3t84NpXf3QCqPeXNzdZ3YP3Uwfmhbq291nniOvWxzdX4pDPV7zdva729A0WljyewGoExv7w25xqk/3W8x8cL2NJsaPtQ849NOrpm15JgLrEdux0Y/rvpkHJNROKx0PXP/roevaNar7hwplmY2VnV2Jo/M7ApVAEQM3xpeLB0wdrrBzInoXI/ioxN7umE9svnDEOT4yPDjkjAFpDQ9fx7MWqqPK9e4mxd5Wvu6QGjUqekFasy9lCPGFRmdKWzve5sevDQ5cnAEDNmWyn2+pf/FaU6MmIYO/ugKEJz0jvbKqUnxdNR88frBULCQAI9s4OGJmcHe+djgMw+0vMtub363PuGjj9fczgaBA3Z3OfsK7jEUnyKZrDUAEAEAt6Zlb4g8ctm++hQwqtHWe0rokR18TVB6ugLrC809qKN7bIUNX+7e0dzy/i9PWcjv7bT9JXfgDINFSpux0nk8nMdSGyj3JiyWQymXp9MplMxv8z72/++vlvb/Xnvygv8vYfU8w/8emlu3zHuZ/iJubN9wZ1vOcT9n7z8Y2VhgsdtW/gKY+v69p55Lnc6za3defcu/F5hKVrl5z8ya7D21/OEL06z967orO9PSPMiV+27LW86ot+E//8F4X5q/9SqVQAKpVKpVJBpp1+nH0I2VcApIYi2aPTqcZfkWc4WE1UADnZvpw2xvd8/Ll7814V9X83H9SWt2+xH4/QjovODn7jihvsNpNYwkQk99CN2Rh/RNxL9X+vXqH17N9aX3w2OvHdX4kvY3nQj0PNMvnsnjmNbBcgyZxTnXCK09zpTnfON01sRZKp0bGpphCh10K+YC4mo7MDX/wpkgBgCgyWI++9g/fzQ+jFMaUtZ0t3eiHQ0yPpgU4m24dtbGfbO9053zSs0PyrX+70QiC0HaI313eb63d6MRBCaIflpYc7udlfbGM7W1+DEEIIIbSL/P+C8iH7aFt1/QAAAABJRU5ErkJggg==' />]]>
  </system-out>
</testsuite> <!-- com.vinsguru.tests.vendorportal.VendorPortalTest -->
